<?xml version="1.0" encoding="UTF-8"?>
<testsuites name="Prestaciones" time="561" tests="3" failures="0" errors="0">
   <testsuite name="Prestaciones" tests="3" failures="0" errors="0" time="561" timestamp="2018-11-02 14:32:55" hostname="ntedesco - SMSL044.smsargentina.com.ar" id="Test Suites/Prestaciones">
      <properties>
         <property name="deviceName" value=""/>
         <property name="devicePlatform" value=""/>
         <property name="logFolder" value="C:\\Users\\ntedesco\\Katalon Studio\\GenesisCobertura\\Reports\\Prestaciones\\20181102_143247"/>
         <property name="logFiles" value="C:\\Users\\ntedesco\\Katalon Studio\\GenesisCobertura\\Reports\\Prestaciones\\20181102_143247\\execution0.log"/>
         <property name="attachments" value="C:\\Users\\ntedesco\\Katalon Studio\\GenesisCobertura\\Reports\\Prestaciones\\20181102_143247\\1541180083939.png"/>
         <property name="hostName" value="ntedesco - SMSL044.smsargentina.com.ar"/>
         <property name="os" value="Windows 10 32bit"/>
         <property name="katalonVersion" value="5.7.1.1"/>
         <property name="browser" value="Chrome 70.0.3538.77"/>
         <property name="hostAddress" value="192.168.252.2"/>
         <property name="sessionId" value="e98318d899e3619814dc64b9c01ce802"/>
         <property name="seleniumVersion" value="3.7.1"/>
         <property name="proxyInformation" value="ProxyInformation{proxyOption=NO_PROXY, proxyServerType=HTTP, password=, proxyServerAddress=, proxyServerPort=0}"/>
         <property name="platform" value="Windows 10"/>
      </properties>
      <testcase name="Test Cases/Test Buscar Prestadores - Domicilio" classname="Test Cases/Test Buscar Prestadores - Domicilio" status="PASSED">
         <system-out><![CDATA[2018-11-02 14:32:55 - [TEST_CASE][PASSED] - Test Cases/Test Buscar Prestadores - Domicilio: Test Cases/Test Buscar Prestadores - Domicilio

2018-11-02 14:32:57 - [TEST_STEP][PASSED] - openBrowser: Browser is opened with url: 'null'

2018-11-02 14:33:01 - [MESSAGE][PASSED] - Browser is opened with url: 'null'

2018-11-02 14:33:01 - [TEST_STEP][PASSED] - navigateToUrl: Navigate to 'https://test.intranet.osde/IV3/' successfully

2018-11-02 14:33:02 - [MESSAGE][PASSED] - Navigate to 'https://test.intranet.osde/IV3/' successfully

2018-11-02 14:33:02 - [TEST_STEP][PASSED] - maximizeWindow: Current window maximized

2018-11-02 14:33:02 - [MESSAGE][PASSED] - Current window maximized

2018-11-02 14:33:02 - [TEST_STEP][PASSED] - waitForElementClickable: Object 'Object Repository/Login_OSDE Intranet/coUsser' is clickable

2018-11-02 14:33:03 - [MESSAGE][PASSED] - Object 'Object Repository/Login_OSDE Intranet/coUsser' is clickable

2018-11-02 14:33:03 - [TEST_STEP][PASSED] - setText: Text 'SS36739794' is set on object 'Object Repository/Login_OSDE Intranet/coUsser'

2018-11-02 14:33:03 - [MESSAGE][PASSED] - Text 'SS36739794' is set on object 'Object Repository/Login_OSDE Intranet/coUsser'

2018-11-02 14:33:03 - [TEST_STEP][PASSED] - setText: Text 'intranet09' is set on object 'Object Repository/Login_OSDE Intranet/coPassword'

2018-11-02 14:33:04 - [MESSAGE][PASSED] - Text 'intranet09' is set on object 'Object Repository/Login_OSDE Intranet/coPassword'

2018-11-02 14:33:04 - [TEST_STEP][PASSED] - click: Object: 'Object Repository/Login_OSDE Intranet/btnIngresar' is clicked on

2018-11-02 14:33:04 - [MESSAGE][PASSED] - Object: 'Object Repository/Login_OSDE Intranet/btnIngresar' is clicked on

2018-11-02 14:33:04 - [TEST_STEP][PASSED] - waitForElementPresent: Object 'Object Repository/Home_OSDE Intranet V3/a_Mis Herramientas' is present

2018-11-02 14:33:05 - [MESSAGE][PASSED] - Object 'Object Repository/Home_OSDE Intranet V3/a_Mis Herramientas' is present

2018-11-02 14:33:05 - [TEST_STEP][PASSED] - click: Object: 'Object Repository/Home_OSDE Intranet V3/a_Mis Herramientas' is clicked on

2018-11-02 14:33:06 - [MESSAGE][PASSED] - Object: 'Object Repository/Home_OSDE Intranet V3/a_Mis Herramientas' is clicked on

2018-11-02 14:33:06 - [TEST_STEP][PASSED] - waitForElementPresent: Object 'Object Repository/Home_OSDE Intranet V3/iframe_MIS HERRAMIENTAS_frmMis' is present

2018-11-02 14:33:06 - [MESSAGE][WARNING] - Timeout '0' is invalid. Using default page load timeout: '30'

2018-11-02 14:33:06 - [MESSAGE][WARNING] - Timeout '0' is invalid. Using default page load timeout: '30'

2018-11-02 14:33:06 - [MESSAGE][PASSED] - Object 'Object Repository/Home_OSDE Intranet V3/iframe_MIS HERRAMIENTAS_frmMis' is present

2018-11-02 14:33:06 - [TEST_STEP][PASSED] - click: Object: 'Object Repository/Home_OSDE Intranet V3/td_Portal Corporativo' is clicked on

2018-11-02 14:33:06 - [MESSAGE][PASSED] - Object: 'Object Repository/Home_OSDE Intranet V3/td_Portal Corporativo' is clicked on

2018-11-02 14:33:07 - [TEST_STEP][PASSED] - switchToWindowUrl: Switched to window with url: 'http://tlnxwas30.intranet.osde:11780/portalFrontend/login.do'

2018-11-02 14:33:07 - [MESSAGE][PASSED] - Switched to window with url: 'http://tlnxwas30.intranet.osde:11780/portalFrontend/login.do'

2018-11-02 14:33:07 - [TEST_STEP][PASSED] - waitForElementVisible: Object 'Object Repository/Portal_Inicial/select_apiPortalDesarrolloport' is visible

2018-11-02 14:33:08 - [MESSAGE][PASSED] - Object 'Object Repository/Portal_Inicial/select_apiPortalDesarrolloport' is visible

2018-11-02 14:33:08 - [TEST_STEP][PASSED] - selectOptionByValue: All options with value 'suaPortal' are selected in object 'Object Repository/Portal_Inicial/select_apiPortalDesarrolloport' 

2018-11-02 14:33:09 - [MESSAGE][PASSED] - All options with value 'suaPortal' are selected in object 'Object Repository/Portal_Inicial/select_apiPortalDesarrolloport' 

2018-11-02 14:33:09 - [TEST_STEP][PASSED] - Statement - verifyIsPortalOpen(): null

2018-11-02 14:33:09 - [TEST_STEP][FAILED] - Statement - Try: Unable to click on object 'Object Repository/Portal_Home/consolaRecepcion' (Root cause: com.kms.katalon.core.webui.exception.WebElementNotFoundException: Web element with id: 'Object Repository/Portal_Home/consolaRecepcion' located by 'By.xpath: //*[@id = 'suaConsolaRecepcionWidget']' not found)

2018-11-02 14:33:09 - [TEST_STEP][PASSED] - waitForElementClickable: Web element with id: 'Object Repository/Portal_Home/consolaRecepcion' located by 'By.xpath: //*[@id = 'suaConsolaRecepcionWidget']' not found

2018-11-02 14:34:12 - [MESSAGE][WARNING] - Web element with id: 'Object Repository/Portal_Home/consolaRecepcion' located by 'By.xpath: //*[@id = 'suaConsolaRecepcionWidget']' not found

2018-11-02 14:34:12 - [TEST_STEP][FAILED] - click: Unable to click on object 'Object Repository/Portal_Home/consolaRecepcion' (Root cause: com.kms.katalon.core.webui.exception.WebElementNotFoundException: Web element with id: 'Object Repository/Portal_Home/consolaRecepcion' located by 'By.xpath: //*[@id = 'suaConsolaRecepcionWidget']' not found)

2018-11-02 14:34:44 - [MESSAGE][FAILED] - Unable to click on object 'Object Repository/Portal_Home/consolaRecepcion' (Root cause: com.kms.katalon.core.webui.exception.WebElementNotFoundException: Web element with id: 'Object Repository/Portal_Home/consolaRecepcion' located by 'By.xpath: //*[@id = 'suaConsolaRecepcionWidget']' not found)
[[ATTACHMENT|C:\\Users\\ntedesco\\Katalon Studio\\GenesisCobertura\\Reports\\Prestaciones\\20181102_143247\\1541180083939.png]]

2018-11-02 14:34:44 - [TEST_STEP][PASSED] - Statement - Catch (Exception e): null

2018-11-02 14:34:44 - [TEST_STEP][PASSED] - Statement - reloadPortal(): null

2018-11-02 14:34:44 - [TEST_STEP][PASSED] - refresh: Refresh successfully

2018-11-02 14:34:44 - [MESSAGE][PASSED] - Refresh successfully

2018-11-02 14:34:44 - [TEST_STEP][PASSED] - Statement - verifyIsPortalOpen(): null

2018-11-02 14:34:44 - [TEST_STEP][PASSED] - Statement - Try: Object: 'Object Repository/Portal_Home/consolaRecepcion' is clicked on

2018-11-02 14:34:44 - [TEST_STEP][PASSED] - waitForElementClickable: Object 'Object Repository/Portal_Home/consolaRecepcion' is clickable

2018-11-02 14:34:49 - [MESSAGE][PASSED] - Object 'Object Repository/Portal_Home/consolaRecepcion' is clickable

2018-11-02 14:34:49 - [TEST_STEP][PASSED] - click: Object: 'Object Repository/Portal_Home/consolaRecepcion' is clicked on

2018-11-02 14:34:49 - [MESSAGE][PASSED] - Object: 'Object Repository/Portal_Home/consolaRecepcion' is clicked on

2018-11-02 14:34:49 - [TEST_STEP][PASSED] - setText: Text '60609272102' is set on object 'Object Repository/Portal_Home/input_BsquedaDetallada'

2018-11-02 14:34:49 - [MESSAGE][PASSED] - Text '60609272102' is set on object 'Object Repository/Portal_Home/input_BsquedaDetallada'

2018-11-02 14:34:49 - [TEST_STEP][PASSED] - click: Object: 'Object Repository/Portal_Home/btn_BsquedaDetallada' is clicked on

2018-11-02 14:34:49 - [MESSAGE][PASSED] - Object: 'Object Repository/Portal_Home/btn_BsquedaDetallada' is clicked on

2018-11-02 14:34:49 - [TEST_STEP][PASSED] - waitForElementPresent: Object 'Object Repository/Portal_Home/div_suaCaracteristicasSujeto' is present

2018-11-02 14:34:50 - [MESSAGE][PASSED] - Object 'Object Repository/Portal_Home/div_suaCaracteristicasSujeto' is present

2018-11-02 14:34:50 - [TEST_STEP][PASSED] - click: Object: 'Object Repository/Portal_Home/div_collapsableLeftContainer' is clicked on

2018-11-02 14:34:50 - [MESSAGE][PASSED] - Object: 'Object Repository/Portal_Home/div_collapsableLeftContainer' is clicked on

2018-11-02 14:34:50 - [TEST_STEP][PASSED] - waitForElementVisible: Object 'Object Repository/Portal_Home/btn_servicesTreeOpen' is visible

2018-11-02 14:34:51 - [MESSAGE][PASSED] - Object 'Object Repository/Portal_Home/btn_servicesTreeOpen' is visible

2018-11-02 14:34:51 - [TEST_STEP][PASSED] - click: Object: 'Object Repository/Portal_Home/btn_servicesTreeOpen' is clicked on

2018-11-02 14:34:51 - [MESSAGE][PASSED] - Object: 'Object Repository/Portal_Home/btn_servicesTreeOpen' is clicked on

2018-11-02 14:34:51 - [TEST_STEP][PASSED] - waitForElementVisible: Object 'Object Repository/Portal_Home/a_Servicios' is visible

2018-11-02 14:34:52 - [MESSAGE][PASSED] - Object 'Object Repository/Portal_Home/a_Servicios' is visible

2018-11-02 14:34:52 - [TEST_STEP][PASSED] - click: Object: 'Object Repository/Portal_Home/a_Servicios' is clicked on

2018-11-02 14:34:52 - [MESSAGE][PASSED] - Object: 'Object Repository/Portal_Home/a_Servicios' is clicked on

2018-11-02 14:34:52 - [TEST_STEP][PASSED] - Statement - abrirServicio(G_Servicio, com.kms.katalon.core.webui.driver.DriverFactory.getWebDriver()): null

2018-11-02 14:34:52 - [TEST_STEP][PASSED] - Statement - Try: null

2018-11-02 14:34:52 - [TEST_STEP][PASSED] - Statement - element = driver.findElement(org.openqa.selenium.By.id("accordionMenuApi")): null

2018-11-02 14:34:52 - [TEST_STEP][PASSED] - Statement - lstRegistro = element.findElements(org.openqa.selenium.By.xpath("//div[contains(@class, 'treeMenuElement ellipsis_text')]")): null

2018-11-02 14:34:53 - [TEST_STEP][PASSED] - Statement - For (org.openqa.selenium.WebElement Registro : lstRegistro): null

2018-11-02 14:34:53 - [TEST_STEP][PASSED] - Statement - itemsServicio = Registro.findElements(org.openqa.selenium.By.xpath("//span[contains(@class, 'serviceSpanElement')]")): null

2018-11-02 14:34:53 - [TEST_STEP][PASSED] - Statement - For (org.openqa.selenium.WebElement item : itemsServicio): null

2018-11-02 14:34:53 - [TEST_STEP][PASSED] - Statement - If (item.getText().equals(NombreServicio)): null

2018-11-02 14:34:53 - [TEST_STEP][PASSED] - Statement - If (item.getText().equals(NombreServicio)): null

2018-11-02 14:34:53 - [TEST_STEP][PASSED] - Statement - If (item.getText().equals(NombreServicio)): null

2018-11-02 14:34:53 - [TEST_STEP][PASSED] - Statement - If (item.getText().equals(NombreServicio)): null

2018-11-02 14:34:53 - [TEST_STEP][PASSED] - Statement - If (item.getText().equals(NombreServicio)): null

2018-11-02 14:34:53 - [TEST_STEP][PASSED] - Statement - If (item.getText().equals(NombreServicio)): null

2018-11-02 14:34:53 - [TEST_STEP][PASSED] - Statement - If (item.getText().equals(NombreServicio)): null

2018-11-02 14:34:53 - [TEST_STEP][PASSED] - Statement - If (item.getText().equals(NombreServicio)): null

2018-11-02 14:34:53 - [TEST_STEP][PASSED] - Statement - If (item.getText().equals(NombreServicio)): null

2018-11-02 14:34:53 - [TEST_STEP][PASSED] - Statement - If (item.getText().equals(NombreServicio)): null

2018-11-02 14:34:53 - [TEST_STEP][PASSED] - Statement - If (item.getText().equals(NombreServicio)): null

2018-11-02 14:34:53 - [TEST_STEP][PASSED] - Statement - If (item.getText().equals(NombreServicio)): null

2018-11-02 14:34:53 - [TEST_STEP][PASSED] - Statement - If (item.getText().equals(NombreServicio)): null

2018-11-02 14:34:53 - [TEST_STEP][PASSED] - Statement - If (item.getText().equals(NombreServicio)): null

2018-11-02 14:34:53 - [TEST_STEP][PASSED] - Statement - If (item.getText().equals(NombreServicio)): null

2018-11-02 14:34:53 - [TEST_STEP][PASSED] - Statement - If (item.getText().equals(NombreServicio)): null

2018-11-02 14:34:53 - [TEST_STEP][PASSED] - Statement - If (item.getText().equals(NombreServicio)): null

2018-11-02 14:34:53 - [TEST_STEP][PASSED] - Statement - If (item.getText().equals(NombreServicio)): null

2018-11-02 14:34:53 - [TEST_STEP][PASSED] - Statement - If (item.getText().equals(NombreServicio)): null

2018-11-02 14:34:54 - [TEST_STEP][PASSED] - Statement - If (item.getText().equals(NombreServicio)): null

2018-11-02 14:34:54 - [TEST_STEP][PASSED] - Statement - If (item.getText().equals(NombreServicio)): null

2018-11-02 14:34:54 - [TEST_STEP][PASSED] - Statement - If (item.getText().equals(NombreServicio)): null

2018-11-02 14:34:54 - [TEST_STEP][PASSED] - Statement - If (item.getText().equals(NombreServicio)): null

2018-11-02 14:34:54 - [TEST_STEP][PASSED] - Statement - If (item.getText().equals(NombreServicio)): null

2018-11-02 14:34:54 - [TEST_STEP][PASSED] - Statement - If (item.getText().equals(NombreServicio)): null

2018-11-02 14:34:54 - [TEST_STEP][PASSED] - Statement - If (item.getText().equals(NombreServicio)): null

2018-11-02 14:34:54 - [TEST_STEP][PASSED] - Statement - If (item.getText().equals(NombreServicio)): null

2018-11-02 14:34:54 - [TEST_STEP][PASSED] - Statement - If (item.getText().equals(NombreServicio)): null

2018-11-02 14:34:54 - [TEST_STEP][PASSED] - Statement - If (item.getText().equals(NombreServicio)): null

2018-11-02 14:34:54 - [TEST_STEP][PASSED] - Statement - If (item.getText().equals(NombreServicio)): null

2018-11-02 14:34:54 - [TEST_STEP][PASSED] - Statement - If (item.getText().equals(NombreServicio)): null

2018-11-02 14:34:54 - [TEST_STEP][PASSED] - Statement - If (item.getText().equals(NombreServicio)): null

2018-11-02 14:34:54 - [TEST_STEP][PASSED] - Statement - If (item.getText().equals(NombreServicio)): null

2018-11-02 14:34:54 - [TEST_STEP][PASSED] - Statement - If (item.getText().equals(NombreServicio)): null

2018-11-02 14:34:54 - [TEST_STEP][PASSED] - Statement - If (item.getText().equals(NombreServicio)): null

2018-11-02 14:34:54 - [TEST_STEP][PASSED] - Statement - If (item.getText().equals(NombreServicio)): null

2018-11-02 14:34:54 - [TEST_STEP][PASSED] - Statement - If (item.getText().equals(NombreServicio)): null

2018-11-02 14:34:54 - [TEST_STEP][PASSED] - Statement - If (item.getText().equals(NombreServicio)): null

2018-11-02 14:34:54 - [TEST_STEP][PASSED] - Statement - If (item.getText().equals(NombreServicio)): null

2018-11-02 14:34:54 - [TEST_STEP][PASSED] - Statement - If (item.getText().equals(NombreServicio)): null

2018-11-02 14:34:54 - [TEST_STEP][PASSED] - Statement - If (item.getText().equals(NombreServicio)): null

2018-11-02 14:34:55 - [TEST_STEP][PASSED] - Statement - If (item.getText().equals(NombreServicio)): null

2018-11-02 14:34:55 - [TEST_STEP][PASSED] - Statement - If (item.getText().equals(NombreServicio)): null

2018-11-02 14:34:55 - [TEST_STEP][PASSED] - Statement - If (item.getText().equals(NombreServicio)): null

2018-11-02 14:34:55 - [TEST_STEP][PASSED] - Statement - If (item.getText().equals(NombreServicio)): null

2018-11-02 14:34:55 - [TEST_STEP][PASSED] - Statement - If (item.getText().equals(NombreServicio)): null

2018-11-02 14:34:55 - [TEST_STEP][PASSED] - Statement - If (item.getText().equals(NombreServicio)): null

2018-11-02 14:34:55 - [TEST_STEP][PASSED] - Statement - If (item.getText().equals(NombreServicio)): null

2018-11-02 14:34:55 - [TEST_STEP][PASSED] - Statement - If (item.getText().equals(NombreServicio)): null

2018-11-02 14:34:55 - [TEST_STEP][PASSED] - Statement - If (item.getText().equals(NombreServicio)): null

2018-11-02 14:34:55 - [TEST_STEP][PASSED] - Statement - If (item.getText().equals(NombreServicio)): null

2018-11-02 14:34:55 - [TEST_STEP][PASSED] - Statement - If (item.getText().equals(NombreServicio)): null

2018-11-02 14:34:55 - [TEST_STEP][PASSED] - Statement - If (item.getText().equals(NombreServicio)): null

2018-11-02 14:34:55 - [TEST_STEP][PASSED] - Statement - If (item.getText().equals(NombreServicio)): null

2018-11-02 14:34:55 - [TEST_STEP][PASSED] - Statement - If (item.getText().equals(NombreServicio)): null

2018-11-02 14:34:55 - [TEST_STEP][PASSED] - Statement - If (item.getText().equals(NombreServicio)): null

2018-11-02 14:34:55 - [TEST_STEP][PASSED] - Statement - If (item.getText().equals(NombreServicio)): null

2018-11-02 14:34:55 - [TEST_STEP][PASSED] - Statement - If (item.getText().equals(NombreServicio)): null

2018-11-02 14:34:55 - [TEST_STEP][PASSED] - Statement - If (item.getText().equals(NombreServicio)): null

2018-11-02 14:34:55 - [TEST_STEP][PASSED] - Statement - If (item.getText().equals(NombreServicio)): null

2018-11-02 14:34:55 - [TEST_STEP][PASSED] - Statement - If (item.getText().equals(NombreServicio)): null

2018-11-02 14:34:55 - [TEST_STEP][PASSED] - Statement - If (item.getText().equals(NombreServicio)): null

2018-11-02 14:34:55 - [TEST_STEP][PASSED] - Statement - If (item.getText().equals(NombreServicio)): null

2018-11-02 14:34:55 - [TEST_STEP][PASSED] - Statement - If (item.getText().equals(NombreServicio)): null

2018-11-02 14:34:56 - [TEST_STEP][PASSED] - Statement - If (item.getText().equals(NombreServicio)): null

2018-11-02 14:34:56 - [TEST_STEP][PASSED] - Statement - If (item.getText().equals(NombreServicio)): null

2018-11-02 14:34:56 - [TEST_STEP][PASSED] - Statement - If (item.getText().equals(NombreServicio)): null

2018-11-02 14:34:56 - [TEST_STEP][PASSED] - Statement - If (item.getText().equals(NombreServicio)): null

2018-11-02 14:34:56 - [TEST_STEP][PASSED] - Statement - If (item.getText().equals(NombreServicio)): null

2018-11-02 14:34:56 - [TEST_STEP][PASSED] - Statement - If (item.getText().equals(NombreServicio)): null

2018-11-02 14:34:56 - [TEST_STEP][PASSED] - Statement - If (item.getText().equals(NombreServicio)): null

2018-11-02 14:34:56 - [TEST_STEP][PASSED] - Statement - If (item.getText().equals(NombreServicio)): null

2018-11-02 14:34:56 - [TEST_STEP][PASSED] - Statement - If (item.getText().equals(NombreServicio)): null

2018-11-02 14:34:56 - [TEST_STEP][PASSED] - Statement - If (item.getText().equals(NombreServicio)): null

2018-11-02 14:34:56 - [TEST_STEP][PASSED] - Statement - If (item.getText().equals(NombreServicio)): null

2018-11-02 14:34:56 - [TEST_STEP][PASSED] - Statement - If (item.getText().equals(NombreServicio)): null

2018-11-02 14:34:56 - [TEST_STEP][PASSED] - Statement - If (item.getText().equals(NombreServicio)): null

2018-11-02 14:34:56 - [TEST_STEP][PASSED] - Statement - If (item.getText().equals(NombreServicio)): null

2018-11-02 14:34:56 - [TEST_STEP][PASSED] - Statement - If (item.getText().equals(NombreServicio)): null

2018-11-02 14:34:56 - [TEST_STEP][PASSED] - Statement - If (item.getText().equals(NombreServicio)): null

2018-11-02 14:34:56 - [TEST_STEP][PASSED] - Statement - If (item.getText().equals(NombreServicio)): null

2018-11-02 14:34:56 - [TEST_STEP][PASSED] - Statement - If (item.getText().equals(NombreServicio)): null

2018-11-02 14:34:56 - [TEST_STEP][PASSED] - Statement - If (item.getText().equals(NombreServicio)): null

2018-11-02 14:34:56 - [TEST_STEP][PASSED] - Statement - If (item.getText().equals(NombreServicio)): null

2018-11-02 14:34:56 - [TEST_STEP][PASSED] - Statement - If (item.getText().equals(NombreServicio)): null

2018-11-02 14:34:56 - [TEST_STEP][PASSED] - Statement - If (item.getText().equals(NombreServicio)): null

2018-11-02 14:34:56 - [TEST_STEP][PASSED] - Statement - If (item.getText().equals(NombreServicio)): null

2018-11-02 14:34:57 - [TEST_STEP][PASSED] - Statement - If (item.getText().equals(NombreServicio)): null

2018-11-02 14:34:57 - [TEST_STEP][PASSED] - Statement - If (item.getText().equals(NombreServicio)): null

2018-11-02 14:34:57 - [TEST_STEP][PASSED] - Statement - If (item.getText().equals(NombreServicio)): null

2018-11-02 14:34:57 - [TEST_STEP][PASSED] - Statement - If (item.getText().equals(NombreServicio)): null

2018-11-02 14:34:57 - [TEST_STEP][PASSED] - Statement - If (item.getText().equals(NombreServicio)): null

2018-11-02 14:34:57 - [TEST_STEP][PASSED] - Statement - If (item.getText().equals(NombreServicio)): null

2018-11-02 14:34:57 - [TEST_STEP][PASSED] - Statement - If (item.getText().equals(NombreServicio)): null

2018-11-02 14:34:57 - [TEST_STEP][PASSED] - Statement - If (item.getText().equals(NombreServicio)): null

2018-11-02 14:34:57 - [TEST_STEP][PASSED] - Statement - If (item.getText().equals(NombreServicio)): null

2018-11-02 14:34:57 - [TEST_STEP][PASSED] - Statement - If (item.getText().equals(NombreServicio)): null

2018-11-02 14:34:57 - [TEST_STEP][PASSED] - Statement - If (item.getText().equals(NombreServicio)): null

2018-11-02 14:34:57 - [TEST_STEP][PASSED] - Statement - If (item.getText().equals(NombreServicio)): null

2018-11-02 14:34:57 - [TEST_STEP][PASSED] - Statement - If (item.getText().equals(NombreServicio)): null

2018-11-02 14:34:57 - [TEST_STEP][PASSED] - Statement - If (item.getText().equals(NombreServicio)): null

2018-11-02 14:34:57 - [TEST_STEP][PASSED] - Statement - If (item.getText().equals(NombreServicio)): null

2018-11-02 14:34:57 - [TEST_STEP][PASSED] - Statement - If (item.getText().equals(NombreServicio)): null

2018-11-02 14:34:57 - [TEST_STEP][PASSED] - Statement - If (item.getText().equals(NombreServicio)): null

2018-11-02 14:34:57 - [TEST_STEP][PASSED] - Statement - If (item.getText().equals(NombreServicio)): null

2018-11-02 14:34:57 - [TEST_STEP][PASSED] - Statement - If (item.getText().equals(NombreServicio)): null

2018-11-02 14:34:57 - [TEST_STEP][PASSED] - Statement - If (item.getText().equals(NombreServicio)): null

2018-11-02 14:34:58 - [TEST_STEP][PASSED] - Statement - If (item.getText().equals(NombreServicio)): null

2018-11-02 14:34:58 - [TEST_STEP][PASSED] - Statement - If (item.getText().equals(NombreServicio)): null

2018-11-02 14:34:58 - [TEST_STEP][PASSED] - Statement - If (item.getText().equals(NombreServicio)): null

2018-11-02 14:34:58 - [TEST_STEP][PASSED] - Statement - If (item.getText().equals(NombreServicio)): null

2018-11-02 14:34:58 - [TEST_STEP][PASSED] - Statement - If (item.getText().equals(NombreServicio)): null

2018-11-02 14:34:58 - [TEST_STEP][PASSED] - Statement - If (item.getText().equals(NombreServicio)): null

2018-11-02 14:34:58 - [TEST_STEP][PASSED] - Statement - If (item.getText().equals(NombreServicio)): null

2018-11-02 14:34:58 - [TEST_STEP][PASSED] - Statement - If (item.getText().equals(NombreServicio)): null

2018-11-02 14:34:58 - [TEST_STEP][PASSED] - Statement - If (item.getText().equals(NombreServicio)): null

2018-11-02 14:34:58 - [TEST_STEP][PASSED] - Statement - If (item.getText().equals(NombreServicio)): null

2018-11-02 14:34:58 - [TEST_STEP][PASSED] - Statement - If (item.getText().equals(NombreServicio)): null

2018-11-02 14:34:58 - [TEST_STEP][PASSED] - Statement - If (item.getText().equals(NombreServicio)): null

2018-11-02 14:34:58 - [TEST_STEP][PASSED] - Statement - If (item.getText().equals(NombreServicio)): null

2018-11-02 14:34:58 - [TEST_STEP][PASSED] - Statement - If (item.getText().equals(NombreServicio)): null

2018-11-02 14:34:58 - [TEST_STEP][PASSED] - Statement - If (item.getText().equals(NombreServicio)): null

2018-11-02 14:34:58 - [TEST_STEP][PASSED] - Statement - If (item.getText().equals(NombreServicio)): null

2018-11-02 14:34:59 - [TEST_STEP][PASSED] - Statement - If (item.getText().equals(NombreServicio)): null

2018-11-02 14:34:59 - [TEST_STEP][PASSED] - Statement - If (item.getText().equals(NombreServicio)): null

2018-11-02 14:34:59 - [TEST_STEP][PASSED] - Statement - If (item.getText().equals(NombreServicio)): null

2018-11-02 14:34:59 - [TEST_STEP][PASSED] - Statement - If (item.getText().equals(NombreServicio)): null

2018-11-02 14:34:59 - [TEST_STEP][PASSED] - Statement - If (item.getText().equals(NombreServicio)): null

2018-11-02 14:34:59 - [TEST_STEP][PASSED] - Statement - If (item.getText().equals(NombreServicio)): null

2018-11-02 14:34:59 - [TEST_STEP][PASSED] - Statement - If (item.getText().equals(NombreServicio)): null

2018-11-02 14:34:59 - [TEST_STEP][PASSED] - Statement - If (item.getText().equals(NombreServicio)): null

2018-11-02 14:34:59 - [TEST_STEP][PASSED] - Statement - If (item.getText().equals(NombreServicio)): null

2018-11-02 14:34:59 - [TEST_STEP][PASSED] - Statement - If (item.getText().equals(NombreServicio)): null

2018-11-02 14:34:59 - [TEST_STEP][PASSED] - Statement - If (item.getText().equals(NombreServicio)): null

2018-11-02 14:34:59 - [TEST_STEP][PASSED] - Statement - If (item.getText().equals(NombreServicio)): null

2018-11-02 14:34:59 - [TEST_STEP][PASSED] - Statement - If (item.getText().equals(NombreServicio)): null

2018-11-02 14:34:59 - [TEST_STEP][PASSED] - Statement - If (item.getText().equals(NombreServicio)): null

2018-11-02 14:34:59 - [TEST_STEP][PASSED] - Statement - If (item.getText().equals(NombreServicio)): null

2018-11-02 14:34:59 - [TEST_STEP][PASSED] - Statement - If (item.getText().equals(NombreServicio)): null

2018-11-02 14:34:59 - [TEST_STEP][PASSED] - Statement - If (item.getText().equals(NombreServicio)): null

2018-11-02 14:34:59 - [TEST_STEP][PASSED] - Statement - If (item.getText().equals(NombreServicio)): null

2018-11-02 14:34:59 - [TEST_STEP][PASSED] - Statement - If (item.getText().equals(NombreServicio)): null

2018-11-02 14:34:59 - [TEST_STEP][PASSED] - Statement - If (item.getText().equals(NombreServicio)): null

2018-11-02 14:34:59 - [TEST_STEP][PASSED] - Statement - If (item.getText().equals(NombreServicio)): null

2018-11-02 14:34:59 - [TEST_STEP][PASSED] - Statement - If (item.getText().equals(NombreServicio)): null

2018-11-02 14:34:59 - [TEST_STEP][PASSED] - Statement - If (item.getText().equals(NombreServicio)): null

2018-11-02 14:34:59 - [TEST_STEP][PASSED] - Statement - If (item.getText().equals(NombreServicio)): null

2018-11-02 14:35:00 - [TEST_STEP][PASSED] - Statement - If (item.getText().equals(NombreServicio)): null

2018-11-02 14:35:00 - [TEST_STEP][PASSED] - Statement - If (item.getText().equals(NombreServicio)): null

2018-11-02 14:35:00 - [TEST_STEP][PASSED] - Statement - If (item.getText().equals(NombreServicio)): null

2018-11-02 14:35:00 - [TEST_STEP][PASSED] - Statement - If (item.getText().equals(NombreServicio)): null

2018-11-02 14:35:00 - [TEST_STEP][PASSED] - Statement - If (item.getText().equals(NombreServicio)): null

2018-11-02 14:35:00 - [TEST_STEP][PASSED] - Statement - If (item.getText().equals(NombreServicio)): null

2018-11-02 14:35:00 - [TEST_STEP][PASSED] - Statement - If (item.getText().equals(NombreServicio)): null

2018-11-02 14:35:00 - [TEST_STEP][PASSED] - Statement - If (item.getText().equals(NombreServicio)): null

2018-11-02 14:35:00 - [TEST_STEP][PASSED] - Statement - If (item.getText().equals(NombreServicio)): null

2018-11-02 14:35:00 - [TEST_STEP][PASSED] - Statement - If (item.getText().equals(NombreServicio)): null

2018-11-02 14:35:00 - [TEST_STEP][PASSED] - Statement - If (item.getText().equals(NombreServicio)): null

2018-11-02 14:35:00 - [TEST_STEP][PASSED] - Statement - If (item.getText().equals(NombreServicio)): null

2018-11-02 14:35:00 - [TEST_STEP][PASSED] - Statement - If (item.getText().equals(NombreServicio)): null

2018-11-02 14:35:00 - [TEST_STEP][PASSED] - Statement - If (item.getText().equals(NombreServicio)): null

2018-11-02 14:35:00 - [TEST_STEP][PASSED] - Statement - If (item.getText().equals(NombreServicio)): null

2018-11-02 14:35:00 - [TEST_STEP][PASSED] - Statement - If (item.getText().equals(NombreServicio)): null

2018-11-02 14:35:00 - [TEST_STEP][PASSED] - Statement - If (item.getText().equals(NombreServicio)): null

2018-11-02 14:35:00 - [TEST_STEP][PASSED] - Statement - If (item.getText().equals(NombreServicio)): null

2018-11-02 14:35:00 - [TEST_STEP][PASSED] - Statement - If (item.getText().equals(NombreServicio)): null

2018-11-02 14:35:00 - [TEST_STEP][PASSED] - Statement - If (item.getText().equals(NombreServicio)): null

2018-11-02 14:35:00 - [TEST_STEP][PASSED] - Statement - If (item.getText().equals(NombreServicio)): null

2018-11-02 14:35:00 - [TEST_STEP][PASSED] - Statement - If (item.getText().equals(NombreServicio)): null

2018-11-02 14:35:00 - [TEST_STEP][PASSED] - Statement - If (item.getText().equals(NombreServicio)): null

2018-11-02 14:35:01 - [TEST_STEP][PASSED] - Statement - If (item.getText().equals(NombreServicio)): null

2018-11-02 14:35:01 - [TEST_STEP][PASSED] - Statement - If (item.getText().equals(NombreServicio)): null

2018-11-02 14:35:01 - [TEST_STEP][PASSED] - Statement - If (item.getText().equals(NombreServicio)): null

2018-11-02 14:35:01 - [TEST_STEP][PASSED] - Statement - If (item.getText().equals(NombreServicio)): null

2018-11-02 14:35:01 - [TEST_STEP][PASSED] - Statement - If (item.getText().equals(NombreServicio)): null

2018-11-02 14:35:01 - [TEST_STEP][PASSED] - Statement - If (item.getText().equals(NombreServicio)): null

2018-11-02 14:35:01 - [TEST_STEP][PASSED] - Statement - If (item.getText().equals(NombreServicio)): null

2018-11-02 14:35:01 - [TEST_STEP][PASSED] - Statement - If (item.getText().equals(NombreServicio)): null

2018-11-02 14:35:01 - [TEST_STEP][PASSED] - Statement - If (item.getText().equals(NombreServicio)): null

2018-11-02 14:35:01 - [TEST_STEP][PASSED] - Statement - If (item.getText().equals(NombreServicio)): null

2018-11-02 14:35:01 - [TEST_STEP][PASSED] - Statement - If (item.getText().equals(NombreServicio)): null

2018-11-02 14:35:01 - [TEST_STEP][PASSED] - Statement - If (item.getText().equals(NombreServicio)): null

2018-11-02 14:35:01 - [TEST_STEP][PASSED] - Statement - If (item.getText().equals(NombreServicio)): null

2018-11-02 14:35:01 - [TEST_STEP][PASSED] - Statement - If (item.getText().equals(NombreServicio)): null

2018-11-02 14:35:01 - [TEST_STEP][PASSED] - Statement - If (item.getText().equals(NombreServicio)): null

2018-11-02 14:35:01 - [TEST_STEP][PASSED] - Statement - If (item.getText().equals(NombreServicio)): null

2018-11-02 14:35:01 - [TEST_STEP][PASSED] - Statement - If (item.getText().equals(NombreServicio)): null

2018-11-02 14:35:01 - [TEST_STEP][PASSED] - Statement - If (item.getText().equals(NombreServicio)): null

2018-11-02 14:35:01 - [TEST_STEP][PASSED] - Statement - If (item.getText().equals(NombreServicio)): null

2018-11-02 14:35:01 - [TEST_STEP][PASSED] - Statement - If (item.getText().equals(NombreServicio)): null

2018-11-02 14:35:01 - [TEST_STEP][PASSED] - Statement - If (item.getText().equals(NombreServicio)): null

2018-11-02 14:35:01 - [TEST_STEP][PASSED] - Statement - If (item.getText().equals(NombreServicio)): null

2018-11-02 14:35:01 - [TEST_STEP][PASSED] - Statement - If (item.getText().equals(NombreServicio)): null

2018-11-02 14:35:02 - [TEST_STEP][PASSED] - Statement - If (item.getText().equals(NombreServicio)): null

2018-11-02 14:35:02 - [TEST_STEP][PASSED] - Statement - If (item.getText().equals(NombreServicio)): null

2018-11-02 14:35:02 - [TEST_STEP][PASSED] - Statement - If (item.getText().equals(NombreServicio)): null

2018-11-02 14:35:02 - [TEST_STEP][PASSED] - Statement - If (item.getText().equals(NombreServicio)): null

2018-11-02 14:35:02 - [TEST_STEP][PASSED] - Statement - If (item.getText().equals(NombreServicio)): null

2018-11-02 14:35:02 - [TEST_STEP][PASSED] - Statement - If (item.getText().equals(NombreServicio)): null

2018-11-02 14:35:02 - [TEST_STEP][PASSED] - Statement - If (item.getText().equals(NombreServicio)): null

2018-11-02 14:35:02 - [TEST_STEP][PASSED] - Statement - If (item.getText().equals(NombreServicio)): null

2018-11-02 14:35:02 - [TEST_STEP][PASSED] - Statement - If (item.getText().equals(NombreServicio)): null

2018-11-02 14:35:02 - [TEST_STEP][PASSED] - Statement - If (item.getText().equals(NombreServicio)): null

2018-11-02 14:35:02 - [TEST_STEP][PASSED] - Statement - If (item.getText().equals(NombreServicio)): null

2018-11-02 14:35:02 - [TEST_STEP][PASSED] - Statement - If (item.getText().equals(NombreServicio)): null

2018-11-02 14:35:02 - [TEST_STEP][PASSED] - Statement - If (item.getText().equals(NombreServicio)): null

2018-11-02 14:35:02 - [TEST_STEP][PASSED] - Statement - If (item.getText().equals(NombreServicio)): null

2018-11-02 14:35:02 - [TEST_STEP][PASSED] - Statement - If (item.getText().equals(NombreServicio)): null

2018-11-02 14:35:02 - [TEST_STEP][PASSED] - Statement - If (item.getText().equals(NombreServicio)): null

2018-11-02 14:35:02 - [TEST_STEP][PASSED] - Statement - If (item.getText().equals(NombreServicio)): null

2018-11-02 14:35:02 - [TEST_STEP][PASSED] - Statement - If (item.getText().equals(NombreServicio)): null

2018-11-02 14:35:02 - [TEST_STEP][PASSED] - Statement - If (item.getText().equals(NombreServicio)): null

2018-11-02 14:35:02 - [TEST_STEP][PASSED] - Statement - If (item.getText().equals(NombreServicio)): null

2018-11-02 14:35:02 - [TEST_STEP][PASSED] - Statement - If (item.getText().equals(NombreServicio)): null

2018-11-02 14:35:02 - [TEST_STEP][PASSED] - Statement - If (item.getText().equals(NombreServicio)): null

2018-11-02 14:35:02 - [TEST_STEP][PASSED] - Statement - If (item.getText().equals(NombreServicio)): null

2018-11-02 14:35:03 - [TEST_STEP][PASSED] - Statement - If (item.getText().equals(NombreServicio)): null

2018-11-02 14:35:03 - [TEST_STEP][PASSED] - Statement - If (item.getText().equals(NombreServicio)): null

2018-11-02 14:35:03 - [TEST_STEP][PASSED] - Statement - If (item.getText().equals(NombreServicio)): null

2018-11-02 14:35:03 - [TEST_STEP][PASSED] - Statement - If (item.getText().equals(NombreServicio)): null

2018-11-02 14:35:03 - [TEST_STEP][PASSED] - Statement - If (item.getText().equals(NombreServicio)): null

2018-11-02 14:35:03 - [TEST_STEP][PASSED] - Statement - If (item.getText().equals(NombreServicio)): null

2018-11-02 14:35:03 - [TEST_STEP][PASSED] - Statement - If (item.getText().equals(NombreServicio)): null

2018-11-02 14:35:03 - [TEST_STEP][PASSED] - Statement - If (item.getText().equals(NombreServicio)): null

2018-11-02 14:35:03 - [TEST_STEP][PASSED] - Statement - If (item.getText().equals(NombreServicio)): null

2018-11-02 14:35:03 - [TEST_STEP][PASSED] - Statement - If (item.getText().equals(NombreServicio)): null

2018-11-02 14:35:03 - [TEST_STEP][PASSED] - Statement - If (item.getText().equals(NombreServicio)): null

2018-11-02 14:35:03 - [TEST_STEP][PASSED] - Statement - If (item.getText().equals(NombreServicio)): null

2018-11-02 14:35:03 - [TEST_STEP][PASSED] - Statement - If (item.getText().equals(NombreServicio)): null

2018-11-02 14:35:03 - [TEST_STEP][PASSED] - Statement - If (item.getText().equals(NombreServicio)): null

2018-11-02 14:35:03 - [TEST_STEP][PASSED] - Statement - If (item.getText().equals(NombreServicio)): null

2018-11-02 14:35:03 - [TEST_STEP][PASSED] - Statement - If (item.getText().equals(NombreServicio)): null

2018-11-02 14:35:03 - [TEST_STEP][PASSED] - Statement - If (item.getText().equals(NombreServicio)): null

2018-11-02 14:35:03 - [TEST_STEP][PASSED] - Statement - If (item.getText().equals(NombreServicio)): null

2018-11-02 14:35:03 - [TEST_STEP][PASSED] - Statement - If (item.getText().equals(NombreServicio)): null

2018-11-02 14:35:03 - [TEST_STEP][PASSED] - Statement - If (item.getText().equals(NombreServicio)): null

2018-11-02 14:35:03 - [TEST_STEP][PASSED] - Statement - If (item.getText().equals(NombreServicio)): null

2018-11-02 14:35:04 - [TEST_STEP][PASSED] - Statement - If (item.getText().equals(NombreServicio)): null

2018-11-02 14:35:04 - [TEST_STEP][PASSED] - Statement - If (item.getText().equals(NombreServicio)): null

2018-11-02 14:35:04 - [TEST_STEP][PASSED] - Statement - If (item.getText().equals(NombreServicio)): null

2018-11-02 14:35:04 - [TEST_STEP][PASSED] - Statement - If (item.getText().equals(NombreServicio)): null

2018-11-02 14:35:04 - [TEST_STEP][PASSED] - Statement - If (item.getText().equals(NombreServicio)): null

2018-11-02 14:35:04 - [TEST_STEP][PASSED] - Statement - If (item.getText().equals(NombreServicio)): null

2018-11-02 14:35:04 - [TEST_STEP][PASSED] - Statement - If (item.getText().equals(NombreServicio)): null

2018-11-02 14:35:04 - [TEST_STEP][PASSED] - Statement - If (item.getText().equals(NombreServicio)): null

2018-11-02 14:35:04 - [TEST_STEP][PASSED] - Statement - If (item.getText().equals(NombreServicio)): null

2018-11-02 14:35:04 - [TEST_STEP][PASSED] - Statement - If (item.getText().equals(NombreServicio)): null

2018-11-02 14:35:04 - [TEST_STEP][PASSED] - Statement - If (item.getText().equals(NombreServicio)): null

2018-11-02 14:35:04 - [TEST_STEP][PASSED] - Statement - If (item.getText().equals(NombreServicio)): null

2018-11-02 14:35:04 - [TEST_STEP][PASSED] - Statement - If (item.getText().equals(NombreServicio)): null

2018-11-02 14:35:04 - [TEST_STEP][PASSED] - Statement - If (item.getText().equals(NombreServicio)): null

2018-11-02 14:35:04 - [TEST_STEP][PASSED] - Statement - If (item.getText().equals(NombreServicio)): null

2018-11-02 14:35:04 - [TEST_STEP][PASSED] - Statement - If (item.getText().equals(NombreServicio)): null

2018-11-02 14:35:04 - [TEST_STEP][PASSED] - Statement - If (item.getText().equals(NombreServicio)): null

2018-11-02 14:35:04 - [TEST_STEP][PASSED] - Statement - If (item.getText().equals(NombreServicio)): null

2018-11-02 14:35:04 - [TEST_STEP][PASSED] - Statement - If (item.getText().equals(NombreServicio)): null

2018-11-02 14:35:04 - [TEST_STEP][PASSED] - Statement - If (item.getText().equals(NombreServicio)): null

2018-11-02 14:35:04 - [TEST_STEP][PASSED] - Statement - If (item.getText().equals(NombreServicio)): null

2018-11-02 14:35:04 - [TEST_STEP][PASSED] - Statement - If (item.getText().equals(NombreServicio)): null

2018-11-02 14:35:05 - [TEST_STEP][PASSED] - Statement - If (item.getText().equals(NombreServicio)): null

2018-11-02 14:35:05 - [TEST_STEP][PASSED] - Statement - If (item.getText().equals(NombreServicio)): null

2018-11-02 14:35:05 - [TEST_STEP][PASSED] - Statement - If (item.getText().equals(NombreServicio)): null

2018-11-02 14:35:05 - [TEST_STEP][PASSED] - Statement - If (item.getText().equals(NombreServicio)): null

2018-11-02 14:35:05 - [TEST_STEP][PASSED] - Statement - If (item.getText().equals(NombreServicio)): null

2018-11-02 14:35:05 - [TEST_STEP][PASSED] - Statement - If (item.getText().equals(NombreServicio)): null

2018-11-02 14:35:05 - [TEST_STEP][PASSED] - Statement - If (item.getText().equals(NombreServicio)): null

2018-11-02 14:35:05 - [TEST_STEP][PASSED] - Statement - If (item.getText().equals(NombreServicio)): null

2018-11-02 14:35:05 - [TEST_STEP][PASSED] - Statement - If (item.getText().equals(NombreServicio)): null

2018-11-02 14:35:05 - [TEST_STEP][PASSED] - Statement - If (item.getText().equals(NombreServicio)): null

2018-11-02 14:35:05 - [TEST_STEP][PASSED] - Statement - If (item.getText().equals(NombreServicio)): null

2018-11-02 14:35:05 - [TEST_STEP][PASSED] - Statement - item.click(): null

2018-11-02 14:35:05 - [TEST_STEP][PASSED] - Statement - return true: null

2018-11-02 14:35:05 - [TEST_STEP][PASSED] - Statement - verifyIsGenesisCoberturaOpen(): null

2018-11-02 14:35:05 - [TEST_STEP][PASSED] - Statement - Try: Object 'Object Repository/Servicio/input_Prestaciones' is clickable

2018-11-02 14:35:05 - [TEST_STEP][PASSED] - waitForElementClickable: Object 'Object Repository/Servicio/input_Prestaciones' is clickable

2018-11-02 14:35:06 - [MESSAGE][PASSED] - Object 'Object Repository/Servicio/input_Prestaciones' is clickable

2018-11-02 14:35:07 - [TEST_STEP][PASSED] - setText: Text '250102' is set on object 'Object Repository/Servicio/input_Prestaciones'

2018-11-02 14:35:07 - [MESSAGE][PASSED] - Text '250102' is set on object 'Object Repository/Servicio/input_Prestaciones'

2018-11-02 14:35:07 - [TEST_STEP][PASSED] - Statement - selectOptionAutocomplete(): null

2018-11-02 14:35:07 - [TEST_STEP][PASSED] - waitForElementClickable: Object 'Object Repository/Servicio/autocomplete_input' is clickable

2018-11-02 14:35:07 - [MESSAGE][PASSED] - Object 'Object Repository/Servicio/autocomplete_input' is clickable

2018-11-02 14:35:07 - [TEST_STEP][PASSED] - delay: Delayed 30 second(s)

2018-11-02 14:35:37 - [MESSAGE][PASSED] - Delayed 30 second(s)

2018-11-02 14:35:37 - [TEST_STEP][PASSED] - click: Object: 'Object Repository/Servicio/autocomplete_input' is clicked on

2018-11-02 14:35:37 - [MESSAGE][PASSED] - Object: 'Object Repository/Servicio/autocomplete_input' is clicked on

2018-11-02 14:35:38 - [TEST_STEP][PASSED] - selectOptionByValue: All options with value 'A' are selected in object 'Object Repository/Servicio/select_Contexto' 

2018-11-02 14:35:38 - [MESSAGE][PASSED] - All options with value 'A' are selected in object 'Object Repository/Servicio/select_Contexto' 

2018-11-02 14:35:38 - [TEST_STEP][PASSED] - click: Object: 'Object Repository/Servicio/btnEditarDomicilio' is clicked on

2018-11-02 14:35:38 - [MESSAGE][PASSED] - Object: 'Object Repository/Servicio/btnEditarDomicilio' is clicked on

2018-11-02 14:35:38 - [TEST_STEP][PASSED] - waitForElementPresent: Object 'Object Repository/Servicio/select_Provincia' is present

2018-11-02 14:35:38 - [MESSAGE][PASSED] - Object 'Object Repository/Servicio/select_Provincia' is present

2018-11-02 14:35:38 - [TEST_STEP][PASSED] - selectOptionByValue: All options with value 'SANTA FE' are selected in object 'Object Repository/Servicio/select_Provincia' 

2018-11-02 14:35:39 - [MESSAGE][PASSED] - All options with value 'SANTA FE' are selected in object 'Object Repository/Servicio/select_Provincia' 

2018-11-02 14:35:39 - [TEST_STEP][PASSED] - sendKeys: Keys 'ROSARIO' sent to object: 'Object Repository/Servicio/input_Localidad'

2018-11-02 14:35:39 - [MESSAGE][PASSED] - Keys 'ROSARIO' sent to object: 'Object Repository/Servicio/input_Localidad'

2018-11-02 14:35:39 - [TEST_STEP][PASSED] - delay: Delayed 10 second(s)

2018-11-02 14:35:49 - [MESSAGE][PASSED] - Delayed 10 second(s)

2018-11-02 14:35:49 - [TEST_STEP][PASSED] - sendKeys: Keys 'TAB + ' sent to object: 'Object Repository/Servicio/input_Localidad'

2018-11-02 14:35:49 - [MESSAGE][PASSED] - Keys 'TAB + ' sent to object: 'Object Repository/Servicio/input_Localidad'

2018-11-02 14:35:49 - [TEST_STEP][PASSED] - sendKeys: Keys 'ITALIA' sent to object: 'Object Repository/Servicio/input_Calle'

2018-11-02 14:35:49 - [MESSAGE][PASSED] - Keys 'ITALIA' sent to object: 'Object Repository/Servicio/input_Calle'

2018-11-02 14:35:49 - [TEST_STEP][PASSED] - delay: Delayed 10 second(s)

2018-11-02 14:35:59 - [MESSAGE][PASSED] - Delayed 10 second(s)

2018-11-02 14:35:59 - [TEST_STEP][PASSED] - sendKeys: Keys 'TAB + ' sent to object: 'Object Repository/Servicio/input_Calle'

2018-11-02 14:36:00 - [MESSAGE][PASSED] - Keys 'TAB + ' sent to object: 'Object Repository/Servicio/input_Calle'

2018-11-02 14:36:00 - [TEST_STEP][PASSED] - delay: Delayed 10 second(s)

2018-11-02 14:36:10 - [MESSAGE][PASSED] - Delayed 10 second(s)

2018-11-02 14:36:10 - [TEST_STEP][PASSED] - sendKeys: Keys '440' sent to object: 'Object Repository/Servicio/input_Altura'

2018-11-02 14:36:10 - [MESSAGE][PASSED] - Keys '440' sent to object: 'Object Repository/Servicio/input_Altura'

2018-11-02 14:36:10 - [TEST_STEP][PASSED] - click: Object: 'Object Repository/Servicio/btnSeleccionar' is clicked on

2018-11-02 14:36:10 - [MESSAGE][PASSED] - Object: 'Object Repository/Servicio/btnSeleccionar' is clicked on

2018-11-02 14:36:10 - [TEST_STEP][PASSED] - delay: Delayed 10 second(s)

2018-11-02 14:36:20 - [MESSAGE][PASSED] - Delayed 10 second(s)

2018-11-02 14:36:20 - [TEST_STEP][PASSED] - click: Object: 'Object Repository/Servicio/btnBuscar' is clicked on

2018-11-02 14:36:21 - [MESSAGE][PASSED] - Object: 'Object Repository/Servicio/btnBuscar' is clicked on

2018-11-02 14:36:21 - [TEST_STEP][PASSED] - waitForElementPresent: Object 'Object Repository/Servicio/div_Listado' is present

2018-11-02 14:36:21 - [MESSAGE][PASSED] - Object 'Object Repository/Servicio/div_Listado' is present

2018-11-02 14:36:21 - [TEST_STEP][PASSED] - click: Object: 'Object Repository/Servicio/check_ResultadoListado' is clicked on

2018-11-02 14:36:29 - [MESSAGE][PASSED] - Object: 'Object Repository/Servicio/check_ResultadoListado' is clicked on

2018-11-02 14:36:29 - [TEST_STEP][PASSED] - click: Object: 'Object Repository/Servicio/btnRegistrar' is clicked on

2018-11-02 14:36:29 - [MESSAGE][PASSED] - Object: 'Object Repository/Servicio/btnRegistrar' is clicked on

2018-11-02 14:36:29 - [TEST_STEP][PASSED] - waitForElementClickable: Object 'Object Repository/Servicio/btnCerrarDomicilio' is clickable

2018-11-02 14:36:30 - [MESSAGE][PASSED] - Object 'Object Repository/Servicio/btnCerrarDomicilio' is clickable

2018-11-02 14:36:30 - [TEST_STEP][PASSED] - delay: Delayed 10 second(s)

2018-11-02 14:36:40 - [MESSAGE][PASSED] - Delayed 10 second(s)

2018-11-02 14:36:40 - [TEST_STEP][PASSED] - click: Object: 'Object Repository/Servicio/btnCerrarDomicilio' is clicked on

2018-11-02 14:36:40 - [MESSAGE][PASSED] - Object: 'Object Repository/Servicio/btnCerrarDomicilio' is clicked on

2018-11-02 14:36:40 - [TEST_STEP][PASSED] - click: Object: 'Object Repository/Servicio/btnEnviarCorreo' is clicked on

2018-11-02 14:36:41 - [MESSAGE][PASSED] - Object: 'Object Repository/Servicio/btnEnviarCorreo' is clicked on

2018-11-02 14:36:41 - [TEST_STEP][PASSED] - waitForElementPresent: Object 'Object Repository/Servicio/input_Correo' is present

2018-11-02 14:36:41 - [MESSAGE][PASSED] - Object 'Object Repository/Servicio/input_Correo' is present

2018-11-02 14:36:41 - [TEST_STEP][PASSED] - sendKeys: Keys 'ntedesco@sms-latam.com' sent to object: 'Object Repository/Servicio/input_Correo'

2018-11-02 14:36:42 - [MESSAGE][PASSED] - Keys 'ntedesco@sms-latam.com' sent to object: 'Object Repository/Servicio/input_Correo'

2018-11-02 14:36:42 - [TEST_STEP][PASSED] - click: Object: 'Object Repository/Servicio/btnEnviar' is clicked on

2018-11-02 14:36:42 - [MESSAGE][PASSED] - Object: 'Object Repository/Servicio/btnEnviar' is clicked on

2018-11-02 14:36:42 - [TEST_STEP][PASSED] - delay: Delayed 10 second(s)

2018-11-02 14:36:52 - [MESSAGE][PASSED] - Delayed 10 second(s)

2018-11-02 14:36:52 - [TEST_STEP][PASSED] - waitForElementClickable: Object 'Object Repository/Servicio/btnImprimir' is clickable

2018-11-02 14:36:52 - [MESSAGE][PASSED] - Object 'Object Repository/Servicio/btnImprimir' is clickable

2018-11-02 14:36:52 - [TEST_STEP][PASSED] - click: Object: 'Object Repository/Servicio/btnImprimir' is clicked on

2018-11-02 14:36:52 - [MESSAGE][PASSED] - Object: 'Object Repository/Servicio/btnImprimir' is clicked on

2018-11-02 14:36:52 - [TEST_STEP][PASSED] - waitForElementClickable: Object 'Object Repository/Servicio/btnCerrarPopUpPdf' is clickable

2018-11-02 14:36:53 - [MESSAGE][PASSED] - Object 'Object Repository/Servicio/btnCerrarPopUpPdf' is clickable

2018-11-02 14:36:53 - [TEST_STEP][PASSED] - delay: Delayed 10 second(s)

2018-11-02 14:37:03 - [MESSAGE][PASSED] - Delayed 10 second(s)

2018-11-02 14:37:03 - [TEST_STEP][PASSED] - click: Object: 'Object Repository/Servicio/btnCerrarPopUpPdf' is clicked on

2018-11-02 14:37:03 - [MESSAGE][PASSED] - Object: 'Object Repository/Servicio/btnCerrarPopUpPdf' is clicked on

2018-11-02 14:37:03 - [TEST_STEP][PASSED] - waitForElementClickable: Object 'Object Repository/Servicio/div_InfoPrestacion' is clickable

2018-11-02 14:37:03 - [MESSAGE][PASSED] - Object 'Object Repository/Servicio/div_InfoPrestacion' is clickable

2018-11-02 14:37:03 - [TEST_STEP][PASSED] - delay: Delayed 10 second(s)

2018-11-02 14:37:13 - [MESSAGE][PASSED] - Delayed 10 second(s)

2018-11-02 14:37:13 - [TEST_STEP][PASSED] - click: Object: 'Object Repository/Servicio/div_InfoPrestacion' is clicked on

2018-11-02 14:37:14 - [MESSAGE][PASSED] - Object: 'Object Repository/Servicio/div_InfoPrestacion' is clicked on

2018-11-02 14:37:14 - [TEST_STEP][PASSED] - waitForElementClickable: Object 'Object Repository/Servicio/span_InfoPrestacion' is clickable

2018-11-02 14:37:14 - [MESSAGE][PASSED] - Object 'Object Repository/Servicio/span_InfoPrestacion' is clickable

2018-11-02 14:37:14 - [TEST_STEP][PASSED] - click: Object: 'Object Repository/Servicio/span_InfoPrestacion' is clicked on

2018-11-02 14:37:15 - [MESSAGE][PASSED] - Object: 'Object Repository/Servicio/span_InfoPrestacion' is clicked on

2018-11-02 14:37:15 - [TEST_STEP][PASSED] - Statement - verificarCargaInformacion(): null

2018-11-02 14:37:15 - [TEST_STEP][PASSED] - Statement - Try: null

2018-11-02 14:37:15 - [TEST_STEP][PASSED] - waitForElementPresent: Object 'Object Repository/Servicio/form_InformacionPrestacion' is present

2018-11-02 14:37:17 - [MESSAGE][PASSED] - Object 'Object Repository/Servicio/form_InformacionPrestacion' is present

2018-11-02 14:37:17 - [TEST_STEP][PASSED] - Statement - out.println("Se carga correctamente formulario de prestacion"): null

2018-11-02 14:37:17 - [TEST_STEP][PASSED] - click: Object: 'Object Repository/Servicio/btnVolver' is clicked on

2018-11-02 14:37:18 - [MESSAGE][PASSED] - Object: 'Object Repository/Servicio/btnVolver' is clicked on

2018-11-02 14:37:18 - [TEST_STEP][PASSED] - Statement - tearDown(): null

2018-11-02 14:37:18 - [TEST_STEP][PASSED] - closeBrowser: Browser is closed

2018-11-02 14:37:19 - [MESSAGE][PASSED] - Browser is closed]]></system-out>
         <system-err><![CDATA[]]></system-err>
      </testcase>
      <testcase name="Test Cases/Test Buscar Prestadores - Zona" classname="Test Cases/Test Buscar Prestadores - Zona" status="PASSED">
         <system-out><![CDATA[2018-11-02 14:37:19 - [TEST_CASE][PASSED] - Test Cases/Test Buscar Prestadores - Zona: Test Cases/Test Buscar Prestadores - Zona

2018-11-02 14:37:21 - [TEST_STEP][PASSED] - openBrowser: Browser is opened with url: 'null'

2018-11-02 14:37:23 - [MESSAGE][PASSED] - Browser is opened with url: 'null'

2018-11-02 14:37:23 - [TEST_STEP][PASSED] - navigateToUrl: Navigate to 'https://test.intranet.osde/IV3/' successfully

2018-11-02 14:37:24 - [MESSAGE][PASSED] - Navigate to 'https://test.intranet.osde/IV3/' successfully

2018-11-02 14:37:24 - [TEST_STEP][PASSED] - maximizeWindow: Current window maximized

2018-11-02 14:37:24 - [MESSAGE][PASSED] - Current window maximized

2018-11-02 14:37:24 - [TEST_STEP][PASSED] - waitForElementClickable: Object 'Object Repository/Login_OSDE Intranet/coUsser' is clickable

2018-11-02 14:37:24 - [MESSAGE][PASSED] - Object 'Object Repository/Login_OSDE Intranet/coUsser' is clickable

2018-11-02 14:37:24 - [TEST_STEP][PASSED] - setText: Text 'SS36739794' is set on object 'Object Repository/Login_OSDE Intranet/coUsser'

2018-11-02 14:37:25 - [MESSAGE][PASSED] - Text 'SS36739794' is set on object 'Object Repository/Login_OSDE Intranet/coUsser'

2018-11-02 14:37:25 - [TEST_STEP][PASSED] - setText: Text 'intranet09' is set on object 'Object Repository/Login_OSDE Intranet/coPassword'

2018-11-02 14:37:25 - [MESSAGE][PASSED] - Text 'intranet09' is set on object 'Object Repository/Login_OSDE Intranet/coPassword'

2018-11-02 14:37:25 - [TEST_STEP][PASSED] - click: Object: 'Object Repository/Login_OSDE Intranet/btnIngresar' is clicked on

2018-11-02 14:37:26 - [MESSAGE][PASSED] - Object: 'Object Repository/Login_OSDE Intranet/btnIngresar' is clicked on

2018-11-02 14:37:26 - [TEST_STEP][PASSED] - waitForElementPresent: Object 'Object Repository/Home_OSDE Intranet V3/a_Mis Herramientas' is present

2018-11-02 14:37:27 - [MESSAGE][PASSED] - Object 'Object Repository/Home_OSDE Intranet V3/a_Mis Herramientas' is present

2018-11-02 14:37:27 - [TEST_STEP][PASSED] - click: Object: 'Object Repository/Home_OSDE Intranet V3/a_Mis Herramientas' is clicked on

2018-11-02 14:37:27 - [MESSAGE][PASSED] - Object: 'Object Repository/Home_OSDE Intranet V3/a_Mis Herramientas' is clicked on

2018-11-02 14:37:27 - [TEST_STEP][PASSED] - waitForElementPresent: Object 'Object Repository/Home_OSDE Intranet V3/iframe_MIS HERRAMIENTAS_frmMis' is present

2018-11-02 14:37:27 - [MESSAGE][WARNING] - Timeout '0' is invalid. Using default page load timeout: '30'

2018-11-02 14:37:27 - [MESSAGE][WARNING] - Timeout '0' is invalid. Using default page load timeout: '30'

2018-11-02 14:37:28 - [MESSAGE][PASSED] - Object 'Object Repository/Home_OSDE Intranet V3/iframe_MIS HERRAMIENTAS_frmMis' is present

2018-11-02 14:37:28 - [TEST_STEP][PASSED] - click: Object: 'Object Repository/Home_OSDE Intranet V3/td_Portal Corporativo' is clicked on

2018-11-02 14:37:28 - [MESSAGE][PASSED] - Object: 'Object Repository/Home_OSDE Intranet V3/td_Portal Corporativo' is clicked on

2018-11-02 14:37:28 - [TEST_STEP][PASSED] - switchToWindowUrl: Switched to window with url: 'http://tlnxwas30.intranet.osde:11780/portalFrontend/login.do'

2018-11-02 14:37:29 - [MESSAGE][PASSED] - Switched to window with url: 'http://tlnxwas30.intranet.osde:11780/portalFrontend/login.do'

2018-11-02 14:37:29 - [TEST_STEP][PASSED] - waitForElementVisible: Object 'Object Repository/Portal_Inicial/select_apiPortalDesarrolloport' is visible

2018-11-02 14:37:30 - [MESSAGE][PASSED] - Object 'Object Repository/Portal_Inicial/select_apiPortalDesarrolloport' is visible

2018-11-02 14:37:30 - [TEST_STEP][PASSED] - selectOptionByValue: All options with value 'suaPortal' are selected in object 'Object Repository/Portal_Inicial/select_apiPortalDesarrolloport' 

2018-11-02 14:37:30 - [MESSAGE][PASSED] - All options with value 'suaPortal' are selected in object 'Object Repository/Portal_Inicial/select_apiPortalDesarrolloport' 

2018-11-02 14:37:30 - [TEST_STEP][PASSED] - Statement - verifyIsPortalOpen(): null

2018-11-02 14:37:30 - [TEST_STEP][PASSED] - Statement - Try: Object: 'Object Repository/Portal_Home/consolaRecepcion' is clicked on

2018-11-02 14:37:30 - [TEST_STEP][PASSED] - waitForElementClickable: Object 'Object Repository/Portal_Home/consolaRecepcion' is clickable

2018-11-02 14:37:37 - [MESSAGE][PASSED] - Object 'Object Repository/Portal_Home/consolaRecepcion' is clickable

2018-11-02 14:37:37 - [TEST_STEP][PASSED] - click: Object: 'Object Repository/Portal_Home/consolaRecepcion' is clicked on

2018-11-02 14:37:37 - [MESSAGE][PASSED] - Object: 'Object Repository/Portal_Home/consolaRecepcion' is clicked on

2018-11-02 14:37:37 - [TEST_STEP][PASSED] - setText: Text '60609272102 ' is set on object 'Object Repository/Portal_Home/input_BsquedaDetallada'

2018-11-02 14:37:37 - [MESSAGE][PASSED] - Text '60609272102 ' is set on object 'Object Repository/Portal_Home/input_BsquedaDetallada'

2018-11-02 14:37:37 - [TEST_STEP][PASSED] - click: Object: 'Object Repository/Portal_Home/btn_BsquedaDetallada' is clicked on

2018-11-02 14:37:38 - [MESSAGE][PASSED] - Object: 'Object Repository/Portal_Home/btn_BsquedaDetallada' is clicked on

2018-11-02 14:37:38 - [TEST_STEP][PASSED] - waitForElementPresent: Object 'Object Repository/Portal_Home/div_suaCaracteristicasSujeto' is present

2018-11-02 14:37:38 - [MESSAGE][PASSED] - Object 'Object Repository/Portal_Home/div_suaCaracteristicasSujeto' is present

2018-11-02 14:37:38 - [TEST_STEP][PASSED] - click: Object: 'Object Repository/Portal_Home/div_collapsableLeftContainer' is clicked on

2018-11-02 14:37:39 - [MESSAGE][PASSED] - Object: 'Object Repository/Portal_Home/div_collapsableLeftContainer' is clicked on

2018-11-02 14:37:39 - [TEST_STEP][PASSED] - waitForElementVisible: Object 'Object Repository/Portal_Home/btn_servicesTreeOpen' is visible

2018-11-02 14:37:39 - [MESSAGE][PASSED] - Object 'Object Repository/Portal_Home/btn_servicesTreeOpen' is visible

2018-11-02 14:37:39 - [TEST_STEP][PASSED] - click: Object: 'Object Repository/Portal_Home/btn_servicesTreeOpen' is clicked on

2018-11-02 14:37:40 - [MESSAGE][PASSED] - Object: 'Object Repository/Portal_Home/btn_servicesTreeOpen' is clicked on

2018-11-02 14:37:40 - [TEST_STEP][PASSED] - waitForElementVisible: Object 'Object Repository/Portal_Home/a_Servicios' is visible

2018-11-02 14:37:40 - [MESSAGE][PASSED] - Object 'Object Repository/Portal_Home/a_Servicios' is visible

2018-11-02 14:37:40 - [TEST_STEP][PASSED] - click: Object: 'Object Repository/Portal_Home/a_Servicios' is clicked on

2018-11-02 14:37:40 - [MESSAGE][PASSED] - Object: 'Object Repository/Portal_Home/a_Servicios' is clicked on

2018-11-02 14:37:40 - [TEST_STEP][PASSED] - Statement - abrirServicio(G_Servicio, com.kms.katalon.core.webui.driver.DriverFactory.getWebDriver()): null

2018-11-02 14:37:40 - [TEST_STEP][PASSED] - Statement - Try: null

2018-11-02 14:37:40 - [TEST_STEP][PASSED] - Statement - element = driver.findElement(org.openqa.selenium.By.id("accordionMenuApi")): null

2018-11-02 14:37:40 - [TEST_STEP][PASSED] - Statement - lstRegistro = element.findElements(org.openqa.selenium.By.xpath("//div[contains(@class, 'treeMenuElement ellipsis_text')]")): null

2018-11-02 14:37:40 - [TEST_STEP][PASSED] - Statement - For (org.openqa.selenium.WebElement Registro : lstRegistro): null

2018-11-02 14:37:40 - [TEST_STEP][PASSED] - Statement - itemsServicio = Registro.findElements(org.openqa.selenium.By.xpath("//span[contains(@class, 'serviceSpanElement')]")): null

2018-11-02 14:37:41 - [TEST_STEP][PASSED] - Statement - For (org.openqa.selenium.WebElement item : itemsServicio): null

2018-11-02 14:37:41 - [TEST_STEP][PASSED] - Statement - If (item.getText().equals(NombreServicio)): null

2018-11-02 14:37:41 - [TEST_STEP][PASSED] - Statement - If (item.getText().equals(NombreServicio)): null

2018-11-02 14:37:41 - [TEST_STEP][PASSED] - Statement - If (item.getText().equals(NombreServicio)): null

2018-11-02 14:37:41 - [TEST_STEP][PASSED] - Statement - If (item.getText().equals(NombreServicio)): null

2018-11-02 14:37:41 - [TEST_STEP][PASSED] - Statement - If (item.getText().equals(NombreServicio)): null

2018-11-02 14:37:41 - [TEST_STEP][PASSED] - Statement - If (item.getText().equals(NombreServicio)): null

2018-11-02 14:37:41 - [TEST_STEP][PASSED] - Statement - If (item.getText().equals(NombreServicio)): null

2018-11-02 14:37:41 - [TEST_STEP][PASSED] - Statement - If (item.getText().equals(NombreServicio)): null

2018-11-02 14:37:41 - [TEST_STEP][PASSED] - Statement - If (item.getText().equals(NombreServicio)): null

2018-11-02 14:37:41 - [TEST_STEP][PASSED] - Statement - If (item.getText().equals(NombreServicio)): null

2018-11-02 14:37:41 - [TEST_STEP][PASSED] - Statement - If (item.getText().equals(NombreServicio)): null

2018-11-02 14:37:41 - [TEST_STEP][PASSED] - Statement - If (item.getText().equals(NombreServicio)): null

2018-11-02 14:37:41 - [TEST_STEP][PASSED] - Statement - If (item.getText().equals(NombreServicio)): null

2018-11-02 14:37:41 - [TEST_STEP][PASSED] - Statement - If (item.getText().equals(NombreServicio)): null

2018-11-02 14:37:41 - [TEST_STEP][PASSED] - Statement - If (item.getText().equals(NombreServicio)): null

2018-11-02 14:37:41 - [TEST_STEP][PASSED] - Statement - If (item.getText().equals(NombreServicio)): null

2018-11-02 14:37:41 - [TEST_STEP][PASSED] - Statement - If (item.getText().equals(NombreServicio)): null

2018-11-02 14:37:41 - [TEST_STEP][PASSED] - Statement - If (item.getText().equals(NombreServicio)): null

2018-11-02 14:37:41 - [TEST_STEP][PASSED] - Statement - If (item.getText().equals(NombreServicio)): null

2018-11-02 14:37:41 - [TEST_STEP][PASSED] - Statement - If (item.getText().equals(NombreServicio)): null

2018-11-02 14:37:42 - [TEST_STEP][PASSED] - Statement - If (item.getText().equals(NombreServicio)): null

2018-11-02 14:37:42 - [TEST_STEP][PASSED] - Statement - If (item.getText().equals(NombreServicio)): null

2018-11-02 14:37:42 - [TEST_STEP][PASSED] - Statement - If (item.getText().equals(NombreServicio)): null

2018-11-02 14:37:42 - [TEST_STEP][PASSED] - Statement - If (item.getText().equals(NombreServicio)): null

2018-11-02 14:37:42 - [TEST_STEP][PASSED] - Statement - If (item.getText().equals(NombreServicio)): null

2018-11-02 14:37:42 - [TEST_STEP][PASSED] - Statement - If (item.getText().equals(NombreServicio)): null

2018-11-02 14:37:42 - [TEST_STEP][PASSED] - Statement - If (item.getText().equals(NombreServicio)): null

2018-11-02 14:37:42 - [TEST_STEP][PASSED] - Statement - If (item.getText().equals(NombreServicio)): null

2018-11-02 14:37:42 - [TEST_STEP][PASSED] - Statement - If (item.getText().equals(NombreServicio)): null

2018-11-02 14:37:42 - [TEST_STEP][PASSED] - Statement - If (item.getText().equals(NombreServicio)): null

2018-11-02 14:37:42 - [TEST_STEP][PASSED] - Statement - If (item.getText().equals(NombreServicio)): null

2018-11-02 14:37:42 - [TEST_STEP][PASSED] - Statement - If (item.getText().equals(NombreServicio)): null

2018-11-02 14:37:42 - [TEST_STEP][PASSED] - Statement - If (item.getText().equals(NombreServicio)): null

2018-11-02 14:37:42 - [TEST_STEP][PASSED] - Statement - If (item.getText().equals(NombreServicio)): null

2018-11-02 14:37:42 - [TEST_STEP][PASSED] - Statement - If (item.getText().equals(NombreServicio)): null

2018-11-02 14:37:42 - [TEST_STEP][PASSED] - Statement - If (item.getText().equals(NombreServicio)): null

2018-11-02 14:37:42 - [TEST_STEP][PASSED] - Statement - If (item.getText().equals(NombreServicio)): null

2018-11-02 14:37:42 - [TEST_STEP][PASSED] - Statement - If (item.getText().equals(NombreServicio)): null

2018-11-02 14:37:42 - [TEST_STEP][PASSED] - Statement - If (item.getText().equals(NombreServicio)): null

2018-11-02 14:37:42 - [TEST_STEP][PASSED] - Statement - If (item.getText().equals(NombreServicio)): null

2018-11-02 14:37:42 - [TEST_STEP][PASSED] - Statement - If (item.getText().equals(NombreServicio)): null

2018-11-02 14:37:42 - [TEST_STEP][PASSED] - Statement - If (item.getText().equals(NombreServicio)): null

2018-11-02 14:37:42 - [TEST_STEP][PASSED] - Statement - If (item.getText().equals(NombreServicio)): null

2018-11-02 14:37:43 - [TEST_STEP][PASSED] - Statement - If (item.getText().equals(NombreServicio)): null

2018-11-02 14:37:43 - [TEST_STEP][PASSED] - Statement - If (item.getText().equals(NombreServicio)): null

2018-11-02 14:37:43 - [TEST_STEP][PASSED] - Statement - If (item.getText().equals(NombreServicio)): null

2018-11-02 14:37:43 - [TEST_STEP][PASSED] - Statement - If (item.getText().equals(NombreServicio)): null

2018-11-02 14:37:43 - [TEST_STEP][PASSED] - Statement - If (item.getText().equals(NombreServicio)): null

2018-11-02 14:37:43 - [TEST_STEP][PASSED] - Statement - If (item.getText().equals(NombreServicio)): null

2018-11-02 14:37:43 - [TEST_STEP][PASSED] - Statement - If (item.getText().equals(NombreServicio)): null

2018-11-02 14:37:43 - [TEST_STEP][PASSED] - Statement - If (item.getText().equals(NombreServicio)): null

2018-11-02 14:37:43 - [TEST_STEP][PASSED] - Statement - If (item.getText().equals(NombreServicio)): null

2018-11-02 14:37:43 - [TEST_STEP][PASSED] - Statement - If (item.getText().equals(NombreServicio)): null

2018-11-02 14:37:43 - [TEST_STEP][PASSED] - Statement - If (item.getText().equals(NombreServicio)): null

2018-11-02 14:37:43 - [TEST_STEP][PASSED] - Statement - If (item.getText().equals(NombreServicio)): null

2018-11-02 14:37:43 - [TEST_STEP][PASSED] - Statement - If (item.getText().equals(NombreServicio)): null

2018-11-02 14:37:43 - [TEST_STEP][PASSED] - Statement - If (item.getText().equals(NombreServicio)): null

2018-11-02 14:37:43 - [TEST_STEP][PASSED] - Statement - If (item.getText().equals(NombreServicio)): null

2018-11-02 14:37:43 - [TEST_STEP][PASSED] - Statement - If (item.getText().equals(NombreServicio)): null

2018-11-02 14:37:43 - [TEST_STEP][PASSED] - Statement - If (item.getText().equals(NombreServicio)): null

2018-11-02 14:37:43 - [TEST_STEP][PASSED] - Statement - If (item.getText().equals(NombreServicio)): null

2018-11-02 14:37:43 - [TEST_STEP][PASSED] - Statement - If (item.getText().equals(NombreServicio)): null

2018-11-02 14:37:44 - [TEST_STEP][PASSED] - Statement - If (item.getText().equals(NombreServicio)): null

2018-11-02 14:37:44 - [TEST_STEP][PASSED] - Statement - If (item.getText().equals(NombreServicio)): null

2018-11-02 14:37:44 - [TEST_STEP][PASSED] - Statement - If (item.getText().equals(NombreServicio)): null

2018-11-02 14:37:44 - [TEST_STEP][PASSED] - Statement - If (item.getText().equals(NombreServicio)): null

2018-11-02 14:37:44 - [TEST_STEP][PASSED] - Statement - If (item.getText().equals(NombreServicio)): null

2018-11-02 14:37:44 - [TEST_STEP][PASSED] - Statement - If (item.getText().equals(NombreServicio)): null

2018-11-02 14:37:44 - [TEST_STEP][PASSED] - Statement - If (item.getText().equals(NombreServicio)): null

2018-11-02 14:37:44 - [TEST_STEP][PASSED] - Statement - If (item.getText().equals(NombreServicio)): null

2018-11-02 14:37:44 - [TEST_STEP][PASSED] - Statement - If (item.getText().equals(NombreServicio)): null

2018-11-02 14:37:44 - [TEST_STEP][PASSED] - Statement - If (item.getText().equals(NombreServicio)): null

2018-11-02 14:37:44 - [TEST_STEP][PASSED] - Statement - If (item.getText().equals(NombreServicio)): null

2018-11-02 14:37:44 - [TEST_STEP][PASSED] - Statement - If (item.getText().equals(NombreServicio)): null

2018-11-02 14:37:44 - [TEST_STEP][PASSED] - Statement - If (item.getText().equals(NombreServicio)): null

2018-11-02 14:37:44 - [TEST_STEP][PASSED] - Statement - If (item.getText().equals(NombreServicio)): null

2018-11-02 14:37:44 - [TEST_STEP][PASSED] - Statement - If (item.getText().equals(NombreServicio)): null

2018-11-02 14:37:44 - [TEST_STEP][PASSED] - Statement - If (item.getText().equals(NombreServicio)): null

2018-11-02 14:37:44 - [TEST_STEP][PASSED] - Statement - If (item.getText().equals(NombreServicio)): null

2018-11-02 14:37:44 - [TEST_STEP][PASSED] - Statement - If (item.getText().equals(NombreServicio)): null

2018-11-02 14:37:44 - [TEST_STEP][PASSED] - Statement - If (item.getText().equals(NombreServicio)): null

2018-11-02 14:37:45 - [TEST_STEP][PASSED] - Statement - If (item.getText().equals(NombreServicio)): null

2018-11-02 14:37:45 - [TEST_STEP][PASSED] - Statement - If (item.getText().equals(NombreServicio)): null

2018-11-02 14:37:45 - [TEST_STEP][PASSED] - Statement - If (item.getText().equals(NombreServicio)): null

2018-11-02 14:37:45 - [TEST_STEP][PASSED] - Statement - If (item.getText().equals(NombreServicio)): null

2018-11-02 14:37:45 - [TEST_STEP][PASSED] - Statement - If (item.getText().equals(NombreServicio)): null

2018-11-02 14:37:45 - [TEST_STEP][PASSED] - Statement - If (item.getText().equals(NombreServicio)): null

2018-11-02 14:37:45 - [TEST_STEP][PASSED] - Statement - If (item.getText().equals(NombreServicio)): null

2018-11-02 14:37:45 - [TEST_STEP][PASSED] - Statement - If (item.getText().equals(NombreServicio)): null

2018-11-02 14:37:45 - [TEST_STEP][PASSED] - Statement - If (item.getText().equals(NombreServicio)): null

2018-11-02 14:37:45 - [TEST_STEP][PASSED] - Statement - If (item.getText().equals(NombreServicio)): null

2018-11-02 14:37:45 - [TEST_STEP][PASSED] - Statement - If (item.getText().equals(NombreServicio)): null

2018-11-02 14:37:45 - [TEST_STEP][PASSED] - Statement - If (item.getText().equals(NombreServicio)): null

2018-11-02 14:37:45 - [TEST_STEP][PASSED] - Statement - If (item.getText().equals(NombreServicio)): null

2018-11-02 14:37:45 - [TEST_STEP][PASSED] - Statement - If (item.getText().equals(NombreServicio)): null

2018-11-02 14:37:45 - [TEST_STEP][PASSED] - Statement - If (item.getText().equals(NombreServicio)): null

2018-11-02 14:37:45 - [TEST_STEP][PASSED] - Statement - If (item.getText().equals(NombreServicio)): null

2018-11-02 14:37:46 - [TEST_STEP][PASSED] - Statement - If (item.getText().equals(NombreServicio)): null

2018-11-02 14:37:46 - [TEST_STEP][PASSED] - Statement - If (item.getText().equals(NombreServicio)): null

2018-11-02 14:37:46 - [TEST_STEP][PASSED] - Statement - If (item.getText().equals(NombreServicio)): null

2018-11-02 14:37:46 - [TEST_STEP][PASSED] - Statement - If (item.getText().equals(NombreServicio)): null

2018-11-02 14:37:46 - [TEST_STEP][PASSED] - Statement - If (item.getText().equals(NombreServicio)): null

2018-11-02 14:37:46 - [TEST_STEP][PASSED] - Statement - If (item.getText().equals(NombreServicio)): null

2018-11-02 14:37:46 - [TEST_STEP][PASSED] - Statement - If (item.getText().equals(NombreServicio)): null

2018-11-02 14:37:46 - [TEST_STEP][PASSED] - Statement - If (item.getText().equals(NombreServicio)): null

2018-11-02 14:37:46 - [TEST_STEP][PASSED] - Statement - If (item.getText().equals(NombreServicio)): null

2018-11-02 14:37:46 - [TEST_STEP][PASSED] - Statement - If (item.getText().equals(NombreServicio)): null

2018-11-02 14:37:46 - [TEST_STEP][PASSED] - Statement - If (item.getText().equals(NombreServicio)): null

2018-11-02 14:37:46 - [TEST_STEP][PASSED] - Statement - If (item.getText().equals(NombreServicio)): null

2018-11-02 14:37:46 - [TEST_STEP][PASSED] - Statement - If (item.getText().equals(NombreServicio)): null

2018-11-02 14:37:46 - [TEST_STEP][PASSED] - Statement - If (item.getText().equals(NombreServicio)): null

2018-11-02 14:37:46 - [TEST_STEP][PASSED] - Statement - If (item.getText().equals(NombreServicio)): null

2018-11-02 14:37:46 - [TEST_STEP][PASSED] - Statement - If (item.getText().equals(NombreServicio)): null

2018-11-02 14:37:46 - [TEST_STEP][PASSED] - Statement - If (item.getText().equals(NombreServicio)): null

2018-11-02 14:37:46 - [TEST_STEP][PASSED] - Statement - If (item.getText().equals(NombreServicio)): null

2018-11-02 14:37:46 - [TEST_STEP][PASSED] - Statement - If (item.getText().equals(NombreServicio)): null

2018-11-02 14:37:46 - [TEST_STEP][PASSED] - Statement - If (item.getText().equals(NombreServicio)): null

2018-11-02 14:37:46 - [TEST_STEP][PASSED] - Statement - If (item.getText().equals(NombreServicio)): null

2018-11-02 14:37:46 - [TEST_STEP][PASSED] - Statement - If (item.getText().equals(NombreServicio)): null

2018-11-02 14:37:46 - [TEST_STEP][PASSED] - Statement - If (item.getText().equals(NombreServicio)): null

2018-11-02 14:37:47 - [TEST_STEP][PASSED] - Statement - If (item.getText().equals(NombreServicio)): null

2018-11-02 14:37:47 - [TEST_STEP][PASSED] - Statement - If (item.getText().equals(NombreServicio)): null

2018-11-02 14:37:47 - [TEST_STEP][PASSED] - Statement - If (item.getText().equals(NombreServicio)): null

2018-11-02 14:37:47 - [TEST_STEP][PASSED] - Statement - If (item.getText().equals(NombreServicio)): null

2018-11-02 14:37:47 - [TEST_STEP][PASSED] - Statement - If (item.getText().equals(NombreServicio)): null

2018-11-02 14:37:47 - [TEST_STEP][PASSED] - Statement - If (item.getText().equals(NombreServicio)): null

2018-11-02 14:37:47 - [TEST_STEP][PASSED] - Statement - If (item.getText().equals(NombreServicio)): null

2018-11-02 14:37:47 - [TEST_STEP][PASSED] - Statement - If (item.getText().equals(NombreServicio)): null

2018-11-02 14:37:47 - [TEST_STEP][PASSED] - Statement - If (item.getText().equals(NombreServicio)): null

2018-11-02 14:37:47 - [TEST_STEP][PASSED] - Statement - If (item.getText().equals(NombreServicio)): null

2018-11-02 14:37:47 - [TEST_STEP][PASSED] - Statement - If (item.getText().equals(NombreServicio)): null

2018-11-02 14:37:47 - [TEST_STEP][PASSED] - Statement - If (item.getText().equals(NombreServicio)): null

2018-11-02 14:37:47 - [TEST_STEP][PASSED] - Statement - If (item.getText().equals(NombreServicio)): null

2018-11-02 14:37:47 - [TEST_STEP][PASSED] - Statement - If (item.getText().equals(NombreServicio)): null

2018-11-02 14:37:47 - [TEST_STEP][PASSED] - Statement - If (item.getText().equals(NombreServicio)): null

2018-11-02 14:37:47 - [TEST_STEP][PASSED] - Statement - If (item.getText().equals(NombreServicio)): null

2018-11-02 14:37:47 - [TEST_STEP][PASSED] - Statement - If (item.getText().equals(NombreServicio)): null

2018-11-02 14:37:48 - [TEST_STEP][PASSED] - Statement - If (item.getText().equals(NombreServicio)): null

2018-11-02 14:37:48 - [TEST_STEP][PASSED] - Statement - If (item.getText().equals(NombreServicio)): null

2018-11-02 14:37:48 - [TEST_STEP][PASSED] - Statement - If (item.getText().equals(NombreServicio)): null

2018-11-02 14:37:48 - [TEST_STEP][PASSED] - Statement - If (item.getText().equals(NombreServicio)): null

2018-11-02 14:37:48 - [TEST_STEP][PASSED] - Statement - If (item.getText().equals(NombreServicio)): null

2018-11-02 14:37:48 - [TEST_STEP][PASSED] - Statement - If (item.getText().equals(NombreServicio)): null

2018-11-02 14:37:48 - [TEST_STEP][PASSED] - Statement - If (item.getText().equals(NombreServicio)): null

2018-11-02 14:37:48 - [TEST_STEP][PASSED] - Statement - If (item.getText().equals(NombreServicio)): null

2018-11-02 14:37:48 - [TEST_STEP][PASSED] - Statement - If (item.getText().equals(NombreServicio)): null

2018-11-02 14:37:48 - [TEST_STEP][PASSED] - Statement - If (item.getText().equals(NombreServicio)): null

2018-11-02 14:37:48 - [TEST_STEP][PASSED] - Statement - If (item.getText().equals(NombreServicio)): null

2018-11-02 14:37:48 - [TEST_STEP][PASSED] - Statement - If (item.getText().equals(NombreServicio)): null

2018-11-02 14:37:48 - [TEST_STEP][PASSED] - Statement - If (item.getText().equals(NombreServicio)): null

2018-11-02 14:37:48 - [TEST_STEP][PASSED] - Statement - If (item.getText().equals(NombreServicio)): null

2018-11-02 14:37:48 - [TEST_STEP][PASSED] - Statement - If (item.getText().equals(NombreServicio)): null

2018-11-02 14:37:48 - [TEST_STEP][PASSED] - Statement - If (item.getText().equals(NombreServicio)): null

2018-11-02 14:37:48 - [TEST_STEP][PASSED] - Statement - If (item.getText().equals(NombreServicio)): null

2018-11-02 14:37:48 - [TEST_STEP][PASSED] - Statement - If (item.getText().equals(NombreServicio)): null

2018-11-02 14:37:48 - [TEST_STEP][PASSED] - Statement - If (item.getText().equals(NombreServicio)): null

2018-11-02 14:37:48 - [TEST_STEP][PASSED] - Statement - If (item.getText().equals(NombreServicio)): null

2018-11-02 14:37:48 - [TEST_STEP][PASSED] - Statement - If (item.getText().equals(NombreServicio)): null

2018-11-02 14:37:48 - [TEST_STEP][PASSED] - Statement - If (item.getText().equals(NombreServicio)): null

2018-11-02 14:37:48 - [TEST_STEP][PASSED] - Statement - If (item.getText().equals(NombreServicio)): null

2018-11-02 14:37:48 - [TEST_STEP][PASSED] - Statement - If (item.getText().equals(NombreServicio)): null

2018-11-02 14:37:49 - [TEST_STEP][PASSED] - Statement - If (item.getText().equals(NombreServicio)): null

2018-11-02 14:37:49 - [TEST_STEP][PASSED] - Statement - If (item.getText().equals(NombreServicio)): null

2018-11-02 14:37:49 - [TEST_STEP][PASSED] - Statement - If (item.getText().equals(NombreServicio)): null

2018-11-02 14:37:49 - [TEST_STEP][PASSED] - Statement - If (item.getText().equals(NombreServicio)): null

2018-11-02 14:37:49 - [TEST_STEP][PASSED] - Statement - If (item.getText().equals(NombreServicio)): null

2018-11-02 14:37:49 - [TEST_STEP][PASSED] - Statement - If (item.getText().equals(NombreServicio)): null

2018-11-02 14:37:49 - [TEST_STEP][PASSED] - Statement - If (item.getText().equals(NombreServicio)): null

2018-11-02 14:37:49 - [TEST_STEP][PASSED] - Statement - If (item.getText().equals(NombreServicio)): null

2018-11-02 14:37:49 - [TEST_STEP][PASSED] - Statement - If (item.getText().equals(NombreServicio)): null

2018-11-02 14:37:49 - [TEST_STEP][PASSED] - Statement - If (item.getText().equals(NombreServicio)): null

2018-11-02 14:37:49 - [TEST_STEP][PASSED] - Statement - If (item.getText().equals(NombreServicio)): null

2018-11-02 14:37:49 - [TEST_STEP][PASSED] - Statement - If (item.getText().equals(NombreServicio)): null

2018-11-02 14:37:49 - [TEST_STEP][PASSED] - Statement - If (item.getText().equals(NombreServicio)): null

2018-11-02 14:37:49 - [TEST_STEP][PASSED] - Statement - If (item.getText().equals(NombreServicio)): null

2018-11-02 14:37:49 - [TEST_STEP][PASSED] - Statement - If (item.getText().equals(NombreServicio)): null

2018-11-02 14:37:49 - [TEST_STEP][PASSED] - Statement - If (item.getText().equals(NombreServicio)): null

2018-11-02 14:37:49 - [TEST_STEP][PASSED] - Statement - If (item.getText().equals(NombreServicio)): null

2018-11-02 14:37:50 - [TEST_STEP][PASSED] - Statement - If (item.getText().equals(NombreServicio)): null

2018-11-02 14:37:50 - [TEST_STEP][PASSED] - Statement - If (item.getText().equals(NombreServicio)): null

2018-11-02 14:37:50 - [TEST_STEP][PASSED] - Statement - If (item.getText().equals(NombreServicio)): null

2018-11-02 14:37:50 - [TEST_STEP][PASSED] - Statement - If (item.getText().equals(NombreServicio)): null

2018-11-02 14:37:50 - [TEST_STEP][PASSED] - Statement - If (item.getText().equals(NombreServicio)): null

2018-11-02 14:37:50 - [TEST_STEP][PASSED] - Statement - If (item.getText().equals(NombreServicio)): null

2018-11-02 14:37:50 - [TEST_STEP][PASSED] - Statement - If (item.getText().equals(NombreServicio)): null

2018-11-02 14:37:50 - [TEST_STEP][PASSED] - Statement - If (item.getText().equals(NombreServicio)): null

2018-11-02 14:37:50 - [TEST_STEP][PASSED] - Statement - If (item.getText().equals(NombreServicio)): null

2018-11-02 14:37:50 - [TEST_STEP][PASSED] - Statement - If (item.getText().equals(NombreServicio)): null

2018-11-02 14:37:50 - [TEST_STEP][PASSED] - Statement - If (item.getText().equals(NombreServicio)): null

2018-11-02 14:37:50 - [TEST_STEP][PASSED] - Statement - If (item.getText().equals(NombreServicio)): null

2018-11-02 14:37:50 - [TEST_STEP][PASSED] - Statement - If (item.getText().equals(NombreServicio)): null

2018-11-02 14:37:50 - [TEST_STEP][PASSED] - Statement - If (item.getText().equals(NombreServicio)): null

2018-11-02 14:37:50 - [TEST_STEP][PASSED] - Statement - If (item.getText().equals(NombreServicio)): null

2018-11-02 14:37:50 - [TEST_STEP][PASSED] - Statement - If (item.getText().equals(NombreServicio)): null

2018-11-02 14:37:50 - [TEST_STEP][PASSED] - Statement - If (item.getText().equals(NombreServicio)): null

2018-11-02 14:37:50 - [TEST_STEP][PASSED] - Statement - If (item.getText().equals(NombreServicio)): null

2018-11-02 14:37:50 - [TEST_STEP][PASSED] - Statement - If (item.getText().equals(NombreServicio)): null

2018-11-02 14:37:50 - [TEST_STEP][PASSED] - Statement - If (item.getText().equals(NombreServicio)): null

2018-11-02 14:37:50 - [TEST_STEP][PASSED] - Statement - If (item.getText().equals(NombreServicio)): null

2018-11-02 14:37:50 - [TEST_STEP][PASSED] - Statement - If (item.getText().equals(NombreServicio)): null

2018-11-02 14:37:50 - [TEST_STEP][PASSED] - Statement - If (item.getText().equals(NombreServicio)): null

2018-11-02 14:37:50 - [TEST_STEP][PASSED] - Statement - If (item.getText().equals(NombreServicio)): null

2018-11-02 14:37:51 - [TEST_STEP][PASSED] - Statement - If (item.getText().equals(NombreServicio)): null

2018-11-02 14:37:51 - [TEST_STEP][PASSED] - Statement - If (item.getText().equals(NombreServicio)): null

2018-11-02 14:37:51 - [TEST_STEP][PASSED] - Statement - If (item.getText().equals(NombreServicio)): null

2018-11-02 14:37:51 - [TEST_STEP][PASSED] - Statement - If (item.getText().equals(NombreServicio)): null

2018-11-02 14:37:51 - [TEST_STEP][PASSED] - Statement - If (item.getText().equals(NombreServicio)): null

2018-11-02 14:37:51 - [TEST_STEP][PASSED] - Statement - If (item.getText().equals(NombreServicio)): null

2018-11-02 14:37:51 - [TEST_STEP][PASSED] - Statement - If (item.getText().equals(NombreServicio)): null

2018-11-02 14:37:51 - [TEST_STEP][PASSED] - Statement - If (item.getText().equals(NombreServicio)): null

2018-11-02 14:37:51 - [TEST_STEP][PASSED] - Statement - If (item.getText().equals(NombreServicio)): null

2018-11-02 14:37:51 - [TEST_STEP][PASSED] - Statement - If (item.getText().equals(NombreServicio)): null

2018-11-02 14:37:51 - [TEST_STEP][PASSED] - Statement - If (item.getText().equals(NombreServicio)): null

2018-11-02 14:37:51 - [TEST_STEP][PASSED] - Statement - If (item.getText().equals(NombreServicio)): null

2018-11-02 14:37:51 - [TEST_STEP][PASSED] - Statement - If (item.getText().equals(NombreServicio)): null

2018-11-02 14:37:51 - [TEST_STEP][PASSED] - Statement - If (item.getText().equals(NombreServicio)): null

2018-11-02 14:37:51 - [TEST_STEP][PASSED] - Statement - If (item.getText().equals(NombreServicio)): null

2018-11-02 14:37:51 - [TEST_STEP][PASSED] - Statement - If (item.getText().equals(NombreServicio)): null

2018-11-02 14:37:51 - [TEST_STEP][PASSED] - Statement - If (item.getText().equals(NombreServicio)): null

2018-11-02 14:37:51 - [TEST_STEP][PASSED] - Statement - If (item.getText().equals(NombreServicio)): null

2018-11-02 14:37:51 - [TEST_STEP][PASSED] - Statement - If (item.getText().equals(NombreServicio)): null

2018-11-02 14:37:51 - [TEST_STEP][PASSED] - Statement - If (item.getText().equals(NombreServicio)): null

2018-11-02 14:37:51 - [TEST_STEP][PASSED] - Statement - If (item.getText().equals(NombreServicio)): null

2018-11-02 14:37:51 - [TEST_STEP][PASSED] - Statement - If (item.getText().equals(NombreServicio)): null

2018-11-02 14:37:51 - [TEST_STEP][PASSED] - Statement - If (item.getText().equals(NombreServicio)): null

2018-11-02 14:37:51 - [TEST_STEP][PASSED] - Statement - If (item.getText().equals(NombreServicio)): null

2018-11-02 14:37:52 - [TEST_STEP][PASSED] - Statement - If (item.getText().equals(NombreServicio)): null

2018-11-02 14:37:52 - [TEST_STEP][PASSED] - Statement - If (item.getText().equals(NombreServicio)): null

2018-11-02 14:37:52 - [TEST_STEP][PASSED] - Statement - If (item.getText().equals(NombreServicio)): null

2018-11-02 14:37:52 - [TEST_STEP][PASSED] - Statement - If (item.getText().equals(NombreServicio)): null

2018-11-02 14:37:52 - [TEST_STEP][PASSED] - Statement - If (item.getText().equals(NombreServicio)): null

2018-11-02 14:37:52 - [TEST_STEP][PASSED] - Statement - If (item.getText().equals(NombreServicio)): null

2018-11-02 14:37:52 - [TEST_STEP][PASSED] - Statement - If (item.getText().equals(NombreServicio)): null

2018-11-02 14:37:52 - [TEST_STEP][PASSED] - Statement - If (item.getText().equals(NombreServicio)): null

2018-11-02 14:37:52 - [TEST_STEP][PASSED] - Statement - If (item.getText().equals(NombreServicio)): null

2018-11-02 14:37:52 - [TEST_STEP][PASSED] - Statement - If (item.getText().equals(NombreServicio)): null

2018-11-02 14:37:52 - [TEST_STEP][PASSED] - Statement - If (item.getText().equals(NombreServicio)): null

2018-11-02 14:37:52 - [TEST_STEP][PASSED] - Statement - If (item.getText().equals(NombreServicio)): null

2018-11-02 14:37:52 - [TEST_STEP][PASSED] - Statement - If (item.getText().equals(NombreServicio)): null

2018-11-02 14:37:52 - [TEST_STEP][PASSED] - Statement - If (item.getText().equals(NombreServicio)): null

2018-11-02 14:37:52 - [TEST_STEP][PASSED] - Statement - If (item.getText().equals(NombreServicio)): null

2018-11-02 14:37:52 - [TEST_STEP][PASSED] - Statement - If (item.getText().equals(NombreServicio)): null

2018-11-02 14:37:52 - [TEST_STEP][PASSED] - Statement - If (item.getText().equals(NombreServicio)): null

2018-11-02 14:37:52 - [TEST_STEP][PASSED] - Statement - If (item.getText().equals(NombreServicio)): null

2018-11-02 14:37:52 - [TEST_STEP][PASSED] - Statement - If (item.getText().equals(NombreServicio)): null

2018-11-02 14:37:52 - [TEST_STEP][PASSED] - Statement - If (item.getText().equals(NombreServicio)): null

2018-11-02 14:37:52 - [TEST_STEP][PASSED] - Statement - If (item.getText().equals(NombreServicio)): null

2018-11-02 14:37:52 - [TEST_STEP][PASSED] - Statement - If (item.getText().equals(NombreServicio)): null

2018-11-02 14:37:53 - [TEST_STEP][PASSED] - Statement - If (item.getText().equals(NombreServicio)): null

2018-11-02 14:37:53 - [TEST_STEP][PASSED] - Statement - If (item.getText().equals(NombreServicio)): null

2018-11-02 14:37:53 - [TEST_STEP][PASSED] - Statement - If (item.getText().equals(NombreServicio)): null

2018-11-02 14:37:53 - [TEST_STEP][PASSED] - Statement - If (item.getText().equals(NombreServicio)): null

2018-11-02 14:37:53 - [TEST_STEP][PASSED] - Statement - If (item.getText().equals(NombreServicio)): null

2018-11-02 14:37:53 - [TEST_STEP][PASSED] - Statement - If (item.getText().equals(NombreServicio)): null

2018-11-02 14:37:53 - [TEST_STEP][PASSED] - Statement - If (item.getText().equals(NombreServicio)): null

2018-11-02 14:37:53 - [TEST_STEP][PASSED] - Statement - If (item.getText().equals(NombreServicio)): null

2018-11-02 14:37:53 - [TEST_STEP][PASSED] - Statement - If (item.getText().equals(NombreServicio)): null

2018-11-02 14:37:53 - [TEST_STEP][PASSED] - Statement - If (item.getText().equals(NombreServicio)): null

2018-11-02 14:37:53 - [TEST_STEP][PASSED] - Statement - If (item.getText().equals(NombreServicio)): null

2018-11-02 14:37:53 - [TEST_STEP][PASSED] - Statement - If (item.getText().equals(NombreServicio)): null

2018-11-02 14:37:53 - [TEST_STEP][PASSED] - Statement - If (item.getText().equals(NombreServicio)): null

2018-11-02 14:37:53 - [TEST_STEP][PASSED] - Statement - If (item.getText().equals(NombreServicio)): null

2018-11-02 14:37:53 - [TEST_STEP][PASSED] - Statement - If (item.getText().equals(NombreServicio)): null

2018-11-02 14:37:53 - [TEST_STEP][PASSED] - Statement - If (item.getText().equals(NombreServicio)): null

2018-11-02 14:37:53 - [TEST_STEP][PASSED] - Statement - If (item.getText().equals(NombreServicio)): null

2018-11-02 14:37:53 - [TEST_STEP][PASSED] - Statement - If (item.getText().equals(NombreServicio)): null

2018-11-02 14:37:53 - [TEST_STEP][PASSED] - Statement - If (item.getText().equals(NombreServicio)): null

2018-11-02 14:37:53 - [TEST_STEP][PASSED] - Statement - If (item.getText().equals(NombreServicio)): null

2018-11-02 14:37:53 - [TEST_STEP][PASSED] - Statement - If (item.getText().equals(NombreServicio)): null

2018-11-02 14:37:53 - [TEST_STEP][PASSED] - Statement - If (item.getText().equals(NombreServicio)): null

2018-11-02 14:37:54 - [TEST_STEP][PASSED] - Statement - item.click(): null

2018-11-02 14:37:54 - [TEST_STEP][PASSED] - Statement - return true: null

2018-11-02 14:37:54 - [TEST_STEP][PASSED] - Statement - verifyIsGenesisCoberturaOpen(): null

2018-11-02 14:37:54 - [TEST_STEP][PASSED] - Statement - Try: Object 'Object Repository/Servicio/input_Prestaciones' is clickable

2018-11-02 14:37:54 - [TEST_STEP][PASSED] - waitForElementClickable: Object 'Object Repository/Servicio/input_Prestaciones' is clickable

2018-11-02 14:37:55 - [MESSAGE][PASSED] - Object 'Object Repository/Servicio/input_Prestaciones' is clickable

2018-11-02 14:37:55 - [TEST_STEP][PASSED] - setText: Text '250102' is set on object 'Object Repository/Servicio/input_Prestaciones'

2018-11-02 14:37:56 - [MESSAGE][PASSED] - Text '250102' is set on object 'Object Repository/Servicio/input_Prestaciones'

2018-11-02 14:37:56 - [TEST_STEP][PASSED] - Statement - selectOptionAutocomplete(): null

2018-11-02 14:37:56 - [TEST_STEP][PASSED] - waitForElementClickable: Object 'Object Repository/Servicio/autocomplete_input' is clickable

2018-11-02 14:37:56 - [MESSAGE][PASSED] - Object 'Object Repository/Servicio/autocomplete_input' is clickable

2018-11-02 14:37:56 - [TEST_STEP][PASSED] - delay: Delayed 30 second(s)

2018-11-02 14:38:26 - [MESSAGE][PASSED] - Delayed 30 second(s)

2018-11-02 14:38:26 - [TEST_STEP][PASSED] - click: Object: 'Object Repository/Servicio/autocomplete_input' is clicked on

2018-11-02 14:38:29 - [MESSAGE][PASSED] - Object: 'Object Repository/Servicio/autocomplete_input' is clicked on

2018-11-02 14:38:29 - [TEST_STEP][PASSED] - selectOptionByValue: All options with value 'A' are selected in object 'Object Repository/Servicio/select_Contexto' 

2018-11-02 14:38:34 - [MESSAGE][PASSED] - All options with value 'A' are selected in object 'Object Repository/Servicio/select_Contexto' 

2018-11-02 14:38:34 - [TEST_STEP][PASSED] - click: Object: 'Object Repository/Servicio/div_Zona' is clicked on

2018-11-02 14:38:35 - [MESSAGE][PASSED] - Object: 'Object Repository/Servicio/div_Zona' is clicked on

2018-11-02 14:38:35 - [TEST_STEP][PASSED] - waitForElementClickable: Object 'Object Repository/Servicio/select_Filial_Zona' is clickable

2018-11-02 14:38:36 - [MESSAGE][PASSED] - Object 'Object Repository/Servicio/select_Filial_Zona' is clickable

2018-11-02 14:38:36 - [TEST_STEP][PASSED] - selectOptionByValue: All options with value '23' are selected in object 'Object Repository/Servicio/select_Filial_Zona' 

2018-11-02 14:38:40 - [MESSAGE][PASSED] - All options with value '23' are selected in object 'Object Repository/Servicio/select_Filial_Zona' 

2018-11-02 14:38:41 - [TEST_STEP][PASSED] - Statement - java.lang.Thread.sleep(2000): null

2018-11-02 14:38:43 - [TEST_STEP][PASSED] - selectOptionByValue: All options with value '20' are selected in object 'Object Repository/Servicio/select_Zona' 

2018-11-02 14:38:43 - [MESSAGE][PASSED] - All options with value '20' are selected in object 'Object Repository/Servicio/select_Zona' 

2018-11-02 14:38:43 - [TEST_STEP][PASSED] - Statement - java.lang.Thread.sleep(2000): null

2018-11-02 14:38:45 - [TEST_STEP][PASSED] - selectOptionByValue: All options with value '215-186' are selected in object 'Object Repository/Servicio/select_SubZona' 

2018-11-02 14:38:47 - [MESSAGE][PASSED] - All options with value '215-186' are selected in object 'Object Repository/Servicio/select_SubZona' 

2018-11-02 14:38:47 - [TEST_STEP][PASSED] - Statement - java.lang.Thread.sleep(1000): null

2018-11-02 14:38:48 - [TEST_STEP][PASSED] - click: Object: 'Object Repository/Servicio/btnBuscar' is clicked on

2018-11-02 14:38:48 - [MESSAGE][PASSED] - Object: 'Object Repository/Servicio/btnBuscar' is clicked on

2018-11-02 14:38:48 - [TEST_STEP][PASSED] - waitForElementPresent: Object 'Object Repository/Servicio/div_Listado' is present

2018-11-02 14:38:48 - [MESSAGE][PASSED] - Object 'Object Repository/Servicio/div_Listado' is present

2018-11-02 14:38:48 - [TEST_STEP][PASSED] - click: Object: 'Object Repository/Servicio/check_ResultadoListado' is clicked on

2018-11-02 14:38:51 - [MESSAGE][PASSED] - Object: 'Object Repository/Servicio/check_ResultadoListado' is clicked on

2018-11-02 14:38:51 - [TEST_STEP][PASSED] - click: Object: 'Object Repository/Servicio/btnRegistrar' is clicked on

2018-11-02 14:38:52 - [MESSAGE][PASSED] - Object: 'Object Repository/Servicio/btnRegistrar' is clicked on

2018-11-02 14:38:52 - [TEST_STEP][PASSED] - waitForElementClickable: Object 'Object Repository/Servicio/btnCerrarZona' is clickable

2018-11-02 14:38:52 - [MESSAGE][PASSED] - Object 'Object Repository/Servicio/btnCerrarZona' is clickable

2018-11-02 14:38:52 - [TEST_STEP][PASSED] - Statement - java.lang.Thread.sleep(3000): null

2018-11-02 14:38:55 - [TEST_STEP][PASSED] - click: Object: 'Object Repository/Servicio/btnCerrarZona' is clicked on

2018-11-02 14:38:55 - [MESSAGE][PASSED] - Object: 'Object Repository/Servicio/btnCerrarZona' is clicked on

2018-11-02 14:38:55 - [TEST_STEP][PASSED] - Statement - java.lang.Thread.sleep(2000): null

2018-11-02 14:38:57 - [TEST_STEP][PASSED] - click: Object: 'Object Repository/Servicio/btnEnviarCorreo' is clicked on

2018-11-02 14:38:58 - [MESSAGE][PASSED] - Object: 'Object Repository/Servicio/btnEnviarCorreo' is clicked on

2018-11-02 14:38:58 - [TEST_STEP][PASSED] - waitForElementPresent: Object 'Object Repository/Servicio/input_Correo' is present

2018-11-02 14:38:58 - [MESSAGE][PASSED] - Object 'Object Repository/Servicio/input_Correo' is present

2018-11-02 14:38:58 - [TEST_STEP][PASSED] - sendKeys: Keys 'ntedesco@sms-latam.com' sent to object: 'Object Repository/Servicio/input_Correo'

2018-11-02 14:38:59 - [MESSAGE][PASSED] - Keys 'ntedesco@sms-latam.com' sent to object: 'Object Repository/Servicio/input_Correo'

2018-11-02 14:38:59 - [TEST_STEP][PASSED] - click: Object: 'Object Repository/Servicio/btnEnviarZona' is clicked on

2018-11-02 14:38:59 - [MESSAGE][PASSED] - Object: 'Object Repository/Servicio/btnEnviarZona' is clicked on

2018-11-02 14:38:59 - [TEST_STEP][PASSED] - Statement - java.lang.Thread.sleep(3000): null

2018-11-02 14:39:02 - [TEST_STEP][PASSED] - waitForElementClickable: Object 'Object Repository/Servicio/btnImprimir' is clickable

2018-11-02 14:39:02 - [MESSAGE][PASSED] - Object 'Object Repository/Servicio/btnImprimir' is clickable

2018-11-02 14:39:02 - [TEST_STEP][PASSED] - click: Object: 'Object Repository/Servicio/btnImprimir' is clicked on

2018-11-02 14:39:02 - [MESSAGE][PASSED] - Object: 'Object Repository/Servicio/btnImprimir' is clicked on

2018-11-02 14:39:02 - [TEST_STEP][PASSED] - waitForElementClickable: Object 'Object Repository/Servicio/btnCerrarPopUpPdfZona' is clickable

2018-11-02 14:39:03 - [MESSAGE][PASSED] - Object 'Object Repository/Servicio/btnCerrarPopUpPdfZona' is clickable

2018-11-02 14:39:03 - [TEST_STEP][PASSED] - Statement - java.lang.Thread.sleep(3000): null

2018-11-02 14:39:06 - [TEST_STEP][PASSED] - click: Object: 'Object Repository/Servicio/btnCerrarPopUpPdfZona' is clicked on

2018-11-02 14:39:06 - [MESSAGE][PASSED] - Object: 'Object Repository/Servicio/btnCerrarPopUpPdfZona' is clicked on

2018-11-02 14:39:06 - [TEST_STEP][PASSED] - waitForElementClickable: Object 'Object Repository/Servicio/div_InfoPrestacion' is clickable

2018-11-02 14:39:06 - [MESSAGE][PASSED] - Object 'Object Repository/Servicio/div_InfoPrestacion' is clickable

2018-11-02 14:39:06 - [TEST_STEP][PASSED] - Statement - java.lang.Thread.sleep(2000): null

2018-11-02 14:39:08 - [TEST_STEP][PASSED] - click: Object: 'Object Repository/Servicio/div_InfoPrestacion' is clicked on

2018-11-02 14:39:09 - [MESSAGE][PASSED] - Object: 'Object Repository/Servicio/div_InfoPrestacion' is clicked on

2018-11-02 14:39:09 - [TEST_STEP][PASSED] - waitForElementClickable: Object 'Object Repository/Servicio/span_InfoPrestacion' is clickable

2018-11-02 14:39:09 - [MESSAGE][PASSED] - Object 'Object Repository/Servicio/span_InfoPrestacion' is clickable

2018-11-02 14:39:09 - [TEST_STEP][PASSED] - click: Object: 'Object Repository/Servicio/span_InfoPrestacion' is clicked on

2018-11-02 14:39:09 - [MESSAGE][PASSED] - Object: 'Object Repository/Servicio/span_InfoPrestacion' is clicked on

2018-11-02 14:39:09 - [TEST_STEP][PASSED] - Statement - verificarCargaInformacion(): null

2018-11-02 14:39:09 - [TEST_STEP][PASSED] - Statement - Try: null

2018-11-02 14:39:09 - [TEST_STEP][PASSED] - waitForElementPresent: Object 'Object Repository/Servicio/form_InformacionPrestacion' is present

2018-11-02 14:39:20 - [MESSAGE][PASSED] - Object 'Object Repository/Servicio/form_InformacionPrestacion' is present

2018-11-02 14:39:20 - [TEST_STEP][PASSED] - Statement - out.println("Se carga correctamente formulario de prestacion"): null

2018-11-02 14:39:20 - [TEST_STEP][PASSED] - click: Object: 'Object Repository/Servicio/btnVolver' is clicked on

2018-11-02 14:39:21 - [MESSAGE][PASSED] - Object: 'Object Repository/Servicio/btnVolver' is clicked on

2018-11-02 14:39:21 - [TEST_STEP][PASSED] - Statement - tearDown(): null

2018-11-02 14:39:21 - [TEST_STEP][PASSED] - closeBrowser: Browser is closed

2018-11-02 14:39:21 - [MESSAGE][PASSED] - Browser is closed]]></system-out>
         <system-err><![CDATA[]]></system-err>
      </testcase>
      <testcase name="Test Cases/Test Buscar Prestadores - Prestador" classname="Test Cases/Test Buscar Prestadores - Prestador" status="PASSED">
         <system-out><![CDATA[2018-11-02 14:39:21 - [TEST_CASE][PASSED] - Test Cases/Test Buscar Prestadores - Prestador: Test Cases/Test Buscar Prestadores - Prestador

2018-11-02 14:39:23 - [TEST_STEP][PASSED] - openBrowser: Browser is opened with url: 'null'

2018-11-02 14:39:25 - [MESSAGE][PASSED] - Browser is opened with url: 'null'

2018-11-02 14:39:25 - [TEST_STEP][PASSED] - navigateToUrl: Navigate to 'https://test.intranet.osde/IV3/' successfully

2018-11-02 14:39:26 - [MESSAGE][PASSED] - Navigate to 'https://test.intranet.osde/IV3/' successfully

2018-11-02 14:39:26 - [TEST_STEP][PASSED] - maximizeWindow: Current window maximized

2018-11-02 14:39:26 - [MESSAGE][PASSED] - Current window maximized

2018-11-02 14:39:26 - [TEST_STEP][PASSED] - waitForElementClickable: Object 'Object Repository/Login_OSDE Intranet/coUsser' is clickable

2018-11-02 14:39:27 - [MESSAGE][PASSED] - Object 'Object Repository/Login_OSDE Intranet/coUsser' is clickable

2018-11-02 14:39:27 - [TEST_STEP][PASSED] - setText: Text 'SS36739794' is set on object 'Object Repository/Login_OSDE Intranet/coUsser'

2018-11-02 14:39:27 - [MESSAGE][PASSED] - Text 'SS36739794' is set on object 'Object Repository/Login_OSDE Intranet/coUsser'

2018-11-02 14:39:27 - [TEST_STEP][PASSED] - setText: Text 'intranet09' is set on object 'Object Repository/Login_OSDE Intranet/coPassword'

2018-11-02 14:39:27 - [MESSAGE][PASSED] - Text 'intranet09' is set on object 'Object Repository/Login_OSDE Intranet/coPassword'

2018-11-02 14:39:27 - [TEST_STEP][PASSED] - click: Object: 'Object Repository/Login_OSDE Intranet/btnIngresar' is clicked on

2018-11-02 14:39:28 - [MESSAGE][PASSED] - Object: 'Object Repository/Login_OSDE Intranet/btnIngresar' is clicked on

2018-11-02 14:39:28 - [TEST_STEP][PASSED] - waitForElementPresent: Object 'Object Repository/Home_OSDE Intranet V3/a_Mis Herramientas' is present

2018-11-02 14:39:29 - [MESSAGE][PASSED] - Object 'Object Repository/Home_OSDE Intranet V3/a_Mis Herramientas' is present

2018-11-02 14:39:29 - [TEST_STEP][PASSED] - click: Object: 'Object Repository/Home_OSDE Intranet V3/a_Mis Herramientas' is clicked on

2018-11-02 14:39:30 - [MESSAGE][PASSED] - Object: 'Object Repository/Home_OSDE Intranet V3/a_Mis Herramientas' is clicked on

2018-11-02 14:39:30 - [TEST_STEP][PASSED] - waitForElementPresent: Object 'Object Repository/Home_OSDE Intranet V3/iframe_MIS HERRAMIENTAS_frmMis' is present

2018-11-02 14:39:30 - [MESSAGE][WARNING] - Timeout '0' is invalid. Using default page load timeout: '30'

2018-11-02 14:39:30 - [MESSAGE][WARNING] - Timeout '0' is invalid. Using default page load timeout: '30'

2018-11-02 14:39:30 - [MESSAGE][PASSED] - Object 'Object Repository/Home_OSDE Intranet V3/iframe_MIS HERRAMIENTAS_frmMis' is present

2018-11-02 14:39:30 - [TEST_STEP][PASSED] - click: Object: 'Object Repository/Home_OSDE Intranet V3/td_Portal Corporativo' is clicked on

2018-11-02 14:39:30 - [MESSAGE][PASSED] - Object: 'Object Repository/Home_OSDE Intranet V3/td_Portal Corporativo' is clicked on

2018-11-02 14:39:30 - [TEST_STEP][PASSED] - switchToWindowUrl: Switched to window with url: 'http://tlnxwas30.intranet.osde:11780/portalFrontend/login.do'

2018-11-02 14:39:31 - [MESSAGE][PASSED] - Switched to window with url: 'http://tlnxwas30.intranet.osde:11780/portalFrontend/login.do'

2018-11-02 14:39:31 - [TEST_STEP][PASSED] - waitForElementVisible: Object 'Object Repository/Portal_Inicial/select_apiPortalDesarrolloport' is visible

2018-11-02 14:39:32 - [MESSAGE][PASSED] - Object 'Object Repository/Portal_Inicial/select_apiPortalDesarrolloport' is visible

2018-11-02 14:39:32 - [TEST_STEP][PASSED] - selectOptionByValue: All options with value 'suaPortal' are selected in object 'Object Repository/Portal_Inicial/select_apiPortalDesarrolloport' 

2018-11-02 14:39:32 - [MESSAGE][PASSED] - All options with value 'suaPortal' are selected in object 'Object Repository/Portal_Inicial/select_apiPortalDesarrolloport' 

2018-11-02 14:39:32 - [TEST_STEP][PASSED] - Statement - verifyIsPortalOpen(): null

2018-11-02 14:39:32 - [TEST_STEP][PASSED] - Statement - Try: Object: 'Object Repository/Portal_Home/consolaRecepcion' is clicked on

2018-11-02 14:39:32 - [TEST_STEP][PASSED] - waitForElementClickable: Object 'Object Repository/Portal_Home/consolaRecepcion' is clickable

2018-11-02 14:39:38 - [MESSAGE][PASSED] - Object 'Object Repository/Portal_Home/consolaRecepcion' is clickable

2018-11-02 14:39:38 - [TEST_STEP][PASSED] - click: Object: 'Object Repository/Portal_Home/consolaRecepcion' is clicked on

2018-11-02 14:39:39 - [MESSAGE][PASSED] - Object: 'Object Repository/Portal_Home/consolaRecepcion' is clicked on

2018-11-02 14:39:39 - [TEST_STEP][PASSED] - setText: Text '60609272102 ' is set on object 'Object Repository/Portal_Home/input_BsquedaDetallada'

2018-11-02 14:39:39 - [MESSAGE][PASSED] - Text '60609272102 ' is set on object 'Object Repository/Portal_Home/input_BsquedaDetallada'

2018-11-02 14:39:39 - [TEST_STEP][PASSED] - click: Object: 'Object Repository/Portal_Home/btn_BsquedaDetallada' is clicked on

2018-11-02 14:39:39 - [MESSAGE][PASSED] - Object: 'Object Repository/Portal_Home/btn_BsquedaDetallada' is clicked on

2018-11-02 14:39:39 - [TEST_STEP][PASSED] - waitForElementPresent: Object 'Object Repository/Portal_Home/div_suaCaracteristicasSujeto' is present

2018-11-02 14:39:40 - [MESSAGE][PASSED] - Object 'Object Repository/Portal_Home/div_suaCaracteristicasSujeto' is present

2018-11-02 14:39:40 - [TEST_STEP][PASSED] - click: Object: 'Object Repository/Portal_Home/div_collapsableLeftContainer' is clicked on

2018-11-02 14:39:41 - [MESSAGE][PASSED] - Object: 'Object Repository/Portal_Home/div_collapsableLeftContainer' is clicked on

2018-11-02 14:39:41 - [TEST_STEP][PASSED] - waitForElementVisible: Object 'Object Repository/Portal_Home/btn_servicesTreeOpen' is visible

2018-11-02 14:39:41 - [MESSAGE][PASSED] - Object 'Object Repository/Portal_Home/btn_servicesTreeOpen' is visible

2018-11-02 14:39:41 - [TEST_STEP][PASSED] - click: Object: 'Object Repository/Portal_Home/btn_servicesTreeOpen' is clicked on

2018-11-02 14:39:41 - [MESSAGE][PASSED] - Object: 'Object Repository/Portal_Home/btn_servicesTreeOpen' is clicked on

2018-11-02 14:39:41 - [TEST_STEP][PASSED] - waitForElementVisible: Object 'Object Repository/Portal_Home/a_Servicios' is visible

2018-11-02 14:39:42 - [MESSAGE][PASSED] - Object 'Object Repository/Portal_Home/a_Servicios' is visible

2018-11-02 14:39:42 - [TEST_STEP][PASSED] - click: Object: 'Object Repository/Portal_Home/a_Servicios' is clicked on

2018-11-02 14:39:42 - [MESSAGE][PASSED] - Object: 'Object Repository/Portal_Home/a_Servicios' is clicked on

2018-11-02 14:39:42 - [TEST_STEP][PASSED] - Statement - abrirServicio(G_Servicio, com.kms.katalon.core.webui.driver.DriverFactory.getWebDriver()): null

2018-11-02 14:39:42 - [TEST_STEP][PASSED] - Statement - Try: null

2018-11-02 14:39:42 - [TEST_STEP][PASSED] - Statement - element = driver.findElement(org.openqa.selenium.By.id("accordionMenuApi")): null

2018-11-02 14:39:42 - [TEST_STEP][PASSED] - Statement - lstRegistro = element.findElements(org.openqa.selenium.By.xpath("//div[contains(@class, 'treeMenuElement ellipsis_text')]")): null

2018-11-02 14:39:42 - [TEST_STEP][PASSED] - Statement - For (org.openqa.selenium.WebElement Registro : lstRegistro): null

2018-11-02 14:39:42 - [TEST_STEP][PASSED] - Statement - itemsServicio = Registro.findElements(org.openqa.selenium.By.xpath("//span[contains(@class, 'serviceSpanElement')]")): null

2018-11-02 14:39:42 - [TEST_STEP][PASSED] - Statement - For (org.openqa.selenium.WebElement item : itemsServicio): null

2018-11-02 14:39:42 - [TEST_STEP][PASSED] - Statement - If (item.getText().equals(NombreServicio)): null

2018-11-02 14:39:42 - [TEST_STEP][PASSED] - Statement - If (item.getText().equals(NombreServicio)): null

2018-11-02 14:39:42 - [TEST_STEP][PASSED] - Statement - If (item.getText().equals(NombreServicio)): null

2018-11-02 14:39:42 - [TEST_STEP][PASSED] - Statement - If (item.getText().equals(NombreServicio)): null

2018-11-02 14:39:42 - [TEST_STEP][PASSED] - Statement - If (item.getText().equals(NombreServicio)): null

2018-11-02 14:39:42 - [TEST_STEP][PASSED] - Statement - If (item.getText().equals(NombreServicio)): null

2018-11-02 14:39:42 - [TEST_STEP][PASSED] - Statement - If (item.getText().equals(NombreServicio)): null

2018-11-02 14:39:43 - [TEST_STEP][PASSED] - Statement - If (item.getText().equals(NombreServicio)): null

2018-11-02 14:39:43 - [TEST_STEP][PASSED] - Statement - If (item.getText().equals(NombreServicio)): null

2018-11-02 14:39:43 - [TEST_STEP][PASSED] - Statement - If (item.getText().equals(NombreServicio)): null

2018-11-02 14:39:43 - [TEST_STEP][PASSED] - Statement - If (item.getText().equals(NombreServicio)): null

2018-11-02 14:39:43 - [TEST_STEP][PASSED] - Statement - If (item.getText().equals(NombreServicio)): null

2018-11-02 14:39:43 - [TEST_STEP][PASSED] - Statement - If (item.getText().equals(NombreServicio)): null

2018-11-02 14:39:43 - [TEST_STEP][PASSED] - Statement - If (item.getText().equals(NombreServicio)): null

2018-11-02 14:39:43 - [TEST_STEP][PASSED] - Statement - If (item.getText().equals(NombreServicio)): null

2018-11-02 14:39:43 - [TEST_STEP][PASSED] - Statement - If (item.getText().equals(NombreServicio)): null

2018-11-02 14:39:43 - [TEST_STEP][PASSED] - Statement - If (item.getText().equals(NombreServicio)): null

2018-11-02 14:39:43 - [TEST_STEP][PASSED] - Statement - If (item.getText().equals(NombreServicio)): null

2018-11-02 14:39:43 - [TEST_STEP][PASSED] - Statement - If (item.getText().equals(NombreServicio)): null

2018-11-02 14:39:43 - [TEST_STEP][PASSED] - Statement - If (item.getText().equals(NombreServicio)): null

2018-11-02 14:39:43 - [TEST_STEP][PASSED] - Statement - If (item.getText().equals(NombreServicio)): null

2018-11-02 14:39:43 - [TEST_STEP][PASSED] - Statement - If (item.getText().equals(NombreServicio)): null

2018-11-02 14:39:43 - [TEST_STEP][PASSED] - Statement - If (item.getText().equals(NombreServicio)): null

2018-11-02 14:39:43 - [TEST_STEP][PASSED] - Statement - If (item.getText().equals(NombreServicio)): null

2018-11-02 14:39:43 - [TEST_STEP][PASSED] - Statement - If (item.getText().equals(NombreServicio)): null

2018-11-02 14:39:43 - [TEST_STEP][PASSED] - Statement - If (item.getText().equals(NombreServicio)): null

2018-11-02 14:39:43 - [TEST_STEP][PASSED] - Statement - If (item.getText().equals(NombreServicio)): null

2018-11-02 14:39:43 - [TEST_STEP][PASSED] - Statement - If (item.getText().equals(NombreServicio)): null

2018-11-02 14:39:43 - [TEST_STEP][PASSED] - Statement - If (item.getText().equals(NombreServicio)): null

2018-11-02 14:39:43 - [TEST_STEP][PASSED] - Statement - If (item.getText().equals(NombreServicio)): null

2018-11-02 14:39:44 - [TEST_STEP][PASSED] - Statement - If (item.getText().equals(NombreServicio)): null

2018-11-02 14:39:44 - [TEST_STEP][PASSED] - Statement - If (item.getText().equals(NombreServicio)): null

2018-11-02 14:39:44 - [TEST_STEP][PASSED] - Statement - If (item.getText().equals(NombreServicio)): null

2018-11-02 14:39:44 - [TEST_STEP][PASSED] - Statement - If (item.getText().equals(NombreServicio)): null

2018-11-02 14:39:44 - [TEST_STEP][PASSED] - Statement - If (item.getText().equals(NombreServicio)): null

2018-11-02 14:39:44 - [TEST_STEP][PASSED] - Statement - If (item.getText().equals(NombreServicio)): null

2018-11-02 14:39:44 - [TEST_STEP][PASSED] - Statement - If (item.getText().equals(NombreServicio)): null

2018-11-02 14:39:44 - [TEST_STEP][PASSED] - Statement - If (item.getText().equals(NombreServicio)): null

2018-11-02 14:39:44 - [TEST_STEP][PASSED] - Statement - If (item.getText().equals(NombreServicio)): null

2018-11-02 14:39:44 - [TEST_STEP][PASSED] - Statement - If (item.getText().equals(NombreServicio)): null

2018-11-02 14:39:44 - [TEST_STEP][PASSED] - Statement - If (item.getText().equals(NombreServicio)): null

2018-11-02 14:39:44 - [TEST_STEP][PASSED] - Statement - If (item.getText().equals(NombreServicio)): null

2018-11-02 14:39:44 - [TEST_STEP][PASSED] - Statement - If (item.getText().equals(NombreServicio)): null

2018-11-02 14:39:44 - [TEST_STEP][PASSED] - Statement - If (item.getText().equals(NombreServicio)): null

2018-11-02 14:39:44 - [TEST_STEP][PASSED] - Statement - If (item.getText().equals(NombreServicio)): null

2018-11-02 14:39:44 - [TEST_STEP][PASSED] - Statement - If (item.getText().equals(NombreServicio)): null

2018-11-02 14:39:44 - [TEST_STEP][PASSED] - Statement - If (item.getText().equals(NombreServicio)): null

2018-11-02 14:39:44 - [TEST_STEP][PASSED] - Statement - If (item.getText().equals(NombreServicio)): null

2018-11-02 14:39:44 - [TEST_STEP][PASSED] - Statement - If (item.getText().equals(NombreServicio)): null

2018-11-02 14:39:44 - [TEST_STEP][PASSED] - Statement - If (item.getText().equals(NombreServicio)): null

2018-11-02 14:39:44 - [TEST_STEP][PASSED] - Statement - If (item.getText().equals(NombreServicio)): null

2018-11-02 14:39:44 - [TEST_STEP][PASSED] - Statement - If (item.getText().equals(NombreServicio)): null

2018-11-02 14:39:45 - [TEST_STEP][PASSED] - Statement - If (item.getText().equals(NombreServicio)): null

2018-11-02 14:39:45 - [TEST_STEP][PASSED] - Statement - If (item.getText().equals(NombreServicio)): null

2018-11-02 14:39:45 - [TEST_STEP][PASSED] - Statement - If (item.getText().equals(NombreServicio)): null

2018-11-02 14:39:45 - [TEST_STEP][PASSED] - Statement - If (item.getText().equals(NombreServicio)): null

2018-11-02 14:39:45 - [TEST_STEP][PASSED] - Statement - If (item.getText().equals(NombreServicio)): null

2018-11-02 14:39:45 - [TEST_STEP][PASSED] - Statement - If (item.getText().equals(NombreServicio)): null

2018-11-02 14:39:45 - [TEST_STEP][PASSED] - Statement - If (item.getText().equals(NombreServicio)): null

2018-11-02 14:39:45 - [TEST_STEP][PASSED] - Statement - If (item.getText().equals(NombreServicio)): null

2018-11-02 14:39:45 - [TEST_STEP][PASSED] - Statement - If (item.getText().equals(NombreServicio)): null

2018-11-02 14:39:45 - [TEST_STEP][PASSED] - Statement - If (item.getText().equals(NombreServicio)): null

2018-11-02 14:39:45 - [TEST_STEP][PASSED] - Statement - If (item.getText().equals(NombreServicio)): null

2018-11-02 14:39:45 - [TEST_STEP][PASSED] - Statement - If (item.getText().equals(NombreServicio)): null

2018-11-02 14:39:45 - [TEST_STEP][PASSED] - Statement - If (item.getText().equals(NombreServicio)): null

2018-11-02 14:39:45 - [TEST_STEP][PASSED] - Statement - If (item.getText().equals(NombreServicio)): null

2018-11-02 14:39:45 - [TEST_STEP][PASSED] - Statement - If (item.getText().equals(NombreServicio)): null

2018-11-02 14:39:45 - [TEST_STEP][PASSED] - Statement - If (item.getText().equals(NombreServicio)): null

2018-11-02 14:39:45 - [TEST_STEP][PASSED] - Statement - If (item.getText().equals(NombreServicio)): null

2018-11-02 14:39:45 - [TEST_STEP][PASSED] - Statement - If (item.getText().equals(NombreServicio)): null

2018-11-02 14:39:45 - [TEST_STEP][PASSED] - Statement - If (item.getText().equals(NombreServicio)): null

2018-11-02 14:39:45 - [TEST_STEP][PASSED] - Statement - If (item.getText().equals(NombreServicio)): null

2018-11-02 14:39:45 - [TEST_STEP][PASSED] - Statement - If (item.getText().equals(NombreServicio)): null

2018-11-02 14:39:45 - [TEST_STEP][PASSED] - Statement - If (item.getText().equals(NombreServicio)): null

2018-11-02 14:39:46 - [TEST_STEP][PASSED] - Statement - If (item.getText().equals(NombreServicio)): null

2018-11-02 14:39:46 - [TEST_STEP][PASSED] - Statement - If (item.getText().equals(NombreServicio)): null

2018-11-02 14:39:46 - [TEST_STEP][PASSED] - Statement - If (item.getText().equals(NombreServicio)): null

2018-11-02 14:39:46 - [TEST_STEP][PASSED] - Statement - If (item.getText().equals(NombreServicio)): null

2018-11-02 14:39:46 - [TEST_STEP][PASSED] - Statement - If (item.getText().equals(NombreServicio)): null

2018-11-02 14:39:46 - [TEST_STEP][PASSED] - Statement - If (item.getText().equals(NombreServicio)): null

2018-11-02 14:39:46 - [TEST_STEP][PASSED] - Statement - If (item.getText().equals(NombreServicio)): null

2018-11-02 14:39:46 - [TEST_STEP][PASSED] - Statement - If (item.getText().equals(NombreServicio)): null

2018-11-02 14:39:46 - [TEST_STEP][PASSED] - Statement - If (item.getText().equals(NombreServicio)): null

2018-11-02 14:39:46 - [TEST_STEP][PASSED] - Statement - If (item.getText().equals(NombreServicio)): null

2018-11-02 14:39:46 - [TEST_STEP][PASSED] - Statement - If (item.getText().equals(NombreServicio)): null

2018-11-02 14:39:46 - [TEST_STEP][PASSED] - Statement - If (item.getText().equals(NombreServicio)): null

2018-11-02 14:39:46 - [TEST_STEP][PASSED] - Statement - If (item.getText().equals(NombreServicio)): null

2018-11-02 14:39:46 - [TEST_STEP][PASSED] - Statement - If (item.getText().equals(NombreServicio)): null

2018-11-02 14:39:46 - [TEST_STEP][PASSED] - Statement - If (item.getText().equals(NombreServicio)): null

2018-11-02 14:39:46 - [TEST_STEP][PASSED] - Statement - If (item.getText().equals(NombreServicio)): null

2018-11-02 14:39:46 - [TEST_STEP][PASSED] - Statement - If (item.getText().equals(NombreServicio)): null

2018-11-02 14:39:46 - [TEST_STEP][PASSED] - Statement - If (item.getText().equals(NombreServicio)): null

2018-11-02 14:39:46 - [TEST_STEP][PASSED] - Statement - If (item.getText().equals(NombreServicio)): null

2018-11-02 14:39:46 - [TEST_STEP][PASSED] - Statement - If (item.getText().equals(NombreServicio)): null

2018-11-02 14:39:46 - [TEST_STEP][PASSED] - Statement - If (item.getText().equals(NombreServicio)): null

2018-11-02 14:39:46 - [TEST_STEP][PASSED] - Statement - If (item.getText().equals(NombreServicio)): null

2018-11-02 14:39:47 - [TEST_STEP][PASSED] - Statement - If (item.getText().equals(NombreServicio)): null

2018-11-02 14:39:47 - [TEST_STEP][PASSED] - Statement - If (item.getText().equals(NombreServicio)): null

2018-11-02 14:39:47 - [TEST_STEP][PASSED] - Statement - If (item.getText().equals(NombreServicio)): null

2018-11-02 14:39:47 - [TEST_STEP][PASSED] - Statement - If (item.getText().equals(NombreServicio)): null

2018-11-02 14:39:47 - [TEST_STEP][PASSED] - Statement - If (item.getText().equals(NombreServicio)): null

2018-11-02 14:39:47 - [TEST_STEP][PASSED] - Statement - If (item.getText().equals(NombreServicio)): null

2018-11-02 14:39:47 - [TEST_STEP][PASSED] - Statement - If (item.getText().equals(NombreServicio)): null

2018-11-02 14:39:47 - [TEST_STEP][PASSED] - Statement - If (item.getText().equals(NombreServicio)): null

2018-11-02 14:39:47 - [TEST_STEP][PASSED] - Statement - If (item.getText().equals(NombreServicio)): null

2018-11-02 14:39:47 - [TEST_STEP][PASSED] - Statement - If (item.getText().equals(NombreServicio)): null

2018-11-02 14:39:47 - [TEST_STEP][PASSED] - Statement - If (item.getText().equals(NombreServicio)): null

2018-11-02 14:39:47 - [TEST_STEP][PASSED] - Statement - If (item.getText().equals(NombreServicio)): null

2018-11-02 14:39:47 - [TEST_STEP][PASSED] - Statement - If (item.getText().equals(NombreServicio)): null

2018-11-02 14:39:47 - [TEST_STEP][PASSED] - Statement - If (item.getText().equals(NombreServicio)): null

2018-11-02 14:39:47 - [TEST_STEP][PASSED] - Statement - If (item.getText().equals(NombreServicio)): null

2018-11-02 14:39:47 - [TEST_STEP][PASSED] - Statement - If (item.getText().equals(NombreServicio)): null

2018-11-02 14:39:47 - [TEST_STEP][PASSED] - Statement - If (item.getText().equals(NombreServicio)): null

2018-11-02 14:39:47 - [TEST_STEP][PASSED] - Statement - If (item.getText().equals(NombreServicio)): null

2018-11-02 14:39:47 - [TEST_STEP][PASSED] - Statement - If (item.getText().equals(NombreServicio)): null

2018-11-02 14:39:47 - [TEST_STEP][PASSED] - Statement - If (item.getText().equals(NombreServicio)): null

2018-11-02 14:39:47 - [TEST_STEP][PASSED] - Statement - If (item.getText().equals(NombreServicio)): null

2018-11-02 14:39:47 - [TEST_STEP][PASSED] - Statement - If (item.getText().equals(NombreServicio)): null

2018-11-02 14:39:48 - [TEST_STEP][PASSED] - Statement - If (item.getText().equals(NombreServicio)): null

2018-11-02 14:39:48 - [TEST_STEP][PASSED] - Statement - If (item.getText().equals(NombreServicio)): null

2018-11-02 14:39:48 - [TEST_STEP][PASSED] - Statement - If (item.getText().equals(NombreServicio)): null

2018-11-02 14:39:48 - [TEST_STEP][PASSED] - Statement - If (item.getText().equals(NombreServicio)): null

2018-11-02 14:39:48 - [TEST_STEP][PASSED] - Statement - If (item.getText().equals(NombreServicio)): null

2018-11-02 14:39:48 - [TEST_STEP][PASSED] - Statement - If (item.getText().equals(NombreServicio)): null

2018-11-02 14:39:48 - [TEST_STEP][PASSED] - Statement - If (item.getText().equals(NombreServicio)): null

2018-11-02 14:39:48 - [TEST_STEP][PASSED] - Statement - If (item.getText().equals(NombreServicio)): null

2018-11-02 14:39:48 - [TEST_STEP][PASSED] - Statement - If (item.getText().equals(NombreServicio)): null

2018-11-02 14:39:48 - [TEST_STEP][PASSED] - Statement - If (item.getText().equals(NombreServicio)): null

2018-11-02 14:39:48 - [TEST_STEP][PASSED] - Statement - If (item.getText().equals(NombreServicio)): null

2018-11-02 14:39:48 - [TEST_STEP][PASSED] - Statement - If (item.getText().equals(NombreServicio)): null

2018-11-02 14:39:48 - [TEST_STEP][PASSED] - Statement - If (item.getText().equals(NombreServicio)): null

2018-11-02 14:39:48 - [TEST_STEP][PASSED] - Statement - If (item.getText().equals(NombreServicio)): null

2018-11-02 14:39:48 - [TEST_STEP][PASSED] - Statement - If (item.getText().equals(NombreServicio)): null

2018-11-02 14:39:48 - [TEST_STEP][PASSED] - Statement - If (item.getText().equals(NombreServicio)): null

2018-11-02 14:39:48 - [TEST_STEP][PASSED] - Statement - If (item.getText().equals(NombreServicio)): null

2018-11-02 14:39:48 - [TEST_STEP][PASSED] - Statement - If (item.getText().equals(NombreServicio)): null

2018-11-02 14:39:48 - [TEST_STEP][PASSED] - Statement - If (item.getText().equals(NombreServicio)): null

2018-11-02 14:39:49 - [TEST_STEP][PASSED] - Statement - If (item.getText().equals(NombreServicio)): null

2018-11-02 14:39:49 - [TEST_STEP][PASSED] - Statement - If (item.getText().equals(NombreServicio)): null

2018-11-02 14:39:49 - [TEST_STEP][PASSED] - Statement - If (item.getText().equals(NombreServicio)): null

2018-11-02 14:39:49 - [TEST_STEP][PASSED] - Statement - If (item.getText().equals(NombreServicio)): null

2018-11-02 14:39:49 - [TEST_STEP][PASSED] - Statement - If (item.getText().equals(NombreServicio)): null

2018-11-02 14:39:49 - [TEST_STEP][PASSED] - Statement - If (item.getText().equals(NombreServicio)): null

2018-11-02 14:39:49 - [TEST_STEP][PASSED] - Statement - If (item.getText().equals(NombreServicio)): null

2018-11-02 14:39:49 - [TEST_STEP][PASSED] - Statement - If (item.getText().equals(NombreServicio)): null

2018-11-02 14:39:49 - [TEST_STEP][PASSED] - Statement - If (item.getText().equals(NombreServicio)): null

2018-11-02 14:39:49 - [TEST_STEP][PASSED] - Statement - If (item.getText().equals(NombreServicio)): null

2018-11-02 14:39:49 - [TEST_STEP][PASSED] - Statement - If (item.getText().equals(NombreServicio)): null

2018-11-02 14:39:49 - [TEST_STEP][PASSED] - Statement - If (item.getText().equals(NombreServicio)): null

2018-11-02 14:39:49 - [TEST_STEP][PASSED] - Statement - If (item.getText().equals(NombreServicio)): null

2018-11-02 14:39:49 - [TEST_STEP][PASSED] - Statement - If (item.getText().equals(NombreServicio)): null

2018-11-02 14:39:49 - [TEST_STEP][PASSED] - Statement - If (item.getText().equals(NombreServicio)): null

2018-11-02 14:39:49 - [TEST_STEP][PASSED] - Statement - If (item.getText().equals(NombreServicio)): null

2018-11-02 14:39:49 - [TEST_STEP][PASSED] - Statement - If (item.getText().equals(NombreServicio)): null

2018-11-02 14:39:49 - [TEST_STEP][PASSED] - Statement - If (item.getText().equals(NombreServicio)): null

2018-11-02 14:39:49 - [TEST_STEP][PASSED] - Statement - If (item.getText().equals(NombreServicio)): null

2018-11-02 14:39:49 - [TEST_STEP][PASSED] - Statement - If (item.getText().equals(NombreServicio)): null

2018-11-02 14:39:49 - [TEST_STEP][PASSED] - Statement - If (item.getText().equals(NombreServicio)): null

2018-11-02 14:39:50 - [TEST_STEP][PASSED] - Statement - If (item.getText().equals(NombreServicio)): null

2018-11-02 14:39:50 - [TEST_STEP][PASSED] - Statement - If (item.getText().equals(NombreServicio)): null

2018-11-02 14:39:50 - [TEST_STEP][PASSED] - Statement - If (item.getText().equals(NombreServicio)): null

2018-11-02 14:39:50 - [TEST_STEP][PASSED] - Statement - If (item.getText().equals(NombreServicio)): null

2018-11-02 14:39:50 - [TEST_STEP][PASSED] - Statement - If (item.getText().equals(NombreServicio)): null

2018-11-02 14:39:50 - [TEST_STEP][PASSED] - Statement - If (item.getText().equals(NombreServicio)): null

2018-11-02 14:39:50 - [TEST_STEP][PASSED] - Statement - If (item.getText().equals(NombreServicio)): null

2018-11-02 14:39:50 - [TEST_STEP][PASSED] - Statement - If (item.getText().equals(NombreServicio)): null

2018-11-02 14:39:50 - [TEST_STEP][PASSED] - Statement - If (item.getText().equals(NombreServicio)): null

2018-11-02 14:39:50 - [TEST_STEP][PASSED] - Statement - If (item.getText().equals(NombreServicio)): null

2018-11-02 14:39:50 - [TEST_STEP][PASSED] - Statement - If (item.getText().equals(NombreServicio)): null

2018-11-02 14:39:50 - [TEST_STEP][PASSED] - Statement - If (item.getText().equals(NombreServicio)): null

2018-11-02 14:39:50 - [TEST_STEP][PASSED] - Statement - If (item.getText().equals(NombreServicio)): null

2018-11-02 14:39:50 - [TEST_STEP][PASSED] - Statement - If (item.getText().equals(NombreServicio)): null

2018-11-02 14:39:50 - [TEST_STEP][PASSED] - Statement - If (item.getText().equals(NombreServicio)): null

2018-11-02 14:39:50 - [TEST_STEP][PASSED] - Statement - If (item.getText().equals(NombreServicio)): null

2018-11-02 14:39:50 - [TEST_STEP][PASSED] - Statement - If (item.getText().equals(NombreServicio)): null

2018-11-02 14:39:50 - [TEST_STEP][PASSED] - Statement - If (item.getText().equals(NombreServicio)): null

2018-11-02 14:39:50 - [TEST_STEP][PASSED] - Statement - If (item.getText().equals(NombreServicio)): null

2018-11-02 14:39:50 - [TEST_STEP][PASSED] - Statement - If (item.getText().equals(NombreServicio)): null

2018-11-02 14:39:51 - [TEST_STEP][PASSED] - Statement - If (item.getText().equals(NombreServicio)): null

2018-11-02 14:39:51 - [TEST_STEP][PASSED] - Statement - If (item.getText().equals(NombreServicio)): null

2018-11-02 14:39:51 - [TEST_STEP][PASSED] - Statement - If (item.getText().equals(NombreServicio)): null

2018-11-02 14:39:51 - [TEST_STEP][PASSED] - Statement - If (item.getText().equals(NombreServicio)): null

2018-11-02 14:39:51 - [TEST_STEP][PASSED] - Statement - If (item.getText().equals(NombreServicio)): null

2018-11-02 14:39:51 - [TEST_STEP][PASSED] - Statement - If (item.getText().equals(NombreServicio)): null

2018-11-02 14:39:51 - [TEST_STEP][PASSED] - Statement - If (item.getText().equals(NombreServicio)): null

2018-11-02 14:39:51 - [TEST_STEP][PASSED] - Statement - If (item.getText().equals(NombreServicio)): null

2018-11-02 14:39:51 - [TEST_STEP][PASSED] - Statement - If (item.getText().equals(NombreServicio)): null

2018-11-02 14:39:51 - [TEST_STEP][PASSED] - Statement - If (item.getText().equals(NombreServicio)): null

2018-11-02 14:39:51 - [TEST_STEP][PASSED] - Statement - If (item.getText().equals(NombreServicio)): null

2018-11-02 14:39:51 - [TEST_STEP][PASSED] - Statement - If (item.getText().equals(NombreServicio)): null

2018-11-02 14:39:51 - [TEST_STEP][PASSED] - Statement - If (item.getText().equals(NombreServicio)): null

2018-11-02 14:39:51 - [TEST_STEP][PASSED] - Statement - If (item.getText().equals(NombreServicio)): null

2018-11-02 14:39:51 - [TEST_STEP][PASSED] - Statement - If (item.getText().equals(NombreServicio)): null

2018-11-02 14:39:51 - [TEST_STEP][PASSED] - Statement - If (item.getText().equals(NombreServicio)): null

2018-11-02 14:39:51 - [TEST_STEP][PASSED] - Statement - If (item.getText().equals(NombreServicio)): null

2018-11-02 14:39:51 - [TEST_STEP][PASSED] - Statement - If (item.getText().equals(NombreServicio)): null

2018-11-02 14:39:51 - [TEST_STEP][PASSED] - Statement - If (item.getText().equals(NombreServicio)): null

2018-11-02 14:39:51 - [TEST_STEP][PASSED] - Statement - If (item.getText().equals(NombreServicio)): null

2018-11-02 14:39:51 - [TEST_STEP][PASSED] - Statement - If (item.getText().equals(NombreServicio)): null

2018-11-02 14:39:52 - [TEST_STEP][PASSED] - Statement - If (item.getText().equals(NombreServicio)): null

2018-11-02 14:39:52 - [TEST_STEP][PASSED] - Statement - If (item.getText().equals(NombreServicio)): null

2018-11-02 14:39:52 - [TEST_STEP][PASSED] - Statement - If (item.getText().equals(NombreServicio)): null

2018-11-02 14:39:52 - [TEST_STEP][PASSED] - Statement - If (item.getText().equals(NombreServicio)): null

2018-11-02 14:39:52 - [TEST_STEP][PASSED] - Statement - If (item.getText().equals(NombreServicio)): null

2018-11-02 14:39:52 - [TEST_STEP][PASSED] - Statement - If (item.getText().equals(NombreServicio)): null

2018-11-02 14:39:52 - [TEST_STEP][PASSED] - Statement - If (item.getText().equals(NombreServicio)): null

2018-11-02 14:39:52 - [TEST_STEP][PASSED] - Statement - If (item.getText().equals(NombreServicio)): null

2018-11-02 14:39:52 - [TEST_STEP][PASSED] - Statement - If (item.getText().equals(NombreServicio)): null

2018-11-02 14:39:52 - [TEST_STEP][PASSED] - Statement - If (item.getText().equals(NombreServicio)): null

2018-11-02 14:39:52 - [TEST_STEP][PASSED] - Statement - If (item.getText().equals(NombreServicio)): null

2018-11-02 14:39:52 - [TEST_STEP][PASSED] - Statement - If (item.getText().equals(NombreServicio)): null

2018-11-02 14:39:52 - [TEST_STEP][PASSED] - Statement - If (item.getText().equals(NombreServicio)): null

2018-11-02 14:39:52 - [TEST_STEP][PASSED] - Statement - If (item.getText().equals(NombreServicio)): null

2018-11-02 14:39:52 - [TEST_STEP][PASSED] - Statement - If (item.getText().equals(NombreServicio)): null

2018-11-02 14:39:52 - [TEST_STEP][PASSED] - Statement - If (item.getText().equals(NombreServicio)): null

2018-11-02 14:39:52 - [TEST_STEP][PASSED] - Statement - If (item.getText().equals(NombreServicio)): null

2018-11-02 14:39:52 - [TEST_STEP][PASSED] - Statement - If (item.getText().equals(NombreServicio)): null

2018-11-02 14:39:52 - [TEST_STEP][PASSED] - Statement - If (item.getText().equals(NombreServicio)): null

2018-11-02 14:39:52 - [TEST_STEP][PASSED] - Statement - If (item.getText().equals(NombreServicio)): null

2018-11-02 14:39:52 - [TEST_STEP][PASSED] - Statement - If (item.getText().equals(NombreServicio)): null

2018-11-02 14:39:53 - [TEST_STEP][PASSED] - Statement - If (item.getText().equals(NombreServicio)): null

2018-11-02 14:39:53 - [TEST_STEP][PASSED] - Statement - If (item.getText().equals(NombreServicio)): null

2018-11-02 14:39:53 - [TEST_STEP][PASSED] - Statement - If (item.getText().equals(NombreServicio)): null

2018-11-02 14:39:53 - [TEST_STEP][PASSED] - Statement - If (item.getText().equals(NombreServicio)): null

2018-11-02 14:39:53 - [TEST_STEP][PASSED] - Statement - If (item.getText().equals(NombreServicio)): null

2018-11-02 14:39:53 - [TEST_STEP][PASSED] - Statement - If (item.getText().equals(NombreServicio)): null

2018-11-02 14:39:53 - [TEST_STEP][PASSED] - Statement - If (item.getText().equals(NombreServicio)): null

2018-11-02 14:39:53 - [TEST_STEP][PASSED] - Statement - If (item.getText().equals(NombreServicio)): null

2018-11-02 14:39:53 - [TEST_STEP][PASSED] - Statement - If (item.getText().equals(NombreServicio)): null

2018-11-02 14:39:53 - [TEST_STEP][PASSED] - Statement - If (item.getText().equals(NombreServicio)): null

2018-11-02 14:39:53 - [TEST_STEP][PASSED] - Statement - If (item.getText().equals(NombreServicio)): null

2018-11-02 14:39:53 - [TEST_STEP][PASSED] - Statement - If (item.getText().equals(NombreServicio)): null

2018-11-02 14:39:53 - [TEST_STEP][PASSED] - Statement - If (item.getText().equals(NombreServicio)): null

2018-11-02 14:39:53 - [TEST_STEP][PASSED] - Statement - If (item.getText().equals(NombreServicio)): null

2018-11-02 14:39:53 - [TEST_STEP][PASSED] - Statement - If (item.getText().equals(NombreServicio)): null

2018-11-02 14:39:53 - [TEST_STEP][PASSED] - Statement - If (item.getText().equals(NombreServicio)): null

2018-11-02 14:39:53 - [TEST_STEP][PASSED] - Statement - If (item.getText().equals(NombreServicio)): null

2018-11-02 14:39:53 - [TEST_STEP][PASSED] - Statement - If (item.getText().equals(NombreServicio)): null

2018-11-02 14:39:53 - [TEST_STEP][PASSED] - Statement - If (item.getText().equals(NombreServicio)): null

2018-11-02 14:39:53 - [TEST_STEP][PASSED] - Statement - If (item.getText().equals(NombreServicio)): null

2018-11-02 14:39:53 - [TEST_STEP][PASSED] - Statement - If (item.getText().equals(NombreServicio)): null

2018-11-02 14:39:54 - [TEST_STEP][PASSED] - Statement - If (item.getText().equals(NombreServicio)): null

2018-11-02 14:39:54 - [TEST_STEP][PASSED] - Statement - If (item.getText().equals(NombreServicio)): null

2018-11-02 14:39:54 - [TEST_STEP][PASSED] - Statement - If (item.getText().equals(NombreServicio)): null

2018-11-02 14:39:54 - [TEST_STEP][PASSED] - Statement - If (item.getText().equals(NombreServicio)): null

2018-11-02 14:39:54 - [TEST_STEP][PASSED] - Statement - If (item.getText().equals(NombreServicio)): null

2018-11-02 14:39:54 - [TEST_STEP][PASSED] - Statement - If (item.getText().equals(NombreServicio)): null

2018-11-02 14:39:54 - [TEST_STEP][PASSED] - Statement - If (item.getText().equals(NombreServicio)): null

2018-11-02 14:39:54 - [TEST_STEP][PASSED] - Statement - If (item.getText().equals(NombreServicio)): null

2018-11-02 14:39:54 - [TEST_STEP][PASSED] - Statement - If (item.getText().equals(NombreServicio)): null

2018-11-02 14:39:54 - [TEST_STEP][PASSED] - Statement - If (item.getText().equals(NombreServicio)): null

2018-11-02 14:39:54 - [TEST_STEP][PASSED] - Statement - If (item.getText().equals(NombreServicio)): null

2018-11-02 14:39:54 - [TEST_STEP][PASSED] - Statement - If (item.getText().equals(NombreServicio)): null

2018-11-02 14:39:54 - [TEST_STEP][PASSED] - Statement - If (item.getText().equals(NombreServicio)): null

2018-11-02 14:39:54 - [TEST_STEP][PASSED] - Statement - If (item.getText().equals(NombreServicio)): null

2018-11-02 14:39:54 - [TEST_STEP][PASSED] - Statement - If (item.getText().equals(NombreServicio)): null

2018-11-02 14:39:54 - [TEST_STEP][PASSED] - Statement - If (item.getText().equals(NombreServicio)): null

2018-11-02 14:39:54 - [TEST_STEP][PASSED] - Statement - If (item.getText().equals(NombreServicio)): null

2018-11-02 14:39:54 - [TEST_STEP][PASSED] - Statement - If (item.getText().equals(NombreServicio)): null

2018-11-02 14:39:54 - [TEST_STEP][PASSED] - Statement - If (item.getText().equals(NombreServicio)): null

2018-11-02 14:39:54 - [TEST_STEP][PASSED] - Statement - If (item.getText().equals(NombreServicio)): null

2018-11-02 14:39:54 - [TEST_STEP][PASSED] - Statement - If (item.getText().equals(NombreServicio)): null

2018-11-02 14:39:55 - [TEST_STEP][PASSED] - Statement - If (item.getText().equals(NombreServicio)): null

2018-11-02 14:39:55 - [TEST_STEP][PASSED] - Statement - If (item.getText().equals(NombreServicio)): null

2018-11-02 14:39:55 - [TEST_STEP][PASSED] - Statement - If (item.getText().equals(NombreServicio)): null

2018-11-02 14:39:55 - [TEST_STEP][PASSED] - Statement - If (item.getText().equals(NombreServicio)): null

2018-11-02 14:39:55 - [TEST_STEP][PASSED] - Statement - If (item.getText().equals(NombreServicio)): null

2018-11-02 14:39:55 - [TEST_STEP][PASSED] - Statement - If (item.getText().equals(NombreServicio)): null

2018-11-02 14:39:55 - [TEST_STEP][PASSED] - Statement - If (item.getText().equals(NombreServicio)): null

2018-11-02 14:39:55 - [TEST_STEP][PASSED] - Statement - If (item.getText().equals(NombreServicio)): null

2018-11-02 14:39:55 - [TEST_STEP][PASSED] - Statement - item.click(): null

2018-11-02 14:39:55 - [TEST_STEP][PASSED] - Statement - return true: null

2018-11-02 14:39:55 - [TEST_STEP][PASSED] - Statement - verifyIsGenesisCoberturaOpen(): null

2018-11-02 14:39:55 - [TEST_STEP][PASSED] - Statement - Try: Object 'Object Repository/Servicio/input_Prestaciones' is clickable

2018-11-02 14:39:55 - [TEST_STEP][PASSED] - waitForElementClickable: Object 'Object Repository/Servicio/input_Prestaciones' is clickable

2018-11-02 14:40:02 - [MESSAGE][PASSED] - Object 'Object Repository/Servicio/input_Prestaciones' is clickable

2018-11-02 14:40:02 - [TEST_STEP][PASSED] - setText: Text '110101' is set on object 'Object Repository/Servicio/input_Prestaciones'

2018-11-02 14:40:03 - [MESSAGE][PASSED] - Text '110101' is set on object 'Object Repository/Servicio/input_Prestaciones'

2018-11-02 14:40:03 - [TEST_STEP][PASSED] - Statement - selectOptionAutocomplete(): null

2018-11-02 14:40:03 - [TEST_STEP][PASSED] - waitForElementClickable: Object 'Object Repository/Servicio/autocomplete_input' is clickable

2018-11-02 14:40:03 - [MESSAGE][PASSED] - Object 'Object Repository/Servicio/autocomplete_input' is clickable

2018-11-02 14:40:03 - [TEST_STEP][PASSED] - delay: Delayed 30 second(s)

2018-11-02 14:40:33 - [MESSAGE][PASSED] - Delayed 30 second(s)

2018-11-02 14:40:33 - [TEST_STEP][PASSED] - click: Object: 'Object Repository/Servicio/autocomplete_input' is clicked on

2018-11-02 14:40:33 - [MESSAGE][PASSED] - Object: 'Object Repository/Servicio/autocomplete_input' is clicked on

2018-11-02 14:40:33 - [TEST_STEP][NOT_RUN] - selectOptionByValue: NOT_RUN: selectOptionByValue

2018-11-02 14:40:33 - [MESSAGE][NOT_RUN] - NOT_RUN: selectOptionByValue

2018-11-02 14:40:33 - [TEST_STEP][PASSED] - click: Object: 'Object Repository/Servicio/div_Prestador' is clicked on

2018-11-02 14:40:34 - [MESSAGE][PASSED] - Object: 'Object Repository/Servicio/div_Prestador' is clicked on

2018-11-02 14:40:34 - [TEST_STEP][PASSED] - waitForElementClickable: Object 'Object Repository/Servicio/select_Filial_Prestador' is clickable

2018-11-02 14:40:34 - [MESSAGE][PASSED] - Object 'Object Repository/Servicio/select_Filial_Prestador' is clickable

2018-11-02 14:40:34 - [TEST_STEP][PASSED] - selectOptionByValue: All options with value '23' are selected in object 'Object Repository/Servicio/select_Filial_Prestador' 

2018-11-02 14:40:34 - [MESSAGE][PASSED] - All options with value '23' are selected in object 'Object Repository/Servicio/select_Filial_Prestador' 

2018-11-02 14:40:34 - [TEST_STEP][PASSED] - delay: Delayed 20 second(s)

2018-11-02 14:40:54 - [MESSAGE][PASSED] - Delayed 20 second(s)

2018-11-02 14:40:54 - [TEST_STEP][PASSED] - waitForElementClickable: Object 'Object Repository/Servicio/select_Filial_Prestador' is clickable

2018-11-02 14:40:55 - [MESSAGE][PASSED] - Object 'Object Repository/Servicio/select_Filial_Prestador' is clickable

2018-11-02 14:40:55 - [TEST_STEP][PASSED] - click: Object: 'Object Repository/Servicio/input_Prestador' is clicked on

2018-11-02 14:40:55 - [MESSAGE][PASSED] - Object: 'Object Repository/Servicio/input_Prestador' is clicked on

2018-11-02 14:40:55 - [TEST_STEP][PASSED] - clearText: Text of object 'Object Repository/Servicio/input_Prestador' is cleared

2018-11-02 14:40:55 - [MESSAGE][PASSED] - Text of object 'Object Repository/Servicio/input_Prestador' is cleared

2018-11-02 14:40:55 - [TEST_STEP][PASSED] - sendKeys: Keys 'ARROYOS' sent to object: 'Object Repository/Servicio/input_Prestador'

2018-11-02 14:40:55 - [MESSAGE][PASSED] - Keys 'ARROYOS' sent to object: 'Object Repository/Servicio/input_Prestador'

2018-11-02 14:40:55 - [TEST_STEP][PASSED] - waitForElementClickable: Object 'Object Repository/Servicio/autocomplete_inputPrestador' is clickable

2018-11-02 14:40:55 - [MESSAGE][PASSED] - Object 'Object Repository/Servicio/autocomplete_inputPrestador' is clickable

2018-11-02 14:40:55 - [TEST_STEP][PASSED] - click: Object: 'Object Repository/Servicio/autocomplete_inputPrestador' is clicked on

2018-11-02 14:40:56 - [MESSAGE][PASSED] - Object: 'Object Repository/Servicio/autocomplete_inputPrestador' is clicked on

2018-11-02 14:40:56 - [TEST_STEP][PASSED] - click: Object: 'Object Repository/Servicio/btnBuscar' is clicked on

2018-11-02 14:40:56 - [MESSAGE][PASSED] - Object: 'Object Repository/Servicio/btnBuscar' is clicked on

2018-11-02 14:40:56 - [TEST_STEP][PASSED] - waitForElementPresent: Object 'Object Repository/Servicio/div_Listado' is present

2018-11-02 14:40:56 - [MESSAGE][PASSED] - Object 'Object Repository/Servicio/div_Listado' is present

2018-11-02 14:40:56 - [TEST_STEP][PASSED] - click: Object: 'Object Repository/Servicio/check_ResultadoListado' is clicked on

2018-11-02 14:41:06 - [MESSAGE][PASSED] - Object: 'Object Repository/Servicio/check_ResultadoListado' is clicked on

2018-11-02 14:41:06 - [TEST_STEP][PASSED] - click: Object: 'Object Repository/Servicio/btnRegistrar' is clicked on

2018-11-02 14:41:06 - [MESSAGE][PASSED] - Object: 'Object Repository/Servicio/btnRegistrar' is clicked on

2018-11-02 14:41:06 - [TEST_STEP][PASSED] - waitForElementClickable: Object 'Object Repository/Servicio/btnCerrarZona' is clickable

2018-11-02 14:41:07 - [MESSAGE][PASSED] - Object 'Object Repository/Servicio/btnCerrarZona' is clickable

2018-11-02 14:41:07 - [TEST_STEP][PASSED] - click: Object: 'Object Repository/Servicio/btnCerrarZona' is clicked on

2018-11-02 14:41:08 - [MESSAGE][PASSED] - Object: 'Object Repository/Servicio/btnCerrarZona' is clicked on

2018-11-02 14:41:08 - [TEST_STEP][PASSED] - delay: Delayed 20 second(s)

2018-11-02 14:41:28 - [MESSAGE][PASSED] - Delayed 20 second(s)

2018-11-02 14:41:28 - [TEST_STEP][PASSED] - click: Object: 'Object Repository/Servicio/btnEnviarCorreo' is clicked on

2018-11-02 14:41:28 - [MESSAGE][PASSED] - Object: 'Object Repository/Servicio/btnEnviarCorreo' is clicked on

2018-11-02 14:41:28 - [TEST_STEP][PASSED] - waitForElementPresent: Object 'Object Repository/Servicio/input_Correo' is present

2018-11-02 14:41:28 - [MESSAGE][PASSED] - Object 'Object Repository/Servicio/input_Correo' is present

2018-11-02 14:41:28 - [TEST_STEP][PASSED] - sendKeys: Keys 'ntedesco@sms-latam.com' sent to object: 'Object Repository/Servicio/input_Correo'

2018-11-02 14:41:29 - [MESSAGE][PASSED] - Keys 'ntedesco@sms-latam.com' sent to object: 'Object Repository/Servicio/input_Correo'

2018-11-02 14:41:29 - [TEST_STEP][PASSED] - click: Object: 'Object Repository/Servicio/btnEnviarZona' is clicked on

2018-11-02 14:41:29 - [MESSAGE][PASSED] - Object: 'Object Repository/Servicio/btnEnviarZona' is clicked on

2018-11-02 14:41:29 - [TEST_STEP][PASSED] - delay: Delayed 20 second(s)

2018-11-02 14:41:49 - [MESSAGE][PASSED] - Delayed 20 second(s)

2018-11-02 14:41:49 - [TEST_STEP][PASSED] - waitForElementClickable: Object 'Object Repository/Servicio/btnImprimir' is clickable

2018-11-02 14:41:49 - [MESSAGE][PASSED] - Object 'Object Repository/Servicio/btnImprimir' is clickable

2018-11-02 14:41:49 - [TEST_STEP][PASSED] - click: Object: 'Object Repository/Servicio/btnImprimir' is clicked on

2018-11-02 14:41:50 - [MESSAGE][PASSED] - Object: 'Object Repository/Servicio/btnImprimir' is clicked on

2018-11-02 14:41:50 - [TEST_STEP][PASSED] - waitForElementClickable: Object 'Object Repository/Servicio/btnCerrarPopUpPdfPrestador' is clickable

2018-11-02 14:41:50 - [MESSAGE][PASSED] - Object 'Object Repository/Servicio/btnCerrarPopUpPdfPrestador' is clickable

2018-11-02 14:41:50 - [TEST_STEP][PASSED] - click: Object: 'Object Repository/Servicio/btnCerrarPopUpPdfZona' is clicked on

2018-11-02 14:41:51 - [MESSAGE][PASSED] - Object: 'Object Repository/Servicio/btnCerrarPopUpPdfZona' is clicked on

2018-11-02 14:41:51 - [TEST_STEP][PASSED] - waitForElementClickable: Object 'Object Repository/Servicio/div_InfoPrestacion' is clickable

2018-11-02 14:41:51 - [MESSAGE][PASSED] - Object 'Object Repository/Servicio/div_InfoPrestacion' is clickable

2018-11-02 14:41:51 - [TEST_STEP][PASSED] - delay: Delayed 20 second(s)

2018-11-02 14:42:11 - [MESSAGE][PASSED] - Delayed 20 second(s)

2018-11-02 14:42:11 - [TEST_STEP][PASSED] - click: Object: 'Object Repository/Servicio/div_InfoPrestacion' is clicked on

2018-11-02 14:42:11 - [MESSAGE][PASSED] - Object: 'Object Repository/Servicio/div_InfoPrestacion' is clicked on

2018-11-02 14:42:11 - [TEST_STEP][PASSED] - waitForElementClickable: Object 'Object Repository/Servicio/span_InfoPrestacion' is clickable

2018-11-02 14:42:12 - [MESSAGE][PASSED] - Object 'Object Repository/Servicio/span_InfoPrestacion' is clickable

2018-11-02 14:42:12 - [TEST_STEP][PASSED] - click: Object: 'Object Repository/Servicio/span_InfoPrestacion' is clicked on

2018-11-02 14:42:12 - [MESSAGE][PASSED] - Object: 'Object Repository/Servicio/span_InfoPrestacion' is clicked on

2018-11-02 14:42:12 - [TEST_STEP][PASSED] - Statement - verificarCargaInformacion(): null

2018-11-02 14:42:12 - [TEST_STEP][PASSED] - Statement - Try: null

2018-11-02 14:42:12 - [TEST_STEP][PASSED] - waitForElementPresent: Object 'Object Repository/Servicio/form_InformacionPrestacion' is present

2018-11-02 14:42:15 - [MESSAGE][PASSED] - Object 'Object Repository/Servicio/form_InformacionPrestacion' is present

2018-11-02 14:42:15 - [TEST_STEP][PASSED] - Statement - out.println("Se carga correctamente formulario de prestacion"): null

2018-11-02 14:42:15 - [TEST_STEP][PASSED] - click: Object: 'Object Repository/Servicio/btnVolver' is clicked on

2018-11-02 14:42:15 - [MESSAGE][PASSED] - Object: 'Object Repository/Servicio/btnVolver' is clicked on

2018-11-02 14:42:15 - [TEST_STEP][PASSED] - Statement - tearDown(): null

2018-11-02 14:42:15 - [TEST_STEP][PASSED] - closeBrowser: Browser is closed

2018-11-02 14:42:16 - [MESSAGE][PASSED] - Browser is closed]]></system-out>
         <system-err><![CDATA[]]></system-err>
      </testcase>
      <system-out><![CDATA[2018-11-02 14:32:55 - [TEST_SUITE][PASSED] - Prestaciones: Test Cases/Test Buscar Prestadores - Prestador]]></system-out>
      <system-err><![CDATA[]]></system-err>
   </testsuite>
</testsuites>
