<?xml version="1.0" encoding="UTF-8"?>
<testsuites name="Prestaciones" time="557" tests="1" failures="2" errors="0">
   <testsuite name="Prestaciones" tests="1" failures="2" errors="0" time="557" timestamp="2018-10-30 13:26:02" hostname="ntedesco - SMSL044.smsargentina.com.ar" id="Test Suites/Prestaciones">
      <properties>
         <property name="deviceName" value=""/>
         <property name="devicePlatform" value=""/>
         <property name="logFolder" value="C:\\Users\\ntedesco\\Katalon Studio\\GenesisCobertura\\Reports\\Prestaciones\\20181030_132559"/>
         <property name="logFiles" value="C:\\Users\\ntedesco\\Katalon Studio\\GenesisCobertura\\Reports\\Prestaciones\\20181030_132559\\execution0.log, C:\\Users\\ntedesco\\Katalon Studio\\GenesisCobertura\\Reports\\Prestaciones\\20181030_132559\\IEDriverServer.log"/>
         <property name="attachments" value="C:\\Users\\ntedesco\\Katalon Studio\\GenesisCobertura\\Reports\\Prestaciones\\20181030_132559\\1540917144038.png, C:\\Users\\ntedesco\\Katalon Studio\\GenesisCobertura\\Reports\\Prestaciones\\20181030_132559\\1540917319903.png"/>
         <property name="hostName" value="ntedesco - SMSL044.smsargentina.com.ar"/>
         <property name="os" value="Windows 10 32bit"/>
         <property name="katalonVersion" value="5.7.1.1"/>
         <property name="browser" value="IE 11"/>
         <property name="hostAddress" value="100.1.10.100"/>
         <property name="sessionId" value="f2201fee-1924-4c63-a66a-6d9f3bbeebd9"/>
         <property name="seleniumVersion" value="3.7.1"/>
         <property name="proxyInformation" value="ProxyInformation{proxyOption=NO_PROXY, proxyServerType=HTTP, password=, proxyServerAddress=, proxyServerPort=0}"/>
         <property name="platform" value="Windows 10"/>
      </properties>
      <testcase name="Test Cases/Test Buscar Prestadores - Domicilio" classname="Test Cases/Test Buscar Prestadores - Domicilio" status="PASSED">
         <system-out><![CDATA[2018-10-30 13:26:03 - [TEST_CASE][PASSED] - Test Cases/Test Buscar Prestadores - Domicilio: Test Cases/Test Buscar Prestadores - Domicilio

2018-10-30 13:26:05 - [TEST_STEP][PASSED] - openBrowser: Browser is opened with url: 'null'

2018-10-30 13:26:11 - [MESSAGE][PASSED] - Browser is opened with url: 'null'

2018-10-30 13:26:11 - [TEST_STEP][PASSED] - navigateToUrl: Navigate to 'https://test.intranet.osde/IV3/' successfully

2018-10-30 13:26:12 - [MESSAGE][PASSED] - Navigate to 'https://test.intranet.osde/IV3/' successfully

2018-10-30 13:26:12 - [TEST_STEP][PASSED] - maximizeWindow: Current window maximized

2018-10-30 13:26:12 - [MESSAGE][PASSED] - Current window maximized

2018-10-30 13:26:12 - [TEST_STEP][PASSED] - waitForElementClickable: Object 'Object Repository/Login_OSDE Intranet/coUsser' is clickable

2018-10-30 13:26:24 - [MESSAGE][PASSED] - Object 'Object Repository/Login_OSDE Intranet/coUsser' is clickable

2018-10-30 13:26:24 - [TEST_STEP][PASSED] - setText: Text 'SS36739794' is set on object 'Object Repository/Login_OSDE Intranet/coUsser'

2018-10-30 13:26:25 - [MESSAGE][PASSED] - Text 'SS36739794' is set on object 'Object Repository/Login_OSDE Intranet/coUsser'

2018-10-30 13:26:25 - [TEST_STEP][PASSED] - setText: Text 'intranet09' is set on object 'Object Repository/Login_OSDE Intranet/coPassword'

2018-10-30 13:26:26 - [MESSAGE][PASSED] - Text 'intranet09' is set on object 'Object Repository/Login_OSDE Intranet/coPassword'

2018-10-30 13:26:26 - [TEST_STEP][PASSED] - click: Object: 'Object Repository/Login_OSDE Intranet/btnIngresar' is clicked on

2018-10-30 13:26:30 - [MESSAGE][PASSED] - Object: 'Object Repository/Login_OSDE Intranet/btnIngresar' is clicked on

2018-10-30 13:26:30 - [TEST_STEP][PASSED] - waitForElementPresent: Object 'Object Repository/Home_OSDE Intranet V3/a_Mis Herramientas' is present

2018-10-30 13:26:31 - [MESSAGE][PASSED] - Object 'Object Repository/Home_OSDE Intranet V3/a_Mis Herramientas' is present

2018-10-30 13:26:31 - [TEST_STEP][PASSED] - click: Object: 'Object Repository/Home_OSDE Intranet V3/a_Mis Herramientas' is clicked on

2018-10-30 13:26:33 - [MESSAGE][PASSED] - Object: 'Object Repository/Home_OSDE Intranet V3/a_Mis Herramientas' is clicked on

2018-10-30 13:26:33 - [TEST_STEP][PASSED] - waitForElementPresent: Object 'Object Repository/Home_OSDE Intranet V3/iframe_MIS HERRAMIENTAS_frmMis' is present

2018-10-30 13:26:33 - [MESSAGE][WARNING] - Timeout '0' is invalid. Using default page load timeout: '30'

2018-10-30 13:26:33 - [MESSAGE][WARNING] - Timeout '0' is invalid. Using default page load timeout: '30'

2018-10-30 13:26:33 - [MESSAGE][PASSED] - Object 'Object Repository/Home_OSDE Intranet V3/iframe_MIS HERRAMIENTAS_frmMis' is present

2018-10-30 13:26:34 - [TEST_STEP][PASSED] - click: Object: 'Object Repository/Home_OSDE Intranet V3/td_Portal Corporativo' is clicked on

2018-10-30 13:26:35 - [MESSAGE][PASSED] - Object: 'Object Repository/Home_OSDE Intranet V3/td_Portal Corporativo' is clicked on

2018-10-30 13:26:36 - [TEST_STEP][PASSED] - switchToWindowUrl: Switched to window with url: 'http://tlnxwas30.intranet.osde:11780/portalFrontend/login.do'

2018-10-30 13:26:58 - [MESSAGE][PASSED] - Switched to window with url: 'http://tlnxwas30.intranet.osde:11780/portalFrontend/login.do'

2018-10-30 13:26:58 - [TEST_STEP][PASSED] - waitForElementVisible: Object 'Object Repository/Portal_Inicial/select_apiPortalDesarrolloport' is visible

2018-10-30 13:26:59 - [MESSAGE][PASSED] - Object 'Object Repository/Portal_Inicial/select_apiPortalDesarrolloport' is visible

2018-10-30 13:26:59 - [TEST_STEP][PASSED] - selectOptionByValue: All options with value 'suaPortal' are selected in object 'Object Repository/Portal_Inicial/select_apiPortalDesarrolloport' 

2018-10-30 13:27:02 - [MESSAGE][PASSED] - All options with value 'suaPortal' are selected in object 'Object Repository/Portal_Inicial/select_apiPortalDesarrolloport' 

2018-10-30 13:27:02 - [TEST_STEP][PASSED] - Statement - verifyIsPortalOpen(): null

2018-10-30 13:27:02 - [TEST_STEP][PASSED] - Statement - Try: Object 'Object Repository/Portal_Home/input_BsquedaDetallada' is clickable

2018-10-30 13:27:02 - [TEST_STEP][PASSED] - Statement - java.lang.Thread.sleep(20000): null

2018-10-30 13:27:22 - [TEST_STEP][PASSED] - waitForElementClickable: Object 'Object Repository/Portal_Home/input_BsquedaDetallada' is clickable

2018-10-30 13:27:22 - [MESSAGE][PASSED] - Object 'Object Repository/Portal_Home/input_BsquedaDetallada' is clickable

2018-10-30 13:27:22 - [TEST_STEP][PASSED] - setText: Text '60609272102' is set on object 'Object Repository/Portal_Home/input_BsquedaDetallada'

2018-10-30 13:27:23 - [MESSAGE][PASSED] - Text '60609272102' is set on object 'Object Repository/Portal_Home/input_BsquedaDetallada'

2018-10-30 13:27:23 - [TEST_STEP][PASSED] - click: Object: 'Object Repository/Portal_Home/btn_BsquedaDetallada' is clicked on

2018-10-30 13:27:24 - [MESSAGE][PASSED] - Object: 'Object Repository/Portal_Home/btn_BsquedaDetallada' is clicked on

2018-10-30 13:27:24 - [TEST_STEP][PASSED] - waitForElementPresent: Object 'Object Repository/Portal_Home/div_suaCaracteristicasSujeto' is present

2018-10-30 13:27:25 - [MESSAGE][PASSED] - Object 'Object Repository/Portal_Home/div_suaCaracteristicasSujeto' is present

2018-10-30 13:27:25 - [TEST_STEP][PASSED] - click: Object: 'Object Repository/Portal_Home/div_collapsableLeftContainer' is clicked on

2018-10-30 13:27:27 - [MESSAGE][PASSED] - Object: 'Object Repository/Portal_Home/div_collapsableLeftContainer' is clicked on

2018-10-30 13:27:27 - [TEST_STEP][PASSED] - waitForElementVisible: Object 'Object Repository/Portal_Home/btn_servicesTreeOpen' is visible

2018-10-30 13:27:29 - [MESSAGE][PASSED] - Object 'Object Repository/Portal_Home/btn_servicesTreeOpen' is visible

2018-10-30 13:27:29 - [TEST_STEP][PASSED] - click: Object: 'Object Repository/Portal_Home/btn_servicesTreeOpen' is clicked on

2018-10-30 13:27:31 - [MESSAGE][PASSED] - Object: 'Object Repository/Portal_Home/btn_servicesTreeOpen' is clicked on

2018-10-30 13:27:31 - [TEST_STEP][PASSED] - waitForElementVisible: Object 'Object Repository/Portal_Home/a_Servicios' is visible

2018-10-30 13:27:31 - [MESSAGE][PASSED] - Object 'Object Repository/Portal_Home/a_Servicios' is visible

2018-10-30 13:27:31 - [TEST_STEP][PASSED] - click: Object: 'Object Repository/Portal_Home/a_Servicios' is clicked on

2018-10-30 13:27:33 - [MESSAGE][PASSED] - Object: 'Object Repository/Portal_Home/a_Servicios' is clicked on

2018-10-30 13:27:33 - [TEST_STEP][PASSED] - Statement - abrirServicio(G_Servicio, com.kms.katalon.core.webui.driver.DriverFactory.getWebDriver()): null

2018-10-30 13:27:33 - [TEST_STEP][PASSED] - Statement - Try: null

2018-10-30 13:27:33 - [TEST_STEP][PASSED] - Statement - element = driver.findElement(org.openqa.selenium.By.id("accordionMenuApi")): null

2018-10-30 13:27:33 - [TEST_STEP][PASSED] - Statement - lstRegistro = element.findElements(org.openqa.selenium.By.xpath("//div[contains(@class, 'treeMenuElement ellipsis_text')]")): null

2018-10-30 13:27:34 - [TEST_STEP][PASSED] - Statement - For (org.openqa.selenium.WebElement Registro : lstRegistro): null

2018-10-30 13:27:34 - [TEST_STEP][PASSED] - Statement - itemsServicio = Registro.findElements(org.openqa.selenium.By.xpath("//span[contains(@class, 'serviceSpanElement')]")): null

2018-10-30 13:27:36 - [TEST_STEP][PASSED] - Statement - For (org.openqa.selenium.WebElement item : itemsServicio): null

2018-10-30 13:27:36 - [TEST_STEP][PASSED] - Statement - If (item.getText().equals(NombreServicio)): null

2018-10-30 13:27:36 - [TEST_STEP][PASSED] - Statement - If (item.getText().equals(NombreServicio)): null

2018-10-30 13:27:36 - [TEST_STEP][PASSED] - Statement - If (item.getText().equals(NombreServicio)): null

2018-10-30 13:27:36 - [TEST_STEP][PASSED] - Statement - If (item.getText().equals(NombreServicio)): null

2018-10-30 13:27:36 - [TEST_STEP][PASSED] - Statement - If (item.getText().equals(NombreServicio)): null

2018-10-30 13:27:36 - [TEST_STEP][PASSED] - Statement - If (item.getText().equals(NombreServicio)): null

2018-10-30 13:27:36 - [TEST_STEP][PASSED] - Statement - If (item.getText().equals(NombreServicio)): null

2018-10-30 13:27:37 - [TEST_STEP][PASSED] - Statement - If (item.getText().equals(NombreServicio)): null

2018-10-30 13:27:37 - [TEST_STEP][PASSED] - Statement - If (item.getText().equals(NombreServicio)): null

2018-10-30 13:27:37 - [TEST_STEP][PASSED] - Statement - If (item.getText().equals(NombreServicio)): null

2018-10-30 13:27:37 - [TEST_STEP][PASSED] - Statement - If (item.getText().equals(NombreServicio)): null

2018-10-30 13:27:37 - [TEST_STEP][PASSED] - Statement - If (item.getText().equals(NombreServicio)): null

2018-10-30 13:27:37 - [TEST_STEP][PASSED] - Statement - If (item.getText().equals(NombreServicio)): null

2018-10-30 13:27:38 - [TEST_STEP][PASSED] - Statement - If (item.getText().equals(NombreServicio)): null

2018-10-30 13:27:38 - [TEST_STEP][PASSED] - Statement - If (item.getText().equals(NombreServicio)): null

2018-10-30 13:27:38 - [TEST_STEP][PASSED] - Statement - If (item.getText().equals(NombreServicio)): null

2018-10-30 13:27:38 - [TEST_STEP][PASSED] - Statement - If (item.getText().equals(NombreServicio)): null

2018-10-30 13:27:38 - [TEST_STEP][PASSED] - Statement - If (item.getText().equals(NombreServicio)): null

2018-10-30 13:27:38 - [TEST_STEP][PASSED] - Statement - If (item.getText().equals(NombreServicio)): null

2018-10-30 13:27:38 - [TEST_STEP][PASSED] - Statement - If (item.getText().equals(NombreServicio)): null

2018-10-30 13:27:39 - [TEST_STEP][PASSED] - Statement - If (item.getText().equals(NombreServicio)): null

2018-10-30 13:27:39 - [TEST_STEP][PASSED] - Statement - If (item.getText().equals(NombreServicio)): null

2018-10-30 13:27:39 - [TEST_STEP][PASSED] - Statement - If (item.getText().equals(NombreServicio)): null

2018-10-30 13:27:39 - [TEST_STEP][PASSED] - Statement - If (item.getText().equals(NombreServicio)): null

2018-10-30 13:27:39 - [TEST_STEP][PASSED] - Statement - If (item.getText().equals(NombreServicio)): null

2018-10-30 13:27:39 - [TEST_STEP][PASSED] - Statement - If (item.getText().equals(NombreServicio)): null

2018-10-30 13:27:39 - [TEST_STEP][PASSED] - Statement - If (item.getText().equals(NombreServicio)): null

2018-10-30 13:27:39 - [TEST_STEP][PASSED] - Statement - If (item.getText().equals(NombreServicio)): null

2018-10-30 13:27:39 - [TEST_STEP][PASSED] - Statement - If (item.getText().equals(NombreServicio)): null

2018-10-30 13:27:40 - [TEST_STEP][PASSED] - Statement - If (item.getText().equals(NombreServicio)): null

2018-10-30 13:27:40 - [TEST_STEP][PASSED] - Statement - If (item.getText().equals(NombreServicio)): null

2018-10-30 13:27:40 - [TEST_STEP][PASSED] - Statement - If (item.getText().equals(NombreServicio)): null

2018-10-30 13:27:40 - [TEST_STEP][PASSED] - Statement - If (item.getText().equals(NombreServicio)): null

2018-10-30 13:27:40 - [TEST_STEP][PASSED] - Statement - If (item.getText().equals(NombreServicio)): null

2018-10-30 13:27:40 - [TEST_STEP][PASSED] - Statement - If (item.getText().equals(NombreServicio)): null

2018-10-30 13:27:40 - [TEST_STEP][PASSED] - Statement - If (item.getText().equals(NombreServicio)): null

2018-10-30 13:27:40 - [TEST_STEP][PASSED] - Statement - If (item.getText().equals(NombreServicio)): null

2018-10-30 13:27:40 - [TEST_STEP][PASSED] - Statement - If (item.getText().equals(NombreServicio)): null

2018-10-30 13:27:41 - [TEST_STEP][PASSED] - Statement - If (item.getText().equals(NombreServicio)): null

2018-10-30 13:27:41 - [TEST_STEP][PASSED] - Statement - If (item.getText().equals(NombreServicio)): null

2018-10-30 13:27:41 - [TEST_STEP][PASSED] - Statement - If (item.getText().equals(NombreServicio)): null

2018-10-30 13:27:41 - [TEST_STEP][PASSED] - Statement - If (item.getText().equals(NombreServicio)): null

2018-10-30 13:27:41 - [TEST_STEP][PASSED] - Statement - If (item.getText().equals(NombreServicio)): null

2018-10-30 13:27:41 - [TEST_STEP][PASSED] - Statement - If (item.getText().equals(NombreServicio)): null

2018-10-30 13:27:41 - [TEST_STEP][PASSED] - Statement - If (item.getText().equals(NombreServicio)): null

2018-10-30 13:27:41 - [TEST_STEP][PASSED] - Statement - If (item.getText().equals(NombreServicio)): null

2018-10-30 13:27:41 - [TEST_STEP][PASSED] - Statement - If (item.getText().equals(NombreServicio)): null

2018-10-30 13:27:42 - [TEST_STEP][PASSED] - Statement - If (item.getText().equals(NombreServicio)): null

2018-10-30 13:27:42 - [TEST_STEP][PASSED] - Statement - If (item.getText().equals(NombreServicio)): null

2018-10-30 13:27:42 - [TEST_STEP][PASSED] - Statement - If (item.getText().equals(NombreServicio)): null

2018-10-30 13:27:42 - [TEST_STEP][PASSED] - Statement - If (item.getText().equals(NombreServicio)): null

2018-10-30 13:27:42 - [TEST_STEP][PASSED] - Statement - If (item.getText().equals(NombreServicio)): null

2018-10-30 13:27:42 - [TEST_STEP][PASSED] - Statement - If (item.getText().equals(NombreServicio)): null

2018-10-30 13:27:42 - [TEST_STEP][PASSED] - Statement - If (item.getText().equals(NombreServicio)): null

2018-10-30 13:27:42 - [TEST_STEP][PASSED] - Statement - If (item.getText().equals(NombreServicio)): null

2018-10-30 13:27:42 - [TEST_STEP][PASSED] - Statement - If (item.getText().equals(NombreServicio)): null

2018-10-30 13:27:42 - [TEST_STEP][PASSED] - Statement - If (item.getText().equals(NombreServicio)): null

2018-10-30 13:27:43 - [TEST_STEP][PASSED] - Statement - If (item.getText().equals(NombreServicio)): null

2018-10-30 13:27:43 - [TEST_STEP][PASSED] - Statement - If (item.getText().equals(NombreServicio)): null

2018-10-30 13:27:43 - [TEST_STEP][PASSED] - Statement - If (item.getText().equals(NombreServicio)): null

2018-10-30 13:27:43 - [TEST_STEP][PASSED] - Statement - If (item.getText().equals(NombreServicio)): null

2018-10-30 13:27:43 - [TEST_STEP][PASSED] - Statement - If (item.getText().equals(NombreServicio)): null

2018-10-30 13:27:43 - [TEST_STEP][PASSED] - Statement - If (item.getText().equals(NombreServicio)): null

2018-10-30 13:27:43 - [TEST_STEP][PASSED] - Statement - If (item.getText().equals(NombreServicio)): null

2018-10-30 13:27:43 - [TEST_STEP][PASSED] - Statement - If (item.getText().equals(NombreServicio)): null

2018-10-30 13:27:43 - [TEST_STEP][PASSED] - Statement - If (item.getText().equals(NombreServicio)): null

2018-10-30 13:27:43 - [TEST_STEP][PASSED] - Statement - If (item.getText().equals(NombreServicio)): null

2018-10-30 13:27:44 - [TEST_STEP][PASSED] - Statement - If (item.getText().equals(NombreServicio)): null

2018-10-30 13:27:44 - [TEST_STEP][PASSED] - Statement - If (item.getText().equals(NombreServicio)): null

2018-10-30 13:27:44 - [TEST_STEP][PASSED] - Statement - If (item.getText().equals(NombreServicio)): null

2018-10-30 13:27:44 - [TEST_STEP][PASSED] - Statement - If (item.getText().equals(NombreServicio)): null

2018-10-30 13:27:44 - [TEST_STEP][PASSED] - Statement - If (item.getText().equals(NombreServicio)): null

2018-10-30 13:27:44 - [TEST_STEP][PASSED] - Statement - If (item.getText().equals(NombreServicio)): null

2018-10-30 13:27:44 - [TEST_STEP][PASSED] - Statement - If (item.getText().equals(NombreServicio)): null

2018-10-30 13:27:44 - [TEST_STEP][PASSED] - Statement - If (item.getText().equals(NombreServicio)): null

2018-10-30 13:27:44 - [TEST_STEP][PASSED] - Statement - If (item.getText().equals(NombreServicio)): null

2018-10-30 13:27:45 - [TEST_STEP][PASSED] - Statement - If (item.getText().equals(NombreServicio)): null

2018-10-30 13:27:45 - [TEST_STEP][PASSED] - Statement - If (item.getText().equals(NombreServicio)): null

2018-10-30 13:27:45 - [TEST_STEP][PASSED] - Statement - If (item.getText().equals(NombreServicio)): null

2018-10-30 13:27:45 - [TEST_STEP][PASSED] - Statement - If (item.getText().equals(NombreServicio)): null

2018-10-30 13:27:45 - [TEST_STEP][PASSED] - Statement - If (item.getText().equals(NombreServicio)): null

2018-10-30 13:27:45 - [TEST_STEP][PASSED] - Statement - If (item.getText().equals(NombreServicio)): null

2018-10-30 13:27:45 - [TEST_STEP][PASSED] - Statement - If (item.getText().equals(NombreServicio)): null

2018-10-30 13:27:45 - [TEST_STEP][PASSED] - Statement - If (item.getText().equals(NombreServicio)): null

2018-10-30 13:27:45 - [TEST_STEP][PASSED] - Statement - If (item.getText().equals(NombreServicio)): null

2018-10-30 13:27:45 - [TEST_STEP][PASSED] - Statement - If (item.getText().equals(NombreServicio)): null

2018-10-30 13:27:46 - [TEST_STEP][PASSED] - Statement - If (item.getText().equals(NombreServicio)): null

2018-10-30 13:27:46 - [TEST_STEP][PASSED] - Statement - If (item.getText().equals(NombreServicio)): null

2018-10-30 13:27:46 - [TEST_STEP][PASSED] - Statement - If (item.getText().equals(NombreServicio)): null

2018-10-30 13:27:46 - [TEST_STEP][PASSED] - Statement - If (item.getText().equals(NombreServicio)): null

2018-10-30 13:27:46 - [TEST_STEP][PASSED] - Statement - If (item.getText().equals(NombreServicio)): null

2018-10-30 13:27:46 - [TEST_STEP][PASSED] - Statement - If (item.getText().equals(NombreServicio)): null

2018-10-30 13:27:46 - [TEST_STEP][PASSED] - Statement - If (item.getText().equals(NombreServicio)): null

2018-10-30 13:27:46 - [TEST_STEP][PASSED] - Statement - If (item.getText().equals(NombreServicio)): null

2018-10-30 13:27:46 - [TEST_STEP][PASSED] - Statement - If (item.getText().equals(NombreServicio)): null

2018-10-30 13:27:47 - [TEST_STEP][PASSED] - Statement - If (item.getText().equals(NombreServicio)): null

2018-10-30 13:27:47 - [TEST_STEP][PASSED] - Statement - If (item.getText().equals(NombreServicio)): null

2018-10-30 13:27:47 - [TEST_STEP][PASSED] - Statement - If (item.getText().equals(NombreServicio)): null

2018-10-30 13:27:47 - [TEST_STEP][PASSED] - Statement - If (item.getText().equals(NombreServicio)): null

2018-10-30 13:27:47 - [TEST_STEP][PASSED] - Statement - If (item.getText().equals(NombreServicio)): null

2018-10-30 13:27:47 - [TEST_STEP][PASSED] - Statement - If (item.getText().equals(NombreServicio)): null

2018-10-30 13:27:47 - [TEST_STEP][PASSED] - Statement - If (item.getText().equals(NombreServicio)): null

2018-10-30 13:27:47 - [TEST_STEP][PASSED] - Statement - If (item.getText().equals(NombreServicio)): null

2018-10-30 13:27:48 - [TEST_STEP][PASSED] - Statement - If (item.getText().equals(NombreServicio)): null

2018-10-30 13:27:48 - [TEST_STEP][PASSED] - Statement - If (item.getText().equals(NombreServicio)): null

2018-10-30 13:27:48 - [TEST_STEP][PASSED] - Statement - If (item.getText().equals(NombreServicio)): null

2018-10-30 13:27:48 - [TEST_STEP][PASSED] - Statement - If (item.getText().equals(NombreServicio)): null

2018-10-30 13:27:48 - [TEST_STEP][PASSED] - Statement - If (item.getText().equals(NombreServicio)): null

2018-10-30 13:27:48 - [TEST_STEP][PASSED] - Statement - If (item.getText().equals(NombreServicio)): null

2018-10-30 13:27:48 - [TEST_STEP][PASSED] - Statement - If (item.getText().equals(NombreServicio)): null

2018-10-30 13:27:48 - [TEST_STEP][PASSED] - Statement - If (item.getText().equals(NombreServicio)): null

2018-10-30 13:27:48 - [TEST_STEP][PASSED] - Statement - If (item.getText().equals(NombreServicio)): null

2018-10-30 13:27:49 - [TEST_STEP][PASSED] - Statement - If (item.getText().equals(NombreServicio)): null

2018-10-30 13:27:49 - [TEST_STEP][PASSED] - Statement - If (item.getText().equals(NombreServicio)): null

2018-10-30 13:27:49 - [TEST_STEP][PASSED] - Statement - If (item.getText().equals(NombreServicio)): null

2018-10-30 13:27:49 - [TEST_STEP][PASSED] - Statement - If (item.getText().equals(NombreServicio)): null

2018-10-30 13:27:49 - [TEST_STEP][PASSED] - Statement - If (item.getText().equals(NombreServicio)): null

2018-10-30 13:27:49 - [TEST_STEP][PASSED] - Statement - If (item.getText().equals(NombreServicio)): null

2018-10-30 13:27:49 - [TEST_STEP][PASSED] - Statement - If (item.getText().equals(NombreServicio)): null

2018-10-30 13:27:49 - [TEST_STEP][PASSED] - Statement - If (item.getText().equals(NombreServicio)): null

2018-10-30 13:27:49 - [TEST_STEP][PASSED] - Statement - If (item.getText().equals(NombreServicio)): null

2018-10-30 13:27:49 - [TEST_STEP][PASSED] - Statement - If (item.getText().equals(NombreServicio)): null

2018-10-30 13:27:50 - [TEST_STEP][PASSED] - Statement - If (item.getText().equals(NombreServicio)): null

2018-10-30 13:27:50 - [TEST_STEP][PASSED] - Statement - If (item.getText().equals(NombreServicio)): null

2018-10-30 13:27:50 - [TEST_STEP][PASSED] - Statement - If (item.getText().equals(NombreServicio)): null

2018-10-30 13:27:50 - [TEST_STEP][PASSED] - Statement - If (item.getText().equals(NombreServicio)): null

2018-10-30 13:27:50 - [TEST_STEP][PASSED] - Statement - If (item.getText().equals(NombreServicio)): null

2018-10-30 13:27:50 - [TEST_STEP][PASSED] - Statement - If (item.getText().equals(NombreServicio)): null

2018-10-30 13:27:50 - [TEST_STEP][PASSED] - Statement - If (item.getText().equals(NombreServicio)): null

2018-10-30 13:27:50 - [TEST_STEP][PASSED] - Statement - If (item.getText().equals(NombreServicio)): null

2018-10-30 13:27:50 - [TEST_STEP][PASSED] - Statement - If (item.getText().equals(NombreServicio)): null

2018-10-30 13:27:51 - [TEST_STEP][PASSED] - Statement - If (item.getText().equals(NombreServicio)): null

2018-10-30 13:27:51 - [TEST_STEP][PASSED] - Statement - If (item.getText().equals(NombreServicio)): null

2018-10-30 13:27:51 - [TEST_STEP][PASSED] - Statement - If (item.getText().equals(NombreServicio)): null

2018-10-30 13:27:51 - [TEST_STEP][PASSED] - Statement - If (item.getText().equals(NombreServicio)): null

2018-10-30 13:27:51 - [TEST_STEP][PASSED] - Statement - If (item.getText().equals(NombreServicio)): null

2018-10-30 13:27:51 - [TEST_STEP][PASSED] - Statement - If (item.getText().equals(NombreServicio)): null

2018-10-30 13:27:51 - [TEST_STEP][PASSED] - Statement - If (item.getText().equals(NombreServicio)): null

2018-10-30 13:27:51 - [TEST_STEP][PASSED] - Statement - If (item.getText().equals(NombreServicio)): null

2018-10-30 13:27:51 - [TEST_STEP][PASSED] - Statement - If (item.getText().equals(NombreServicio)): null

2018-10-30 13:27:52 - [TEST_STEP][PASSED] - Statement - If (item.getText().equals(NombreServicio)): null

2018-10-30 13:27:52 - [TEST_STEP][PASSED] - Statement - If (item.getText().equals(NombreServicio)): null

2018-10-30 13:27:52 - [TEST_STEP][PASSED] - Statement - If (item.getText().equals(NombreServicio)): null

2018-10-30 13:27:52 - [TEST_STEP][PASSED] - Statement - If (item.getText().equals(NombreServicio)): null

2018-10-30 13:27:52 - [TEST_STEP][PASSED] - Statement - If (item.getText().equals(NombreServicio)): null

2018-10-30 13:27:52 - [TEST_STEP][PASSED] - Statement - If (item.getText().equals(NombreServicio)): null

2018-10-30 13:27:52 - [TEST_STEP][PASSED] - Statement - If (item.getText().equals(NombreServicio)): null

2018-10-30 13:27:52 - [TEST_STEP][PASSED] - Statement - If (item.getText().equals(NombreServicio)): null

2018-10-30 13:27:52 - [TEST_STEP][PASSED] - Statement - If (item.getText().equals(NombreServicio)): null

2018-10-30 13:27:52 - [TEST_STEP][PASSED] - Statement - If (item.getText().equals(NombreServicio)): null

2018-10-30 13:27:53 - [TEST_STEP][PASSED] - Statement - If (item.getText().equals(NombreServicio)): null

2018-10-30 13:27:53 - [TEST_STEP][PASSED] - Statement - If (item.getText().equals(NombreServicio)): null

2018-10-30 13:27:53 - [TEST_STEP][PASSED] - Statement - If (item.getText().equals(NombreServicio)): null

2018-10-30 13:27:53 - [TEST_STEP][PASSED] - Statement - If (item.getText().equals(NombreServicio)): null

2018-10-30 13:27:53 - [TEST_STEP][PASSED] - Statement - If (item.getText().equals(NombreServicio)): null

2018-10-30 13:27:53 - [TEST_STEP][PASSED] - Statement - If (item.getText().equals(NombreServicio)): null

2018-10-30 13:27:53 - [TEST_STEP][PASSED] - Statement - If (item.getText().equals(NombreServicio)): null

2018-10-30 13:27:53 - [TEST_STEP][PASSED] - Statement - If (item.getText().equals(NombreServicio)): null

2018-10-30 13:27:53 - [TEST_STEP][PASSED] - Statement - If (item.getText().equals(NombreServicio)): null

2018-10-30 13:27:54 - [TEST_STEP][PASSED] - Statement - If (item.getText().equals(NombreServicio)): null

2018-10-30 13:27:54 - [TEST_STEP][PASSED] - Statement - If (item.getText().equals(NombreServicio)): null

2018-10-30 13:27:54 - [TEST_STEP][PASSED] - Statement - If (item.getText().equals(NombreServicio)): null

2018-10-30 13:27:54 - [TEST_STEP][PASSED] - Statement - If (item.getText().equals(NombreServicio)): null

2018-10-30 13:27:54 - [TEST_STEP][PASSED] - Statement - If (item.getText().equals(NombreServicio)): null

2018-10-30 13:27:54 - [TEST_STEP][PASSED] - Statement - If (item.getText().equals(NombreServicio)): null

2018-10-30 13:27:54 - [TEST_STEP][PASSED] - Statement - If (item.getText().equals(NombreServicio)): null

2018-10-30 13:27:54 - [TEST_STEP][PASSED] - Statement - If (item.getText().equals(NombreServicio)): null

2018-10-30 13:27:54 - [TEST_STEP][PASSED] - Statement - If (item.getText().equals(NombreServicio)): null

2018-10-30 13:27:54 - [TEST_STEP][PASSED] - Statement - If (item.getText().equals(NombreServicio)): null

2018-10-30 13:27:55 - [TEST_STEP][PASSED] - Statement - If (item.getText().equals(NombreServicio)): null

2018-10-30 13:27:55 - [TEST_STEP][PASSED] - Statement - If (item.getText().equals(NombreServicio)): null

2018-10-30 13:27:55 - [TEST_STEP][PASSED] - Statement - If (item.getText().equals(NombreServicio)): null

2018-10-30 13:27:55 - [TEST_STEP][PASSED] - Statement - If (item.getText().equals(NombreServicio)): null

2018-10-30 13:27:55 - [TEST_STEP][PASSED] - Statement - If (item.getText().equals(NombreServicio)): null

2018-10-30 13:27:55 - [TEST_STEP][PASSED] - Statement - If (item.getText().equals(NombreServicio)): null

2018-10-30 13:27:55 - [TEST_STEP][PASSED] - Statement - If (item.getText().equals(NombreServicio)): null

2018-10-30 13:27:55 - [TEST_STEP][PASSED] - Statement - If (item.getText().equals(NombreServicio)): null

2018-10-30 13:27:55 - [TEST_STEP][PASSED] - Statement - If (item.getText().equals(NombreServicio)): null

2018-10-30 13:27:56 - [TEST_STEP][PASSED] - Statement - If (item.getText().equals(NombreServicio)): null

2018-10-30 13:27:56 - [TEST_STEP][PASSED] - Statement - If (item.getText().equals(NombreServicio)): null

2018-10-30 13:27:56 - [TEST_STEP][PASSED] - Statement - If (item.getText().equals(NombreServicio)): null

2018-10-30 13:27:56 - [TEST_STEP][PASSED] - Statement - If (item.getText().equals(NombreServicio)): null

2018-10-30 13:27:56 - [TEST_STEP][PASSED] - Statement - If (item.getText().equals(NombreServicio)): null

2018-10-30 13:27:56 - [TEST_STEP][PASSED] - Statement - If (item.getText().equals(NombreServicio)): null

2018-10-30 13:27:56 - [TEST_STEP][PASSED] - Statement - If (item.getText().equals(NombreServicio)): null

2018-10-30 13:27:56 - [TEST_STEP][PASSED] - Statement - If (item.getText().equals(NombreServicio)): null

2018-10-30 13:27:56 - [TEST_STEP][PASSED] - Statement - If (item.getText().equals(NombreServicio)): null

2018-10-30 13:27:56 - [TEST_STEP][PASSED] - Statement - If (item.getText().equals(NombreServicio)): null

2018-10-30 13:27:57 - [TEST_STEP][PASSED] - Statement - If (item.getText().equals(NombreServicio)): null

2018-10-30 13:27:57 - [TEST_STEP][PASSED] - Statement - If (item.getText().equals(NombreServicio)): null

2018-10-30 13:27:57 - [TEST_STEP][PASSED] - Statement - If (item.getText().equals(NombreServicio)): null

2018-10-30 13:27:57 - [TEST_STEP][PASSED] - Statement - If (item.getText().equals(NombreServicio)): null

2018-10-30 13:27:57 - [TEST_STEP][PASSED] - Statement - If (item.getText().equals(NombreServicio)): null

2018-10-30 13:27:57 - [TEST_STEP][PASSED] - Statement - If (item.getText().equals(NombreServicio)): null

2018-10-30 13:27:57 - [TEST_STEP][PASSED] - Statement - If (item.getText().equals(NombreServicio)): null

2018-10-30 13:27:57 - [TEST_STEP][PASSED] - Statement - If (item.getText().equals(NombreServicio)): null

2018-10-30 13:27:57 - [TEST_STEP][PASSED] - Statement - If (item.getText().equals(NombreServicio)): null

2018-10-30 13:27:57 - [TEST_STEP][PASSED] - Statement - If (item.getText().equals(NombreServicio)): null

2018-10-30 13:27:58 - [TEST_STEP][PASSED] - Statement - If (item.getText().equals(NombreServicio)): null

2018-10-30 13:27:58 - [TEST_STEP][PASSED] - Statement - If (item.getText().equals(NombreServicio)): null

2018-10-30 13:27:58 - [TEST_STEP][PASSED] - Statement - If (item.getText().equals(NombreServicio)): null

2018-10-30 13:27:58 - [TEST_STEP][PASSED] - Statement - If (item.getText().equals(NombreServicio)): null

2018-10-30 13:27:58 - [TEST_STEP][PASSED] - Statement - If (item.getText().equals(NombreServicio)): null

2018-10-30 13:27:58 - [TEST_STEP][PASSED] - Statement - If (item.getText().equals(NombreServicio)): null

2018-10-30 13:27:58 - [TEST_STEP][PASSED] - Statement - If (item.getText().equals(NombreServicio)): null

2018-10-30 13:27:58 - [TEST_STEP][PASSED] - Statement - If (item.getText().equals(NombreServicio)): null

2018-10-30 13:27:59 - [TEST_STEP][PASSED] - Statement - If (item.getText().equals(NombreServicio)): null

2018-10-30 13:27:59 - [TEST_STEP][PASSED] - Statement - If (item.getText().equals(NombreServicio)): null

2018-10-30 13:27:59 - [TEST_STEP][PASSED] - Statement - If (item.getText().equals(NombreServicio)): null

2018-10-30 13:27:59 - [TEST_STEP][PASSED] - Statement - If (item.getText().equals(NombreServicio)): null

2018-10-30 13:27:59 - [TEST_STEP][PASSED] - Statement - If (item.getText().equals(NombreServicio)): null

2018-10-30 13:27:59 - [TEST_STEP][PASSED] - Statement - If (item.getText().equals(NombreServicio)): null

2018-10-30 13:27:59 - [TEST_STEP][PASSED] - Statement - If (item.getText().equals(NombreServicio)): null

2018-10-30 13:27:59 - [TEST_STEP][PASSED] - Statement - If (item.getText().equals(NombreServicio)): null

2018-10-30 13:27:59 - [TEST_STEP][PASSED] - Statement - If (item.getText().equals(NombreServicio)): null

2018-10-30 13:28:00 - [TEST_STEP][PASSED] - Statement - If (item.getText().equals(NombreServicio)): null

2018-10-30 13:28:00 - [TEST_STEP][PASSED] - Statement - If (item.getText().equals(NombreServicio)): null

2018-10-30 13:28:00 - [TEST_STEP][PASSED] - Statement - If (item.getText().equals(NombreServicio)): null

2018-10-30 13:28:00 - [TEST_STEP][PASSED] - Statement - If (item.getText().equals(NombreServicio)): null

2018-10-30 13:28:00 - [TEST_STEP][PASSED] - Statement - If (item.getText().equals(NombreServicio)): null

2018-10-30 13:28:00 - [TEST_STEP][PASSED] - Statement - If (item.getText().equals(NombreServicio)): null

2018-10-30 13:28:00 - [TEST_STEP][PASSED] - Statement - If (item.getText().equals(NombreServicio)): null

2018-10-30 13:28:00 - [TEST_STEP][PASSED] - Statement - If (item.getText().equals(NombreServicio)): null

2018-10-30 13:28:00 - [TEST_STEP][PASSED] - Statement - If (item.getText().equals(NombreServicio)): null

2018-10-30 13:28:01 - [TEST_STEP][PASSED] - Statement - If (item.getText().equals(NombreServicio)): null

2018-10-30 13:28:01 - [TEST_STEP][PASSED] - Statement - If (item.getText().equals(NombreServicio)): null

2018-10-30 13:28:01 - [TEST_STEP][PASSED] - Statement - If (item.getText().equals(NombreServicio)): null

2018-10-30 13:28:01 - [TEST_STEP][PASSED] - Statement - If (item.getText().equals(NombreServicio)): null

2018-10-30 13:28:01 - [TEST_STEP][PASSED] - Statement - If (item.getText().equals(NombreServicio)): null

2018-10-30 13:28:01 - [TEST_STEP][PASSED] - Statement - If (item.getText().equals(NombreServicio)): null

2018-10-30 13:28:01 - [TEST_STEP][PASSED] - Statement - If (item.getText().equals(NombreServicio)): null

2018-10-30 13:28:01 - [TEST_STEP][PASSED] - Statement - If (item.getText().equals(NombreServicio)): null

2018-10-30 13:28:01 - [TEST_STEP][PASSED] - Statement - If (item.getText().equals(NombreServicio)): null

2018-10-30 13:28:02 - [TEST_STEP][PASSED] - Statement - If (item.getText().equals(NombreServicio)): null

2018-10-30 13:28:02 - [TEST_STEP][PASSED] - Statement - If (item.getText().equals(NombreServicio)): null

2018-10-30 13:28:02 - [TEST_STEP][PASSED] - Statement - If (item.getText().equals(NombreServicio)): null

2018-10-30 13:28:02 - [TEST_STEP][PASSED] - Statement - If (item.getText().equals(NombreServicio)): null

2018-10-30 13:28:02 - [TEST_STEP][PASSED] - Statement - If (item.getText().equals(NombreServicio)): null

2018-10-30 13:28:02 - [TEST_STEP][PASSED] - Statement - If (item.getText().equals(NombreServicio)): null

2018-10-30 13:28:02 - [TEST_STEP][PASSED] - Statement - If (item.getText().equals(NombreServicio)): null

2018-10-30 13:28:02 - [TEST_STEP][PASSED] - Statement - If (item.getText().equals(NombreServicio)): null

2018-10-30 13:28:02 - [TEST_STEP][PASSED] - Statement - If (item.getText().equals(NombreServicio)): null

2018-10-30 13:28:03 - [TEST_STEP][PASSED] - Statement - If (item.getText().equals(NombreServicio)): null

2018-10-30 13:28:03 - [TEST_STEP][PASSED] - Statement - If (item.getText().equals(NombreServicio)): null

2018-10-30 13:28:03 - [TEST_STEP][PASSED] - Statement - If (item.getText().equals(NombreServicio)): null

2018-10-30 13:28:03 - [TEST_STEP][PASSED] - Statement - If (item.getText().equals(NombreServicio)): null

2018-10-30 13:28:03 - [TEST_STEP][PASSED] - Statement - If (item.getText().equals(NombreServicio)): null

2018-10-30 13:28:03 - [TEST_STEP][PASSED] - Statement - If (item.getText().equals(NombreServicio)): null

2018-10-30 13:28:03 - [TEST_STEP][PASSED] - Statement - If (item.getText().equals(NombreServicio)): null

2018-10-30 13:28:03 - [TEST_STEP][PASSED] - Statement - If (item.getText().equals(NombreServicio)): null

2018-10-30 13:28:04 - [TEST_STEP][PASSED] - Statement - If (item.getText().equals(NombreServicio)): null

2018-10-30 13:28:04 - [TEST_STEP][PASSED] - Statement - If (item.getText().equals(NombreServicio)): null

2018-10-30 13:28:04 - [TEST_STEP][PASSED] - Statement - If (item.getText().equals(NombreServicio)): null

2018-10-30 13:28:04 - [TEST_STEP][PASSED] - Statement - If (item.getText().equals(NombreServicio)): null

2018-10-30 13:28:04 - [TEST_STEP][PASSED] - Statement - If (item.getText().equals(NombreServicio)): null

2018-10-30 13:28:04 - [TEST_STEP][PASSED] - Statement - If (item.getText().equals(NombreServicio)): null

2018-10-30 13:28:04 - [TEST_STEP][PASSED] - Statement - If (item.getText().equals(NombreServicio)): null

2018-10-30 13:28:04 - [TEST_STEP][PASSED] - Statement - If (item.getText().equals(NombreServicio)): null

2018-10-30 13:28:04 - [TEST_STEP][PASSED] - Statement - If (item.getText().equals(NombreServicio)): null

2018-10-30 13:28:05 - [TEST_STEP][PASSED] - Statement - If (item.getText().equals(NombreServicio)): null

2018-10-30 13:28:05 - [TEST_STEP][PASSED] - Statement - If (item.getText().equals(NombreServicio)): null

2018-10-30 13:28:05 - [TEST_STEP][PASSED] - Statement - If (item.getText().equals(NombreServicio)): null

2018-10-30 13:28:05 - [TEST_STEP][PASSED] - Statement - If (item.getText().equals(NombreServicio)): null

2018-10-30 13:28:05 - [TEST_STEP][PASSED] - Statement - If (item.getText().equals(NombreServicio)): null

2018-10-30 13:28:05 - [TEST_STEP][PASSED] - Statement - If (item.getText().equals(NombreServicio)): null

2018-10-30 13:28:05 - [TEST_STEP][PASSED] - Statement - If (item.getText().equals(NombreServicio)): null

2018-10-30 13:28:05 - [TEST_STEP][PASSED] - Statement - If (item.getText().equals(NombreServicio)): null

2018-10-30 13:28:05 - [TEST_STEP][PASSED] - Statement - If (item.getText().equals(NombreServicio)): null

2018-10-30 13:28:06 - [TEST_STEP][PASSED] - Statement - If (item.getText().equals(NombreServicio)): null

2018-10-30 13:28:06 - [TEST_STEP][PASSED] - Statement - item.click(): null

2018-10-30 13:28:07 - [TEST_STEP][PASSED] - Statement - return true: null

2018-10-30 13:28:07 - [TEST_STEP][PASSED] - Statement - verifyIsGenesisCoberturaOpen(): null

2018-10-30 13:28:07 - [TEST_STEP][PASSED] - Statement - Try: Object 'Object Repository/Servicio/input_Prestaciones' is clickable

2018-10-30 13:28:07 - [TEST_STEP][PASSED] - Statement - java.lang.Thread.sleep(3000): null

2018-10-30 13:28:10 - [TEST_STEP][PASSED] - waitForElementClickable: Object 'Object Repository/Servicio/input_Prestaciones' is clickable

2018-10-30 13:28:12 - [MESSAGE][PASSED] - Object 'Object Repository/Servicio/input_Prestaciones' is clickable

2018-10-30 13:28:12 - [TEST_STEP][PASSED] - setText: Text '250102' is set on object 'Object Repository/Servicio/input_Prestaciones'

2018-10-30 13:28:13 - [MESSAGE][PASSED] - Text '250102' is set on object 'Object Repository/Servicio/input_Prestaciones'

2018-10-30 13:28:13 - [TEST_STEP][PASSED] - Statement - selectOptionAutocomplete(): null

2018-10-30 13:28:13 - [TEST_STEP][PASSED] - Statement - java.lang.Thread.sleep(5000): null

2018-10-30 13:28:18 - [TEST_STEP][PASSED] - Statement - to = com.kms.katalon.core.testobject.ObjectRepository.findTestObject(Servicio/autocomplete_input): Finding Test Object with id 'Object Repository/Servicio/iframe_Genesis Cobertura'

2018-10-30 13:28:18 - [TEST_STEP][PASSED] - click: Object: 'Object Repository/Servicio/autocomplete_input' is clicked on

2018-10-30 13:28:20 - [MESSAGE][PASSED] - Object: 'Object Repository/Servicio/autocomplete_input' is clicked on

2018-10-30 13:28:20 - [TEST_STEP][PASSED] - selectOptionByValue: All options with value 'A' are selected in object 'Object Repository/Servicio/select_Contexto' 

2018-10-30 13:28:21 - [MESSAGE][PASSED] - All options with value 'A' are selected in object 'Object Repository/Servicio/select_Contexto' 

2018-10-30 13:28:21 - [TEST_STEP][PASSED] - click: Object: 'Object Repository/Servicio/btnEditarDomicilio' is clicked on

2018-10-30 13:28:23 - [MESSAGE][PASSED] - Object: 'Object Repository/Servicio/btnEditarDomicilio' is clicked on

2018-10-30 13:28:23 - [TEST_STEP][PASSED] - waitForElementPresent: Object 'Object Repository/Servicio/select_Provincia' is present

2018-10-30 13:28:23 - [MESSAGE][PASSED] - Object 'Object Repository/Servicio/select_Provincia' is present

2018-10-30 13:28:23 - [TEST_STEP][PASSED] - selectOptionByValue: All options with value 'SANTA FE' are selected in object 'Object Repository/Servicio/select_Provincia' 

2018-10-30 13:28:24 - [MESSAGE][PASSED] - All options with value 'SANTA FE' are selected in object 'Object Repository/Servicio/select_Provincia' 

2018-10-30 13:28:24 - [TEST_STEP][PASSED] - sendKeys: Keys 'ROSARIO' sent to object: 'Object Repository/Servicio/input_Localidad'

2018-10-30 13:28:25 - [MESSAGE][PASSED] - Keys 'ROSARIO' sent to object: 'Object Repository/Servicio/input_Localidad'

2018-10-30 13:28:25 - [TEST_STEP][PASSED] - Statement - java.lang.Thread.sleep(3000): null

2018-10-30 13:28:28 - [TEST_STEP][PASSED] - sendKeys: Keys 'TAB + ' sent to object: 'Object Repository/Servicio/input_Localidad'

2018-10-30 13:28:29 - [MESSAGE][PASSED] - Keys 'TAB + ' sent to object: 'Object Repository/Servicio/input_Localidad'

2018-10-30 13:28:29 - [TEST_STEP][PASSED] - sendKeys: Keys 'ITALIA' sent to object: 'Object Repository/Servicio/input_Calle'

2018-10-30 13:28:30 - [MESSAGE][PASSED] - Keys 'ITALIA' sent to object: 'Object Repository/Servicio/input_Calle'

2018-10-30 13:28:30 - [TEST_STEP][PASSED] - Statement - java.lang.Thread.sleep(3000): null

2018-10-30 13:28:33 - [TEST_STEP][PASSED] - sendKeys: Keys 'TAB + ' sent to object: 'Object Repository/Servicio/input_Calle'

2018-10-30 13:28:33 - [MESSAGE][PASSED] - Keys 'TAB + ' sent to object: 'Object Repository/Servicio/input_Calle'

2018-10-30 13:28:34 - [TEST_STEP][PASSED] - Statement - java.lang.Thread.sleep(3000): null

2018-10-30 13:28:37 - [TEST_STEP][PASSED] - sendKeys: Keys '440' sent to object: 'Object Repository/Servicio/input_Altura'

2018-10-30 13:28:37 - [MESSAGE][PASSED] - Keys '440' sent to object: 'Object Repository/Servicio/input_Altura'

2018-10-30 13:28:37 - [TEST_STEP][PASSED] - click: Object: 'Object Repository/Servicio/btnSeleccionar' is clicked on

2018-10-30 13:28:39 - [MESSAGE][PASSED] - Object: 'Object Repository/Servicio/btnSeleccionar' is clicked on

2018-10-30 13:28:39 - [TEST_STEP][PASSED] - Statement - java.lang.Thread.sleep(3000): null

2018-10-30 13:28:42 - [TEST_STEP][PASSED] - click: Object: 'Object Repository/Servicio/btnBuscar' is clicked on

2018-10-30 13:28:43 - [MESSAGE][PASSED] - Object: 'Object Repository/Servicio/btnBuscar' is clicked on

2018-10-30 13:28:44 - [TEST_STEP][PASSED] - waitForElementPresent: Object 'Object Repository/Servicio/div_Listado' is present

2018-10-30 13:28:44 - [MESSAGE][PASSED] - Object 'Object Repository/Servicio/div_Listado' is present

2018-10-30 13:28:44 - [TEST_STEP][PASSED] - click: Object: 'Object Repository/Servicio/check_ResultadoListado' is clicked on

2018-10-30 13:28:53 - [MESSAGE][PASSED] - Object: 'Object Repository/Servicio/check_ResultadoListado' is clicked on

2018-10-30 13:28:53 - [TEST_STEP][PASSED] - click: Object: 'Object Repository/Servicio/btnRegistrar' is clicked on

2018-10-30 13:28:55 - [MESSAGE][PASSED] - Object: 'Object Repository/Servicio/btnRegistrar' is clicked on

2018-10-30 13:28:55 - [TEST_STEP][PASSED] - waitForElementClickable: Object 'Object Repository/Servicio/btnCerrarDomicilio' is clickable

2018-10-30 13:28:56 - [MESSAGE][PASSED] - Object 'Object Repository/Servicio/btnCerrarDomicilio' is clickable

2018-10-30 13:28:56 - [TEST_STEP][PASSED] - Statement - java.lang.Thread.sleep(3000): null

2018-10-30 13:28:59 - [TEST_STEP][PASSED] - click: Object: 'Object Repository/Servicio/btnCerrarDomicilio' is clicked on

2018-10-30 13:29:00 - [MESSAGE][PASSED] - Object: 'Object Repository/Servicio/btnCerrarDomicilio' is clicked on

2018-10-30 13:29:00 - [TEST_STEP][PASSED] - click: Object: 'Object Repository/Servicio/btnEnviarCorreo' is clicked on

2018-10-30 13:29:02 - [MESSAGE][PASSED] - Object: 'Object Repository/Servicio/btnEnviarCorreo' is clicked on

2018-10-30 13:29:02 - [TEST_STEP][PASSED] - waitForElementPresent: Object 'Object Repository/Servicio/input_Correo' is present

2018-10-30 13:29:03 - [MESSAGE][PASSED] - Object 'Object Repository/Servicio/input_Correo' is present

2018-10-30 13:29:03 - [TEST_STEP][PASSED] - sendKeys: Keys 'ntedesco@sms-latam.com' sent to object: 'Object Repository/Servicio/input_Correo'

2018-10-30 13:29:03 - [MESSAGE][PASSED] - Keys 'ntedesco@sms-latam.com' sent to object: 'Object Repository/Servicio/input_Correo'

2018-10-30 13:29:04 - [TEST_STEP][PASSED] - click: Object: 'Object Repository/Servicio/btnEnviar' is clicked on

2018-10-30 13:29:05 - [MESSAGE][PASSED] - Object: 'Object Repository/Servicio/btnEnviar' is clicked on

2018-10-30 13:29:05 - [TEST_STEP][PASSED] - Statement - java.lang.Thread.sleep(3000): null

2018-10-30 13:29:08 - [TEST_STEP][PASSED] - waitForElementClickable: Object 'Object Repository/Servicio/btnImprimir' is clickable

2018-10-30 13:29:09 - [MESSAGE][PASSED] - Object 'Object Repository/Servicio/btnImprimir' is clickable

2018-10-30 13:29:09 - [TEST_STEP][PASSED] - click: Object: 'Object Repository/Servicio/btnImprimir' is clicked on

2018-10-30 13:29:10 - [MESSAGE][PASSED] - Object: 'Object Repository/Servicio/btnImprimir' is clicked on

2018-10-30 13:29:10 - [TEST_STEP][PASSED] - waitForElementClickable: Object 'Object Repository/Servicio/btnCerrarPopUpPdf' is clickable

2018-10-30 13:29:11 - [MESSAGE][PASSED] - Object 'Object Repository/Servicio/btnCerrarPopUpPdf' is clickable

2018-10-30 13:29:11 - [TEST_STEP][PASSED] - Statement - java.lang.Thread.sleep(3000): null

2018-10-30 13:29:14 - [TEST_STEP][PASSED] - click: Object: 'Object Repository/Servicio/btnCerrarPopUpPdf' is clicked on

2018-10-30 13:29:16 - [MESSAGE][PASSED] - Object: 'Object Repository/Servicio/btnCerrarPopUpPdf' is clicked on

2018-10-30 13:29:16 - [TEST_STEP][PASSED] - waitForElementClickable: Object 'Object Repository/Servicio/div_InfoPrestacion' is clickable

2018-10-30 13:29:16 - [MESSAGE][PASSED] - Object 'Object Repository/Servicio/div_InfoPrestacion' is clickable

2018-10-30 13:29:17 - [TEST_STEP][PASSED] - Statement - java.lang.Thread.sleep(3000): null

2018-10-30 13:29:20 - [TEST_STEP][PASSED] - click: Object: 'Object Repository/Servicio/div_InfoPrestacion' is clicked on

2018-10-30 13:29:21 - [MESSAGE][PASSED] - Object: 'Object Repository/Servicio/div_InfoPrestacion' is clicked on

2018-10-30 13:29:21 - [TEST_STEP][PASSED] - waitForElementClickable: Object 'Object Repository/Servicio/span_InfoPrestacion' is clickable

2018-10-30 13:29:22 - [MESSAGE][PASSED] - Object 'Object Repository/Servicio/span_InfoPrestacion' is clickable

2018-10-30 13:29:22 - [TEST_STEP][PASSED] - click: Object: 'Object Repository/Servicio/span_InfoPrestacion' is clicked on

2018-10-30 13:29:23 - [MESSAGE][PASSED] - Object: 'Object Repository/Servicio/span_InfoPrestacion' is clicked on

2018-10-30 13:29:24 - [TEST_STEP][PASSED] - Statement - verificarCargaInformacion(): null

2018-10-30 13:29:24 - [TEST_STEP][PASSED] - Statement - Try: null

2018-10-30 13:29:24 - [TEST_STEP][PASSED] - waitForElementPresent: Object 'Object Repository/Servicio/form_InformacionPrestacion' is present

2018-10-30 13:29:27 - [MESSAGE][PASSED] - Object 'Object Repository/Servicio/form_InformacionPrestacion' is present

2018-10-30 13:29:27 - [TEST_STEP][PASSED] - Statement - out.println("Se carga correctamente formulario de prestacion"): null

2018-10-30 13:29:27 - [TEST_STEP][PASSED] - click: Object: 'Object Repository/Servicio/btnVolver' is clicked on

2018-10-30 13:29:28 - [MESSAGE][PASSED] - Object: 'Object Repository/Servicio/btnVolver' is clicked on

2018-10-30 13:29:29 - [TEST_STEP][PASSED] - Statement - tearDown(): null

2018-10-30 13:29:29 - [TEST_STEP][PASSED] - closeBrowser: Browser is closed

2018-10-30 13:29:29 - [MESSAGE][PASSED] - Browser is closed]]></system-out>
         <system-err><![CDATA[]]></system-err>
      </testcase>
      <testcase name="Test Cases/Test Buscar Prestadores - Zona" classname="Test Cases/Test Buscar Prestadores - Zona" status="FAILED">
         <failure type="FAILED" message="(Stack trace: com.kms.katalon.core.exception.StepFailedException: Unable to click on object 'Object Repository/Servicio/span_InfoPrestacion' (Root cause: org.openqa.selenium.ElementNotInteractableException: Cannot click on element
Build info: version: '3.7.1', revision: '8a0099a', time: '2017-11-06T21:07:36.161Z'
System info: host: 'SMSL044', ip: '100.1.10.100', os.name: 'Windows 10', os.arch: 'x86', os.version: '10.0', java.version: '1.8.0_181'
Driver info: com.kms.katalon.selenium.driver.CInternetExplorerDriver
Capabilities {acceptInsecureCerts: false, browserName: internet explorer, browserVersion: 11, javascriptEnabled: true, pageLoadStrategy: normal, platform: WINDOWS, platformName: WINDOWS, se:ieOptions: {browserAttachTimeout: 0, elementScrollBehavior: 0, enablePersistentHover: true, ie.browserCommandLineSwitches: , ie.ensureCleanSession: false, ie.fileUploadDialogTimeout: 3000, ie.forceCreateProcessApi: false, ignoreProtectedModeSettings: false, ignoreZoomSetting: false, initialBrowserUrl: http://localhost:25469/, nativeEvents: true, requireWindowFocus: false}, setWindowRect: true}
Session ID: 5f34e7d2-0e5d-4cd6-8be5-db96cf3f7146)
	at com.kms.katalon.core.keyword.internal.KeywordMain.stepFailed(KeywordMain.groovy:36)
	at com.kms.katalon.core.webui.keyword.internal.WebUIKeywordMain.stepFailed(WebUIKeywordMain.groovy:65)
	at com.kms.katalon.core.webui.keyword.internal.WebUIKeywordMain.runKeyword(WebUIKeywordMain.groovy:27)
	at com.kms.katalon.core.webui.keyword.builtin.ClickKeyword.click(ClickKeyword.groovy:86)
	at com.kms.katalon.core.webui.keyword.builtin.ClickKeyword.execute(ClickKeyword.groovy:67)
	at com.kms.katalon.core.keyword.internal.KeywordExecutor.executeKeywordForPlatform(KeywordExecutor.groovy:53)
	at com.kms.katalon.core.webui.keyword.WebUiBuiltInKeywords.click(WebUiBuiltInKeywords.groovy:616)
	at com.kms.katalon.core.webui.keyword.WebUiBuiltInKeywords$click$4.call(Unknown Source)
	at org.codehaus.groovy.runtime.callsite.CallSiteArray.defaultCall(CallSiteArray.java:48)
	at org.codehaus.groovy.runtime.callsite.AbstractCallSite.call(AbstractCallSite.java:113)
	at org.codehaus.groovy.runtime.callsite.AbstractCallSite.call(AbstractCallSite.java:125)
	at Script1540395003759.run(Script1540395003759.groovy:147)
	at com.kms.katalon.core.main.ScriptEngine.run(ScriptEngine.java:183)
	at com.kms.katalon.core.main.ScriptEngine.runScriptAsRawText(ScriptEngine.java:108)
	at com.kms.katalon.core.main.TestCaseExecutor.runScript(TestCaseExecutor.java:294)
	at com.kms.katalon.core.main.TestCaseExecutor.doExecute(TestCaseExecutor.java:285)
	at com.kms.katalon.core.main.TestCaseExecutor.processExecutionPhase(TestCaseExecutor.java:264)
	at com.kms.katalon.core.main.TestCaseExecutor.accessMainPhase(TestCaseExecutor.java:256)
	at com.kms.katalon.core.main.TestCaseExecutor.execute(TestCaseExecutor.java:200)
	at com.kms.katalon.core.main.TestSuiteExecutor.accessTestCaseMainPhase(TestSuiteExecutor.java:129)
	at com.kms.katalon.core.main.TestSuiteExecutor.accessTestSuiteMainPhase(TestSuiteExecutor.java:112)
	at com.kms.katalon.core.main.TestSuiteExecutor.execute(TestSuiteExecutor.java:81)
	at com.kms.katalon.core.main.TestCaseMain.startTestSuite(TestCaseMain.java:142)
	at com.kms.katalon.core.main.TestCaseMain$startTestSuite$0.call(Unknown Source)
	at org.codehaus.groovy.runtime.callsite.CallSiteArray.defaultCall(CallSiteArray.java:48)
	at org.codehaus.groovy.runtime.callsite.AbstractCallSite.call(AbstractCallSite.java:113)
	at org.codehaus.groovy.runtime.callsite.AbstractCallSite.call(AbstractCallSite.java:141)
	at TempTestSuite1540916760005.run(TempTestSuite1540916760005.groovy:36)
	at groovy.lang.GroovyShell.runScriptOrMainOrTestOrRunnable(GroovyShell.java:263)
	at groovy.lang.GroovyShell.run(GroovyShell.java:518)
	at groovy.lang.GroovyShell.run(GroovyShell.java:507)
	at groovy.ui.GroovyMain.processOnce(GroovyMain.java:653)
	at groovy.ui.GroovyMain.run(GroovyMain.java:384)
	at groovy.ui.GroovyMain.process(GroovyMain.java:370)
	at groovy.ui.GroovyMain.processArgs(GroovyMain.java:129)
	at groovy.ui.GroovyMain.main(GroovyMain.java:109)
	at sun.reflect.NativeMethodAccessorImpl.invoke0(Native Method)
	at sun.reflect.NativeMethodAccessorImpl.invoke(NativeMethodAccessorImpl.java:62)
	at sun.reflect.DelegatingMethodAccessorImpl.invoke(DelegatingMethodAccessorImpl.java:43)
	at java.lang.reflect.Method.invoke(Method.java:498)
	at org.codehaus.groovy.tools.GroovyStarter.rootLoader(GroovyStarter.java:109)
	at org.codehaus.groovy.tools.GroovyStarter.main(GroovyStarter.java:131)
)"/>
         <system-out><![CDATA[2018-10-30 13:29:29 - [TEST_CASE][FAILED] - Test Cases/Test Buscar Prestadores - Zona: Test Cases/Test Buscar Prestadores - Zona FAILED because (of) (Stack trace: com.kms.katalon.core.exception.StepFailedException: Unable to click on object 'Object Repository/Servicio/span_InfoPrestacion' (Root cause: org.openqa.selenium.ElementNotInteractableException: Cannot click on element
Build info: version: '3.7.1', revision: '8a0099a', time: '2017-11-06T21:07:36.161Z'
System info: host: 'SMSL044', ip: '100.1.10.100', os.name: 'Windows 10', os.arch: 'x86', os.version: '10.0', java.version: '1.8.0_181'
Driver info: com.kms.katalon.selenium.driver.CInternetExplorerDriver
Capabilities {acceptInsecureCerts: false, browserName: internet explorer, browserVersion: 11, javascriptEnabled: true, pageLoadStrategy: normal, platform: WINDOWS, platformName: WINDOWS, se:ieOptions: {browserAttachTimeout: 0, elementScrollBehavior: 0, enablePersistentHover: true, ie.browserCommandLineSwitches: , ie.ensureCleanSession: false, ie.fileUploadDialogTimeout: 3000, ie.forceCreateProcessApi: false, ignoreProtectedModeSettings: false, ignoreZoomSetting: false, initialBrowserUrl: http://localhost:25469/, nativeEvents: true, requireWindowFocus: false}, setWindowRect: true}
Session ID: 5f34e7d2-0e5d-4cd6-8be5-db96cf3f7146)
	at com.kms.katalon.core.keyword.internal.KeywordMain.stepFailed(KeywordMain.groovy:36)
	at com.kms.katalon.core.webui.keyword.internal.WebUIKeywordMain.stepFailed(WebUIKeywordMain.groovy:65)
	at com.kms.katalon.core.webui.keyword.internal.WebUIKeywordMain.runKeyword(WebUIKeywordMain.groovy:27)
	at com.kms.katalon.core.webui.keyword.builtin.ClickKeyword.click(ClickKeyword.groovy:86)
	at com.kms.katalon.core.webui.keyword.builtin.ClickKeyword.execute(ClickKeyword.groovy:67)
	at com.kms.katalon.core.keyword.internal.KeywordExecutor.executeKeywordForPlatform(KeywordExecutor.groovy:53)
	at com.kms.katalon.core.webui.keyword.WebUiBuiltInKeywords.click(WebUiBuiltInKeywords.groovy:616)
	at com.kms.katalon.core.webui.keyword.WebUiBuiltInKeywords$click$4.call(Unknown Source)
	at org.codehaus.groovy.runtime.callsite.CallSiteArray.defaultCall(CallSiteArray.java:48)
	at org.codehaus.groovy.runtime.callsite.AbstractCallSite.call(AbstractCallSite.java:113)
	at org.codehaus.groovy.runtime.callsite.AbstractCallSite.call(AbstractCallSite.java:125)
	at Script1540395003759.run(Script1540395003759.groovy:147)
	at com.kms.katalon.core.main.ScriptEngine.run(ScriptEngine.java:183)
	at com.kms.katalon.core.main.ScriptEngine.runScriptAsRawText(ScriptEngine.java:108)
	at com.kms.katalon.core.main.TestCaseExecutor.runScript(TestCaseExecutor.java:294)
	at com.kms.katalon.core.main.TestCaseExecutor.doExecute(TestCaseExecutor.java:285)
	at com.kms.katalon.core.main.TestCaseExecutor.processExecutionPhase(TestCaseExecutor.java:264)
	at com.kms.katalon.core.main.TestCaseExecutor.accessMainPhase(TestCaseExecutor.java:256)
	at com.kms.katalon.core.main.TestCaseExecutor.execute(TestCaseExecutor.java:200)
	at com.kms.katalon.core.main.TestSuiteExecutor.accessTestCaseMainPhase(TestSuiteExecutor.java:129)
	at com.kms.katalon.core.main.TestSuiteExecutor.accessTestSuiteMainPhase(TestSuiteExecutor.java:112)
	at com.kms.katalon.core.main.TestSuiteExecutor.execute(TestSuiteExecutor.java:81)
	at com.kms.katalon.core.main.TestCaseMain.startTestSuite(TestCaseMain.java:142)
	at com.kms.katalon.core.main.TestCaseMain$startTestSuite$0.call(Unknown Source)
	at org.codehaus.groovy.runtime.callsite.CallSiteArray.defaultCall(CallSiteArray.java:48)
	at org.codehaus.groovy.runtime.callsite.AbstractCallSite.call(AbstractCallSite.java:113)
	at org.codehaus.groovy.runtime.callsite.AbstractCallSite.call(AbstractCallSite.java:141)
	at TempTestSuite1540916760005.run(TempTestSuite1540916760005.groovy:36)
	at groovy.lang.GroovyShell.runScriptOrMainOrTestOrRunnable(GroovyShell.java:263)
	at groovy.lang.GroovyShell.run(GroovyShell.java:518)
	at groovy.lang.GroovyShell.run(GroovyShell.java:507)
	at groovy.ui.GroovyMain.processOnce(GroovyMain.java:653)
	at groovy.ui.GroovyMain.run(GroovyMain.java:384)
	at groovy.ui.GroovyMain.process(GroovyMain.java:370)
	at groovy.ui.GroovyMain.processArgs(GroovyMain.java:129)
	at groovy.ui.GroovyMain.main(GroovyMain.java:109)
	at sun.reflect.NativeMethodAccessorImpl.invoke0(Native Method)
	at sun.reflect.NativeMethodAccessorImpl.invoke(NativeMethodAccessorImpl.java:62)
	at sun.reflect.DelegatingMethodAccessorImpl.invoke(DelegatingMethodAccessorImpl.java:43)
	at java.lang.reflect.Method.invoke(Method.java:498)
	at org.codehaus.groovy.tools.GroovyStarter.rootLoader(GroovyStarter.java:109)
	at org.codehaus.groovy.tools.GroovyStarter.main(GroovyStarter.java:131)
)

2018-10-30 13:29:31 - [TEST_STEP][PASSED] - openBrowser: Browser is opened with url: 'null'

2018-10-30 13:29:33 - [MESSAGE][PASSED] - Browser is opened with url: 'null'

2018-10-30 13:29:33 - [TEST_STEP][PASSED] - navigateToUrl: Navigate to 'https://test.intranet.osde/IV3/' successfully

2018-10-30 13:29:33 - [MESSAGE][PASSED] - Navigate to 'https://test.intranet.osde/IV3/' successfully

2018-10-30 13:29:33 - [TEST_STEP][PASSED] - maximizeWindow: Current window maximized

2018-10-30 13:29:33 - [MESSAGE][PASSED] - Current window maximized

2018-10-30 13:29:33 - [TEST_STEP][PASSED] - waitForElementClickable: Web element with id: 'Object Repository/Login_OSDE Intranet/coUsser' located by 'By.xpath: //input[@id='usuario']' not found

2018-10-30 13:29:52 - [MESSAGE][WARNING] - Web element with id: 'Object Repository/Login_OSDE Intranet/coUsser' located by 'By.xpath: //input[@id='usuario']' not found

2018-10-30 13:29:52 - [TEST_STEP][PASSED] - setText: Text 'SS36739794' is set on object 'Object Repository/Login_OSDE Intranet/coUsser'

2018-10-30 13:30:03 - [MESSAGE][PASSED] - Text 'SS36739794' is set on object 'Object Repository/Login_OSDE Intranet/coUsser'

2018-10-30 13:30:03 - [TEST_STEP][PASSED] - setText: Text 'intranet09' is set on object 'Object Repository/Login_OSDE Intranet/coPassword'

2018-10-30 13:30:04 - [MESSAGE][PASSED] - Text 'intranet09' is set on object 'Object Repository/Login_OSDE Intranet/coPassword'

2018-10-30 13:30:04 - [TEST_STEP][PASSED] - click: Object: 'Object Repository/Login_OSDE Intranet/btnIngresar' is clicked on

2018-10-30 13:30:08 - [MESSAGE][PASSED] - Object: 'Object Repository/Login_OSDE Intranet/btnIngresar' is clicked on

2018-10-30 13:30:08 - [TEST_STEP][PASSED] - waitForElementPresent: Object 'Object Repository/Home_OSDE Intranet V3/a_Mis Herramientas' is present

2018-10-30 13:30:08 - [MESSAGE][PASSED] - Object 'Object Repository/Home_OSDE Intranet V3/a_Mis Herramientas' is present

2018-10-30 13:30:08 - [TEST_STEP][PASSED] - click: Object: 'Object Repository/Home_OSDE Intranet V3/a_Mis Herramientas' is clicked on

2018-10-30 13:30:10 - [MESSAGE][PASSED] - Object: 'Object Repository/Home_OSDE Intranet V3/a_Mis Herramientas' is clicked on

2018-10-30 13:30:10 - [TEST_STEP][PASSED] - waitForElementPresent: Object 'Object Repository/Home_OSDE Intranet V3/iframe_MIS HERRAMIENTAS_frmMis' is present

2018-10-30 13:30:10 - [MESSAGE][WARNING] - Timeout '0' is invalid. Using default page load timeout: '30'

2018-10-30 13:30:10 - [MESSAGE][WARNING] - Timeout '0' is invalid. Using default page load timeout: '30'

2018-10-30 13:30:10 - [MESSAGE][PASSED] - Object 'Object Repository/Home_OSDE Intranet V3/iframe_MIS HERRAMIENTAS_frmMis' is present

2018-10-30 13:30:11 - [TEST_STEP][PASSED] - click: Object: 'Object Repository/Home_OSDE Intranet V3/td_Portal Corporativo' is clicked on

2018-10-30 13:30:13 - [MESSAGE][PASSED] - Object: 'Object Repository/Home_OSDE Intranet V3/td_Portal Corporativo' is clicked on

2018-10-30 13:30:13 - [TEST_STEP][PASSED] - switchToWindowUrl: Switched to window with url: 'http://tlnxwas30.intranet.osde:11780/portalFrontend/login.do'

2018-10-30 13:30:16 - [MESSAGE][PASSED] - Switched to window with url: 'http://tlnxwas30.intranet.osde:11780/portalFrontend/login.do'

2018-10-30 13:30:16 - [TEST_STEP][PASSED] - waitForElementVisible: Object 'Object Repository/Portal_Inicial/select_apiPortalDesarrolloport' is visible

2018-10-30 13:30:17 - [MESSAGE][PASSED] - Object 'Object Repository/Portal_Inicial/select_apiPortalDesarrolloport' is visible

2018-10-30 13:30:17 - [TEST_STEP][PASSED] - selectOptionByValue: All options with value 'suaPortal' are selected in object 'Object Repository/Portal_Inicial/select_apiPortalDesarrolloport' 

2018-10-30 13:30:20 - [MESSAGE][PASSED] - All options with value 'suaPortal' are selected in object 'Object Repository/Portal_Inicial/select_apiPortalDesarrolloport' 

2018-10-30 13:30:20 - [TEST_STEP][PASSED] - Statement - verifyIsPortalOpen(): null

2018-10-30 13:30:20 - [TEST_STEP][PASSED] - Statement - Try: Object 'Object Repository/Portal_Home/input_BsquedaDetallada' is clickable

2018-10-30 13:30:20 - [TEST_STEP][PASSED] - Statement - java.lang.Thread.sleep(20000): null

2018-10-30 13:30:40 - [TEST_STEP][PASSED] - waitForElementClickable: Object 'Object Repository/Portal_Home/input_BsquedaDetallada' is clickable

2018-10-30 13:30:40 - [MESSAGE][PASSED] - Object 'Object Repository/Portal_Home/input_BsquedaDetallada' is clickable

2018-10-30 13:30:40 - [TEST_STEP][PASSED] - setText: Text '60609272102 ' is set on object 'Object Repository/Portal_Home/input_BsquedaDetallada'

2018-10-30 13:30:41 - [MESSAGE][PASSED] - Text '60609272102 ' is set on object 'Object Repository/Portal_Home/input_BsquedaDetallada'

2018-10-30 13:30:41 - [TEST_STEP][PASSED] - click: Object: 'Object Repository/Portal_Home/btn_BsquedaDetallada' is clicked on

2018-10-30 13:30:42 - [MESSAGE][PASSED] - Object: 'Object Repository/Portal_Home/btn_BsquedaDetallada' is clicked on

2018-10-30 13:30:42 - [TEST_STEP][PASSED] - waitForElementPresent: Object 'Object Repository/Portal_Home/div_suaCaracteristicasSujeto' is present

2018-10-30 13:30:43 - [MESSAGE][PASSED] - Object 'Object Repository/Portal_Home/div_suaCaracteristicasSujeto' is present

2018-10-30 13:30:43 - [TEST_STEP][PASSED] - click: Object: 'Object Repository/Portal_Home/div_collapsableLeftContainer' is clicked on

2018-10-30 13:30:46 - [MESSAGE][PASSED] - Object: 'Object Repository/Portal_Home/div_collapsableLeftContainer' is clicked on

2018-10-30 13:30:46 - [TEST_STEP][PASSED] - waitForElementVisible: Object 'Object Repository/Portal_Home/btn_servicesTreeOpen' is visible

2018-10-30 13:30:48 - [MESSAGE][PASSED] - Object 'Object Repository/Portal_Home/btn_servicesTreeOpen' is visible

2018-10-30 13:30:48 - [TEST_STEP][PASSED] - click: Object: 'Object Repository/Portal_Home/btn_servicesTreeOpen' is clicked on

2018-10-30 13:30:49 - [MESSAGE][PASSED] - Object: 'Object Repository/Portal_Home/btn_servicesTreeOpen' is clicked on

2018-10-30 13:30:49 - [TEST_STEP][PASSED] - waitForElementVisible: Object 'Object Repository/Portal_Home/a_Servicios' is visible

2018-10-30 13:30:50 - [MESSAGE][PASSED] - Object 'Object Repository/Portal_Home/a_Servicios' is visible

2018-10-30 13:30:50 - [TEST_STEP][PASSED] - click: Object: 'Object Repository/Portal_Home/a_Servicios' is clicked on

2018-10-30 13:30:51 - [MESSAGE][PASSED] - Object: 'Object Repository/Portal_Home/a_Servicios' is clicked on

2018-10-30 13:30:51 - [TEST_STEP][PASSED] - Statement - abrirServicio(G_Servicio, com.kms.katalon.core.webui.driver.DriverFactory.getWebDriver()): null

2018-10-30 13:30:51 - [TEST_STEP][PASSED] - Statement - Try: null

2018-10-30 13:30:51 - [TEST_STEP][PASSED] - Statement - element = driver.findElement(org.openqa.selenium.By.id("accordionMenuApi")): null

2018-10-30 13:30:51 - [TEST_STEP][PASSED] - Statement - lstRegistro = element.findElements(org.openqa.selenium.By.xpath("//div[contains(@class, 'treeMenuElement ellipsis_text')]")): null

2018-10-30 13:30:53 - [TEST_STEP][PASSED] - Statement - For (org.openqa.selenium.WebElement Registro : lstRegistro): null

2018-10-30 13:30:53 - [TEST_STEP][PASSED] - Statement - itemsServicio = Registro.findElements(org.openqa.selenium.By.xpath("//span[contains(@class, 'serviceSpanElement')]")): null

2018-10-30 13:30:54 - [TEST_STEP][PASSED] - Statement - For (org.openqa.selenium.WebElement item : itemsServicio): null

2018-10-30 13:30:54 - [TEST_STEP][PASSED] - Statement - If (item.getText().equals(NombreServicio)): null

2018-10-30 13:30:54 - [TEST_STEP][PASSED] - Statement - If (item.getText().equals(NombreServicio)): null

2018-10-30 13:30:54 - [TEST_STEP][PASSED] - Statement - If (item.getText().equals(NombreServicio)): null

2018-10-30 13:30:54 - [TEST_STEP][PASSED] - Statement - If (item.getText().equals(NombreServicio)): null

2018-10-30 13:30:54 - [TEST_STEP][PASSED] - Statement - If (item.getText().equals(NombreServicio)): null

2018-10-30 13:30:54 - [TEST_STEP][PASSED] - Statement - If (item.getText().equals(NombreServicio)): null

2018-10-30 13:30:54 - [TEST_STEP][PASSED] - Statement - If (item.getText().equals(NombreServicio)): null

2018-10-30 13:30:55 - [TEST_STEP][PASSED] - Statement - If (item.getText().equals(NombreServicio)): null

2018-10-30 13:30:55 - [TEST_STEP][PASSED] - Statement - If (item.getText().equals(NombreServicio)): null

2018-10-30 13:30:55 - [TEST_STEP][PASSED] - Statement - If (item.getText().equals(NombreServicio)): null

2018-10-30 13:30:55 - [TEST_STEP][PASSED] - Statement - If (item.getText().equals(NombreServicio)): null

2018-10-30 13:30:55 - [TEST_STEP][PASSED] - Statement - If (item.getText().equals(NombreServicio)): null

2018-10-30 13:30:55 - [TEST_STEP][PASSED] - Statement - If (item.getText().equals(NombreServicio)): null

2018-10-30 13:30:55 - [TEST_STEP][PASSED] - Statement - If (item.getText().equals(NombreServicio)): null

2018-10-30 13:30:55 - [TEST_STEP][PASSED] - Statement - If (item.getText().equals(NombreServicio)): null

2018-10-30 13:30:55 - [TEST_STEP][PASSED] - Statement - If (item.getText().equals(NombreServicio)): null

2018-10-30 13:30:55 - [TEST_STEP][PASSED] - Statement - If (item.getText().equals(NombreServicio)): null

2018-10-30 13:30:56 - [TEST_STEP][PASSED] - Statement - If (item.getText().equals(NombreServicio)): null

2018-10-30 13:30:56 - [TEST_STEP][PASSED] - Statement - If (item.getText().equals(NombreServicio)): null

2018-10-30 13:30:56 - [TEST_STEP][PASSED] - Statement - If (item.getText().equals(NombreServicio)): null

2018-10-30 13:30:56 - [TEST_STEP][PASSED] - Statement - If (item.getText().equals(NombreServicio)): null

2018-10-30 13:30:56 - [TEST_STEP][PASSED] - Statement - If (item.getText().equals(NombreServicio)): null

2018-10-30 13:30:56 - [TEST_STEP][PASSED] - Statement - If (item.getText().equals(NombreServicio)): null

2018-10-30 13:30:56 - [TEST_STEP][PASSED] - Statement - If (item.getText().equals(NombreServicio)): null

2018-10-30 13:30:56 - [TEST_STEP][PASSED] - Statement - If (item.getText().equals(NombreServicio)): null

2018-10-30 13:30:57 - [TEST_STEP][PASSED] - Statement - If (item.getText().equals(NombreServicio)): null

2018-10-30 13:30:57 - [TEST_STEP][PASSED] - Statement - If (item.getText().equals(NombreServicio)): null

2018-10-30 13:30:57 - [TEST_STEP][PASSED] - Statement - If (item.getText().equals(NombreServicio)): null

2018-10-30 13:30:57 - [TEST_STEP][PASSED] - Statement - If (item.getText().equals(NombreServicio)): null

2018-10-30 13:30:57 - [TEST_STEP][PASSED] - Statement - If (item.getText().equals(NombreServicio)): null

2018-10-30 13:30:57 - [TEST_STEP][PASSED] - Statement - If (item.getText().equals(NombreServicio)): null

2018-10-30 13:30:57 - [TEST_STEP][PASSED] - Statement - If (item.getText().equals(NombreServicio)): null

2018-10-30 13:30:57 - [TEST_STEP][PASSED] - Statement - If (item.getText().equals(NombreServicio)): null

2018-10-30 13:30:57 - [TEST_STEP][PASSED] - Statement - If (item.getText().equals(NombreServicio)): null

2018-10-30 13:30:58 - [TEST_STEP][PASSED] - Statement - If (item.getText().equals(NombreServicio)): null

2018-10-30 13:30:58 - [TEST_STEP][PASSED] - Statement - If (item.getText().equals(NombreServicio)): null

2018-10-30 13:30:58 - [TEST_STEP][PASSED] - Statement - If (item.getText().equals(NombreServicio)): null

2018-10-30 13:30:58 - [TEST_STEP][PASSED] - Statement - If (item.getText().equals(NombreServicio)): null

2018-10-30 13:30:58 - [TEST_STEP][PASSED] - Statement - If (item.getText().equals(NombreServicio)): null

2018-10-30 13:30:58 - [TEST_STEP][PASSED] - Statement - If (item.getText().equals(NombreServicio)): null

2018-10-30 13:30:58 - [TEST_STEP][PASSED] - Statement - If (item.getText().equals(NombreServicio)): null

2018-10-30 13:30:58 - [TEST_STEP][PASSED] - Statement - If (item.getText().equals(NombreServicio)): null

2018-10-30 13:30:58 - [TEST_STEP][PASSED] - Statement - If (item.getText().equals(NombreServicio)): null

2018-10-30 13:30:59 - [TEST_STEP][PASSED] - Statement - If (item.getText().equals(NombreServicio)): null

2018-10-30 13:30:59 - [TEST_STEP][PASSED] - Statement - If (item.getText().equals(NombreServicio)): null

2018-10-30 13:30:59 - [TEST_STEP][PASSED] - Statement - If (item.getText().equals(NombreServicio)): null

2018-10-30 13:30:59 - [TEST_STEP][PASSED] - Statement - If (item.getText().equals(NombreServicio)): null

2018-10-30 13:30:59 - [TEST_STEP][PASSED] - Statement - If (item.getText().equals(NombreServicio)): null

2018-10-30 13:30:59 - [TEST_STEP][PASSED] - Statement - If (item.getText().equals(NombreServicio)): null

2018-10-30 13:30:59 - [TEST_STEP][PASSED] - Statement - If (item.getText().equals(NombreServicio)): null

2018-10-30 13:30:59 - [TEST_STEP][PASSED] - Statement - If (item.getText().equals(NombreServicio)): null

2018-10-30 13:30:59 - [TEST_STEP][PASSED] - Statement - If (item.getText().equals(NombreServicio)): null

2018-10-30 13:30:59 - [TEST_STEP][PASSED] - Statement - If (item.getText().equals(NombreServicio)): null

2018-10-30 13:31:00 - [TEST_STEP][PASSED] - Statement - If (item.getText().equals(NombreServicio)): null

2018-10-30 13:31:00 - [TEST_STEP][PASSED] - Statement - If (item.getText().equals(NombreServicio)): null

2018-10-30 13:31:00 - [TEST_STEP][PASSED] - Statement - If (item.getText().equals(NombreServicio)): null

2018-10-30 13:31:00 - [TEST_STEP][PASSED] - Statement - If (item.getText().equals(NombreServicio)): null

2018-10-30 13:31:00 - [TEST_STEP][PASSED] - Statement - If (item.getText().equals(NombreServicio)): null

2018-10-30 13:31:00 - [TEST_STEP][PASSED] - Statement - If (item.getText().equals(NombreServicio)): null

2018-10-30 13:31:00 - [TEST_STEP][PASSED] - Statement - If (item.getText().equals(NombreServicio)): null

2018-10-30 13:31:00 - [TEST_STEP][PASSED] - Statement - If (item.getText().equals(NombreServicio)): null

2018-10-30 13:31:00 - [TEST_STEP][PASSED] - Statement - If (item.getText().equals(NombreServicio)): null

2018-10-30 13:31:00 - [TEST_STEP][PASSED] - Statement - If (item.getText().equals(NombreServicio)): null

2018-10-30 13:31:01 - [TEST_STEP][PASSED] - Statement - If (item.getText().equals(NombreServicio)): null

2018-10-30 13:31:01 - [TEST_STEP][PASSED] - Statement - If (item.getText().equals(NombreServicio)): null

2018-10-30 13:31:01 - [TEST_STEP][PASSED] - Statement - If (item.getText().equals(NombreServicio)): null

2018-10-30 13:31:01 - [TEST_STEP][PASSED] - Statement - If (item.getText().equals(NombreServicio)): null

2018-10-30 13:31:01 - [TEST_STEP][PASSED] - Statement - If (item.getText().equals(NombreServicio)): null

2018-10-30 13:31:01 - [TEST_STEP][PASSED] - Statement - If (item.getText().equals(NombreServicio)): null

2018-10-30 13:31:01 - [TEST_STEP][PASSED] - Statement - If (item.getText().equals(NombreServicio)): null

2018-10-30 13:31:01 - [TEST_STEP][PASSED] - Statement - If (item.getText().equals(NombreServicio)): null

2018-10-30 13:31:01 - [TEST_STEP][PASSED] - Statement - If (item.getText().equals(NombreServicio)): null

2018-10-30 13:31:01 - [TEST_STEP][PASSED] - Statement - If (item.getText().equals(NombreServicio)): null

2018-10-30 13:31:02 - [TEST_STEP][PASSED] - Statement - If (item.getText().equals(NombreServicio)): null

2018-10-30 13:31:02 - [TEST_STEP][PASSED] - Statement - If (item.getText().equals(NombreServicio)): null

2018-10-30 13:31:02 - [TEST_STEP][PASSED] - Statement - If (item.getText().equals(NombreServicio)): null

2018-10-30 13:31:02 - [TEST_STEP][PASSED] - Statement - If (item.getText().equals(NombreServicio)): null

2018-10-30 13:31:02 - [TEST_STEP][PASSED] - Statement - If (item.getText().equals(NombreServicio)): null

2018-10-30 13:31:02 - [TEST_STEP][PASSED] - Statement - If (item.getText().equals(NombreServicio)): null

2018-10-30 13:31:02 - [TEST_STEP][PASSED] - Statement - If (item.getText().equals(NombreServicio)): null

2018-10-30 13:31:02 - [TEST_STEP][PASSED] - Statement - If (item.getText().equals(NombreServicio)): null

2018-10-30 13:31:02 - [TEST_STEP][PASSED] - Statement - If (item.getText().equals(NombreServicio)): null

2018-10-30 13:31:02 - [TEST_STEP][PASSED] - Statement - If (item.getText().equals(NombreServicio)): null

2018-10-30 13:31:03 - [TEST_STEP][PASSED] - Statement - If (item.getText().equals(NombreServicio)): null

2018-10-30 13:31:03 - [TEST_STEP][PASSED] - Statement - If (item.getText().equals(NombreServicio)): null

2018-10-30 13:31:03 - [TEST_STEP][PASSED] - Statement - If (item.getText().equals(NombreServicio)): null

2018-10-30 13:31:03 - [TEST_STEP][PASSED] - Statement - If (item.getText().equals(NombreServicio)): null

2018-10-30 13:31:03 - [TEST_STEP][PASSED] - Statement - If (item.getText().equals(NombreServicio)): null

2018-10-30 13:31:03 - [TEST_STEP][PASSED] - Statement - If (item.getText().equals(NombreServicio)): null

2018-10-30 13:31:03 - [TEST_STEP][PASSED] - Statement - If (item.getText().equals(NombreServicio)): null

2018-10-30 13:31:03 - [TEST_STEP][PASSED] - Statement - If (item.getText().equals(NombreServicio)): null

2018-10-30 13:31:03 - [TEST_STEP][PASSED] - Statement - If (item.getText().equals(NombreServicio)): null

2018-10-30 13:31:04 - [TEST_STEP][PASSED] - Statement - If (item.getText().equals(NombreServicio)): null

2018-10-30 13:31:04 - [TEST_STEP][PASSED] - Statement - If (item.getText().equals(NombreServicio)): null

2018-10-30 13:31:04 - [TEST_STEP][PASSED] - Statement - If (item.getText().equals(NombreServicio)): null

2018-10-30 13:31:04 - [TEST_STEP][PASSED] - Statement - If (item.getText().equals(NombreServicio)): null

2018-10-30 13:31:04 - [TEST_STEP][PASSED] - Statement - If (item.getText().equals(NombreServicio)): null

2018-10-30 13:31:04 - [TEST_STEP][PASSED] - Statement - If (item.getText().equals(NombreServicio)): null

2018-10-30 13:31:04 - [TEST_STEP][PASSED] - Statement - If (item.getText().equals(NombreServicio)): null

2018-10-30 13:31:04 - [TEST_STEP][PASSED] - Statement - If (item.getText().equals(NombreServicio)): null

2018-10-30 13:31:04 - [TEST_STEP][PASSED] - Statement - If (item.getText().equals(NombreServicio)): null

2018-10-30 13:31:04 - [TEST_STEP][PASSED] - Statement - If (item.getText().equals(NombreServicio)): null

2018-10-30 13:31:05 - [TEST_STEP][PASSED] - Statement - If (item.getText().equals(NombreServicio)): null

2018-10-30 13:31:05 - [TEST_STEP][PASSED] - Statement - If (item.getText().equals(NombreServicio)): null

2018-10-30 13:31:05 - [TEST_STEP][PASSED] - Statement - If (item.getText().equals(NombreServicio)): null

2018-10-30 13:31:05 - [TEST_STEP][PASSED] - Statement - If (item.getText().equals(NombreServicio)): null

2018-10-30 13:31:05 - [TEST_STEP][PASSED] - Statement - If (item.getText().equals(NombreServicio)): null

2018-10-30 13:31:05 - [TEST_STEP][PASSED] - Statement - If (item.getText().equals(NombreServicio)): null

2018-10-30 13:31:05 - [TEST_STEP][PASSED] - Statement - If (item.getText().equals(NombreServicio)): null

2018-10-30 13:31:05 - [TEST_STEP][PASSED] - Statement - If (item.getText().equals(NombreServicio)): null

2018-10-30 13:31:05 - [TEST_STEP][PASSED] - Statement - If (item.getText().equals(NombreServicio)): null

2018-10-30 13:31:05 - [TEST_STEP][PASSED] - Statement - If (item.getText().equals(NombreServicio)): null

2018-10-30 13:31:06 - [TEST_STEP][PASSED] - Statement - If (item.getText().equals(NombreServicio)): null

2018-10-30 13:31:06 - [TEST_STEP][PASSED] - Statement - If (item.getText().equals(NombreServicio)): null

2018-10-30 13:31:06 - [TEST_STEP][PASSED] - Statement - If (item.getText().equals(NombreServicio)): null

2018-10-30 13:31:06 - [TEST_STEP][PASSED] - Statement - If (item.getText().equals(NombreServicio)): null

2018-10-30 13:31:06 - [TEST_STEP][PASSED] - Statement - If (item.getText().equals(NombreServicio)): null

2018-10-30 13:31:06 - [TEST_STEP][PASSED] - Statement - If (item.getText().equals(NombreServicio)): null

2018-10-30 13:31:06 - [TEST_STEP][PASSED] - Statement - If (item.getText().equals(NombreServicio)): null

2018-10-30 13:31:06 - [TEST_STEP][PASSED] - Statement - If (item.getText().equals(NombreServicio)): null

2018-10-30 13:31:06 - [TEST_STEP][PASSED] - Statement - If (item.getText().equals(NombreServicio)): null

2018-10-30 13:31:06 - [TEST_STEP][PASSED] - Statement - If (item.getText().equals(NombreServicio)): null

2018-10-30 13:31:07 - [TEST_STEP][PASSED] - Statement - If (item.getText().equals(NombreServicio)): null

2018-10-30 13:31:07 - [TEST_STEP][PASSED] - Statement - If (item.getText().equals(NombreServicio)): null

2018-10-30 13:31:07 - [TEST_STEP][PASSED] - Statement - If (item.getText().equals(NombreServicio)): null

2018-10-30 13:31:07 - [TEST_STEP][PASSED] - Statement - If (item.getText().equals(NombreServicio)): null

2018-10-30 13:31:07 - [TEST_STEP][PASSED] - Statement - If (item.getText().equals(NombreServicio)): null

2018-10-30 13:31:07 - [TEST_STEP][PASSED] - Statement - If (item.getText().equals(NombreServicio)): null

2018-10-30 13:31:07 - [TEST_STEP][PASSED] - Statement - If (item.getText().equals(NombreServicio)): null

2018-10-30 13:31:07 - [TEST_STEP][PASSED] - Statement - If (item.getText().equals(NombreServicio)): null

2018-10-30 13:31:07 - [TEST_STEP][PASSED] - Statement - If (item.getText().equals(NombreServicio)): null

2018-10-30 13:31:08 - [TEST_STEP][PASSED] - Statement - If (item.getText().equals(NombreServicio)): null

2018-10-30 13:31:08 - [TEST_STEP][PASSED] - Statement - If (item.getText().equals(NombreServicio)): null

2018-10-30 13:31:08 - [TEST_STEP][PASSED] - Statement - If (item.getText().equals(NombreServicio)): null

2018-10-30 13:31:08 - [TEST_STEP][PASSED] - Statement - If (item.getText().equals(NombreServicio)): null

2018-10-30 13:31:08 - [TEST_STEP][PASSED] - Statement - If (item.getText().equals(NombreServicio)): null

2018-10-30 13:31:08 - [TEST_STEP][PASSED] - Statement - If (item.getText().equals(NombreServicio)): null

2018-10-30 13:31:08 - [TEST_STEP][PASSED] - Statement - If (item.getText().equals(NombreServicio)): null

2018-10-30 13:31:08 - [TEST_STEP][PASSED] - Statement - If (item.getText().equals(NombreServicio)): null

2018-10-30 13:31:08 - [TEST_STEP][PASSED] - Statement - If (item.getText().equals(NombreServicio)): null

2018-10-30 13:31:08 - [TEST_STEP][PASSED] - Statement - If (item.getText().equals(NombreServicio)): null

2018-10-30 13:31:09 - [TEST_STEP][PASSED] - Statement - If (item.getText().equals(NombreServicio)): null

2018-10-30 13:31:09 - [TEST_STEP][PASSED] - Statement - If (item.getText().equals(NombreServicio)): null

2018-10-30 13:31:09 - [TEST_STEP][PASSED] - Statement - If (item.getText().equals(NombreServicio)): null

2018-10-30 13:31:09 - [TEST_STEP][PASSED] - Statement - If (item.getText().equals(NombreServicio)): null

2018-10-30 13:31:09 - [TEST_STEP][PASSED] - Statement - If (item.getText().equals(NombreServicio)): null

2018-10-30 13:31:09 - [TEST_STEP][PASSED] - Statement - If (item.getText().equals(NombreServicio)): null

2018-10-30 13:31:09 - [TEST_STEP][PASSED] - Statement - If (item.getText().equals(NombreServicio)): null

2018-10-30 13:31:09 - [TEST_STEP][PASSED] - Statement - If (item.getText().equals(NombreServicio)): null

2018-10-30 13:31:09 - [TEST_STEP][PASSED] - Statement - If (item.getText().equals(NombreServicio)): null

2018-10-30 13:31:09 - [TEST_STEP][PASSED] - Statement - If (item.getText().equals(NombreServicio)): null

2018-10-30 13:31:10 - [TEST_STEP][PASSED] - Statement - If (item.getText().equals(NombreServicio)): null

2018-10-30 13:31:10 - [TEST_STEP][PASSED] - Statement - If (item.getText().equals(NombreServicio)): null

2018-10-30 13:31:10 - [TEST_STEP][PASSED] - Statement - If (item.getText().equals(NombreServicio)): null

2018-10-30 13:31:10 - [TEST_STEP][PASSED] - Statement - If (item.getText().equals(NombreServicio)): null

2018-10-30 13:31:10 - [TEST_STEP][PASSED] - Statement - If (item.getText().equals(NombreServicio)): null

2018-10-30 13:31:10 - [TEST_STEP][PASSED] - Statement - If (item.getText().equals(NombreServicio)): null

2018-10-30 13:31:10 - [TEST_STEP][PASSED] - Statement - If (item.getText().equals(NombreServicio)): null

2018-10-30 13:31:10 - [TEST_STEP][PASSED] - Statement - If (item.getText().equals(NombreServicio)): null

2018-10-30 13:31:10 - [TEST_STEP][PASSED] - Statement - If (item.getText().equals(NombreServicio)): null

2018-10-30 13:31:10 - [TEST_STEP][PASSED] - Statement - If (item.getText().equals(NombreServicio)): null

2018-10-30 13:31:11 - [TEST_STEP][PASSED] - Statement - If (item.getText().equals(NombreServicio)): null

2018-10-30 13:31:11 - [TEST_STEP][PASSED] - Statement - If (item.getText().equals(NombreServicio)): null

2018-10-30 13:31:11 - [TEST_STEP][PASSED] - Statement - If (item.getText().equals(NombreServicio)): null

2018-10-30 13:31:11 - [TEST_STEP][PASSED] - Statement - If (item.getText().equals(NombreServicio)): null

2018-10-30 13:31:11 - [TEST_STEP][PASSED] - Statement - If (item.getText().equals(NombreServicio)): null

2018-10-30 13:31:11 - [TEST_STEP][PASSED] - Statement - If (item.getText().equals(NombreServicio)): null

2018-10-30 13:31:11 - [TEST_STEP][PASSED] - Statement - If (item.getText().equals(NombreServicio)): null

2018-10-30 13:31:11 - [TEST_STEP][PASSED] - Statement - If (item.getText().equals(NombreServicio)): null

2018-10-30 13:31:11 - [TEST_STEP][PASSED] - Statement - If (item.getText().equals(NombreServicio)): null

2018-10-30 13:31:11 - [TEST_STEP][PASSED] - Statement - If (item.getText().equals(NombreServicio)): null

2018-10-30 13:31:12 - [TEST_STEP][PASSED] - Statement - If (item.getText().equals(NombreServicio)): null

2018-10-30 13:31:12 - [TEST_STEP][PASSED] - Statement - If (item.getText().equals(NombreServicio)): null

2018-10-30 13:31:12 - [TEST_STEP][PASSED] - Statement - If (item.getText().equals(NombreServicio)): null

2018-10-30 13:31:12 - [TEST_STEP][PASSED] - Statement - If (item.getText().equals(NombreServicio)): null

2018-10-30 13:31:12 - [TEST_STEP][PASSED] - Statement - If (item.getText().equals(NombreServicio)): null

2018-10-30 13:31:12 - [TEST_STEP][PASSED] - Statement - If (item.getText().equals(NombreServicio)): null

2018-10-30 13:31:12 - [TEST_STEP][PASSED] - Statement - If (item.getText().equals(NombreServicio)): null

2018-10-30 13:31:12 - [TEST_STEP][PASSED] - Statement - If (item.getText().equals(NombreServicio)): null

2018-10-30 13:31:12 - [TEST_STEP][PASSED] - Statement - If (item.getText().equals(NombreServicio)): null

2018-10-30 13:31:12 - [TEST_STEP][PASSED] - Statement - If (item.getText().equals(NombreServicio)): null

2018-10-30 13:31:13 - [TEST_STEP][PASSED] - Statement - If (item.getText().equals(NombreServicio)): null

2018-10-30 13:31:13 - [TEST_STEP][PASSED] - Statement - If (item.getText().equals(NombreServicio)): null

2018-10-30 13:31:13 - [TEST_STEP][PASSED] - Statement - If (item.getText().equals(NombreServicio)): null

2018-10-30 13:31:13 - [TEST_STEP][PASSED] - Statement - If (item.getText().equals(NombreServicio)): null

2018-10-30 13:31:13 - [TEST_STEP][PASSED] - Statement - If (item.getText().equals(NombreServicio)): null

2018-10-30 13:31:13 - [TEST_STEP][PASSED] - Statement - If (item.getText().equals(NombreServicio)): null

2018-10-30 13:31:13 - [TEST_STEP][PASSED] - Statement - If (item.getText().equals(NombreServicio)): null

2018-10-30 13:31:13 - [TEST_STEP][PASSED] - Statement - If (item.getText().equals(NombreServicio)): null

2018-10-30 13:31:13 - [TEST_STEP][PASSED] - Statement - If (item.getText().equals(NombreServicio)): null

2018-10-30 13:31:14 - [TEST_STEP][PASSED] - Statement - If (item.getText().equals(NombreServicio)): null

2018-10-30 13:31:14 - [TEST_STEP][PASSED] - Statement - If (item.getText().equals(NombreServicio)): null

2018-10-30 13:31:14 - [TEST_STEP][PASSED] - Statement - If (item.getText().equals(NombreServicio)): null

2018-10-30 13:31:14 - [TEST_STEP][PASSED] - Statement - If (item.getText().equals(NombreServicio)): null

2018-10-30 13:31:14 - [TEST_STEP][PASSED] - Statement - If (item.getText().equals(NombreServicio)): null

2018-10-30 13:31:14 - [TEST_STEP][PASSED] - Statement - If (item.getText().equals(NombreServicio)): null

2018-10-30 13:31:14 - [TEST_STEP][PASSED] - Statement - If (item.getText().equals(NombreServicio)): null

2018-10-30 13:31:14 - [TEST_STEP][PASSED] - Statement - If (item.getText().equals(NombreServicio)): null

2018-10-30 13:31:14 - [TEST_STEP][PASSED] - Statement - If (item.getText().equals(NombreServicio)): null

2018-10-30 13:31:14 - [TEST_STEP][PASSED] - Statement - If (item.getText().equals(NombreServicio)): null

2018-10-30 13:31:15 - [TEST_STEP][PASSED] - Statement - If (item.getText().equals(NombreServicio)): null

2018-10-30 13:31:15 - [TEST_STEP][PASSED] - Statement - If (item.getText().equals(NombreServicio)): null

2018-10-30 13:31:15 - [TEST_STEP][PASSED] - Statement - If (item.getText().equals(NombreServicio)): null

2018-10-30 13:31:15 - [TEST_STEP][PASSED] - Statement - If (item.getText().equals(NombreServicio)): null

2018-10-30 13:31:15 - [TEST_STEP][PASSED] - Statement - If (item.getText().equals(NombreServicio)): null

2018-10-30 13:31:15 - [TEST_STEP][PASSED] - Statement - If (item.getText().equals(NombreServicio)): null

2018-10-30 13:31:15 - [TEST_STEP][PASSED] - Statement - If (item.getText().equals(NombreServicio)): null

2018-10-30 13:31:15 - [TEST_STEP][PASSED] - Statement - If (item.getText().equals(NombreServicio)): null

2018-10-30 13:31:15 - [TEST_STEP][PASSED] - Statement - If (item.getText().equals(NombreServicio)): null

2018-10-30 13:31:15 - [TEST_STEP][PASSED] - Statement - If (item.getText().equals(NombreServicio)): null

2018-10-30 13:31:16 - [TEST_STEP][PASSED] - Statement - If (item.getText().equals(NombreServicio)): null

2018-10-30 13:31:16 - [TEST_STEP][PASSED] - Statement - If (item.getText().equals(NombreServicio)): null

2018-10-30 13:31:16 - [TEST_STEP][PASSED] - Statement - If (item.getText().equals(NombreServicio)): null

2018-10-30 13:31:16 - [TEST_STEP][PASSED] - Statement - If (item.getText().equals(NombreServicio)): null

2018-10-30 13:31:16 - [TEST_STEP][PASSED] - Statement - If (item.getText().equals(NombreServicio)): null

2018-10-30 13:31:16 - [TEST_STEP][PASSED] - Statement - If (item.getText().equals(NombreServicio)): null

2018-10-30 13:31:16 - [TEST_STEP][PASSED] - Statement - If (item.getText().equals(NombreServicio)): null

2018-10-30 13:31:16 - [TEST_STEP][PASSED] - Statement - If (item.getText().equals(NombreServicio)): null

2018-10-30 13:31:17 - [TEST_STEP][PASSED] - Statement - If (item.getText().equals(NombreServicio)): null

2018-10-30 13:31:17 - [TEST_STEP][PASSED] - Statement - If (item.getText().equals(NombreServicio)): null

2018-10-30 13:31:17 - [TEST_STEP][PASSED] - Statement - If (item.getText().equals(NombreServicio)): null

2018-10-30 13:31:17 - [TEST_STEP][PASSED] - Statement - If (item.getText().equals(NombreServicio)): null

2018-10-30 13:31:17 - [TEST_STEP][PASSED] - Statement - If (item.getText().equals(NombreServicio)): null

2018-10-30 13:31:17 - [TEST_STEP][PASSED] - Statement - If (item.getText().equals(NombreServicio)): null

2018-10-30 13:31:17 - [TEST_STEP][PASSED] - Statement - If (item.getText().equals(NombreServicio)): null

2018-10-30 13:31:17 - [TEST_STEP][PASSED] - Statement - If (item.getText().equals(NombreServicio)): null

2018-10-30 13:31:17 - [TEST_STEP][PASSED] - Statement - If (item.getText().equals(NombreServicio)): null

2018-10-30 13:31:17 - [TEST_STEP][PASSED] - Statement - If (item.getText().equals(NombreServicio)): null

2018-10-30 13:31:18 - [TEST_STEP][PASSED] - Statement - If (item.getText().equals(NombreServicio)): null

2018-10-30 13:31:18 - [TEST_STEP][PASSED] - Statement - If (item.getText().equals(NombreServicio)): null

2018-10-30 13:31:18 - [TEST_STEP][PASSED] - Statement - If (item.getText().equals(NombreServicio)): null

2018-10-30 13:31:18 - [TEST_STEP][PASSED] - Statement - If (item.getText().equals(NombreServicio)): null

2018-10-30 13:31:18 - [TEST_STEP][PASSED] - Statement - If (item.getText().equals(NombreServicio)): null

2018-10-30 13:31:18 - [TEST_STEP][PASSED] - Statement - If (item.getText().equals(NombreServicio)): null

2018-10-30 13:31:18 - [TEST_STEP][PASSED] - Statement - If (item.getText().equals(NombreServicio)): null

2018-10-30 13:31:18 - [TEST_STEP][PASSED] - Statement - If (item.getText().equals(NombreServicio)): null

2018-10-30 13:31:18 - [TEST_STEP][PASSED] - Statement - If (item.getText().equals(NombreServicio)): null

2018-10-30 13:31:19 - [TEST_STEP][PASSED] - Statement - If (item.getText().equals(NombreServicio)): null

2018-10-30 13:31:19 - [TEST_STEP][PASSED] - Statement - If (item.getText().equals(NombreServicio)): null

2018-10-30 13:31:19 - [TEST_STEP][PASSED] - Statement - If (item.getText().equals(NombreServicio)): null

2018-10-30 13:31:19 - [TEST_STEP][PASSED] - Statement - If (item.getText().equals(NombreServicio)): null

2018-10-30 13:31:19 - [TEST_STEP][PASSED] - Statement - If (item.getText().equals(NombreServicio)): null

2018-10-30 13:31:19 - [TEST_STEP][PASSED] - Statement - If (item.getText().equals(NombreServicio)): null

2018-10-30 13:31:19 - [TEST_STEP][PASSED] - Statement - If (item.getText().equals(NombreServicio)): null

2018-10-30 13:31:19 - [TEST_STEP][PASSED] - Statement - If (item.getText().equals(NombreServicio)): null

2018-10-30 13:31:19 - [TEST_STEP][PASSED] - Statement - If (item.getText().equals(NombreServicio)): null

2018-10-30 13:31:20 - [TEST_STEP][PASSED] - Statement - If (item.getText().equals(NombreServicio)): null

2018-10-30 13:31:20 - [TEST_STEP][PASSED] - Statement - If (item.getText().equals(NombreServicio)): null

2018-10-30 13:31:20 - [TEST_STEP][PASSED] - Statement - If (item.getText().equals(NombreServicio)): null

2018-10-30 13:31:20 - [TEST_STEP][PASSED] - Statement - If (item.getText().equals(NombreServicio)): null

2018-10-30 13:31:20 - [TEST_STEP][PASSED] - Statement - If (item.getText().equals(NombreServicio)): null

2018-10-30 13:31:20 - [TEST_STEP][PASSED] - Statement - If (item.getText().equals(NombreServicio)): null

2018-10-30 13:31:20 - [TEST_STEP][PASSED] - Statement - If (item.getText().equals(NombreServicio)): null

2018-10-30 13:31:20 - [TEST_STEP][PASSED] - Statement - If (item.getText().equals(NombreServicio)): null

2018-10-30 13:31:20 - [TEST_STEP][PASSED] - Statement - If (item.getText().equals(NombreServicio)): null

2018-10-30 13:31:20 - [TEST_STEP][PASSED] - Statement - If (item.getText().equals(NombreServicio)): null

2018-10-30 13:31:21 - [TEST_STEP][PASSED] - Statement - If (item.getText().equals(NombreServicio)): null

2018-10-30 13:31:21 - [TEST_STEP][PASSED] - Statement - If (item.getText().equals(NombreServicio)): null

2018-10-30 13:31:21 - [TEST_STEP][PASSED] - Statement - If (item.getText().equals(NombreServicio)): null

2018-10-30 13:31:21 - [TEST_STEP][PASSED] - Statement - If (item.getText().equals(NombreServicio)): null

2018-10-30 13:31:21 - [TEST_STEP][PASSED] - Statement - If (item.getText().equals(NombreServicio)): null

2018-10-30 13:31:21 - [TEST_STEP][PASSED] - Statement - If (item.getText().equals(NombreServicio)): null

2018-10-30 13:31:21 - [TEST_STEP][PASSED] - Statement - If (item.getText().equals(NombreServicio)): null

2018-10-30 13:31:21 - [TEST_STEP][PASSED] - Statement - If (item.getText().equals(NombreServicio)): null

2018-10-30 13:31:21 - [TEST_STEP][PASSED] - Statement - If (item.getText().equals(NombreServicio)): null

2018-10-30 13:31:22 - [TEST_STEP][PASSED] - Statement - If (item.getText().equals(NombreServicio)): null

2018-10-30 13:31:22 - [TEST_STEP][PASSED] - Statement - If (item.getText().equals(NombreServicio)): null

2018-10-30 13:31:22 - [TEST_STEP][PASSED] - Statement - If (item.getText().equals(NombreServicio)): null

2018-10-30 13:31:22 - [TEST_STEP][PASSED] - Statement - If (item.getText().equals(NombreServicio)): null

2018-10-30 13:31:22 - [TEST_STEP][PASSED] - Statement - item.click(): null

2018-10-30 13:31:23 - [TEST_STEP][PASSED] - Statement - return true: null

2018-10-30 13:31:23 - [TEST_STEP][PASSED] - Statement - verifyIsGenesisCoberturaOpen(): null

2018-10-30 13:31:23 - [TEST_STEP][PASSED] - Statement - Try: Object 'Object Repository/Servicio/input_Prestaciones' is clickable

2018-10-30 13:31:23 - [TEST_STEP][PASSED] - Statement - java.lang.Thread.sleep(3000): null

2018-10-30 13:31:26 - [TEST_STEP][PASSED] - waitForElementClickable: Object 'Object Repository/Servicio/input_Prestaciones' is clickable

2018-10-30 13:31:28 - [MESSAGE][PASSED] - Object 'Object Repository/Servicio/input_Prestaciones' is clickable

2018-10-30 13:31:29 - [TEST_STEP][PASSED] - setText: Text '250102' is set on object 'Object Repository/Servicio/input_Prestaciones'

2018-10-30 13:31:30 - [MESSAGE][PASSED] - Text '250102' is set on object 'Object Repository/Servicio/input_Prestaciones'

2018-10-30 13:31:30 - [TEST_STEP][PASSED] - Statement - selectOptionAutocomplete(): null

2018-10-30 13:31:30 - [TEST_STEP][PASSED] - Statement - java.lang.Thread.sleep(5000): null

2018-10-30 13:31:35 - [TEST_STEP][PASSED] - Statement - to = com.kms.katalon.core.testobject.ObjectRepository.findTestObject(Servicio/autocomplete_input): Finding Test Object with id 'Object Repository/Servicio/iframe_Genesis Cobertura'

2018-10-30 13:31:35 - [TEST_STEP][PASSED] - click: Object: 'Object Repository/Servicio/autocomplete_input' is clicked on

2018-10-30 13:31:36 - [MESSAGE][PASSED] - Object: 'Object Repository/Servicio/autocomplete_input' is clicked on

2018-10-30 13:31:37 - [TEST_STEP][PASSED] - selectOptionByValue: All options with value 'A' are selected in object 'Object Repository/Servicio/select_Contexto' 

2018-10-30 13:31:37 - [MESSAGE][PASSED] - All options with value 'A' are selected in object 'Object Repository/Servicio/select_Contexto' 

2018-10-30 13:31:38 - [TEST_STEP][PASSED] - click: Object: 'Object Repository/Servicio/div_Zona' is clicked on

2018-10-30 13:31:39 - [MESSAGE][PASSED] - Object: 'Object Repository/Servicio/div_Zona' is clicked on

2018-10-30 13:31:39 - [TEST_STEP][PASSED] - waitForElementClickable: Object 'Object Repository/Servicio/select_Filial_Zona' is clickable

2018-10-30 13:31:39 - [MESSAGE][PASSED] - Object 'Object Repository/Servicio/select_Filial_Zona' is clickable

2018-10-30 13:31:40 - [TEST_STEP][PASSED] - selectOptionByValue: All options with value '23' are selected in object 'Object Repository/Servicio/select_Filial_Zona' 

2018-10-30 13:31:40 - [MESSAGE][PASSED] - All options with value '23' are selected in object 'Object Repository/Servicio/select_Filial_Zona' 

2018-10-30 13:31:41 - [TEST_STEP][PASSED] - Statement - java.lang.Thread.sleep(2000): null

2018-10-30 13:31:43 - [TEST_STEP][PASSED] - selectOptionByValue: All options with value '20' are selected in object 'Object Repository/Servicio/select_Zona' 

2018-10-30 13:31:43 - [MESSAGE][PASSED] - All options with value '20' are selected in object 'Object Repository/Servicio/select_Zona' 

2018-10-30 13:31:44 - [TEST_STEP][PASSED] - Statement - java.lang.Thread.sleep(2000): null

2018-10-30 13:31:46 - [TEST_STEP][PASSED] - selectOptionByValue: All options with value '215-186' are selected in object 'Object Repository/Servicio/select_SubZona' 

2018-10-30 13:31:46 - [MESSAGE][PASSED] - All options with value '215-186' are selected in object 'Object Repository/Servicio/select_SubZona' 

2018-10-30 13:31:46 - [TEST_STEP][PASSED] - Statement - java.lang.Thread.sleep(1000): null

2018-10-30 13:31:47 - [TEST_STEP][PASSED] - click: Object: 'Object Repository/Servicio/btnBuscar' is clicked on

2018-10-30 13:31:49 - [MESSAGE][PASSED] - Object: 'Object Repository/Servicio/btnBuscar' is clicked on

2018-10-30 13:31:49 - [TEST_STEP][PASSED] - waitForElementPresent: Object 'Object Repository/Servicio/div_Listado' is present

2018-10-30 13:31:49 - [MESSAGE][PASSED] - Object 'Object Repository/Servicio/div_Listado' is present

2018-10-30 13:31:50 - [TEST_STEP][PASSED] - click: Object: 'Object Repository/Servicio/check_ResultadoListado' is clicked on

2018-10-30 13:31:52 - [MESSAGE][PASSED] - Object: 'Object Repository/Servicio/check_ResultadoListado' is clicked on

2018-10-30 13:31:53 - [TEST_STEP][PASSED] - click: Object: 'Object Repository/Servicio/btnRegistrar' is clicked on

2018-10-30 13:31:55 - [MESSAGE][PASSED] - Object: 'Object Repository/Servicio/btnRegistrar' is clicked on

2018-10-30 13:31:55 - [TEST_STEP][PASSED] - waitForElementClickable: Object 'Object Repository/Servicio/btnCerrarZona' is clickable

2018-10-30 13:31:55 - [MESSAGE][PASSED] - Object 'Object Repository/Servicio/btnCerrarZona' is clickable

2018-10-30 13:31:55 - [TEST_STEP][PASSED] - Statement - java.lang.Thread.sleep(3000): null

2018-10-30 13:31:58 - [TEST_STEP][PASSED] - click: Object: 'Object Repository/Servicio/btnCerrarZona' is clicked on

2018-10-30 13:32:00 - [MESSAGE][PASSED] - Object: 'Object Repository/Servicio/btnCerrarZona' is clicked on

2018-10-30 13:32:00 - [TEST_STEP][PASSED] - Statement - java.lang.Thread.sleep(2000): null

2018-10-30 13:32:02 - [TEST_STEP][PASSED] - click: Object: 'Object Repository/Servicio/btnEnviarCorreo' is clicked on

2018-10-30 13:32:03 - [MESSAGE][PASSED] - Object: 'Object Repository/Servicio/btnEnviarCorreo' is clicked on

2018-10-30 13:32:04 - [TEST_STEP][PASSED] - waitForElementPresent: Object 'Object Repository/Servicio/input_Correo' is present

2018-10-30 13:32:04 - [MESSAGE][PASSED] - Object 'Object Repository/Servicio/input_Correo' is present

2018-10-30 13:32:04 - [TEST_STEP][PASSED] - sendKeys: Keys 'ntedesco@sms-latam.com' sent to object: 'Object Repository/Servicio/input_Correo'

2018-10-30 13:32:05 - [MESSAGE][PASSED] - Keys 'ntedesco@sms-latam.com' sent to object: 'Object Repository/Servicio/input_Correo'

2018-10-30 13:32:05 - [TEST_STEP][PASSED] - click: Object: 'Object Repository/Servicio/btnEnviarZona' is clicked on

2018-10-30 13:32:06 - [MESSAGE][PASSED] - Object: 'Object Repository/Servicio/btnEnviarZona' is clicked on

2018-10-30 13:32:07 - [TEST_STEP][PASSED] - Statement - java.lang.Thread.sleep(3000): null

2018-10-30 13:32:10 - [TEST_STEP][PASSED] - waitForElementClickable: Object 'Object Repository/Servicio/btnImprimir' is clickable

2018-10-30 13:32:10 - [MESSAGE][PASSED] - Object 'Object Repository/Servicio/btnImprimir' is clickable

2018-10-30 13:32:10 - [TEST_STEP][PASSED] - click: Object: 'Object Repository/Servicio/btnImprimir' is clicked on

2018-10-30 13:32:12 - [MESSAGE][PASSED] - Object: 'Object Repository/Servicio/btnImprimir' is clicked on

2018-10-30 13:32:12 - [TEST_STEP][PASSED] - waitForElementClickable: Object 'Object Repository/Servicio/btnCerrarPopUpPdfZona' is clickable

2018-10-30 13:32:12 - [MESSAGE][PASSED] - Object 'Object Repository/Servicio/btnCerrarPopUpPdfZona' is clickable

2018-10-30 13:32:13 - [TEST_STEP][PASSED] - Statement - java.lang.Thread.sleep(3000): null

2018-10-30 13:32:16 - [TEST_STEP][PASSED] - click: Object: 'Object Repository/Servicio/btnCerrarPopUpPdfZona' is clicked on

2018-10-30 13:32:17 - [MESSAGE][PASSED] - Object: 'Object Repository/Servicio/btnCerrarPopUpPdfZona' is clicked on

2018-10-30 13:32:18 - [TEST_STEP][PASSED] - waitForElementClickable: Object 'Object Repository/Servicio/div_InfoPrestacion' is clickable

2018-10-30 13:32:18 - [MESSAGE][PASSED] - Object 'Object Repository/Servicio/div_InfoPrestacion' is clickable

2018-10-30 13:32:18 - [TEST_STEP][PASSED] - Statement - java.lang.Thread.sleep(2000): null

2018-10-30 13:32:20 - [TEST_STEP][PASSED] - click: Object: 'Object Repository/Servicio/div_InfoPrestacion' is clicked on

2018-10-30 13:32:21 - [MESSAGE][PASSED] - Object: 'Object Repository/Servicio/div_InfoPrestacion' is clicked on

2018-10-30 13:32:22 - [TEST_STEP][PASSED] - waitForElementClickable: Object 'Object Repository/Servicio/span_InfoPrestacion' is clickable

2018-10-30 13:32:22 - [MESSAGE][PASSED] - Object 'Object Repository/Servicio/span_InfoPrestacion' is clickable

2018-10-30 13:32:22 - [TEST_STEP][FAILED] - click: Unable to click on object 'Object Repository/Servicio/span_InfoPrestacion' (Root cause: org.openqa.selenium.ElementNotInteractableException: Cannot click on element
Build info: version: '3.7.1', revision: '8a0099a', time: '2017-11-06T21:07:36.161Z'
System info: host: 'SMSL044', ip: '100.1.10.100', os.name: 'Windows 10', os.arch: 'x86', os.version: '10.0', java.version: '1.8.0_181'
Driver info: com.kms.katalon.selenium.driver.CInternetExplorerDriver
Capabilities {acceptInsecureCerts: false, browserName: internet explorer, browserVersion: 11, javascriptEnabled: true, pageLoadStrategy: normal, platform: WINDOWS, platformName: WINDOWS, se:ieOptions: {browserAttachTimeout: 0, elementScrollBehavior: 0, enablePersistentHover: true, ie.browserCommandLineSwitches: , ie.ensureCleanSession: false, ie.fileUploadDialogTimeout: 3000, ie.forceCreateProcessApi: false, ignoreProtectedModeSettings: false, ignoreZoomSetting: false, initialBrowserUrl: http://localhost:25469/, nativeEvents: true, requireWindowFocus: false}, setWindowRect: true}
Session ID: 5f34e7d2-0e5d-4cd6-8be5-db96cf3f7146)

2018-10-30 13:32:24 - [MESSAGE][FAILED] - Unable to click on object 'Object Repository/Servicio/span_InfoPrestacion' (Root cause: org.openqa.selenium.ElementNotInteractableException: Cannot click on element
Build info: version: '3.7.1', revision: '8a0099a', time: '2017-11-06T21:07:36.161Z'
System info: host: 'SMSL044', ip: '100.1.10.100', os.name: 'Windows 10', os.arch: 'x86', os.version: '10.0', java.version: '1.8.0_181'
Driver info: com.kms.katalon.selenium.driver.CInternetExplorerDriver
Capabilities {acceptInsecureCerts: false, browserName: internet explorer, browserVersion: 11, javascriptEnabled: true, pageLoadStrategy: normal, platform: WINDOWS, platformName: WINDOWS, se:ieOptions: {browserAttachTimeout: 0, elementScrollBehavior: 0, enablePersistentHover: true, ie.browserCommandLineSwitches: , ie.ensureCleanSession: false, ie.fileUploadDialogTimeout: 3000, ie.forceCreateProcessApi: false, ignoreProtectedModeSettings: false, ignoreZoomSetting: false, initialBrowserUrl: http://localhost:25469/, nativeEvents: true, requireWindowFocus: false}, setWindowRect: true}
Session ID: 5f34e7d2-0e5d-4cd6-8be5-db96cf3f7146)
[[ATTACHMENT|C:\\Users\\ntedesco\\Katalon Studio\\GenesisCobertura\\Reports\\Prestaciones\\20181030_132559\\1540917144038.png]]]]></system-out>
         <system-err><![CDATA[2018-10-30 13:29:29 - [TEST_CASE][FAILED] - Test Cases/Test Buscar Prestadores - Zona: Test Cases/Test Buscar Prestadores - Zona FAILED because (of) (Stack trace: com.kms.katalon.core.exception.StepFailedException: Unable to click on object 'Object Repository/Servicio/span_InfoPrestacion' (Root cause: org.openqa.selenium.ElementNotInteractableException: Cannot click on element
Build info: version: '3.7.1', revision: '8a0099a', time: '2017-11-06T21:07:36.161Z'
System info: host: 'SMSL044', ip: '100.1.10.100', os.name: 'Windows 10', os.arch: 'x86', os.version: '10.0', java.version: '1.8.0_181'
Driver info: com.kms.katalon.selenium.driver.CInternetExplorerDriver
Capabilities {acceptInsecureCerts: false, browserName: internet explorer, browserVersion: 11, javascriptEnabled: true, pageLoadStrategy: normal, platform: WINDOWS, platformName: WINDOWS, se:ieOptions: {browserAttachTimeout: 0, elementScrollBehavior: 0, enablePersistentHover: true, ie.browserCommandLineSwitches: , ie.ensureCleanSession: false, ie.fileUploadDialogTimeout: 3000, ie.forceCreateProcessApi: false, ignoreProtectedModeSettings: false, ignoreZoomSetting: false, initialBrowserUrl: http://localhost:25469/, nativeEvents: true, requireWindowFocus: false}, setWindowRect: true}
Session ID: 5f34e7d2-0e5d-4cd6-8be5-db96cf3f7146)
	at com.kms.katalon.core.keyword.internal.KeywordMain.stepFailed(KeywordMain.groovy:36)
	at com.kms.katalon.core.webui.keyword.internal.WebUIKeywordMain.stepFailed(WebUIKeywordMain.groovy:65)
	at com.kms.katalon.core.webui.keyword.internal.WebUIKeywordMain.runKeyword(WebUIKeywordMain.groovy:27)
	at com.kms.katalon.core.webui.keyword.builtin.ClickKeyword.click(ClickKeyword.groovy:86)
	at com.kms.katalon.core.webui.keyword.builtin.ClickKeyword.execute(ClickKeyword.groovy:67)
	at com.kms.katalon.core.keyword.internal.KeywordExecutor.executeKeywordForPlatform(KeywordExecutor.groovy:53)
	at com.kms.katalon.core.webui.keyword.WebUiBuiltInKeywords.click(WebUiBuiltInKeywords.groovy:616)
	at com.kms.katalon.core.webui.keyword.WebUiBuiltInKeywords$click$4.call(Unknown Source)
	at org.codehaus.groovy.runtime.callsite.CallSiteArray.defaultCall(CallSiteArray.java:48)
	at org.codehaus.groovy.runtime.callsite.AbstractCallSite.call(AbstractCallSite.java:113)
	at org.codehaus.groovy.runtime.callsite.AbstractCallSite.call(AbstractCallSite.java:125)
	at Script1540395003759.run(Script1540395003759.groovy:147)
	at com.kms.katalon.core.main.ScriptEngine.run(ScriptEngine.java:183)
	at com.kms.katalon.core.main.ScriptEngine.runScriptAsRawText(ScriptEngine.java:108)
	at com.kms.katalon.core.main.TestCaseExecutor.runScript(TestCaseExecutor.java:294)
	at com.kms.katalon.core.main.TestCaseExecutor.doExecute(TestCaseExecutor.java:285)
	at com.kms.katalon.core.main.TestCaseExecutor.processExecutionPhase(TestCaseExecutor.java:264)
	at com.kms.katalon.core.main.TestCaseExecutor.accessMainPhase(TestCaseExecutor.java:256)
	at com.kms.katalon.core.main.TestCaseExecutor.execute(TestCaseExecutor.java:200)
	at com.kms.katalon.core.main.TestSuiteExecutor.accessTestCaseMainPhase(TestSuiteExecutor.java:129)
	at com.kms.katalon.core.main.TestSuiteExecutor.accessTestSuiteMainPhase(TestSuiteExecutor.java:112)
	at com.kms.katalon.core.main.TestSuiteExecutor.execute(TestSuiteExecutor.java:81)
	at com.kms.katalon.core.main.TestCaseMain.startTestSuite(TestCaseMain.java:142)
	at com.kms.katalon.core.main.TestCaseMain$startTestSuite$0.call(Unknown Source)
	at org.codehaus.groovy.runtime.callsite.CallSiteArray.defaultCall(CallSiteArray.java:48)
	at org.codehaus.groovy.runtime.callsite.AbstractCallSite.call(AbstractCallSite.java:113)
	at org.codehaus.groovy.runtime.callsite.AbstractCallSite.call(AbstractCallSite.java:141)
	at TempTestSuite1540916760005.run(TempTestSuite1540916760005.groovy:36)
	at groovy.lang.GroovyShell.runScriptOrMainOrTestOrRunnable(GroovyShell.java:263)
	at groovy.lang.GroovyShell.run(GroovyShell.java:518)
	at groovy.lang.GroovyShell.run(GroovyShell.java:507)
	at groovy.ui.GroovyMain.processOnce(GroovyMain.java:653)
	at groovy.ui.GroovyMain.run(GroovyMain.java:384)
	at groovy.ui.GroovyMain.process(GroovyMain.java:370)
	at groovy.ui.GroovyMain.processArgs(GroovyMain.java:129)
	at groovy.ui.GroovyMain.main(GroovyMain.java:109)
	at sun.reflect.NativeMethodAccessorImpl.invoke0(Native Method)
	at sun.reflect.NativeMethodAccessorImpl.invoke(NativeMethodAccessorImpl.java:62)
	at sun.reflect.DelegatingMethodAccessorImpl.invoke(DelegatingMethodAccessorImpl.java:43)
	at java.lang.reflect.Method.invoke(Method.java:498)
	at org.codehaus.groovy.tools.GroovyStarter.rootLoader(GroovyStarter.java:109)
	at org.codehaus.groovy.tools.GroovyStarter.main(GroovyStarter.java:131)
)]]></system-err>
      </testcase>
      <testcase name="Test Cases/Test Buscar Prestadores - Prestador" classname="Test Cases/Test Buscar Prestadores - Prestador" status="FAILED">
         <failure type="FAILED" message="(Stack trace: com.kms.katalon.core.exception.StepFailedException: Unable to click on object 'Object Repository/Servicio/autocomplete_inputPrestador' (Root cause: org.openqa.selenium.ElementNotInteractableException: Cannot click on element
Build info: version: '3.7.1', revision: '8a0099a', time: '2017-11-06T21:07:36.161Z'
System info: host: 'SMSL044', ip: '100.1.10.100', os.name: 'Windows 10', os.arch: 'x86', os.version: '10.0', java.version: '1.8.0_181'
Driver info: com.kms.katalon.selenium.driver.CInternetExplorerDriver
Capabilities {acceptInsecureCerts: false, browserName: internet explorer, browserVersion: 11, javascriptEnabled: true, pageLoadStrategy: normal, platform: WINDOWS, platformName: WINDOWS, se:ieOptions: {browserAttachTimeout: 0, elementScrollBehavior: 0, enablePersistentHover: true, ie.browserCommandLineSwitches: , ie.ensureCleanSession: false, ie.fileUploadDialogTimeout: 3000, ie.forceCreateProcessApi: false, ignoreProtectedModeSettings: false, ignoreZoomSetting: false, initialBrowserUrl: http://localhost:37162/, nativeEvents: true, requireWindowFocus: false}, setWindowRect: true}
Session ID: f2201fee-1924-4c63-a66a-6d9f3bbeebd9)
	at com.kms.katalon.core.keyword.internal.KeywordMain.stepFailed(KeywordMain.groovy:36)
	at com.kms.katalon.core.webui.keyword.internal.WebUIKeywordMain.stepFailed(WebUIKeywordMain.groovy:65)
	at com.kms.katalon.core.webui.keyword.internal.WebUIKeywordMain.runKeyword(WebUIKeywordMain.groovy:27)
	at com.kms.katalon.core.webui.keyword.builtin.ClickKeyword.click(ClickKeyword.groovy:86)
	at com.kms.katalon.core.webui.keyword.builtin.ClickKeyword.execute(ClickKeyword.groovy:67)
	at com.kms.katalon.core.keyword.internal.KeywordExecutor.executeKeywordForPlatform(KeywordExecutor.groovy:53)
	at com.kms.katalon.core.webui.keyword.WebUiBuiltInKeywords.click(WebUiBuiltInKeywords.groovy:616)
	at com.kms.katalon.core.webui.keyword.WebUiBuiltInKeywords$click$4.call(Unknown Source)
	at org.codehaus.groovy.runtime.callsite.CallSiteArray.defaultCall(CallSiteArray.java:48)
	at org.codehaus.groovy.runtime.callsite.AbstractCallSite.call(AbstractCallSite.java:113)
	at org.codehaus.groovy.runtime.callsite.AbstractCallSite.call(AbstractCallSite.java:125)
	at Script1540558116406.run(Script1540558116406.groovy:103)
	at com.kms.katalon.core.main.ScriptEngine.run(ScriptEngine.java:183)
	at com.kms.katalon.core.main.ScriptEngine.runScriptAsRawText(ScriptEngine.java:108)
	at com.kms.katalon.core.main.TestCaseExecutor.runScript(TestCaseExecutor.java:294)
	at com.kms.katalon.core.main.TestCaseExecutor.doExecute(TestCaseExecutor.java:285)
	at com.kms.katalon.core.main.TestCaseExecutor.processExecutionPhase(TestCaseExecutor.java:264)
	at com.kms.katalon.core.main.TestCaseExecutor.accessMainPhase(TestCaseExecutor.java:256)
	at com.kms.katalon.core.main.TestCaseExecutor.execute(TestCaseExecutor.java:200)
	at com.kms.katalon.core.main.TestSuiteExecutor.accessTestCaseMainPhase(TestSuiteExecutor.java:129)
	at com.kms.katalon.core.main.TestSuiteExecutor.accessTestSuiteMainPhase(TestSuiteExecutor.java:112)
	at com.kms.katalon.core.main.TestSuiteExecutor.execute(TestSuiteExecutor.java:81)
	at com.kms.katalon.core.main.TestCaseMain.startTestSuite(TestCaseMain.java:142)
	at com.kms.katalon.core.main.TestCaseMain$startTestSuite$0.call(Unknown Source)
	at org.codehaus.groovy.runtime.callsite.CallSiteArray.defaultCall(CallSiteArray.java:48)
	at org.codehaus.groovy.runtime.callsite.AbstractCallSite.call(AbstractCallSite.java:113)
	at org.codehaus.groovy.runtime.callsite.AbstractCallSite.call(AbstractCallSite.java:141)
	at TempTestSuite1540916760005.run(TempTestSuite1540916760005.groovy:36)
	at groovy.lang.GroovyShell.runScriptOrMainOrTestOrRunnable(GroovyShell.java:263)
	at groovy.lang.GroovyShell.run(GroovyShell.java:518)
	at groovy.lang.GroovyShell.run(GroovyShell.java:507)
	at groovy.ui.GroovyMain.processOnce(GroovyMain.java:653)
	at groovy.ui.GroovyMain.run(GroovyMain.java:384)
	at groovy.ui.GroovyMain.process(GroovyMain.java:370)
	at groovy.ui.GroovyMain.processArgs(GroovyMain.java:129)
	at groovy.ui.GroovyMain.main(GroovyMain.java:109)
	at sun.reflect.NativeMethodAccessorImpl.invoke0(Native Method)
	at sun.reflect.NativeMethodAccessorImpl.invoke(NativeMethodAccessorImpl.java:62)
	at sun.reflect.DelegatingMethodAccessorImpl.invoke(DelegatingMethodAccessorImpl.java:43)
	at java.lang.reflect.Method.invoke(Method.java:498)
	at org.codehaus.groovy.tools.GroovyStarter.rootLoader(GroovyStarter.java:109)
	at org.codehaus.groovy.tools.GroovyStarter.main(GroovyStarter.java:131)
)"/>
         <system-out><![CDATA[2018-10-30 13:32:24 - [TEST_CASE][FAILED] - Test Cases/Test Buscar Prestadores - Prestador: Test Cases/Test Buscar Prestadores - Prestador FAILED because (of) (Stack trace: com.kms.katalon.core.exception.StepFailedException: Unable to click on object 'Object Repository/Servicio/autocomplete_inputPrestador' (Root cause: org.openqa.selenium.ElementNotInteractableException: Cannot click on element
Build info: version: '3.7.1', revision: '8a0099a', time: '2017-11-06T21:07:36.161Z'
System info: host: 'SMSL044', ip: '100.1.10.100', os.name: 'Windows 10', os.arch: 'x86', os.version: '10.0', java.version: '1.8.0_181'
Driver info: com.kms.katalon.selenium.driver.CInternetExplorerDriver
Capabilities {acceptInsecureCerts: false, browserName: internet explorer, browserVersion: 11, javascriptEnabled: true, pageLoadStrategy: normal, platform: WINDOWS, platformName: WINDOWS, se:ieOptions: {browserAttachTimeout: 0, elementScrollBehavior: 0, enablePersistentHover: true, ie.browserCommandLineSwitches: , ie.ensureCleanSession: false, ie.fileUploadDialogTimeout: 3000, ie.forceCreateProcessApi: false, ignoreProtectedModeSettings: false, ignoreZoomSetting: false, initialBrowserUrl: http://localhost:37162/, nativeEvents: true, requireWindowFocus: false}, setWindowRect: true}
Session ID: f2201fee-1924-4c63-a66a-6d9f3bbeebd9)
	at com.kms.katalon.core.keyword.internal.KeywordMain.stepFailed(KeywordMain.groovy:36)
	at com.kms.katalon.core.webui.keyword.internal.WebUIKeywordMain.stepFailed(WebUIKeywordMain.groovy:65)
	at com.kms.katalon.core.webui.keyword.internal.WebUIKeywordMain.runKeyword(WebUIKeywordMain.groovy:27)
	at com.kms.katalon.core.webui.keyword.builtin.ClickKeyword.click(ClickKeyword.groovy:86)
	at com.kms.katalon.core.webui.keyword.builtin.ClickKeyword.execute(ClickKeyword.groovy:67)
	at com.kms.katalon.core.keyword.internal.KeywordExecutor.executeKeywordForPlatform(KeywordExecutor.groovy:53)
	at com.kms.katalon.core.webui.keyword.WebUiBuiltInKeywords.click(WebUiBuiltInKeywords.groovy:616)
	at com.kms.katalon.core.webui.keyword.WebUiBuiltInKeywords$click$4.call(Unknown Source)
	at org.codehaus.groovy.runtime.callsite.CallSiteArray.defaultCall(CallSiteArray.java:48)
	at org.codehaus.groovy.runtime.callsite.AbstractCallSite.call(AbstractCallSite.java:113)
	at org.codehaus.groovy.runtime.callsite.AbstractCallSite.call(AbstractCallSite.java:125)
	at Script1540558116406.run(Script1540558116406.groovy:103)
	at com.kms.katalon.core.main.ScriptEngine.run(ScriptEngine.java:183)
	at com.kms.katalon.core.main.ScriptEngine.runScriptAsRawText(ScriptEngine.java:108)
	at com.kms.katalon.core.main.TestCaseExecutor.runScript(TestCaseExecutor.java:294)
	at com.kms.katalon.core.main.TestCaseExecutor.doExecute(TestCaseExecutor.java:285)
	at com.kms.katalon.core.main.TestCaseExecutor.processExecutionPhase(TestCaseExecutor.java:264)
	at com.kms.katalon.core.main.TestCaseExecutor.accessMainPhase(TestCaseExecutor.java:256)
	at com.kms.katalon.core.main.TestCaseExecutor.execute(TestCaseExecutor.java:200)
	at com.kms.katalon.core.main.TestSuiteExecutor.accessTestCaseMainPhase(TestSuiteExecutor.java:129)
	at com.kms.katalon.core.main.TestSuiteExecutor.accessTestSuiteMainPhase(TestSuiteExecutor.java:112)
	at com.kms.katalon.core.main.TestSuiteExecutor.execute(TestSuiteExecutor.java:81)
	at com.kms.katalon.core.main.TestCaseMain.startTestSuite(TestCaseMain.java:142)
	at com.kms.katalon.core.main.TestCaseMain$startTestSuite$0.call(Unknown Source)
	at org.codehaus.groovy.runtime.callsite.CallSiteArray.defaultCall(CallSiteArray.java:48)
	at org.codehaus.groovy.runtime.callsite.AbstractCallSite.call(AbstractCallSite.java:113)
	at org.codehaus.groovy.runtime.callsite.AbstractCallSite.call(AbstractCallSite.java:141)
	at TempTestSuite1540916760005.run(TempTestSuite1540916760005.groovy:36)
	at groovy.lang.GroovyShell.runScriptOrMainOrTestOrRunnable(GroovyShell.java:263)
	at groovy.lang.GroovyShell.run(GroovyShell.java:518)
	at groovy.lang.GroovyShell.run(GroovyShell.java:507)
	at groovy.ui.GroovyMain.processOnce(GroovyMain.java:653)
	at groovy.ui.GroovyMain.run(GroovyMain.java:384)
	at groovy.ui.GroovyMain.process(GroovyMain.java:370)
	at groovy.ui.GroovyMain.processArgs(GroovyMain.java:129)
	at groovy.ui.GroovyMain.main(GroovyMain.java:109)
	at sun.reflect.NativeMethodAccessorImpl.invoke0(Native Method)
	at sun.reflect.NativeMethodAccessorImpl.invoke(NativeMethodAccessorImpl.java:62)
	at sun.reflect.DelegatingMethodAccessorImpl.invoke(DelegatingMethodAccessorImpl.java:43)
	at java.lang.reflect.Method.invoke(Method.java:498)
	at org.codehaus.groovy.tools.GroovyStarter.rootLoader(GroovyStarter.java:109)
	at org.codehaus.groovy.tools.GroovyStarter.main(GroovyStarter.java:131)
)

2018-10-30 13:32:25 - [TEST_STEP][PASSED] - openBrowser: Browser is opened with url: 'null'

2018-10-30 13:32:25 - [MESSAGE][WARNING] - A browser is already opened. Closing browser and opening a new one

2018-10-30 13:32:27 - [MESSAGE][PASSED] - Browser is opened with url: 'null'

2018-10-30 13:32:27 - [TEST_STEP][PASSED] - navigateToUrl: Navigate to 'https://test.intranet.osde/IV3/' successfully

2018-10-30 13:32:28 - [MESSAGE][PASSED] - Navigate to 'https://test.intranet.osde/IV3/' successfully

2018-10-30 13:32:28 - [TEST_STEP][PASSED] - maximizeWindow: Current window maximized

2018-10-30 13:32:28 - [MESSAGE][PASSED] - Current window maximized

2018-10-30 13:32:28 - [TEST_STEP][PASSED] - waitForElementClickable: Web element with id: 'Object Repository/Login_OSDE Intranet/coUsser' located by 'By.xpath: //input[@id='usuario']' not found

2018-10-30 13:32:47 - [MESSAGE][WARNING] - Web element with id: 'Object Repository/Login_OSDE Intranet/coUsser' located by 'By.xpath: //input[@id='usuario']' not found

2018-10-30 13:32:47 - [TEST_STEP][PASSED] - setText: Text 'SS36739794' is set on object 'Object Repository/Login_OSDE Intranet/coUsser'

2018-10-30 13:33:24 - [MESSAGE][PASSED] - Text 'SS36739794' is set on object 'Object Repository/Login_OSDE Intranet/coUsser'

2018-10-30 13:33:24 - [TEST_STEP][PASSED] - setText: Text 'intranet09' is set on object 'Object Repository/Login_OSDE Intranet/coPassword'

2018-10-30 13:33:25 - [MESSAGE][PASSED] - Text 'intranet09' is set on object 'Object Repository/Login_OSDE Intranet/coPassword'

2018-10-30 13:33:25 - [TEST_STEP][PASSED] - click: Object: 'Object Repository/Login_OSDE Intranet/btnIngresar' is clicked on

2018-10-30 13:33:29 - [MESSAGE][PASSED] - Object: 'Object Repository/Login_OSDE Intranet/btnIngresar' is clicked on

2018-10-30 13:33:29 - [TEST_STEP][PASSED] - waitForElementPresent: Object 'Object Repository/Home_OSDE Intranet V3/a_Mis Herramientas' is present

2018-10-30 13:33:29 - [MESSAGE][PASSED] - Object 'Object Repository/Home_OSDE Intranet V3/a_Mis Herramientas' is present

2018-10-30 13:33:29 - [TEST_STEP][PASSED] - click: Object: 'Object Repository/Home_OSDE Intranet V3/a_Mis Herramientas' is clicked on

2018-10-30 13:33:31 - [MESSAGE][PASSED] - Object: 'Object Repository/Home_OSDE Intranet V3/a_Mis Herramientas' is clicked on

2018-10-30 13:33:31 - [TEST_STEP][PASSED] - waitForElementPresent: Object 'Object Repository/Home_OSDE Intranet V3/iframe_MIS HERRAMIENTAS_frmMis' is present

2018-10-30 13:33:31 - [MESSAGE][WARNING] - Timeout '0' is invalid. Using default page load timeout: '30'

2018-10-30 13:33:31 - [MESSAGE][WARNING] - Timeout '0' is invalid. Using default page load timeout: '30'

2018-10-30 13:33:31 - [MESSAGE][PASSED] - Object 'Object Repository/Home_OSDE Intranet V3/iframe_MIS HERRAMIENTAS_frmMis' is present

2018-10-30 13:33:32 - [TEST_STEP][PASSED] - click: Object: 'Object Repository/Home_OSDE Intranet V3/td_Portal Corporativo' is clicked on

2018-10-30 13:33:34 - [MESSAGE][PASSED] - Object: 'Object Repository/Home_OSDE Intranet V3/td_Portal Corporativo' is clicked on

2018-10-30 13:33:35 - [TEST_STEP][PASSED] - switchToWindowUrl: Switched to window with url: 'http://tlnxwas30.intranet.osde:11780/portalFrontend/login.do'

2018-10-30 13:33:38 - [MESSAGE][PASSED] - Switched to window with url: 'http://tlnxwas30.intranet.osde:11780/portalFrontend/login.do'

2018-10-30 13:33:38 - [TEST_STEP][PASSED] - waitForElementVisible: Object 'Object Repository/Portal_Inicial/select_apiPortalDesarrolloport' is visible

2018-10-30 13:33:39 - [MESSAGE][PASSED] - Object 'Object Repository/Portal_Inicial/select_apiPortalDesarrolloport' is visible

2018-10-30 13:33:39 - [TEST_STEP][PASSED] - selectOptionByValue: All options with value 'suaPortal' are selected in object 'Object Repository/Portal_Inicial/select_apiPortalDesarrolloport' 

2018-10-30 13:33:42 - [MESSAGE][PASSED] - All options with value 'suaPortal' are selected in object 'Object Repository/Portal_Inicial/select_apiPortalDesarrolloport' 

2018-10-30 13:33:42 - [TEST_STEP][PASSED] - Statement - verifyIsPortalOpen(): null

2018-10-30 13:33:42 - [TEST_STEP][PASSED] - Statement - Try: Object 'Object Repository/Portal_Home/input_BsquedaDetallada' is clickable

2018-10-30 13:33:42 - [TEST_STEP][PASSED] - Statement - java.lang.Thread.sleep(20000): null

2018-10-30 13:34:02 - [TEST_STEP][PASSED] - waitForElementClickable: Object 'Object Repository/Portal_Home/input_BsquedaDetallada' is clickable

2018-10-30 13:34:02 - [MESSAGE][PASSED] - Object 'Object Repository/Portal_Home/input_BsquedaDetallada' is clickable

2018-10-30 13:34:02 - [TEST_STEP][PASSED] - setText: Text '60609272102 ' is set on object 'Object Repository/Portal_Home/input_BsquedaDetallada'

2018-10-30 13:34:02 - [MESSAGE][PASSED] - Text '60609272102 ' is set on object 'Object Repository/Portal_Home/input_BsquedaDetallada'

2018-10-30 13:34:02 - [TEST_STEP][PASSED] - click: Object: 'Object Repository/Portal_Home/btn_BsquedaDetallada' is clicked on

2018-10-30 13:34:04 - [MESSAGE][PASSED] - Object: 'Object Repository/Portal_Home/btn_BsquedaDetallada' is clicked on

2018-10-30 13:34:04 - [TEST_STEP][PASSED] - waitForElementPresent: Object 'Object Repository/Portal_Home/div_suaCaracteristicasSujeto' is present

2018-10-30 13:34:05 - [MESSAGE][PASSED] - Object 'Object Repository/Portal_Home/div_suaCaracteristicasSujeto' is present

2018-10-30 13:34:05 - [TEST_STEP][PASSED] - click: Object: 'Object Repository/Portal_Home/div_collapsableLeftContainer' is clicked on

2018-10-30 13:34:08 - [MESSAGE][PASSED] - Object: 'Object Repository/Portal_Home/div_collapsableLeftContainer' is clicked on

2018-10-30 13:34:08 - [TEST_STEP][PASSED] - waitForElementVisible: Object 'Object Repository/Portal_Home/btn_servicesTreeOpen' is visible

2018-10-30 13:34:10 - [MESSAGE][PASSED] - Object 'Object Repository/Portal_Home/btn_servicesTreeOpen' is visible

2018-10-30 13:34:10 - [TEST_STEP][PASSED] - click: Object: 'Object Repository/Portal_Home/btn_servicesTreeOpen' is clicked on

2018-10-30 13:34:11 - [MESSAGE][PASSED] - Object: 'Object Repository/Portal_Home/btn_servicesTreeOpen' is clicked on

2018-10-30 13:34:11 - [TEST_STEP][PASSED] - waitForElementVisible: Object 'Object Repository/Portal_Home/a_Servicios' is visible

2018-10-30 13:34:11 - [MESSAGE][PASSED] - Object 'Object Repository/Portal_Home/a_Servicios' is visible

2018-10-30 13:34:11 - [TEST_STEP][PASSED] - click: Object: 'Object Repository/Portal_Home/a_Servicios' is clicked on

2018-10-30 13:34:13 - [MESSAGE][PASSED] - Object: 'Object Repository/Portal_Home/a_Servicios' is clicked on

2018-10-30 13:34:13 - [TEST_STEP][PASSED] - Statement - abrirServicio(G_Servicio, com.kms.katalon.core.webui.driver.DriverFactory.getWebDriver()): null

2018-10-30 13:34:13 - [TEST_STEP][PASSED] - Statement - Try: null

2018-10-30 13:34:13 - [TEST_STEP][PASSED] - Statement - element = driver.findElement(org.openqa.selenium.By.id("accordionMenuApi")): null

2018-10-30 13:34:13 - [TEST_STEP][PASSED] - Statement - lstRegistro = element.findElements(org.openqa.selenium.By.xpath("//div[contains(@class, 'treeMenuElement ellipsis_text')]")): null

2018-10-30 13:34:15 - [TEST_STEP][PASSED] - Statement - For (org.openqa.selenium.WebElement Registro : lstRegistro): null

2018-10-30 13:34:15 - [TEST_STEP][PASSED] - Statement - itemsServicio = Registro.findElements(org.openqa.selenium.By.xpath("//span[contains(@class, 'serviceSpanElement')]")): null

2018-10-30 13:34:16 - [TEST_STEP][PASSED] - Statement - For (org.openqa.selenium.WebElement item : itemsServicio): null

2018-10-30 13:34:16 - [TEST_STEP][PASSED] - Statement - If (item.getText().equals(NombreServicio)): null

2018-10-30 13:34:17 - [TEST_STEP][PASSED] - Statement - If (item.getText().equals(NombreServicio)): null

2018-10-30 13:34:17 - [TEST_STEP][PASSED] - Statement - If (item.getText().equals(NombreServicio)): null

2018-10-30 13:34:17 - [TEST_STEP][PASSED] - Statement - If (item.getText().equals(NombreServicio)): null

2018-10-30 13:34:17 - [TEST_STEP][PASSED] - Statement - If (item.getText().equals(NombreServicio)): null

2018-10-30 13:34:17 - [TEST_STEP][PASSED] - Statement - If (item.getText().equals(NombreServicio)): null

2018-10-30 13:34:17 - [TEST_STEP][PASSED] - Statement - If (item.getText().equals(NombreServicio)): null

2018-10-30 13:34:17 - [TEST_STEP][PASSED] - Statement - If (item.getText().equals(NombreServicio)): null

2018-10-30 13:34:17 - [TEST_STEP][PASSED] - Statement - If (item.getText().equals(NombreServicio)): null

2018-10-30 13:34:18 - [TEST_STEP][PASSED] - Statement - If (item.getText().equals(NombreServicio)): null

2018-10-30 13:34:18 - [TEST_STEP][PASSED] - Statement - If (item.getText().equals(NombreServicio)): null

2018-10-30 13:34:18 - [TEST_STEP][PASSED] - Statement - If (item.getText().equals(NombreServicio)): null

2018-10-30 13:34:18 - [TEST_STEP][PASSED] - Statement - If (item.getText().equals(NombreServicio)): null

2018-10-30 13:34:18 - [TEST_STEP][PASSED] - Statement - If (item.getText().equals(NombreServicio)): null

2018-10-30 13:34:18 - [TEST_STEP][PASSED] - Statement - If (item.getText().equals(NombreServicio)): null

2018-10-30 13:34:18 - [TEST_STEP][PASSED] - Statement - If (item.getText().equals(NombreServicio)): null

2018-10-30 13:34:19 - [TEST_STEP][PASSED] - Statement - If (item.getText().equals(NombreServicio)): null

2018-10-30 13:34:19 - [TEST_STEP][PASSED] - Statement - If (item.getText().equals(NombreServicio)): null

2018-10-30 13:34:19 - [TEST_STEP][PASSED] - Statement - If (item.getText().equals(NombreServicio)): null

2018-10-30 13:34:19 - [TEST_STEP][PASSED] - Statement - If (item.getText().equals(NombreServicio)): null

2018-10-30 13:34:19 - [TEST_STEP][PASSED] - Statement - If (item.getText().equals(NombreServicio)): null

2018-10-30 13:34:19 - [TEST_STEP][PASSED] - Statement - If (item.getText().equals(NombreServicio)): null

2018-10-30 13:34:19 - [TEST_STEP][PASSED] - Statement - If (item.getText().equals(NombreServicio)): null

2018-10-30 13:34:20 - [TEST_STEP][PASSED] - Statement - If (item.getText().equals(NombreServicio)): null

2018-10-30 13:34:20 - [TEST_STEP][PASSED] - Statement - If (item.getText().equals(NombreServicio)): null

2018-10-30 13:34:20 - [TEST_STEP][PASSED] - Statement - If (item.getText().equals(NombreServicio)): null

2018-10-30 13:34:20 - [TEST_STEP][PASSED] - Statement - If (item.getText().equals(NombreServicio)): null

2018-10-30 13:34:20 - [TEST_STEP][PASSED] - Statement - If (item.getText().equals(NombreServicio)): null

2018-10-30 13:34:20 - [TEST_STEP][PASSED] - Statement - If (item.getText().equals(NombreServicio)): null

2018-10-30 13:34:20 - [TEST_STEP][PASSED] - Statement - If (item.getText().equals(NombreServicio)): null

2018-10-30 13:34:21 - [TEST_STEP][PASSED] - Statement - If (item.getText().equals(NombreServicio)): null

2018-10-30 13:34:21 - [TEST_STEP][PASSED] - Statement - If (item.getText().equals(NombreServicio)): null

2018-10-30 13:34:21 - [TEST_STEP][PASSED] - Statement - If (item.getText().equals(NombreServicio)): null

2018-10-30 13:34:21 - [TEST_STEP][PASSED] - Statement - If (item.getText().equals(NombreServicio)): null

2018-10-30 13:34:21 - [TEST_STEP][PASSED] - Statement - If (item.getText().equals(NombreServicio)): null

2018-10-30 13:34:21 - [TEST_STEP][PASSED] - Statement - If (item.getText().equals(NombreServicio)): null

2018-10-30 13:34:21 - [TEST_STEP][PASSED] - Statement - If (item.getText().equals(NombreServicio)): null

2018-10-30 13:34:21 - [TEST_STEP][PASSED] - Statement - If (item.getText().equals(NombreServicio)): null

2018-10-30 13:34:22 - [TEST_STEP][PASSED] - Statement - If (item.getText().equals(NombreServicio)): null

2018-10-30 13:34:22 - [TEST_STEP][PASSED] - Statement - If (item.getText().equals(NombreServicio)): null

2018-10-30 13:34:22 - [TEST_STEP][PASSED] - Statement - If (item.getText().equals(NombreServicio)): null

2018-10-30 13:34:22 - [TEST_STEP][PASSED] - Statement - If (item.getText().equals(NombreServicio)): null

2018-10-30 13:34:22 - [TEST_STEP][PASSED] - Statement - If (item.getText().equals(NombreServicio)): null

2018-10-30 13:34:22 - [TEST_STEP][PASSED] - Statement - If (item.getText().equals(NombreServicio)): null

2018-10-30 13:34:22 - [TEST_STEP][PASSED] - Statement - If (item.getText().equals(NombreServicio)): null

2018-10-30 13:34:22 - [TEST_STEP][PASSED] - Statement - If (item.getText().equals(NombreServicio)): null

2018-10-30 13:34:22 - [TEST_STEP][PASSED] - Statement - If (item.getText().equals(NombreServicio)): null

2018-10-30 13:34:23 - [TEST_STEP][PASSED] - Statement - If (item.getText().equals(NombreServicio)): null

2018-10-30 13:34:23 - [TEST_STEP][PASSED] - Statement - If (item.getText().equals(NombreServicio)): null

2018-10-30 13:34:23 - [TEST_STEP][PASSED] - Statement - If (item.getText().equals(NombreServicio)): null

2018-10-30 13:34:23 - [TEST_STEP][PASSED] - Statement - If (item.getText().equals(NombreServicio)): null

2018-10-30 13:34:23 - [TEST_STEP][PASSED] - Statement - If (item.getText().equals(NombreServicio)): null

2018-10-30 13:34:23 - [TEST_STEP][PASSED] - Statement - If (item.getText().equals(NombreServicio)): null

2018-10-30 13:34:23 - [TEST_STEP][PASSED] - Statement - If (item.getText().equals(NombreServicio)): null

2018-10-30 13:34:24 - [TEST_STEP][PASSED] - Statement - If (item.getText().equals(NombreServicio)): null

2018-10-30 13:34:24 - [TEST_STEP][PASSED] - Statement - If (item.getText().equals(NombreServicio)): null

2018-10-30 13:34:24 - [TEST_STEP][PASSED] - Statement - If (item.getText().equals(NombreServicio)): null

2018-10-30 13:34:24 - [TEST_STEP][PASSED] - Statement - If (item.getText().equals(NombreServicio)): null

2018-10-30 13:34:24 - [TEST_STEP][PASSED] - Statement - If (item.getText().equals(NombreServicio)): null

2018-10-30 13:34:24 - [TEST_STEP][PASSED] - Statement - If (item.getText().equals(NombreServicio)): null

2018-10-30 13:34:24 - [TEST_STEP][PASSED] - Statement - If (item.getText().equals(NombreServicio)): null

2018-10-30 13:34:24 - [TEST_STEP][PASSED] - Statement - If (item.getText().equals(NombreServicio)): null

2018-10-30 13:34:24 - [TEST_STEP][PASSED] - Statement - If (item.getText().equals(NombreServicio)): null

2018-10-30 13:34:24 - [TEST_STEP][PASSED] - Statement - If (item.getText().equals(NombreServicio)): null

2018-10-30 13:34:25 - [TEST_STEP][PASSED] - Statement - If (item.getText().equals(NombreServicio)): null

2018-10-30 13:34:25 - [TEST_STEP][PASSED] - Statement - If (item.getText().equals(NombreServicio)): null

2018-10-30 13:34:25 - [TEST_STEP][PASSED] - Statement - If (item.getText().equals(NombreServicio)): null

2018-10-30 13:34:25 - [TEST_STEP][PASSED] - Statement - If (item.getText().equals(NombreServicio)): null

2018-10-30 13:34:25 - [TEST_STEP][PASSED] - Statement - If (item.getText().equals(NombreServicio)): null

2018-10-30 13:34:25 - [TEST_STEP][PASSED] - Statement - If (item.getText().equals(NombreServicio)): null

2018-10-30 13:34:25 - [TEST_STEP][PASSED] - Statement - If (item.getText().equals(NombreServicio)): null

2018-10-30 13:34:26 - [TEST_STEP][PASSED] - Statement - If (item.getText().equals(NombreServicio)): null

2018-10-30 13:34:26 - [TEST_STEP][PASSED] - Statement - If (item.getText().equals(NombreServicio)): null

2018-10-30 13:34:26 - [TEST_STEP][PASSED] - Statement - If (item.getText().equals(NombreServicio)): null

2018-10-30 13:34:26 - [TEST_STEP][PASSED] - Statement - If (item.getText().equals(NombreServicio)): null

2018-10-30 13:34:26 - [TEST_STEP][PASSED] - Statement - If (item.getText().equals(NombreServicio)): null

2018-10-30 13:34:26 - [TEST_STEP][PASSED] - Statement - If (item.getText().equals(NombreServicio)): null

2018-10-30 13:34:26 - [TEST_STEP][PASSED] - Statement - If (item.getText().equals(NombreServicio)): null

2018-10-30 13:34:26 - [TEST_STEP][PASSED] - Statement - If (item.getText().equals(NombreServicio)): null

2018-10-30 13:34:26 - [TEST_STEP][PASSED] - Statement - If (item.getText().equals(NombreServicio)): null

2018-10-30 13:34:27 - [TEST_STEP][PASSED] - Statement - If (item.getText().equals(NombreServicio)): null

2018-10-30 13:34:27 - [TEST_STEP][PASSED] - Statement - If (item.getText().equals(NombreServicio)): null

2018-10-30 13:34:27 - [TEST_STEP][PASSED] - Statement - If (item.getText().equals(NombreServicio)): null

2018-10-30 13:34:27 - [TEST_STEP][PASSED] - Statement - If (item.getText().equals(NombreServicio)): null

2018-10-30 13:34:27 - [TEST_STEP][PASSED] - Statement - If (item.getText().equals(NombreServicio)): null

2018-10-30 13:34:27 - [TEST_STEP][PASSED] - Statement - If (item.getText().equals(NombreServicio)): null

2018-10-30 13:34:27 - [TEST_STEP][PASSED] - Statement - If (item.getText().equals(NombreServicio)): null

2018-10-30 13:34:27 - [TEST_STEP][PASSED] - Statement - If (item.getText().equals(NombreServicio)): null

2018-10-30 13:34:27 - [TEST_STEP][PASSED] - Statement - If (item.getText().equals(NombreServicio)): null

2018-10-30 13:34:28 - [TEST_STEP][PASSED] - Statement - If (item.getText().equals(NombreServicio)): null

2018-10-30 13:34:28 - [TEST_STEP][PASSED] - Statement - If (item.getText().equals(NombreServicio)): null

2018-10-30 13:34:28 - [TEST_STEP][PASSED] - Statement - If (item.getText().equals(NombreServicio)): null

2018-10-30 13:34:28 - [TEST_STEP][PASSED] - Statement - If (item.getText().equals(NombreServicio)): null

2018-10-30 13:34:28 - [TEST_STEP][PASSED] - Statement - If (item.getText().equals(NombreServicio)): null

2018-10-30 13:34:28 - [TEST_STEP][PASSED] - Statement - If (item.getText().equals(NombreServicio)): null

2018-10-30 13:34:28 - [TEST_STEP][PASSED] - Statement - If (item.getText().equals(NombreServicio)): null

2018-10-30 13:34:28 - [TEST_STEP][PASSED] - Statement - If (item.getText().equals(NombreServicio)): null

2018-10-30 13:34:28 - [TEST_STEP][PASSED] - Statement - If (item.getText().equals(NombreServicio)): null

2018-10-30 13:34:29 - [TEST_STEP][PASSED] - Statement - If (item.getText().equals(NombreServicio)): null

2018-10-30 13:34:29 - [TEST_STEP][PASSED] - Statement - If (item.getText().equals(NombreServicio)): null

2018-10-30 13:34:29 - [TEST_STEP][PASSED] - Statement - If (item.getText().equals(NombreServicio)): null

2018-10-30 13:34:29 - [TEST_STEP][PASSED] - Statement - If (item.getText().equals(NombreServicio)): null

2018-10-30 13:34:29 - [TEST_STEP][PASSED] - Statement - If (item.getText().equals(NombreServicio)): null

2018-10-30 13:34:29 - [TEST_STEP][PASSED] - Statement - If (item.getText().equals(NombreServicio)): null

2018-10-30 13:34:29 - [TEST_STEP][PASSED] - Statement - If (item.getText().equals(NombreServicio)): null

2018-10-30 13:34:29 - [TEST_STEP][PASSED] - Statement - If (item.getText().equals(NombreServicio)): null

2018-10-30 13:34:30 - [TEST_STEP][PASSED] - Statement - If (item.getText().equals(NombreServicio)): null

2018-10-30 13:34:30 - [TEST_STEP][PASSED] - Statement - If (item.getText().equals(NombreServicio)): null

2018-10-30 13:34:30 - [TEST_STEP][PASSED] - Statement - If (item.getText().equals(NombreServicio)): null

2018-10-30 13:34:30 - [TEST_STEP][PASSED] - Statement - If (item.getText().equals(NombreServicio)): null

2018-10-30 13:34:30 - [TEST_STEP][PASSED] - Statement - If (item.getText().equals(NombreServicio)): null

2018-10-30 13:34:30 - [TEST_STEP][PASSED] - Statement - If (item.getText().equals(NombreServicio)): null

2018-10-30 13:34:30 - [TEST_STEP][PASSED] - Statement - If (item.getText().equals(NombreServicio)): null

2018-10-30 13:34:31 - [TEST_STEP][PASSED] - Statement - If (item.getText().equals(NombreServicio)): null

2018-10-30 13:34:31 - [TEST_STEP][PASSED] - Statement - If (item.getText().equals(NombreServicio)): null

2018-10-30 13:34:31 - [TEST_STEP][PASSED] - Statement - If (item.getText().equals(NombreServicio)): null

2018-10-30 13:34:31 - [TEST_STEP][PASSED] - Statement - If (item.getText().equals(NombreServicio)): null

2018-10-30 13:34:31 - [TEST_STEP][PASSED] - Statement - If (item.getText().equals(NombreServicio)): null

2018-10-30 13:34:31 - [TEST_STEP][PASSED] - Statement - If (item.getText().equals(NombreServicio)): null

2018-10-30 13:34:31 - [TEST_STEP][PASSED] - Statement - If (item.getText().equals(NombreServicio)): null

2018-10-30 13:34:31 - [TEST_STEP][PASSED] - Statement - If (item.getText().equals(NombreServicio)): null

2018-10-30 13:34:31 - [TEST_STEP][PASSED] - Statement - If (item.getText().equals(NombreServicio)): null

2018-10-30 13:34:31 - [TEST_STEP][PASSED] - Statement - If (item.getText().equals(NombreServicio)): null

2018-10-30 13:34:32 - [TEST_STEP][PASSED] - Statement - If (item.getText().equals(NombreServicio)): null

2018-10-30 13:34:32 - [TEST_STEP][PASSED] - Statement - If (item.getText().equals(NombreServicio)): null

2018-10-30 13:34:32 - [TEST_STEP][PASSED] - Statement - If (item.getText().equals(NombreServicio)): null

2018-10-30 13:34:32 - [TEST_STEP][PASSED] - Statement - If (item.getText().equals(NombreServicio)): null

2018-10-30 13:34:32 - [TEST_STEP][PASSED] - Statement - If (item.getText().equals(NombreServicio)): null

2018-10-30 13:34:32 - [TEST_STEP][PASSED] - Statement - If (item.getText().equals(NombreServicio)): null

2018-10-30 13:34:32 - [TEST_STEP][PASSED] - Statement - If (item.getText().equals(NombreServicio)): null

2018-10-30 13:34:33 - [TEST_STEP][PASSED] - Statement - If (item.getText().equals(NombreServicio)): null

2018-10-30 13:34:33 - [TEST_STEP][PASSED] - Statement - If (item.getText().equals(NombreServicio)): null

2018-10-30 13:34:33 - [TEST_STEP][PASSED] - Statement - If (item.getText().equals(NombreServicio)): null

2018-10-30 13:34:33 - [TEST_STEP][PASSED] - Statement - If (item.getText().equals(NombreServicio)): null

2018-10-30 13:34:33 - [TEST_STEP][PASSED] - Statement - If (item.getText().equals(NombreServicio)): null

2018-10-30 13:34:33 - [TEST_STEP][PASSED] - Statement - If (item.getText().equals(NombreServicio)): null

2018-10-30 13:34:33 - [TEST_STEP][PASSED] - Statement - If (item.getText().equals(NombreServicio)): null

2018-10-30 13:34:33 - [TEST_STEP][PASSED] - Statement - If (item.getText().equals(NombreServicio)): null

2018-10-30 13:34:33 - [TEST_STEP][PASSED] - Statement - If (item.getText().equals(NombreServicio)): null

2018-10-30 13:34:34 - [TEST_STEP][PASSED] - Statement - If (item.getText().equals(NombreServicio)): null

2018-10-30 13:34:34 - [TEST_STEP][PASSED] - Statement - If (item.getText().equals(NombreServicio)): null

2018-10-30 13:34:34 - [TEST_STEP][PASSED] - Statement - If (item.getText().equals(NombreServicio)): null

2018-10-30 13:34:34 - [TEST_STEP][PASSED] - Statement - If (item.getText().equals(NombreServicio)): null

2018-10-30 13:34:34 - [TEST_STEP][PASSED] - Statement - If (item.getText().equals(NombreServicio)): null

2018-10-30 13:34:34 - [TEST_STEP][PASSED] - Statement - If (item.getText().equals(NombreServicio)): null

2018-10-30 13:34:34 - [TEST_STEP][PASSED] - Statement - If (item.getText().equals(NombreServicio)): null

2018-10-30 13:34:34 - [TEST_STEP][PASSED] - Statement - If (item.getText().equals(NombreServicio)): null

2018-10-30 13:34:34 - [TEST_STEP][PASSED] - Statement - If (item.getText().equals(NombreServicio)): null

2018-10-30 13:34:35 - [TEST_STEP][PASSED] - Statement - If (item.getText().equals(NombreServicio)): null

2018-10-30 13:34:35 - [TEST_STEP][PASSED] - Statement - If (item.getText().equals(NombreServicio)): null

2018-10-30 13:34:35 - [TEST_STEP][PASSED] - Statement - If (item.getText().equals(NombreServicio)): null

2018-10-30 13:34:35 - [TEST_STEP][PASSED] - Statement - If (item.getText().equals(NombreServicio)): null

2018-10-30 13:34:35 - [TEST_STEP][PASSED] - Statement - If (item.getText().equals(NombreServicio)): null

2018-10-30 13:34:35 - [TEST_STEP][PASSED] - Statement - If (item.getText().equals(NombreServicio)): null

2018-10-30 13:34:35 - [TEST_STEP][PASSED] - Statement - If (item.getText().equals(NombreServicio)): null

2018-10-30 13:34:35 - [TEST_STEP][PASSED] - Statement - If (item.getText().equals(NombreServicio)): null

2018-10-30 13:34:35 - [TEST_STEP][PASSED] - Statement - If (item.getText().equals(NombreServicio)): null

2018-10-30 13:34:35 - [TEST_STEP][PASSED] - Statement - If (item.getText().equals(NombreServicio)): null

2018-10-30 13:34:36 - [TEST_STEP][PASSED] - Statement - If (item.getText().equals(NombreServicio)): null

2018-10-30 13:34:36 - [TEST_STEP][PASSED] - Statement - If (item.getText().equals(NombreServicio)): null

2018-10-30 13:34:36 - [TEST_STEP][PASSED] - Statement - If (item.getText().equals(NombreServicio)): null

2018-10-30 13:34:36 - [TEST_STEP][PASSED] - Statement - If (item.getText().equals(NombreServicio)): null

2018-10-30 13:34:36 - [TEST_STEP][PASSED] - Statement - If (item.getText().equals(NombreServicio)): null

2018-10-30 13:34:36 - [TEST_STEP][PASSED] - Statement - If (item.getText().equals(NombreServicio)): null

2018-10-30 13:34:36 - [TEST_STEP][PASSED] - Statement - If (item.getText().equals(NombreServicio)): null

2018-10-30 13:34:36 - [TEST_STEP][PASSED] - Statement - If (item.getText().equals(NombreServicio)): null

2018-10-30 13:34:36 - [TEST_STEP][PASSED] - Statement - If (item.getText().equals(NombreServicio)): null

2018-10-30 13:34:36 - [TEST_STEP][PASSED] - Statement - If (item.getText().equals(NombreServicio)): null

2018-10-30 13:34:37 - [TEST_STEP][PASSED] - Statement - If (item.getText().equals(NombreServicio)): null

2018-10-30 13:34:37 - [TEST_STEP][PASSED] - Statement - If (item.getText().equals(NombreServicio)): null

2018-10-30 13:34:37 - [TEST_STEP][PASSED] - Statement - If (item.getText().equals(NombreServicio)): null

2018-10-30 13:34:37 - [TEST_STEP][PASSED] - Statement - If (item.getText().equals(NombreServicio)): null

2018-10-30 13:34:37 - [TEST_STEP][PASSED] - Statement - If (item.getText().equals(NombreServicio)): null

2018-10-30 13:34:37 - [TEST_STEP][PASSED] - Statement - If (item.getText().equals(NombreServicio)): null

2018-10-30 13:34:37 - [TEST_STEP][PASSED] - Statement - If (item.getText().equals(NombreServicio)): null

2018-10-30 13:34:37 - [TEST_STEP][PASSED] - Statement - If (item.getText().equals(NombreServicio)): null

2018-10-30 13:34:37 - [TEST_STEP][PASSED] - Statement - If (item.getText().equals(NombreServicio)): null

2018-10-30 13:34:38 - [TEST_STEP][PASSED] - Statement - If (item.getText().equals(NombreServicio)): null

2018-10-30 13:34:38 - [TEST_STEP][PASSED] - Statement - If (item.getText().equals(NombreServicio)): null

2018-10-30 13:34:38 - [TEST_STEP][PASSED] - Statement - If (item.getText().equals(NombreServicio)): null

2018-10-30 13:34:38 - [TEST_STEP][PASSED] - Statement - If (item.getText().equals(NombreServicio)): null

2018-10-30 13:34:38 - [TEST_STEP][PASSED] - Statement - If (item.getText().equals(NombreServicio)): null

2018-10-30 13:34:38 - [TEST_STEP][PASSED] - Statement - If (item.getText().equals(NombreServicio)): null

2018-10-30 13:34:38 - [TEST_STEP][PASSED] - Statement - If (item.getText().equals(NombreServicio)): null

2018-10-30 13:34:38 - [TEST_STEP][PASSED] - Statement - If (item.getText().equals(NombreServicio)): null

2018-10-30 13:34:38 - [TEST_STEP][PASSED] - Statement - If (item.getText().equals(NombreServicio)): null

2018-10-30 13:34:38 - [TEST_STEP][PASSED] - Statement - If (item.getText().equals(NombreServicio)): null

2018-10-30 13:34:39 - [TEST_STEP][PASSED] - Statement - If (item.getText().equals(NombreServicio)): null

2018-10-30 13:34:39 - [TEST_STEP][PASSED] - Statement - If (item.getText().equals(NombreServicio)): null

2018-10-30 13:34:39 - [TEST_STEP][PASSED] - Statement - If (item.getText().equals(NombreServicio)): null

2018-10-30 13:34:39 - [TEST_STEP][PASSED] - Statement - If (item.getText().equals(NombreServicio)): null

2018-10-30 13:34:39 - [TEST_STEP][PASSED] - Statement - If (item.getText().equals(NombreServicio)): null

2018-10-30 13:34:39 - [TEST_STEP][PASSED] - Statement - If (item.getText().equals(NombreServicio)): null

2018-10-30 13:34:39 - [TEST_STEP][PASSED] - Statement - If (item.getText().equals(NombreServicio)): null

2018-10-30 13:34:39 - [TEST_STEP][PASSED] - Statement - If (item.getText().equals(NombreServicio)): null

2018-10-30 13:34:39 - [TEST_STEP][PASSED] - Statement - If (item.getText().equals(NombreServicio)): null

2018-10-30 13:34:39 - [TEST_STEP][PASSED] - Statement - If (item.getText().equals(NombreServicio)): null

2018-10-30 13:34:40 - [TEST_STEP][PASSED] - Statement - If (item.getText().equals(NombreServicio)): null

2018-10-30 13:34:40 - [TEST_STEP][PASSED] - Statement - If (item.getText().equals(NombreServicio)): null

2018-10-30 13:34:40 - [TEST_STEP][PASSED] - Statement - If (item.getText().equals(NombreServicio)): null

2018-10-30 13:34:40 - [TEST_STEP][PASSED] - Statement - If (item.getText().equals(NombreServicio)): null

2018-10-30 13:34:40 - [TEST_STEP][PASSED] - Statement - If (item.getText().equals(NombreServicio)): null

2018-10-30 13:34:40 - [TEST_STEP][PASSED] - Statement - If (item.getText().equals(NombreServicio)): null

2018-10-30 13:34:40 - [TEST_STEP][PASSED] - Statement - If (item.getText().equals(NombreServicio)): null

2018-10-30 13:34:40 - [TEST_STEP][PASSED] - Statement - If (item.getText().equals(NombreServicio)): null

2018-10-30 13:34:40 - [TEST_STEP][PASSED] - Statement - If (item.getText().equals(NombreServicio)): null

2018-10-30 13:34:40 - [TEST_STEP][PASSED] - Statement - If (item.getText().equals(NombreServicio)): null

2018-10-30 13:34:41 - [TEST_STEP][PASSED] - Statement - If (item.getText().equals(NombreServicio)): null

2018-10-30 13:34:41 - [TEST_STEP][PASSED] - Statement - If (item.getText().equals(NombreServicio)): null

2018-10-30 13:34:41 - [TEST_STEP][PASSED] - Statement - If (item.getText().equals(NombreServicio)): null

2018-10-30 13:34:41 - [TEST_STEP][PASSED] - Statement - If (item.getText().equals(NombreServicio)): null

2018-10-30 13:34:41 - [TEST_STEP][PASSED] - Statement - If (item.getText().equals(NombreServicio)): null

2018-10-30 13:34:41 - [TEST_STEP][PASSED] - Statement - If (item.getText().equals(NombreServicio)): null

2018-10-30 13:34:41 - [TEST_STEP][PASSED] - Statement - If (item.getText().equals(NombreServicio)): null

2018-10-30 13:34:41 - [TEST_STEP][PASSED] - Statement - If (item.getText().equals(NombreServicio)): null

2018-10-30 13:34:41 - [TEST_STEP][PASSED] - Statement - If (item.getText().equals(NombreServicio)): null

2018-10-30 13:34:42 - [TEST_STEP][PASSED] - Statement - If (item.getText().equals(NombreServicio)): null

2018-10-30 13:34:42 - [TEST_STEP][PASSED] - Statement - If (item.getText().equals(NombreServicio)): null

2018-10-30 13:34:42 - [TEST_STEP][PASSED] - Statement - If (item.getText().equals(NombreServicio)): null

2018-10-30 13:34:42 - [TEST_STEP][PASSED] - Statement - If (item.getText().equals(NombreServicio)): null

2018-10-30 13:34:42 - [TEST_STEP][PASSED] - Statement - If (item.getText().equals(NombreServicio)): null

2018-10-30 13:34:42 - [TEST_STEP][PASSED] - Statement - If (item.getText().equals(NombreServicio)): null

2018-10-30 13:34:42 - [TEST_STEP][PASSED] - Statement - If (item.getText().equals(NombreServicio)): null

2018-10-30 13:34:42 - [TEST_STEP][PASSED] - Statement - If (item.getText().equals(NombreServicio)): null

2018-10-30 13:34:42 - [TEST_STEP][PASSED] - Statement - If (item.getText().equals(NombreServicio)): null

2018-10-30 13:34:42 - [TEST_STEP][PASSED] - Statement - If (item.getText().equals(NombreServicio)): null

2018-10-30 13:34:43 - [TEST_STEP][PASSED] - Statement - If (item.getText().equals(NombreServicio)): null

2018-10-30 13:34:43 - [TEST_STEP][PASSED] - Statement - If (item.getText().equals(NombreServicio)): null

2018-10-30 13:34:43 - [TEST_STEP][PASSED] - Statement - If (item.getText().equals(NombreServicio)): null

2018-10-30 13:34:43 - [TEST_STEP][PASSED] - Statement - If (item.getText().equals(NombreServicio)): null

2018-10-30 13:34:43 - [TEST_STEP][PASSED] - Statement - If (item.getText().equals(NombreServicio)): null

2018-10-30 13:34:43 - [TEST_STEP][PASSED] - Statement - If (item.getText().equals(NombreServicio)): null

2018-10-30 13:34:43 - [TEST_STEP][PASSED] - Statement - If (item.getText().equals(NombreServicio)): null

2018-10-30 13:34:43 - [TEST_STEP][PASSED] - Statement - If (item.getText().equals(NombreServicio)): null

2018-10-30 13:34:43 - [TEST_STEP][PASSED] - Statement - If (item.getText().equals(NombreServicio)): null

2018-10-30 13:34:44 - [TEST_STEP][PASSED] - Statement - If (item.getText().equals(NombreServicio)): null

2018-10-30 13:34:44 - [TEST_STEP][PASSED] - Statement - If (item.getText().equals(NombreServicio)): null

2018-10-30 13:34:44 - [TEST_STEP][PASSED] - Statement - If (item.getText().equals(NombreServicio)): null

2018-10-30 13:34:44 - [TEST_STEP][PASSED] - Statement - If (item.getText().equals(NombreServicio)): null

2018-10-30 13:34:44 - [TEST_STEP][PASSED] - Statement - If (item.getText().equals(NombreServicio)): null

2018-10-30 13:34:44 - [TEST_STEP][PASSED] - Statement - If (item.getText().equals(NombreServicio)): null

2018-10-30 13:34:45 - [TEST_STEP][PASSED] - Statement - If (item.getText().equals(NombreServicio)): null

2018-10-30 13:34:45 - [TEST_STEP][PASSED] - Statement - If (item.getText().equals(NombreServicio)): null

2018-10-30 13:34:45 - [TEST_STEP][PASSED] - Statement - If (item.getText().equals(NombreServicio)): null

2018-10-30 13:34:45 - [TEST_STEP][PASSED] - Statement - If (item.getText().equals(NombreServicio)): null

2018-10-30 13:34:45 - [TEST_STEP][PASSED] - Statement - If (item.getText().equals(NombreServicio)): null

2018-10-30 13:34:45 - [TEST_STEP][PASSED] - Statement - If (item.getText().equals(NombreServicio)): null

2018-10-30 13:34:45 - [TEST_STEP][PASSED] - Statement - If (item.getText().equals(NombreServicio)): null

2018-10-30 13:34:45 - [TEST_STEP][PASSED] - Statement - If (item.getText().equals(NombreServicio)): null

2018-10-30 13:34:46 - [TEST_STEP][PASSED] - Statement - If (item.getText().equals(NombreServicio)): null

2018-10-30 13:34:46 - [TEST_STEP][PASSED] - Statement - If (item.getText().equals(NombreServicio)): null

2018-10-30 13:34:46 - [TEST_STEP][PASSED] - Statement - If (item.getText().equals(NombreServicio)): null

2018-10-30 13:34:46 - [TEST_STEP][PASSED] - Statement - If (item.getText().equals(NombreServicio)): null

2018-10-30 13:34:46 - [TEST_STEP][PASSED] - Statement - If (item.getText().equals(NombreServicio)): null

2018-10-30 13:34:46 - [TEST_STEP][PASSED] - Statement - If (item.getText().equals(NombreServicio)): null

2018-10-30 13:34:46 - [TEST_STEP][PASSED] - Statement - If (item.getText().equals(NombreServicio)): null

2018-10-30 13:34:46 - [TEST_STEP][PASSED] - Statement - If (item.getText().equals(NombreServicio)): null

2018-10-30 13:34:47 - [TEST_STEP][PASSED] - Statement - If (item.getText().equals(NombreServicio)): null

2018-10-30 13:34:47 - [TEST_STEP][PASSED] - Statement - If (item.getText().equals(NombreServicio)): null

2018-10-30 13:34:47 - [TEST_STEP][PASSED] - Statement - If (item.getText().equals(NombreServicio)): null

2018-10-30 13:34:47 - [TEST_STEP][PASSED] - Statement - If (item.getText().equals(NombreServicio)): null

2018-10-30 13:34:47 - [TEST_STEP][PASSED] - Statement - If (item.getText().equals(NombreServicio)): null

2018-10-30 13:34:47 - [TEST_STEP][PASSED] - Statement - If (item.getText().equals(NombreServicio)): null

2018-10-30 13:34:47 - [TEST_STEP][PASSED] - Statement - If (item.getText().equals(NombreServicio)): null

2018-10-30 13:34:47 - [TEST_STEP][PASSED] - Statement - If (item.getText().equals(NombreServicio)): null

2018-10-30 13:34:47 - [TEST_STEP][PASSED] - Statement - If (item.getText().equals(NombreServicio)): null

2018-10-30 13:34:48 - [TEST_STEP][PASSED] - Statement - If (item.getText().equals(NombreServicio)): null

2018-10-30 13:34:48 - [TEST_STEP][PASSED] - Statement - If (item.getText().equals(NombreServicio)): null

2018-10-30 13:34:48 - [TEST_STEP][PASSED] - Statement - If (item.getText().equals(NombreServicio)): null

2018-10-30 13:34:48 - [TEST_STEP][PASSED] - Statement - item.click(): null

2018-10-30 13:34:49 - [TEST_STEP][PASSED] - Statement - return true: null

2018-10-30 13:34:49 - [TEST_STEP][PASSED] - Statement - verifyIsGenesisCoberturaOpen(): null

2018-10-30 13:34:49 - [TEST_STEP][PASSED] - Statement - Try: Object 'Object Repository/Servicio/input_Prestaciones' is clickable

2018-10-30 13:34:49 - [TEST_STEP][PASSED] - Statement - java.lang.Thread.sleep(3000): null

2018-10-30 13:34:52 - [TEST_STEP][PASSED] - waitForElementClickable: Object 'Object Repository/Servicio/input_Prestaciones' is clickable

2018-10-30 13:34:56 - [MESSAGE][PASSED] - Object 'Object Repository/Servicio/input_Prestaciones' is clickable

2018-10-30 13:34:56 - [TEST_STEP][PASSED] - setText: Text '250102' is set on object 'Object Repository/Servicio/input_Prestaciones'

2018-10-30 13:34:57 - [MESSAGE][PASSED] - Text '250102' is set on object 'Object Repository/Servicio/input_Prestaciones'

2018-10-30 13:34:58 - [TEST_STEP][PASSED] - Statement - selectOptionAutocomplete(): null

2018-10-30 13:34:58 - [TEST_STEP][PASSED] - Statement - java.lang.Thread.sleep(5000): null

2018-10-30 13:35:03 - [TEST_STEP][PASSED] - Statement - to = com.kms.katalon.core.testobject.ObjectRepository.findTestObject(Servicio/autocomplete_input): Finding Test Object with id 'Object Repository/Servicio/iframe_Genesis Cobertura'

2018-10-30 13:35:03 - [TEST_STEP][PASSED] - click: Object: 'Object Repository/Servicio/autocomplete_input' is clicked on

2018-10-30 13:35:04 - [MESSAGE][PASSED] - Object: 'Object Repository/Servicio/autocomplete_input' is clicked on

2018-10-30 13:35:04 - [TEST_STEP][PASSED] - selectOptionByValue: All options with value 'A' are selected in object 'Object Repository/Servicio/select_Contexto' 

2018-10-30 13:35:05 - [MESSAGE][PASSED] - All options with value 'A' are selected in object 'Object Repository/Servicio/select_Contexto' 

2018-10-30 13:35:05 - [TEST_STEP][PASSED] - click: Object: 'Object Repository/Servicio/div_Prestador' is clicked on

2018-10-30 13:35:07 - [MESSAGE][PASSED] - Object: 'Object Repository/Servicio/div_Prestador' is clicked on

2018-10-30 13:35:07 - [TEST_STEP][PASSED] - waitForElementClickable: Object 'Object Repository/Servicio/select_Filial_Prestador' is clickable

2018-10-30 13:35:07 - [MESSAGE][PASSED] - Object 'Object Repository/Servicio/select_Filial_Prestador' is clickable

2018-10-30 13:35:08 - [TEST_STEP][PASSED] - selectOptionByValue: All options with value '23' are selected in object 'Object Repository/Servicio/select_Filial_Prestador' 

2018-10-30 13:35:08 - [MESSAGE][PASSED] - All options with value '23' are selected in object 'Object Repository/Servicio/select_Filial_Prestador' 

2018-10-30 13:35:09 - [TEST_STEP][PASSED] - Statement - java.lang.Thread.sleep(2000): null

2018-10-30 13:35:11 - [TEST_STEP][PASSED] - waitForElementClickable: Object 'Object Repository/Servicio/select_Filial_Prestador' is clickable

2018-10-30 13:35:11 - [MESSAGE][PASSED] - Object 'Object Repository/Servicio/select_Filial_Prestador' is clickable

2018-10-30 13:35:11 - [TEST_STEP][PASSED] - click: Object: 'Object Repository/Servicio/input_Prestador' is clicked on

2018-10-30 13:35:12 - [MESSAGE][PASSED] - Object: 'Object Repository/Servicio/input_Prestador' is clicked on

2018-10-30 13:35:13 - [TEST_STEP][PASSED] - clearText: Text of object 'Object Repository/Servicio/input_Prestador' is cleared

2018-10-30 13:35:13 - [MESSAGE][PASSED] - Text of object 'Object Repository/Servicio/input_Prestador' is cleared

2018-10-30 13:35:13 - [TEST_STEP][PASSED] - sendKeys: Keys 'ARROYOS' sent to object: 'Object Repository/Servicio/input_Prestador'

2018-10-30 13:35:14 - [MESSAGE][PASSED] - Keys 'ARROYOS' sent to object: 'Object Repository/Servicio/input_Prestador'

2018-10-30 13:35:14 - [TEST_STEP][PASSED] - Statement - java.lang.Thread.sleep(4000): null

2018-10-30 13:35:18 - [TEST_STEP][FAILED] - click: Unable to click on object 'Object Repository/Servicio/autocomplete_inputPrestador' (Root cause: org.openqa.selenium.ElementNotInteractableException: Cannot click on element
Build info: version: '3.7.1', revision: '8a0099a', time: '2017-11-06T21:07:36.161Z'
System info: host: 'SMSL044', ip: '100.1.10.100', os.name: 'Windows 10', os.arch: 'x86', os.version: '10.0', java.version: '1.8.0_181'
Driver info: com.kms.katalon.selenium.driver.CInternetExplorerDriver
Capabilities {acceptInsecureCerts: false, browserName: internet explorer, browserVersion: 11, javascriptEnabled: true, pageLoadStrategy: normal, platform: WINDOWS, platformName: WINDOWS, se:ieOptions: {browserAttachTimeout: 0, elementScrollBehavior: 0, enablePersistentHover: true, ie.browserCommandLineSwitches: , ie.ensureCleanSession: false, ie.fileUploadDialogTimeout: 3000, ie.forceCreateProcessApi: false, ignoreProtectedModeSettings: false, ignoreZoomSetting: false, initialBrowserUrl: http://localhost:37162/, nativeEvents: true, requireWindowFocus: false}, setWindowRect: true}
Session ID: f2201fee-1924-4c63-a66a-6d9f3bbeebd9)

2018-10-30 13:35:20 - [MESSAGE][FAILED] - Unable to click on object 'Object Repository/Servicio/autocomplete_inputPrestador' (Root cause: org.openqa.selenium.ElementNotInteractableException: Cannot click on element
Build info: version: '3.7.1', revision: '8a0099a', time: '2017-11-06T21:07:36.161Z'
System info: host: 'SMSL044', ip: '100.1.10.100', os.name: 'Windows 10', os.arch: 'x86', os.version: '10.0', java.version: '1.8.0_181'
Driver info: com.kms.katalon.selenium.driver.CInternetExplorerDriver
Capabilities {acceptInsecureCerts: false, browserName: internet explorer, browserVersion: 11, javascriptEnabled: true, pageLoadStrategy: normal, platform: WINDOWS, platformName: WINDOWS, se:ieOptions: {browserAttachTimeout: 0, elementScrollBehavior: 0, enablePersistentHover: true, ie.browserCommandLineSwitches: , ie.ensureCleanSession: false, ie.fileUploadDialogTimeout: 3000, ie.forceCreateProcessApi: false, ignoreProtectedModeSettings: false, ignoreZoomSetting: false, initialBrowserUrl: http://localhost:37162/, nativeEvents: true, requireWindowFocus: false}, setWindowRect: true}
Session ID: f2201fee-1924-4c63-a66a-6d9f3bbeebd9)
[[ATTACHMENT|C:\\Users\\ntedesco\\Katalon Studio\\GenesisCobertura\\Reports\\Prestaciones\\20181030_132559\\1540917319903.png]]]]></system-out>
         <system-err><![CDATA[2018-10-30 13:32:24 - [TEST_CASE][FAILED] - Test Cases/Test Buscar Prestadores - Prestador: Test Cases/Test Buscar Prestadores - Prestador FAILED because (of) (Stack trace: com.kms.katalon.core.exception.StepFailedException: Unable to click on object 'Object Repository/Servicio/autocomplete_inputPrestador' (Root cause: org.openqa.selenium.ElementNotInteractableException: Cannot click on element
Build info: version: '3.7.1', revision: '8a0099a', time: '2017-11-06T21:07:36.161Z'
System info: host: 'SMSL044', ip: '100.1.10.100', os.name: 'Windows 10', os.arch: 'x86', os.version: '10.0', java.version: '1.8.0_181'
Driver info: com.kms.katalon.selenium.driver.CInternetExplorerDriver
Capabilities {acceptInsecureCerts: false, browserName: internet explorer, browserVersion: 11, javascriptEnabled: true, pageLoadStrategy: normal, platform: WINDOWS, platformName: WINDOWS, se:ieOptions: {browserAttachTimeout: 0, elementScrollBehavior: 0, enablePersistentHover: true, ie.browserCommandLineSwitches: , ie.ensureCleanSession: false, ie.fileUploadDialogTimeout: 3000, ie.forceCreateProcessApi: false, ignoreProtectedModeSettings: false, ignoreZoomSetting: false, initialBrowserUrl: http://localhost:37162/, nativeEvents: true, requireWindowFocus: false}, setWindowRect: true}
Session ID: f2201fee-1924-4c63-a66a-6d9f3bbeebd9)
	at com.kms.katalon.core.keyword.internal.KeywordMain.stepFailed(KeywordMain.groovy:36)
	at com.kms.katalon.core.webui.keyword.internal.WebUIKeywordMain.stepFailed(WebUIKeywordMain.groovy:65)
	at com.kms.katalon.core.webui.keyword.internal.WebUIKeywordMain.runKeyword(WebUIKeywordMain.groovy:27)
	at com.kms.katalon.core.webui.keyword.builtin.ClickKeyword.click(ClickKeyword.groovy:86)
	at com.kms.katalon.core.webui.keyword.builtin.ClickKeyword.execute(ClickKeyword.groovy:67)
	at com.kms.katalon.core.keyword.internal.KeywordExecutor.executeKeywordForPlatform(KeywordExecutor.groovy:53)
	at com.kms.katalon.core.webui.keyword.WebUiBuiltInKeywords.click(WebUiBuiltInKeywords.groovy:616)
	at com.kms.katalon.core.webui.keyword.WebUiBuiltInKeywords$click$4.call(Unknown Source)
	at org.codehaus.groovy.runtime.callsite.CallSiteArray.defaultCall(CallSiteArray.java:48)
	at org.codehaus.groovy.runtime.callsite.AbstractCallSite.call(AbstractCallSite.java:113)
	at org.codehaus.groovy.runtime.callsite.AbstractCallSite.call(AbstractCallSite.java:125)
	at Script1540558116406.run(Script1540558116406.groovy:103)
	at com.kms.katalon.core.main.ScriptEngine.run(ScriptEngine.java:183)
	at com.kms.katalon.core.main.ScriptEngine.runScriptAsRawText(ScriptEngine.java:108)
	at com.kms.katalon.core.main.TestCaseExecutor.runScript(TestCaseExecutor.java:294)
	at com.kms.katalon.core.main.TestCaseExecutor.doExecute(TestCaseExecutor.java:285)
	at com.kms.katalon.core.main.TestCaseExecutor.processExecutionPhase(TestCaseExecutor.java:264)
	at com.kms.katalon.core.main.TestCaseExecutor.accessMainPhase(TestCaseExecutor.java:256)
	at com.kms.katalon.core.main.TestCaseExecutor.execute(TestCaseExecutor.java:200)
	at com.kms.katalon.core.main.TestSuiteExecutor.accessTestCaseMainPhase(TestSuiteExecutor.java:129)
	at com.kms.katalon.core.main.TestSuiteExecutor.accessTestSuiteMainPhase(TestSuiteExecutor.java:112)
	at com.kms.katalon.core.main.TestSuiteExecutor.execute(TestSuiteExecutor.java:81)
	at com.kms.katalon.core.main.TestCaseMain.startTestSuite(TestCaseMain.java:142)
	at com.kms.katalon.core.main.TestCaseMain$startTestSuite$0.call(Unknown Source)
	at org.codehaus.groovy.runtime.callsite.CallSiteArray.defaultCall(CallSiteArray.java:48)
	at org.codehaus.groovy.runtime.callsite.AbstractCallSite.call(AbstractCallSite.java:113)
	at org.codehaus.groovy.runtime.callsite.AbstractCallSite.call(AbstractCallSite.java:141)
	at TempTestSuite1540916760005.run(TempTestSuite1540916760005.groovy:36)
	at groovy.lang.GroovyShell.runScriptOrMainOrTestOrRunnable(GroovyShell.java:263)
	at groovy.lang.GroovyShell.run(GroovyShell.java:518)
	at groovy.lang.GroovyShell.run(GroovyShell.java:507)
	at groovy.ui.GroovyMain.processOnce(GroovyMain.java:653)
	at groovy.ui.GroovyMain.run(GroovyMain.java:384)
	at groovy.ui.GroovyMain.process(GroovyMain.java:370)
	at groovy.ui.GroovyMain.processArgs(GroovyMain.java:129)
	at groovy.ui.GroovyMain.main(GroovyMain.java:109)
	at sun.reflect.NativeMethodAccessorImpl.invoke0(Native Method)
	at sun.reflect.NativeMethodAccessorImpl.invoke(NativeMethodAccessorImpl.java:62)
	at sun.reflect.DelegatingMethodAccessorImpl.invoke(DelegatingMethodAccessorImpl.java:43)
	at java.lang.reflect.Method.invoke(Method.java:498)
	at org.codehaus.groovy.tools.GroovyStarter.rootLoader(GroovyStarter.java:109)
	at org.codehaus.groovy.tools.GroovyStarter.main(GroovyStarter.java:131)
)]]></system-err>
      </testcase>
      <system-out><![CDATA[2018-10-30 13:26:02 - [TEST_SUITE][FAILED] - Prestaciones: Test Cases/Test Buscar Prestadores - Zona FAILED because (of) (Stack trace: com.kms.katalon.core.exception.StepFailedException: Unable to click on object 'Object Repository/Servicio/span_InfoPrestacion' (Root cause: org.openqa.selenium.ElementNotInteractableException: Cannot click on element
Build info: version: '3.7.1', revision: '8a0099a', time: '2017-11-06T21:07:36.161Z'
System info: host: 'SMSL044', ip: '100.1.10.100', os.name: 'Windows 10', os.arch: 'x86', os.version: '10.0', java.version: '1.8.0_181'
Driver info: com.kms.katalon.selenium.driver.CInternetExplorerDriver
Capabilities {acceptInsecureCerts: false, browserName: internet explorer, browserVersion: 11, javascriptEnabled: true, pageLoadStrategy: normal, platform: WINDOWS, platformName: WINDOWS, se:ieOptions: {browserAttachTimeout: 0, elementScrollBehavior: 0, enablePersistentHover: true, ie.browserCommandLineSwitches: , ie.ensureCleanSession: false, ie.fileUploadDialogTimeout: 3000, ie.forceCreateProcessApi: false, ignoreProtectedModeSettings: false, ignoreZoomSetting: false, initialBrowserUrl: http://localhost:25469/, nativeEvents: true, requireWindowFocus: false}, setWindowRect: true}
Session ID: 5f34e7d2-0e5d-4cd6-8be5-db96cf3f7146)
	at com.kms.katalon.core.keyword.internal.KeywordMain.stepFailed(KeywordMain.groovy:36)
	at com.kms.katalon.core.webui.keyword.internal.WebUIKeywordMain.stepFailed(WebUIKeywordMain.groovy:65)
	at com.kms.katalon.core.webui.keyword.internal.WebUIKeywordMain.runKeyword(WebUIKeywordMain.groovy:27)
	at com.kms.katalon.core.webui.keyword.builtin.ClickKeyword.click(ClickKeyword.groovy:86)
	at com.kms.katalon.core.webui.keyword.builtin.ClickKeyword.execute(ClickKeyword.groovy:67)
	at com.kms.katalon.core.keyword.internal.KeywordExecutor.executeKeywordForPlatform(KeywordExecutor.groovy:53)
	at com.kms.katalon.core.webui.keyword.WebUiBuiltInKeywords.click(WebUiBuiltInKeywords.groovy:616)
	at com.kms.katalon.core.webui.keyword.WebUiBuiltInKeywords$click$4.call(Unknown Source)
	at org.codehaus.groovy.runtime.callsite.CallSiteArray.defaultCall(CallSiteArray.java:48)
	at org.codehaus.groovy.runtime.callsite.AbstractCallSite.call(AbstractCallSite.java:113)
	at org.codehaus.groovy.runtime.callsite.AbstractCallSite.call(AbstractCallSite.java:125)
	at Script1540395003759.run(Script1540395003759.groovy:147)
	at com.kms.katalon.core.main.ScriptEngine.run(ScriptEngine.java:183)
	at com.kms.katalon.core.main.ScriptEngine.runScriptAsRawText(ScriptEngine.java:108)
	at com.kms.katalon.core.main.TestCaseExecutor.runScript(TestCaseExecutor.java:294)
	at com.kms.katalon.core.main.TestCaseExecutor.doExecute(TestCaseExecutor.java:285)
	at com.kms.katalon.core.main.TestCaseExecutor.processExecutionPhase(TestCaseExecutor.java:264)
	at com.kms.katalon.core.main.TestCaseExecutor.accessMainPhase(TestCaseExecutor.java:256)
	at com.kms.katalon.core.main.TestCaseExecutor.execute(TestCaseExecutor.java:200)
	at com.kms.katalon.core.main.TestSuiteExecutor.accessTestCaseMainPhase(TestSuiteExecutor.java:129)
	at com.kms.katalon.core.main.TestSuiteExecutor.accessTestSuiteMainPhase(TestSuiteExecutor.java:112)
	at com.kms.katalon.core.main.TestSuiteExecutor.execute(TestSuiteExecutor.java:81)
	at com.kms.katalon.core.main.TestCaseMain.startTestSuite(TestCaseMain.java:142)
	at com.kms.katalon.core.main.TestCaseMain$startTestSuite$0.call(Unknown Source)
	at org.codehaus.groovy.runtime.callsite.CallSiteArray.defaultCall(CallSiteArray.java:48)
	at org.codehaus.groovy.runtime.callsite.AbstractCallSite.call(AbstractCallSite.java:113)
	at org.codehaus.groovy.runtime.callsite.AbstractCallSite.call(AbstractCallSite.java:141)
	at TempTestSuite1540916760005.run(TempTestSuite1540916760005.groovy:36)
	at groovy.lang.GroovyShell.runScriptOrMainOrTestOrRunnable(GroovyShell.java:263)
	at groovy.lang.GroovyShell.run(GroovyShell.java:518)
	at groovy.lang.GroovyShell.run(GroovyShell.java:507)
	at groovy.ui.GroovyMain.processOnce(GroovyMain.java:653)
	at groovy.ui.GroovyMain.run(GroovyMain.java:384)
	at groovy.ui.GroovyMain.process(GroovyMain.java:370)
	at groovy.ui.GroovyMain.processArgs(GroovyMain.java:129)
	at groovy.ui.GroovyMain.main(GroovyMain.java:109)
	at sun.reflect.NativeMethodAccessorImpl.invoke0(Native Method)
	at sun.reflect.NativeMethodAccessorImpl.invoke(NativeMethodAccessorImpl.java:62)
	at sun.reflect.DelegatingMethodAccessorImpl.invoke(DelegatingMethodAccessorImpl.java:43)
	at java.lang.reflect.Method.invoke(Method.java:498)
	at org.codehaus.groovy.tools.GroovyStarter.rootLoader(GroovyStarter.java:109)
	at org.codehaus.groovy.tools.GroovyStarter.main(GroovyStarter.java:131)
)]]></system-out>
      <system-err><![CDATA[2018-10-30 13:26:02 - [TEST_SUITE][FAILED] - Prestaciones: Test Cases/Test Buscar Prestadores - Zona FAILED because (of) (Stack trace: com.kms.katalon.core.exception.StepFailedException: Unable to click on object 'Object Repository/Servicio/span_InfoPrestacion' (Root cause: org.openqa.selenium.ElementNotInteractableException: Cannot click on element
Build info: version: '3.7.1', revision: '8a0099a', time: '2017-11-06T21:07:36.161Z'
System info: host: 'SMSL044', ip: '100.1.10.100', os.name: 'Windows 10', os.arch: 'x86', os.version: '10.0', java.version: '1.8.0_181'
Driver info: com.kms.katalon.selenium.driver.CInternetExplorerDriver
Capabilities {acceptInsecureCerts: false, browserName: internet explorer, browserVersion: 11, javascriptEnabled: true, pageLoadStrategy: normal, platform: WINDOWS, platformName: WINDOWS, se:ieOptions: {browserAttachTimeout: 0, elementScrollBehavior: 0, enablePersistentHover: true, ie.browserCommandLineSwitches: , ie.ensureCleanSession: false, ie.fileUploadDialogTimeout: 3000, ie.forceCreateProcessApi: false, ignoreProtectedModeSettings: false, ignoreZoomSetting: false, initialBrowserUrl: http://localhost:25469/, nativeEvents: true, requireWindowFocus: false}, setWindowRect: true}
Session ID: 5f34e7d2-0e5d-4cd6-8be5-db96cf3f7146)
	at com.kms.katalon.core.keyword.internal.KeywordMain.stepFailed(KeywordMain.groovy:36)
	at com.kms.katalon.core.webui.keyword.internal.WebUIKeywordMain.stepFailed(WebUIKeywordMain.groovy:65)
	at com.kms.katalon.core.webui.keyword.internal.WebUIKeywordMain.runKeyword(WebUIKeywordMain.groovy:27)
	at com.kms.katalon.core.webui.keyword.builtin.ClickKeyword.click(ClickKeyword.groovy:86)
	at com.kms.katalon.core.webui.keyword.builtin.ClickKeyword.execute(ClickKeyword.groovy:67)
	at com.kms.katalon.core.keyword.internal.KeywordExecutor.executeKeywordForPlatform(KeywordExecutor.groovy:53)
	at com.kms.katalon.core.webui.keyword.WebUiBuiltInKeywords.click(WebUiBuiltInKeywords.groovy:616)
	at com.kms.katalon.core.webui.keyword.WebUiBuiltInKeywords$click$4.call(Unknown Source)
	at org.codehaus.groovy.runtime.callsite.CallSiteArray.defaultCall(CallSiteArray.java:48)
	at org.codehaus.groovy.runtime.callsite.AbstractCallSite.call(AbstractCallSite.java:113)
	at org.codehaus.groovy.runtime.callsite.AbstractCallSite.call(AbstractCallSite.java:125)
	at Script1540395003759.run(Script1540395003759.groovy:147)
	at com.kms.katalon.core.main.ScriptEngine.run(ScriptEngine.java:183)
	at com.kms.katalon.core.main.ScriptEngine.runScriptAsRawText(ScriptEngine.java:108)
	at com.kms.katalon.core.main.TestCaseExecutor.runScript(TestCaseExecutor.java:294)
	at com.kms.katalon.core.main.TestCaseExecutor.doExecute(TestCaseExecutor.java:285)
	at com.kms.katalon.core.main.TestCaseExecutor.processExecutionPhase(TestCaseExecutor.java:264)
	at com.kms.katalon.core.main.TestCaseExecutor.accessMainPhase(TestCaseExecutor.java:256)
	at com.kms.katalon.core.main.TestCaseExecutor.execute(TestCaseExecutor.java:200)
	at com.kms.katalon.core.main.TestSuiteExecutor.accessTestCaseMainPhase(TestSuiteExecutor.java:129)
	at com.kms.katalon.core.main.TestSuiteExecutor.accessTestSuiteMainPhase(TestSuiteExecutor.java:112)
	at com.kms.katalon.core.main.TestSuiteExecutor.execute(TestSuiteExecutor.java:81)
	at com.kms.katalon.core.main.TestCaseMain.startTestSuite(TestCaseMain.java:142)
	at com.kms.katalon.core.main.TestCaseMain$startTestSuite$0.call(Unknown Source)
	at org.codehaus.groovy.runtime.callsite.CallSiteArray.defaultCall(CallSiteArray.java:48)
	at org.codehaus.groovy.runtime.callsite.AbstractCallSite.call(AbstractCallSite.java:113)
	at org.codehaus.groovy.runtime.callsite.AbstractCallSite.call(AbstractCallSite.java:141)
	at TempTestSuite1540916760005.run(TempTestSuite1540916760005.groovy:36)
	at groovy.lang.GroovyShell.runScriptOrMainOrTestOrRunnable(GroovyShell.java:263)
	at groovy.lang.GroovyShell.run(GroovyShell.java:518)
	at groovy.lang.GroovyShell.run(GroovyShell.java:507)
	at groovy.ui.GroovyMain.processOnce(GroovyMain.java:653)
	at groovy.ui.GroovyMain.run(GroovyMain.java:384)
	at groovy.ui.GroovyMain.process(GroovyMain.java:370)
	at groovy.ui.GroovyMain.processArgs(GroovyMain.java:129)
	at groovy.ui.GroovyMain.main(GroovyMain.java:109)
	at sun.reflect.NativeMethodAccessorImpl.invoke0(Native Method)
	at sun.reflect.NativeMethodAccessorImpl.invoke(NativeMethodAccessorImpl.java:62)
	at sun.reflect.DelegatingMethodAccessorImpl.invoke(DelegatingMethodAccessorImpl.java:43)
	at java.lang.reflect.Method.invoke(Method.java:498)
	at org.codehaus.groovy.tools.GroovyStarter.rootLoader(GroovyStarter.java:109)
	at org.codehaus.groovy.tools.GroovyStarter.main(GroovyStarter.java:131)
)]]></system-err>
   </testsuite>
</testsuites>
