<?xml version="1.0" encoding="UTF-8"?>
<testsuites name="Prestaciones" time="283" tests="1" failures="2" errors="0">
   <testsuite name="Prestaciones" tests="1" failures="2" errors="0" time="283" timestamp="2018-10-29 08:31:16" hostname="ntedesco - SMSL044.smsargentina.com.ar" id="Test Suites/Prestaciones">
      <properties>
         <property name="deviceName" value=""/>
         <property name="devicePlatform" value=""/>
         <property name="logFolder" value="C:\\Users\\ntedesco\\Katalon Studio\\GenesisCobertura\\Reports\\Prestaciones\\20181029_083108"/>
         <property name="logFiles" value="C:\\Users\\ntedesco\\Katalon Studio\\GenesisCobertura\\Reports\\Prestaciones\\20181029_083108\\execution0.log"/>
         <property name="attachments" value="C:\\Users\\ntedesco\\Katalon Studio\\GenesisCobertura\\Reports\\Prestaciones\\20181029_083108\\1540812784637.png, C:\\Users\\ntedesco\\Katalon Studio\\GenesisCobertura\\Reports\\Prestaciones\\20181029_083108\\1540812959095.png"/>
         <property name="hostName" value="ntedesco - SMSL044.smsargentina.com.ar"/>
         <property name="os" value="Windows 10 32bit"/>
         <property name="katalonVersion" value="5.7.1.1"/>
         <property name="browser" value="Chrome 69.0.3497.100"/>
         <property name="hostAddress" value="192.168.252.2"/>
         <property name="sessionId" value="62ea0e1b081354b0ca9868746b04c627"/>
         <property name="seleniumVersion" value="3.7.1"/>
         <property name="proxyInformation" value="ProxyInformation{proxyOption=NO_PROXY, proxyServerType=HTTP, password=, proxyServerAddress=, proxyServerPort=0}"/>
         <property name="platform" value="Windows 10"/>
      </properties>
      <testcase name="Test Cases/Test Buscar Prestadores - Domicilio" classname="Test Cases/Test Buscar Prestadores - Domicilio" status="FAILED">
         <failure type="FAILED" message="(Stack trace: com.kms.katalon.core.exception.StepFailedException: Unable to click on object 'Object Repository/Servicio/btnCerrarPopUpPdf' (Root cause: org.openqa.selenium.ElementNotVisibleException: element not visible
  (Session info: chrome=69.0.3497.100)
  (Driver info: chromedriver=2.35.528161 (5b82f2d2aae0ca24b877009200ced9065a772e73),platform=Windows NT 10.0.15063 x86_64) (WARNING: The server did not provide any stacktrace information)
Command duration or timeout: 0 milliseconds
Build info: version: '3.7.1', revision: '8a0099a', time: '2017-11-06T21:07:36.161Z'
System info: host: 'SMSL044', ip: '192.168.252.2', os.name: 'Windows 10', os.arch: 'x86', os.version: '10.0', java.version: '1.8.0_181'
Driver info: com.kms.katalon.selenium.driver.CChromeDriver
Capabilities {acceptInsecureCerts: false, acceptSslCerts: false, applicationCacheEnabled: false, browserConnectionEnabled: false, browserName: chrome, chrome: {chromedriverVersion: 2.35.528161 (5b82f2d2aae0ca..., userDataDir: C:\Users\ntedesco\AppData\L...}, cssSelectorsEnabled: true, databaseEnabled: false, handlesAlerts: true, hasTouchScreen: false, javascriptEnabled: true, locationContextEnabled: true, mobileEmulationEnabled: false, nativeEvents: true, networkConnectionEnabled: false, pageLoadStrategy: normal, platform: XP, platformName: XP, rotatable: false, setWindowRect: true, takesHeapSnapshot: true, takesScreenshot: true, unexpectedAlertBehaviour: , unhandledPromptBehavior: , version: 69.0.3497.100, webStorageEnabled: true}
Session ID: 2d94a2bdb4e559fb23bf40291fa4524b)
	at com.kms.katalon.core.keyword.internal.KeywordMain.stepFailed(KeywordMain.groovy:36)
	at com.kms.katalon.core.webui.keyword.internal.WebUIKeywordMain.stepFailed(WebUIKeywordMain.groovy:65)
	at com.kms.katalon.core.webui.keyword.internal.WebUIKeywordMain.runKeyword(WebUIKeywordMain.groovy:27)
	at com.kms.katalon.core.webui.keyword.builtin.ClickKeyword.click(ClickKeyword.groovy:86)
	at com.kms.katalon.core.webui.keyword.builtin.ClickKeyword.execute(ClickKeyword.groovy:67)
	at com.kms.katalon.core.keyword.internal.KeywordExecutor.executeKeywordForPlatform(KeywordExecutor.groovy:53)
	at com.kms.katalon.core.webui.keyword.WebUiBuiltInKeywords.click(WebUiBuiltInKeywords.groovy:616)
	at com.kms.katalon.core.webui.keyword.WebUiBuiltInKeywords$click$4.call(Unknown Source)
	at org.codehaus.groovy.runtime.callsite.CallSiteArray.defaultCall(CallSiteArray.java:48)
	at org.codehaus.groovy.runtime.callsite.AbstractCallSite.call(AbstractCallSite.java:113)
	at org.codehaus.groovy.runtime.callsite.AbstractCallSite.call(AbstractCallSite.java:125)
	at Script1539956596293.run(Script1539956596293.groovy:143)
	at com.kms.katalon.core.main.ScriptEngine.run(ScriptEngine.java:183)
	at com.kms.katalon.core.main.ScriptEngine.runScriptAsRawText(ScriptEngine.java:108)
	at com.kms.katalon.core.main.TestCaseExecutor.runScript(TestCaseExecutor.java:294)
	at com.kms.katalon.core.main.TestCaseExecutor.doExecute(TestCaseExecutor.java:285)
	at com.kms.katalon.core.main.TestCaseExecutor.processExecutionPhase(TestCaseExecutor.java:264)
	at com.kms.katalon.core.main.TestCaseExecutor.accessMainPhase(TestCaseExecutor.java:256)
	at com.kms.katalon.core.main.TestCaseExecutor.execute(TestCaseExecutor.java:200)
	at com.kms.katalon.core.main.TestSuiteExecutor.accessTestCaseMainPhase(TestSuiteExecutor.java:129)
	at com.kms.katalon.core.main.TestSuiteExecutor.accessTestSuiteMainPhase(TestSuiteExecutor.java:112)
	at com.kms.katalon.core.main.TestSuiteExecutor.execute(TestSuiteExecutor.java:81)
	at com.kms.katalon.core.main.TestCaseMain.startTestSuite(TestCaseMain.java:142)
	at com.kms.katalon.core.main.TestCaseMain$startTestSuite$0.call(Unknown Source)
	at org.codehaus.groovy.runtime.callsite.CallSiteArray.defaultCall(CallSiteArray.java:48)
	at org.codehaus.groovy.runtime.callsite.AbstractCallSite.call(AbstractCallSite.java:113)
	at org.codehaus.groovy.runtime.callsite.AbstractCallSite.call(AbstractCallSite.java:141)
	at TempTestSuite1540812673487.run(TempTestSuite1540812673487.groovy:36)
	at groovy.lang.GroovyShell.runScriptOrMainOrTestOrRunnable(GroovyShell.java:263)
	at groovy.lang.GroovyShell.run(GroovyShell.java:518)
	at groovy.lang.GroovyShell.run(GroovyShell.java:507)
	at groovy.ui.GroovyMain.processOnce(GroovyMain.java:653)
	at groovy.ui.GroovyMain.run(GroovyMain.java:384)
	at groovy.ui.GroovyMain.process(GroovyMain.java:370)
	at groovy.ui.GroovyMain.processArgs(GroovyMain.java:129)
	at groovy.ui.GroovyMain.main(GroovyMain.java:109)
	at sun.reflect.NativeMethodAccessorImpl.invoke0(Native Method)
	at sun.reflect.NativeMethodAccessorImpl.invoke(NativeMethodAccessorImpl.java:62)
	at sun.reflect.DelegatingMethodAccessorImpl.invoke(DelegatingMethodAccessorImpl.java:43)
	at java.lang.reflect.Method.invoke(Method.java:498)
	at org.codehaus.groovy.tools.GroovyStarter.rootLoader(GroovyStarter.java:109)
	at org.codehaus.groovy.tools.GroovyStarter.main(GroovyStarter.java:131)
)"/>
         <system-out><![CDATA[2018-10-29 08:31:17 - [TEST_CASE][FAILED] - Test Cases/Test Buscar Prestadores - Domicilio: Test Cases/Test Buscar Prestadores - Domicilio FAILED because (of) (Stack trace: com.kms.katalon.core.exception.StepFailedException: Unable to click on object 'Object Repository/Servicio/btnCerrarPopUpPdf' (Root cause: org.openqa.selenium.ElementNotVisibleException: element not visible
  (Session info: chrome=69.0.3497.100)
  (Driver info: chromedriver=2.35.528161 (5b82f2d2aae0ca24b877009200ced9065a772e73),platform=Windows NT 10.0.15063 x86_64) (WARNING: The server did not provide any stacktrace information)
Command duration or timeout: 0 milliseconds
Build info: version: '3.7.1', revision: '8a0099a', time: '2017-11-06T21:07:36.161Z'
System info: host: 'SMSL044', ip: '192.168.252.2', os.name: 'Windows 10', os.arch: 'x86', os.version: '10.0', java.version: '1.8.0_181'
Driver info: com.kms.katalon.selenium.driver.CChromeDriver
Capabilities {acceptInsecureCerts: false, acceptSslCerts: false, applicationCacheEnabled: false, browserConnectionEnabled: false, browserName: chrome, chrome: {chromedriverVersion: 2.35.528161 (5b82f2d2aae0ca..., userDataDir: C:\Users\ntedesco\AppData\L...}, cssSelectorsEnabled: true, databaseEnabled: false, handlesAlerts: true, hasTouchScreen: false, javascriptEnabled: true, locationContextEnabled: true, mobileEmulationEnabled: false, nativeEvents: true, networkConnectionEnabled: false, pageLoadStrategy: normal, platform: XP, platformName: XP, rotatable: false, setWindowRect: true, takesHeapSnapshot: true, takesScreenshot: true, unexpectedAlertBehaviour: , unhandledPromptBehavior: , version: 69.0.3497.100, webStorageEnabled: true}
Session ID: 2d94a2bdb4e559fb23bf40291fa4524b)
	at com.kms.katalon.core.keyword.internal.KeywordMain.stepFailed(KeywordMain.groovy:36)
	at com.kms.katalon.core.webui.keyword.internal.WebUIKeywordMain.stepFailed(WebUIKeywordMain.groovy:65)
	at com.kms.katalon.core.webui.keyword.internal.WebUIKeywordMain.runKeyword(WebUIKeywordMain.groovy:27)
	at com.kms.katalon.core.webui.keyword.builtin.ClickKeyword.click(ClickKeyword.groovy:86)
	at com.kms.katalon.core.webui.keyword.builtin.ClickKeyword.execute(ClickKeyword.groovy:67)
	at com.kms.katalon.core.keyword.internal.KeywordExecutor.executeKeywordForPlatform(KeywordExecutor.groovy:53)
	at com.kms.katalon.core.webui.keyword.WebUiBuiltInKeywords.click(WebUiBuiltInKeywords.groovy:616)
	at com.kms.katalon.core.webui.keyword.WebUiBuiltInKeywords$click$4.call(Unknown Source)
	at org.codehaus.groovy.runtime.callsite.CallSiteArray.defaultCall(CallSiteArray.java:48)
	at org.codehaus.groovy.runtime.callsite.AbstractCallSite.call(AbstractCallSite.java:113)
	at org.codehaus.groovy.runtime.callsite.AbstractCallSite.call(AbstractCallSite.java:125)
	at Script1539956596293.run(Script1539956596293.groovy:143)
	at com.kms.katalon.core.main.ScriptEngine.run(ScriptEngine.java:183)
	at com.kms.katalon.core.main.ScriptEngine.runScriptAsRawText(ScriptEngine.java:108)
	at com.kms.katalon.core.main.TestCaseExecutor.runScript(TestCaseExecutor.java:294)
	at com.kms.katalon.core.main.TestCaseExecutor.doExecute(TestCaseExecutor.java:285)
	at com.kms.katalon.core.main.TestCaseExecutor.processExecutionPhase(TestCaseExecutor.java:264)
	at com.kms.katalon.core.main.TestCaseExecutor.accessMainPhase(TestCaseExecutor.java:256)
	at com.kms.katalon.core.main.TestCaseExecutor.execute(TestCaseExecutor.java:200)
	at com.kms.katalon.core.main.TestSuiteExecutor.accessTestCaseMainPhase(TestSuiteExecutor.java:129)
	at com.kms.katalon.core.main.TestSuiteExecutor.accessTestSuiteMainPhase(TestSuiteExecutor.java:112)
	at com.kms.katalon.core.main.TestSuiteExecutor.execute(TestSuiteExecutor.java:81)
	at com.kms.katalon.core.main.TestCaseMain.startTestSuite(TestCaseMain.java:142)
	at com.kms.katalon.core.main.TestCaseMain$startTestSuite$0.call(Unknown Source)
	at org.codehaus.groovy.runtime.callsite.CallSiteArray.defaultCall(CallSiteArray.java:48)
	at org.codehaus.groovy.runtime.callsite.AbstractCallSite.call(AbstractCallSite.java:113)
	at org.codehaus.groovy.runtime.callsite.AbstractCallSite.call(AbstractCallSite.java:141)
	at TempTestSuite1540812673487.run(TempTestSuite1540812673487.groovy:36)
	at groovy.lang.GroovyShell.runScriptOrMainOrTestOrRunnable(GroovyShell.java:263)
	at groovy.lang.GroovyShell.run(GroovyShell.java:518)
	at groovy.lang.GroovyShell.run(GroovyShell.java:507)
	at groovy.ui.GroovyMain.processOnce(GroovyMain.java:653)
	at groovy.ui.GroovyMain.run(GroovyMain.java:384)
	at groovy.ui.GroovyMain.process(GroovyMain.java:370)
	at groovy.ui.GroovyMain.processArgs(GroovyMain.java:129)
	at groovy.ui.GroovyMain.main(GroovyMain.java:109)
	at sun.reflect.NativeMethodAccessorImpl.invoke0(Native Method)
	at sun.reflect.NativeMethodAccessorImpl.invoke(NativeMethodAccessorImpl.java:62)
	at sun.reflect.DelegatingMethodAccessorImpl.invoke(DelegatingMethodAccessorImpl.java:43)
	at java.lang.reflect.Method.invoke(Method.java:498)
	at org.codehaus.groovy.tools.GroovyStarter.rootLoader(GroovyStarter.java:109)
	at org.codehaus.groovy.tools.GroovyStarter.main(GroovyStarter.java:131)
)

2018-10-29 08:31:18 - [TEST_STEP][PASSED] - openBrowser: Browser is opened with url: 'null'

2018-10-29 08:31:22 - [MESSAGE][PASSED] - Browser is opened with url: 'null'

2018-10-29 08:31:22 - [TEST_STEP][PASSED] - navigateToUrl: Navigate to 'https://test.intranet.osde/IV3/' successfully

2018-10-29 08:31:22 - [MESSAGE][PASSED] - Navigate to 'https://test.intranet.osde/IV3/' successfully

2018-10-29 08:31:22 - [TEST_STEP][PASSED] - maximizeWindow: Current window maximized

2018-10-29 08:31:22 - [MESSAGE][PASSED] - Current window maximized

2018-10-29 08:31:22 - [TEST_STEP][PASSED] - waitForElementClickable: Object 'Object Repository/Login_OSDE Intranet/coUsser' is clickable

2018-10-29 08:31:23 - [MESSAGE][PASSED] - Object 'Object Repository/Login_OSDE Intranet/coUsser' is clickable

2018-10-29 08:31:23 - [TEST_STEP][PASSED] - setText: Text 'SS36739794' is set on object 'Object Repository/Login_OSDE Intranet/coUsser'

2018-10-29 08:31:23 - [MESSAGE][PASSED] - Text 'SS36739794' is set on object 'Object Repository/Login_OSDE Intranet/coUsser'

2018-10-29 08:31:23 - [TEST_STEP][PASSED] - setText: Text 'intranet09' is set on object 'Object Repository/Login_OSDE Intranet/coPassword'

2018-10-29 08:31:23 - [MESSAGE][PASSED] - Text 'intranet09' is set on object 'Object Repository/Login_OSDE Intranet/coPassword'

2018-10-29 08:31:23 - [TEST_STEP][PASSED] - click: Object: 'Object Repository/Login_OSDE Intranet/btnIngresar' is clicked on

2018-10-29 08:31:24 - [MESSAGE][PASSED] - Object: 'Object Repository/Login_OSDE Intranet/btnIngresar' is clicked on

2018-10-29 08:31:24 - [TEST_STEP][PASSED] - waitForElementPresent: Object 'Object Repository/Home_OSDE Intranet V3/a_Mis Herramientas' is present

2018-10-29 08:31:25 - [MESSAGE][PASSED] - Object 'Object Repository/Home_OSDE Intranet V3/a_Mis Herramientas' is present

2018-10-29 08:31:25 - [TEST_STEP][PASSED] - click: Object: 'Object Repository/Home_OSDE Intranet V3/a_Mis Herramientas' is clicked on

2018-10-29 08:31:25 - [MESSAGE][PASSED] - Object: 'Object Repository/Home_OSDE Intranet V3/a_Mis Herramientas' is clicked on

2018-10-29 08:31:25 - [TEST_STEP][PASSED] - waitForElementPresent: Object 'Object Repository/Home_OSDE Intranet V3/iframe_MIS HERRAMIENTAS_frmMis' is present

2018-10-29 08:31:26 - [MESSAGE][WARNING] - Timeout '0' is invalid. Using default page load timeout: '30'

2018-10-29 08:31:26 - [MESSAGE][WARNING] - Timeout '0' is invalid. Using default page load timeout: '30'

2018-10-29 08:31:26 - [MESSAGE][PASSED] - Object 'Object Repository/Home_OSDE Intranet V3/iframe_MIS HERRAMIENTAS_frmMis' is present

2018-10-29 08:31:26 - [TEST_STEP][PASSED] - click: Object: 'Object Repository/Home_OSDE Intranet V3/td_Portal Corporativo' is clicked on

2018-10-29 08:31:26 - [MESSAGE][PASSED] - Object: 'Object Repository/Home_OSDE Intranet V3/td_Portal Corporativo' is clicked on

2018-10-29 08:31:26 - [TEST_STEP][PASSED] - switchToWindowUrl: Switched to window with url: 'http://tlnxwas30.intranet.osde:11780/portalFrontend/login.do'

2018-10-29 08:31:27 - [MESSAGE][PASSED] - Switched to window with url: 'http://tlnxwas30.intranet.osde:11780/portalFrontend/login.do'

2018-10-29 08:31:27 - [TEST_STEP][PASSED] - waitForElementVisible: Object 'Object Repository/Portal_Inicial/select_apiPortalDesarrolloport' is visible

2018-10-29 08:31:28 - [MESSAGE][PASSED] - Object 'Object Repository/Portal_Inicial/select_apiPortalDesarrolloport' is visible

2018-10-29 08:31:28 - [TEST_STEP][PASSED] - selectOptionByValue: All options with value 'suaPortal' are selected in object 'Object Repository/Portal_Inicial/select_apiPortalDesarrolloport' 

2018-10-29 08:31:29 - [MESSAGE][PASSED] - All options with value 'suaPortal' are selected in object 'Object Repository/Portal_Inicial/select_apiPortalDesarrolloport' 

2018-10-29 08:31:29 - [TEST_STEP][PASSED] - Statement - verifyIsPortalOpen(): null

2018-10-29 08:31:29 - [TEST_STEP][PASSED] - Statement - Try: Object 'Object Repository/Portal_Home/input_BsquedaDetallada' is clickable

2018-10-29 08:31:29 - [TEST_STEP][PASSED] - Statement - java.lang.Thread.sleep(20000): null

2018-10-29 08:31:49 - [TEST_STEP][PASSED] - waitForElementClickable: Object 'Object Repository/Portal_Home/input_BsquedaDetallada' is clickable

2018-10-29 08:31:49 - [MESSAGE][PASSED] - Object 'Object Repository/Portal_Home/input_BsquedaDetallada' is clickable

2018-10-29 08:31:49 - [TEST_STEP][PASSED] - setText: Text '60609272102' is set on object 'Object Repository/Portal_Home/input_BsquedaDetallada'

2018-10-29 08:31:49 - [MESSAGE][PASSED] - Text '60609272102' is set on object 'Object Repository/Portal_Home/input_BsquedaDetallada'

2018-10-29 08:31:49 - [TEST_STEP][PASSED] - click: Object: 'Object Repository/Portal_Home/btn_BsquedaDetallada' is clicked on

2018-10-29 08:31:49 - [MESSAGE][PASSED] - Object: 'Object Repository/Portal_Home/btn_BsquedaDetallada' is clicked on

2018-10-29 08:31:49 - [TEST_STEP][PASSED] - waitForElementPresent: Object 'Object Repository/Portal_Home/div_suaCaracteristicasSujeto' is present

2018-10-29 08:31:50 - [MESSAGE][PASSED] - Object 'Object Repository/Portal_Home/div_suaCaracteristicasSujeto' is present

2018-10-29 08:31:50 - [TEST_STEP][PASSED] - click: Object: 'Object Repository/Portal_Home/div_collapsableLeftContainer' is clicked on

2018-10-29 08:31:50 - [MESSAGE][PASSED] - Object: 'Object Repository/Portal_Home/div_collapsableLeftContainer' is clicked on

2018-10-29 08:31:50 - [TEST_STEP][PASSED] - waitForElementVisible: Object 'Object Repository/Portal_Home/btn_servicesTreeOpen' is visible

2018-10-29 08:31:55 - [MESSAGE][PASSED] - Object 'Object Repository/Portal_Home/btn_servicesTreeOpen' is visible

2018-10-29 08:31:55 - [TEST_STEP][PASSED] - click: Object: 'Object Repository/Portal_Home/btn_servicesTreeOpen' is clicked on

2018-10-29 08:31:56 - [MESSAGE][PASSED] - Object: 'Object Repository/Portal_Home/btn_servicesTreeOpen' is clicked on

2018-10-29 08:31:56 - [TEST_STEP][PASSED] - waitForElementVisible: Object 'Object Repository/Portal_Home/a_Servicios' is visible

2018-10-29 08:31:56 - [MESSAGE][PASSED] - Object 'Object Repository/Portal_Home/a_Servicios' is visible

2018-10-29 08:31:56 - [TEST_STEP][PASSED] - click: Object: 'Object Repository/Portal_Home/a_Servicios' is clicked on

2018-10-29 08:31:56 - [MESSAGE][PASSED] - Object: 'Object Repository/Portal_Home/a_Servicios' is clicked on

2018-10-29 08:31:56 - [TEST_STEP][PASSED] - Statement - abrirServicio(G_Servicio, com.kms.katalon.core.webui.driver.DriverFactory.getWebDriver()): null

2018-10-29 08:31:56 - [TEST_STEP][PASSED] - Statement - Try: null

2018-10-29 08:31:56 - [TEST_STEP][PASSED] - Statement - element = driver.findElement(org.openqa.selenium.By.id("accordionMenuApi")): null

2018-10-29 08:31:56 - [TEST_STEP][PASSED] - Statement - lstRegistro = element.findElements(org.openqa.selenium.By.xpath("//div[contains(@class, 'treeMenuElement ellipsis_text')]")): null

2018-10-29 08:31:56 - [TEST_STEP][PASSED] - Statement - For (org.openqa.selenium.WebElement Registro : lstRegistro): null

2018-10-29 08:31:56 - [TEST_STEP][PASSED] - Statement - itemsServicio = Registro.findElements(org.openqa.selenium.By.xpath("//span[contains(@class, 'serviceSpanElement')]")): null

2018-10-29 08:31:56 - [TEST_STEP][PASSED] - Statement - For (org.openqa.selenium.WebElement item : itemsServicio): null

2018-10-29 08:31:56 - [TEST_STEP][PASSED] - Statement - If (item.getText().equals(NombreServicio)): null

2018-10-29 08:31:56 - [TEST_STEP][PASSED] - Statement - If (item.getText().equals(NombreServicio)): null

2018-10-29 08:31:56 - [TEST_STEP][PASSED] - Statement - If (item.getText().equals(NombreServicio)): null

2018-10-29 08:31:57 - [TEST_STEP][PASSED] - Statement - If (item.getText().equals(NombreServicio)): null

2018-10-29 08:31:57 - [TEST_STEP][PASSED] - Statement - If (item.getText().equals(NombreServicio)): null

2018-10-29 08:31:57 - [TEST_STEP][PASSED] - Statement - If (item.getText().equals(NombreServicio)): null

2018-10-29 08:31:57 - [TEST_STEP][PASSED] - Statement - If (item.getText().equals(NombreServicio)): null

2018-10-29 08:31:57 - [TEST_STEP][PASSED] - Statement - If (item.getText().equals(NombreServicio)): null

2018-10-29 08:31:57 - [TEST_STEP][PASSED] - Statement - If (item.getText().equals(NombreServicio)): null

2018-10-29 08:31:57 - [TEST_STEP][PASSED] - Statement - If (item.getText().equals(NombreServicio)): null

2018-10-29 08:31:57 - [TEST_STEP][PASSED] - Statement - If (item.getText().equals(NombreServicio)): null

2018-10-29 08:31:57 - [TEST_STEP][PASSED] - Statement - If (item.getText().equals(NombreServicio)): null

2018-10-29 08:31:57 - [TEST_STEP][PASSED] - Statement - If (item.getText().equals(NombreServicio)): null

2018-10-29 08:31:57 - [TEST_STEP][PASSED] - Statement - If (item.getText().equals(NombreServicio)): null

2018-10-29 08:31:57 - [TEST_STEP][PASSED] - Statement - If (item.getText().equals(NombreServicio)): null

2018-10-29 08:31:57 - [TEST_STEP][PASSED] - Statement - If (item.getText().equals(NombreServicio)): null

2018-10-29 08:31:57 - [TEST_STEP][PASSED] - Statement - If (item.getText().equals(NombreServicio)): null

2018-10-29 08:31:57 - [TEST_STEP][PASSED] - Statement - If (item.getText().equals(NombreServicio)): null

2018-10-29 08:31:57 - [TEST_STEP][PASSED] - Statement - If (item.getText().equals(NombreServicio)): null

2018-10-29 08:31:57 - [TEST_STEP][PASSED] - Statement - If (item.getText().equals(NombreServicio)): null

2018-10-29 08:31:57 - [TEST_STEP][PASSED] - Statement - If (item.getText().equals(NombreServicio)): null

2018-10-29 08:31:57 - [TEST_STEP][PASSED] - Statement - If (item.getText().equals(NombreServicio)): null

2018-10-29 08:31:57 - [TEST_STEP][PASSED] - Statement - If (item.getText().equals(NombreServicio)): null

2018-10-29 08:31:57 - [TEST_STEP][PASSED] - Statement - If (item.getText().equals(NombreServicio)): null

2018-10-29 08:31:57 - [TEST_STEP][PASSED] - Statement - If (item.getText().equals(NombreServicio)): null

2018-10-29 08:31:57 - [TEST_STEP][PASSED] - Statement - If (item.getText().equals(NombreServicio)): null

2018-10-29 08:31:57 - [TEST_STEP][PASSED] - Statement - If (item.getText().equals(NombreServicio)): null

2018-10-29 08:31:57 - [TEST_STEP][PASSED] - Statement - If (item.getText().equals(NombreServicio)): null

2018-10-29 08:31:57 - [TEST_STEP][PASSED] - Statement - If (item.getText().equals(NombreServicio)): null

2018-10-29 08:31:57 - [TEST_STEP][PASSED] - Statement - If (item.getText().equals(NombreServicio)): null

2018-10-29 08:31:58 - [TEST_STEP][PASSED] - Statement - If (item.getText().equals(NombreServicio)): null

2018-10-29 08:31:58 - [TEST_STEP][PASSED] - Statement - If (item.getText().equals(NombreServicio)): null

2018-10-29 08:31:58 - [TEST_STEP][PASSED] - Statement - If (item.getText().equals(NombreServicio)): null

2018-10-29 08:31:58 - [TEST_STEP][PASSED] - Statement - If (item.getText().equals(NombreServicio)): null

2018-10-29 08:31:58 - [TEST_STEP][PASSED] - Statement - If (item.getText().equals(NombreServicio)): null

2018-10-29 08:31:58 - [TEST_STEP][PASSED] - Statement - If (item.getText().equals(NombreServicio)): null

2018-10-29 08:31:58 - [TEST_STEP][PASSED] - Statement - If (item.getText().equals(NombreServicio)): null

2018-10-29 08:31:58 - [TEST_STEP][PASSED] - Statement - If (item.getText().equals(NombreServicio)): null

2018-10-29 08:31:58 - [TEST_STEP][PASSED] - Statement - If (item.getText().equals(NombreServicio)): null

2018-10-29 08:31:58 - [TEST_STEP][PASSED] - Statement - If (item.getText().equals(NombreServicio)): null

2018-10-29 08:31:58 - [TEST_STEP][PASSED] - Statement - If (item.getText().equals(NombreServicio)): null

2018-10-29 08:31:58 - [TEST_STEP][PASSED] - Statement - If (item.getText().equals(NombreServicio)): null

2018-10-29 08:31:58 - [TEST_STEP][PASSED] - Statement - If (item.getText().equals(NombreServicio)): null

2018-10-29 08:31:58 - [TEST_STEP][PASSED] - Statement - If (item.getText().equals(NombreServicio)): null

2018-10-29 08:31:58 - [TEST_STEP][PASSED] - Statement - If (item.getText().equals(NombreServicio)): null

2018-10-29 08:31:58 - [TEST_STEP][PASSED] - Statement - If (item.getText().equals(NombreServicio)): null

2018-10-29 08:31:58 - [TEST_STEP][PASSED] - Statement - If (item.getText().equals(NombreServicio)): null

2018-10-29 08:31:58 - [TEST_STEP][PASSED] - Statement - If (item.getText().equals(NombreServicio)): null

2018-10-29 08:31:58 - [TEST_STEP][PASSED] - Statement - If (item.getText().equals(NombreServicio)): null

2018-10-29 08:31:58 - [TEST_STEP][PASSED] - Statement - If (item.getText().equals(NombreServicio)): null

2018-10-29 08:31:58 - [TEST_STEP][PASSED] - Statement - If (item.getText().equals(NombreServicio)): null

2018-10-29 08:31:58 - [TEST_STEP][PASSED] - Statement - If (item.getText().equals(NombreServicio)): null

2018-10-29 08:31:58 - [TEST_STEP][PASSED] - Statement - If (item.getText().equals(NombreServicio)): null

2018-10-29 08:31:58 - [TEST_STEP][PASSED] - Statement - If (item.getText().equals(NombreServicio)): null

2018-10-29 08:31:58 - [TEST_STEP][PASSED] - Statement - If (item.getText().equals(NombreServicio)): null

2018-10-29 08:31:59 - [TEST_STEP][PASSED] - Statement - If (item.getText().equals(NombreServicio)): null

2018-10-29 08:31:59 - [TEST_STEP][PASSED] - Statement - If (item.getText().equals(NombreServicio)): null

2018-10-29 08:31:59 - [TEST_STEP][PASSED] - Statement - If (item.getText().equals(NombreServicio)): null

2018-10-29 08:31:59 - [TEST_STEP][PASSED] - Statement - If (item.getText().equals(NombreServicio)): null

2018-10-29 08:31:59 - [TEST_STEP][PASSED] - Statement - If (item.getText().equals(NombreServicio)): null

2018-10-29 08:31:59 - [TEST_STEP][PASSED] - Statement - If (item.getText().equals(NombreServicio)): null

2018-10-29 08:31:59 - [TEST_STEP][PASSED] - Statement - If (item.getText().equals(NombreServicio)): null

2018-10-29 08:31:59 - [TEST_STEP][PASSED] - Statement - If (item.getText().equals(NombreServicio)): null

2018-10-29 08:31:59 - [TEST_STEP][PASSED] - Statement - If (item.getText().equals(NombreServicio)): null

2018-10-29 08:31:59 - [TEST_STEP][PASSED] - Statement - If (item.getText().equals(NombreServicio)): null

2018-10-29 08:31:59 - [TEST_STEP][PASSED] - Statement - If (item.getText().equals(NombreServicio)): null

2018-10-29 08:31:59 - [TEST_STEP][PASSED] - Statement - If (item.getText().equals(NombreServicio)): null

2018-10-29 08:31:59 - [TEST_STEP][PASSED] - Statement - If (item.getText().equals(NombreServicio)): null

2018-10-29 08:31:59 - [TEST_STEP][PASSED] - Statement - If (item.getText().equals(NombreServicio)): null

2018-10-29 08:31:59 - [TEST_STEP][PASSED] - Statement - If (item.getText().equals(NombreServicio)): null

2018-10-29 08:31:59 - [TEST_STEP][PASSED] - Statement - If (item.getText().equals(NombreServicio)): null

2018-10-29 08:31:59 - [TEST_STEP][PASSED] - Statement - If (item.getText().equals(NombreServicio)): null

2018-10-29 08:31:59 - [TEST_STEP][PASSED] - Statement - If (item.getText().equals(NombreServicio)): null

2018-10-29 08:31:59 - [TEST_STEP][PASSED] - Statement - If (item.getText().equals(NombreServicio)): null

2018-10-29 08:31:59 - [TEST_STEP][PASSED] - Statement - If (item.getText().equals(NombreServicio)): null

2018-10-29 08:31:59 - [TEST_STEP][PASSED] - Statement - If (item.getText().equals(NombreServicio)): null

2018-10-29 08:31:59 - [TEST_STEP][PASSED] - Statement - If (item.getText().equals(NombreServicio)): null

2018-10-29 08:31:59 - [TEST_STEP][PASSED] - Statement - If (item.getText().equals(NombreServicio)): null

2018-10-29 08:31:59 - [TEST_STEP][PASSED] - Statement - If (item.getText().equals(NombreServicio)): null

2018-10-29 08:31:59 - [TEST_STEP][PASSED] - Statement - If (item.getText().equals(NombreServicio)): null

2018-10-29 08:31:59 - [TEST_STEP][PASSED] - Statement - If (item.getText().equals(NombreServicio)): null

2018-10-29 08:31:59 - [TEST_STEP][PASSED] - Statement - If (item.getText().equals(NombreServicio)): null

2018-10-29 08:31:59 - [TEST_STEP][PASSED] - Statement - If (item.getText().equals(NombreServicio)): null

2018-10-29 08:31:59 - [TEST_STEP][PASSED] - Statement - If (item.getText().equals(NombreServicio)): null

2018-10-29 08:32:00 - [TEST_STEP][PASSED] - Statement - If (item.getText().equals(NombreServicio)): null

2018-10-29 08:32:00 - [TEST_STEP][PASSED] - Statement - If (item.getText().equals(NombreServicio)): null

2018-10-29 08:32:00 - [TEST_STEP][PASSED] - Statement - If (item.getText().equals(NombreServicio)): null

2018-10-29 08:32:00 - [TEST_STEP][PASSED] - Statement - If (item.getText().equals(NombreServicio)): null

2018-10-29 08:32:00 - [TEST_STEP][PASSED] - Statement - If (item.getText().equals(NombreServicio)): null

2018-10-29 08:32:00 - [TEST_STEP][PASSED] - Statement - If (item.getText().equals(NombreServicio)): null

2018-10-29 08:32:00 - [TEST_STEP][PASSED] - Statement - If (item.getText().equals(NombreServicio)): null

2018-10-29 08:32:00 - [TEST_STEP][PASSED] - Statement - If (item.getText().equals(NombreServicio)): null

2018-10-29 08:32:00 - [TEST_STEP][PASSED] - Statement - If (item.getText().equals(NombreServicio)): null

2018-10-29 08:32:00 - [TEST_STEP][PASSED] - Statement - If (item.getText().equals(NombreServicio)): null

2018-10-29 08:32:00 - [TEST_STEP][PASSED] - Statement - If (item.getText().equals(NombreServicio)): null

2018-10-29 08:32:00 - [TEST_STEP][PASSED] - Statement - If (item.getText().equals(NombreServicio)): null

2018-10-29 08:32:00 - [TEST_STEP][PASSED] - Statement - If (item.getText().equals(NombreServicio)): null

2018-10-29 08:32:00 - [TEST_STEP][PASSED] - Statement - If (item.getText().equals(NombreServicio)): null

2018-10-29 08:32:00 - [TEST_STEP][PASSED] - Statement - If (item.getText().equals(NombreServicio)): null

2018-10-29 08:32:00 - [TEST_STEP][PASSED] - Statement - If (item.getText().equals(NombreServicio)): null

2018-10-29 08:32:00 - [TEST_STEP][PASSED] - Statement - If (item.getText().equals(NombreServicio)): null

2018-10-29 08:32:00 - [TEST_STEP][PASSED] - Statement - If (item.getText().equals(NombreServicio)): null

2018-10-29 08:32:00 - [TEST_STEP][PASSED] - Statement - If (item.getText().equals(NombreServicio)): null

2018-10-29 08:32:00 - [TEST_STEP][PASSED] - Statement - If (item.getText().equals(NombreServicio)): null

2018-10-29 08:32:00 - [TEST_STEP][PASSED] - Statement - If (item.getText().equals(NombreServicio)): null

2018-10-29 08:32:00 - [TEST_STEP][PASSED] - Statement - If (item.getText().equals(NombreServicio)): null

2018-10-29 08:32:00 - [TEST_STEP][PASSED] - Statement - If (item.getText().equals(NombreServicio)): null

2018-10-29 08:32:00 - [TEST_STEP][PASSED] - Statement - If (item.getText().equals(NombreServicio)): null

2018-10-29 08:32:00 - [TEST_STEP][PASSED] - Statement - If (item.getText().equals(NombreServicio)): null

2018-10-29 08:32:01 - [TEST_STEP][PASSED] - Statement - If (item.getText().equals(NombreServicio)): null

2018-10-29 08:32:01 - [TEST_STEP][PASSED] - Statement - If (item.getText().equals(NombreServicio)): null

2018-10-29 08:32:01 - [TEST_STEP][PASSED] - Statement - If (item.getText().equals(NombreServicio)): null

2018-10-29 08:32:01 - [TEST_STEP][PASSED] - Statement - If (item.getText().equals(NombreServicio)): null

2018-10-29 08:32:01 - [TEST_STEP][PASSED] - Statement - If (item.getText().equals(NombreServicio)): null

2018-10-29 08:32:01 - [TEST_STEP][PASSED] - Statement - If (item.getText().equals(NombreServicio)): null

2018-10-29 08:32:01 - [TEST_STEP][PASSED] - Statement - If (item.getText().equals(NombreServicio)): null

2018-10-29 08:32:01 - [TEST_STEP][PASSED] - Statement - If (item.getText().equals(NombreServicio)): null

2018-10-29 08:32:01 - [TEST_STEP][PASSED] - Statement - If (item.getText().equals(NombreServicio)): null

2018-10-29 08:32:01 - [TEST_STEP][PASSED] - Statement - If (item.getText().equals(NombreServicio)): null

2018-10-29 08:32:01 - [TEST_STEP][PASSED] - Statement - If (item.getText().equals(NombreServicio)): null

2018-10-29 08:32:01 - [TEST_STEP][PASSED] - Statement - If (item.getText().equals(NombreServicio)): null

2018-10-29 08:32:01 - [TEST_STEP][PASSED] - Statement - If (item.getText().equals(NombreServicio)): null

2018-10-29 08:32:01 - [TEST_STEP][PASSED] - Statement - If (item.getText().equals(NombreServicio)): null

2018-10-29 08:32:01 - [TEST_STEP][PASSED] - Statement - If (item.getText().equals(NombreServicio)): null

2018-10-29 08:32:01 - [TEST_STEP][PASSED] - Statement - If (item.getText().equals(NombreServicio)): null

2018-10-29 08:32:01 - [TEST_STEP][PASSED] - Statement - If (item.getText().equals(NombreServicio)): null

2018-10-29 08:32:01 - [TEST_STEP][PASSED] - Statement - If (item.getText().equals(NombreServicio)): null

2018-10-29 08:32:01 - [TEST_STEP][PASSED] - Statement - If (item.getText().equals(NombreServicio)): null

2018-10-29 08:32:01 - [TEST_STEP][PASSED] - Statement - If (item.getText().equals(NombreServicio)): null

2018-10-29 08:32:01 - [TEST_STEP][PASSED] - Statement - If (item.getText().equals(NombreServicio)): null

2018-10-29 08:32:01 - [TEST_STEP][PASSED] - Statement - If (item.getText().equals(NombreServicio)): null

2018-10-29 08:32:01 - [TEST_STEP][PASSED] - Statement - If (item.getText().equals(NombreServicio)): null

2018-10-29 08:32:01 - [TEST_STEP][PASSED] - Statement - If (item.getText().equals(NombreServicio)): null

2018-10-29 08:32:01 - [TEST_STEP][PASSED] - Statement - If (item.getText().equals(NombreServicio)): null

2018-10-29 08:32:01 - [TEST_STEP][PASSED] - Statement - If (item.getText().equals(NombreServicio)): null

2018-10-29 08:32:01 - [TEST_STEP][PASSED] - Statement - If (item.getText().equals(NombreServicio)): null

2018-10-29 08:32:02 - [TEST_STEP][PASSED] - Statement - If (item.getText().equals(NombreServicio)): null

2018-10-29 08:32:02 - [TEST_STEP][PASSED] - Statement - If (item.getText().equals(NombreServicio)): null

2018-10-29 08:32:02 - [TEST_STEP][PASSED] - Statement - If (item.getText().equals(NombreServicio)): null

2018-10-29 08:32:02 - [TEST_STEP][PASSED] - Statement - If (item.getText().equals(NombreServicio)): null

2018-10-29 08:32:02 - [TEST_STEP][PASSED] - Statement - If (item.getText().equals(NombreServicio)): null

2018-10-29 08:32:02 - [TEST_STEP][PASSED] - Statement - If (item.getText().equals(NombreServicio)): null

2018-10-29 08:32:02 - [TEST_STEP][PASSED] - Statement - If (item.getText().equals(NombreServicio)): null

2018-10-29 08:32:02 - [TEST_STEP][PASSED] - Statement - If (item.getText().equals(NombreServicio)): null

2018-10-29 08:32:02 - [TEST_STEP][PASSED] - Statement - If (item.getText().equals(NombreServicio)): null

2018-10-29 08:32:02 - [TEST_STEP][PASSED] - Statement - If (item.getText().equals(NombreServicio)): null

2018-10-29 08:32:02 - [TEST_STEP][PASSED] - Statement - If (item.getText().equals(NombreServicio)): null

2018-10-29 08:32:02 - [TEST_STEP][PASSED] - Statement - If (item.getText().equals(NombreServicio)): null

2018-10-29 08:32:02 - [TEST_STEP][PASSED] - Statement - If (item.getText().equals(NombreServicio)): null

2018-10-29 08:32:02 - [TEST_STEP][PASSED] - Statement - If (item.getText().equals(NombreServicio)): null

2018-10-29 08:32:02 - [TEST_STEP][PASSED] - Statement - If (item.getText().equals(NombreServicio)): null

2018-10-29 08:32:02 - [TEST_STEP][PASSED] - Statement - If (item.getText().equals(NombreServicio)): null

2018-10-29 08:32:02 - [TEST_STEP][PASSED] - Statement - If (item.getText().equals(NombreServicio)): null

2018-10-29 08:32:02 - [TEST_STEP][PASSED] - Statement - If (item.getText().equals(NombreServicio)): null

2018-10-29 08:32:02 - [TEST_STEP][PASSED] - Statement - If (item.getText().equals(NombreServicio)): null

2018-10-29 08:32:02 - [TEST_STEP][PASSED] - Statement - If (item.getText().equals(NombreServicio)): null

2018-10-29 08:32:02 - [TEST_STEP][PASSED] - Statement - If (item.getText().equals(NombreServicio)): null

2018-10-29 08:32:02 - [TEST_STEP][PASSED] - Statement - If (item.getText().equals(NombreServicio)): null

2018-10-29 08:32:02 - [TEST_STEP][PASSED] - Statement - If (item.getText().equals(NombreServicio)): null

2018-10-29 08:32:02 - [TEST_STEP][PASSED] - Statement - If (item.getText().equals(NombreServicio)): null

2018-10-29 08:32:02 - [TEST_STEP][PASSED] - Statement - If (item.getText().equals(NombreServicio)): null

2018-10-29 08:32:02 - [TEST_STEP][PASSED] - Statement - If (item.getText().equals(NombreServicio)): null

2018-10-29 08:32:02 - [TEST_STEP][PASSED] - Statement - If (item.getText().equals(NombreServicio)): null

2018-10-29 08:32:03 - [TEST_STEP][PASSED] - Statement - If (item.getText().equals(NombreServicio)): null

2018-10-29 08:32:03 - [TEST_STEP][PASSED] - Statement - If (item.getText().equals(NombreServicio)): null

2018-10-29 08:32:03 - [TEST_STEP][PASSED] - Statement - If (item.getText().equals(NombreServicio)): null

2018-10-29 08:32:03 - [TEST_STEP][PASSED] - Statement - If (item.getText().equals(NombreServicio)): null

2018-10-29 08:32:03 - [TEST_STEP][PASSED] - Statement - If (item.getText().equals(NombreServicio)): null

2018-10-29 08:32:03 - [TEST_STEP][PASSED] - Statement - If (item.getText().equals(NombreServicio)): null

2018-10-29 08:32:03 - [TEST_STEP][PASSED] - Statement - If (item.getText().equals(NombreServicio)): null

2018-10-29 08:32:03 - [TEST_STEP][PASSED] - Statement - If (item.getText().equals(NombreServicio)): null

2018-10-29 08:32:03 - [TEST_STEP][PASSED] - Statement - If (item.getText().equals(NombreServicio)): null

2018-10-29 08:32:03 - [TEST_STEP][PASSED] - Statement - If (item.getText().equals(NombreServicio)): null

2018-10-29 08:32:03 - [TEST_STEP][PASSED] - Statement - If (item.getText().equals(NombreServicio)): null

2018-10-29 08:32:03 - [TEST_STEP][PASSED] - Statement - If (item.getText().equals(NombreServicio)): null

2018-10-29 08:32:03 - [TEST_STEP][PASSED] - Statement - If (item.getText().equals(NombreServicio)): null

2018-10-29 08:32:03 - [TEST_STEP][PASSED] - Statement - If (item.getText().equals(NombreServicio)): null

2018-10-29 08:32:03 - [TEST_STEP][PASSED] - Statement - If (item.getText().equals(NombreServicio)): null

2018-10-29 08:32:03 - [TEST_STEP][PASSED] - Statement - If (item.getText().equals(NombreServicio)): null

2018-10-29 08:32:03 - [TEST_STEP][PASSED] - Statement - If (item.getText().equals(NombreServicio)): null

2018-10-29 08:32:03 - [TEST_STEP][PASSED] - Statement - If (item.getText().equals(NombreServicio)): null

2018-10-29 08:32:03 - [TEST_STEP][PASSED] - Statement - If (item.getText().equals(NombreServicio)): null

2018-10-29 08:32:03 - [TEST_STEP][PASSED] - Statement - If (item.getText().equals(NombreServicio)): null

2018-10-29 08:32:03 - [TEST_STEP][PASSED] - Statement - If (item.getText().equals(NombreServicio)): null

2018-10-29 08:32:03 - [TEST_STEP][PASSED] - Statement - If (item.getText().equals(NombreServicio)): null

2018-10-29 08:32:03 - [TEST_STEP][PASSED] - Statement - If (item.getText().equals(NombreServicio)): null

2018-10-29 08:32:03 - [TEST_STEP][PASSED] - Statement - If (item.getText().equals(NombreServicio)): null

2018-10-29 08:32:03 - [TEST_STEP][PASSED] - Statement - If (item.getText().equals(NombreServicio)): null

2018-10-29 08:32:03 - [TEST_STEP][PASSED] - Statement - If (item.getText().equals(NombreServicio)): null

2018-10-29 08:32:03 - [TEST_STEP][PASSED] - Statement - If (item.getText().equals(NombreServicio)): null

2018-10-29 08:32:04 - [TEST_STEP][PASSED] - Statement - If (item.getText().equals(NombreServicio)): null

2018-10-29 08:32:04 - [TEST_STEP][PASSED] - Statement - If (item.getText().equals(NombreServicio)): null

2018-10-29 08:32:04 - [TEST_STEP][PASSED] - Statement - If (item.getText().equals(NombreServicio)): null

2018-10-29 08:32:04 - [TEST_STEP][PASSED] - Statement - If (item.getText().equals(NombreServicio)): null

2018-10-29 08:32:04 - [TEST_STEP][PASSED] - Statement - If (item.getText().equals(NombreServicio)): null

2018-10-29 08:32:04 - [TEST_STEP][PASSED] - Statement - If (item.getText().equals(NombreServicio)): null

2018-10-29 08:32:04 - [TEST_STEP][PASSED] - Statement - If (item.getText().equals(NombreServicio)): null

2018-10-29 08:32:04 - [TEST_STEP][PASSED] - Statement - If (item.getText().equals(NombreServicio)): null

2018-10-29 08:32:04 - [TEST_STEP][PASSED] - Statement - If (item.getText().equals(NombreServicio)): null

2018-10-29 08:32:04 - [TEST_STEP][PASSED] - Statement - If (item.getText().equals(NombreServicio)): null

2018-10-29 08:32:04 - [TEST_STEP][PASSED] - Statement - If (item.getText().equals(NombreServicio)): null

2018-10-29 08:32:04 - [TEST_STEP][PASSED] - Statement - If (item.getText().equals(NombreServicio)): null

2018-10-29 08:32:04 - [TEST_STEP][PASSED] - Statement - If (item.getText().equals(NombreServicio)): null

2018-10-29 08:32:04 - [TEST_STEP][PASSED] - Statement - If (item.getText().equals(NombreServicio)): null

2018-10-29 08:32:04 - [TEST_STEP][PASSED] - Statement - If (item.getText().equals(NombreServicio)): null

2018-10-29 08:32:04 - [TEST_STEP][PASSED] - Statement - If (item.getText().equals(NombreServicio)): null

2018-10-29 08:32:04 - [TEST_STEP][PASSED] - Statement - If (item.getText().equals(NombreServicio)): null

2018-10-29 08:32:04 - [TEST_STEP][PASSED] - Statement - If (item.getText().equals(NombreServicio)): null

2018-10-29 08:32:04 - [TEST_STEP][PASSED] - Statement - If (item.getText().equals(NombreServicio)): null

2018-10-29 08:32:04 - [TEST_STEP][PASSED] - Statement - If (item.getText().equals(NombreServicio)): null

2018-10-29 08:32:04 - [TEST_STEP][PASSED] - Statement - If (item.getText().equals(NombreServicio)): null

2018-10-29 08:32:04 - [TEST_STEP][PASSED] - Statement - If (item.getText().equals(NombreServicio)): null

2018-10-29 08:32:04 - [TEST_STEP][PASSED] - Statement - If (item.getText().equals(NombreServicio)): null

2018-10-29 08:32:04 - [TEST_STEP][PASSED] - Statement - If (item.getText().equals(NombreServicio)): null

2018-10-29 08:32:04 - [TEST_STEP][PASSED] - Statement - If (item.getText().equals(NombreServicio)): null

2018-10-29 08:32:04 - [TEST_STEP][PASSED] - Statement - If (item.getText().equals(NombreServicio)): null

2018-10-29 08:32:04 - [TEST_STEP][PASSED] - Statement - If (item.getText().equals(NombreServicio)): null

2018-10-29 08:32:05 - [TEST_STEP][PASSED] - Statement - If (item.getText().equals(NombreServicio)): null

2018-10-29 08:32:05 - [TEST_STEP][PASSED] - Statement - If (item.getText().equals(NombreServicio)): null

2018-10-29 08:32:05 - [TEST_STEP][PASSED] - Statement - If (item.getText().equals(NombreServicio)): null

2018-10-29 08:32:05 - [TEST_STEP][PASSED] - Statement - If (item.getText().equals(NombreServicio)): null

2018-10-29 08:32:05 - [TEST_STEP][PASSED] - Statement - If (item.getText().equals(NombreServicio)): null

2018-10-29 08:32:05 - [TEST_STEP][PASSED] - Statement - If (item.getText().equals(NombreServicio)): null

2018-10-29 08:32:05 - [TEST_STEP][PASSED] - Statement - If (item.getText().equals(NombreServicio)): null

2018-10-29 08:32:05 - [TEST_STEP][PASSED] - Statement - If (item.getText().equals(NombreServicio)): null

2018-10-29 08:32:05 - [TEST_STEP][PASSED] - Statement - If (item.getText().equals(NombreServicio)): null

2018-10-29 08:32:05 - [TEST_STEP][PASSED] - Statement - If (item.getText().equals(NombreServicio)): null

2018-10-29 08:32:05 - [TEST_STEP][PASSED] - Statement - If (item.getText().equals(NombreServicio)): null

2018-10-29 08:32:05 - [TEST_STEP][PASSED] - Statement - If (item.getText().equals(NombreServicio)): null

2018-10-29 08:32:05 - [TEST_STEP][PASSED] - Statement - If (item.getText().equals(NombreServicio)): null

2018-10-29 08:32:05 - [TEST_STEP][PASSED] - Statement - If (item.getText().equals(NombreServicio)): null

2018-10-29 08:32:05 - [TEST_STEP][PASSED] - Statement - If (item.getText().equals(NombreServicio)): null

2018-10-29 08:32:05 - [TEST_STEP][PASSED] - Statement - If (item.getText().equals(NombreServicio)): null

2018-10-29 08:32:05 - [TEST_STEP][PASSED] - Statement - If (item.getText().equals(NombreServicio)): null

2018-10-29 08:32:05 - [TEST_STEP][PASSED] - Statement - If (item.getText().equals(NombreServicio)): null

2018-10-29 08:32:05 - [TEST_STEP][PASSED] - Statement - If (item.getText().equals(NombreServicio)): null

2018-10-29 08:32:05 - [TEST_STEP][PASSED] - Statement - If (item.getText().equals(NombreServicio)): null

2018-10-29 08:32:05 - [TEST_STEP][PASSED] - Statement - If (item.getText().equals(NombreServicio)): null

2018-10-29 08:32:05 - [TEST_STEP][PASSED] - Statement - If (item.getText().equals(NombreServicio)): null

2018-10-29 08:32:05 - [TEST_STEP][PASSED] - Statement - If (item.getText().equals(NombreServicio)): null

2018-10-29 08:32:05 - [TEST_STEP][PASSED] - Statement - If (item.getText().equals(NombreServicio)): null

2018-10-29 08:32:05 - [TEST_STEP][PASSED] - Statement - If (item.getText().equals(NombreServicio)): null

2018-10-29 08:32:05 - [TEST_STEP][PASSED] - Statement - If (item.getText().equals(NombreServicio)): null

2018-10-29 08:32:06 - [TEST_STEP][PASSED] - Statement - If (item.getText().equals(NombreServicio)): null

2018-10-29 08:32:06 - [TEST_STEP][PASSED] - Statement - If (item.getText().equals(NombreServicio)): null

2018-10-29 08:32:06 - [TEST_STEP][PASSED] - Statement - If (item.getText().equals(NombreServicio)): null

2018-10-29 08:32:06 - [TEST_STEP][PASSED] - Statement - If (item.getText().equals(NombreServicio)): null

2018-10-29 08:32:06 - [TEST_STEP][PASSED] - Statement - If (item.getText().equals(NombreServicio)): null

2018-10-29 08:32:06 - [TEST_STEP][PASSED] - Statement - If (item.getText().equals(NombreServicio)): null

2018-10-29 08:32:06 - [TEST_STEP][PASSED] - Statement - If (item.getText().equals(NombreServicio)): null

2018-10-29 08:32:06 - [TEST_STEP][PASSED] - Statement - If (item.getText().equals(NombreServicio)): null

2018-10-29 08:32:06 - [TEST_STEP][PASSED] - Statement - If (item.getText().equals(NombreServicio)): null

2018-10-29 08:32:06 - [TEST_STEP][PASSED] - Statement - If (item.getText().equals(NombreServicio)): null

2018-10-29 08:32:06 - [TEST_STEP][PASSED] - Statement - If (item.getText().equals(NombreServicio)): null

2018-10-29 08:32:06 - [TEST_STEP][PASSED] - Statement - If (item.getText().equals(NombreServicio)): null

2018-10-29 08:32:06 - [TEST_STEP][PASSED] - Statement - If (item.getText().equals(NombreServicio)): null

2018-10-29 08:32:06 - [TEST_STEP][PASSED] - Statement - If (item.getText().equals(NombreServicio)): null

2018-10-29 08:32:06 - [TEST_STEP][PASSED] - Statement - If (item.getText().equals(NombreServicio)): null

2018-10-29 08:32:06 - [TEST_STEP][PASSED] - Statement - If (item.getText().equals(NombreServicio)): null

2018-10-29 08:32:06 - [TEST_STEP][PASSED] - Statement - If (item.getText().equals(NombreServicio)): null

2018-10-29 08:32:06 - [TEST_STEP][PASSED] - Statement - If (item.getText().equals(NombreServicio)): null

2018-10-29 08:32:06 - [TEST_STEP][PASSED] - Statement - If (item.getText().equals(NombreServicio)): null

2018-10-29 08:32:06 - [TEST_STEP][PASSED] - Statement - If (item.getText().equals(NombreServicio)): null

2018-10-29 08:32:06 - [TEST_STEP][PASSED] - Statement - If (item.getText().equals(NombreServicio)): null

2018-10-29 08:32:06 - [TEST_STEP][PASSED] - Statement - If (item.getText().equals(NombreServicio)): null

2018-10-29 08:32:07 - [TEST_STEP][PASSED] - Statement - If (item.getText().equals(NombreServicio)): null

2018-10-29 08:32:07 - [TEST_STEP][PASSED] - Statement - If (item.getText().equals(NombreServicio)): null

2018-10-29 08:32:07 - [TEST_STEP][PASSED] - Statement - If (item.getText().equals(NombreServicio)): null

2018-10-29 08:32:07 - [TEST_STEP][PASSED] - Statement - If (item.getText().equals(NombreServicio)): null

2018-10-29 08:32:07 - [TEST_STEP][PASSED] - Statement - item.click(): null

2018-10-29 08:32:07 - [TEST_STEP][PASSED] - Statement - return true: null

2018-10-29 08:32:07 - [TEST_STEP][PASSED] - Statement - verifyIsGenesisCoberturaOpen(): null

2018-10-29 08:32:07 - [TEST_STEP][PASSED] - Statement - Try: Object 'Object Repository/Servicio/input_Prestaciones' is clickable

2018-10-29 08:32:07 - [TEST_STEP][PASSED] - Statement - java.lang.Thread.sleep(3000): null

2018-10-29 08:32:10 - [TEST_STEP][PASSED] - waitForElementClickable: Object 'Object Repository/Servicio/input_Prestaciones' is clickable

2018-10-29 08:32:10 - [MESSAGE][PASSED] - Object 'Object Repository/Servicio/input_Prestaciones' is clickable

2018-10-29 08:32:10 - [TEST_STEP][PASSED] - setText: Text '250102' is set on object 'Object Repository/Servicio/input_Prestaciones'

2018-10-29 08:32:10 - [MESSAGE][PASSED] - Text '250102' is set on object 'Object Repository/Servicio/input_Prestaciones'

2018-10-29 08:32:10 - [TEST_STEP][PASSED] - Statement - selectOptionAutocomplete(): null

2018-10-29 08:32:10 - [TEST_STEP][PASSED] - Statement - java.lang.Thread.sleep(5000): null

2018-10-29 08:32:15 - [TEST_STEP][PASSED] - Statement - to = com.kms.katalon.core.testobject.ObjectRepository.findTestObject(Servicio/autocomplete_input): Finding Test Object with id 'Object Repository/Servicio/iframe_Genesis Cobertura'

2018-10-29 08:32:15 - [TEST_STEP][PASSED] - click: Object: 'Object Repository/Servicio/autocomplete_input' is clicked on

2018-10-29 08:32:16 - [MESSAGE][PASSED] - Object: 'Object Repository/Servicio/autocomplete_input' is clicked on

2018-10-29 08:32:16 - [TEST_STEP][PASSED] - selectOptionByValue: All options with value 'A' are selected in object 'Object Repository/Servicio/select_Contexto' 

2018-10-29 08:32:16 - [MESSAGE][PASSED] - All options with value 'A' are selected in object 'Object Repository/Servicio/select_Contexto' 

2018-10-29 08:32:16 - [TEST_STEP][PASSED] - click: Object: 'Object Repository/Servicio/btnEditarDomicilio' is clicked on

2018-10-29 08:32:16 - [MESSAGE][PASSED] - Object: 'Object Repository/Servicio/btnEditarDomicilio' is clicked on

2018-10-29 08:32:16 - [TEST_STEP][PASSED] - waitForElementPresent: Object 'Object Repository/Servicio/select_Provincia' is present

2018-10-29 08:32:16 - [MESSAGE][PASSED] - Object 'Object Repository/Servicio/select_Provincia' is present

2018-10-29 08:32:16 - [TEST_STEP][PASSED] - selectOptionByValue: All options with value 'SANTA FE' are selected in object 'Object Repository/Servicio/select_Provincia' 

2018-10-29 08:32:16 - [MESSAGE][PASSED] - All options with value 'SANTA FE' are selected in object 'Object Repository/Servicio/select_Provincia' 

2018-10-29 08:32:17 - [TEST_STEP][PASSED] - sendKeys: Keys 'ROSARIO' sent to object: 'Object Repository/Servicio/input_Localidad'

2018-10-29 08:32:17 - [MESSAGE][PASSED] - Keys 'ROSARIO' sent to object: 'Object Repository/Servicio/input_Localidad'

2018-10-29 08:32:17 - [TEST_STEP][PASSED] - Statement - java.lang.Thread.sleep(3000): null

2018-10-29 08:32:20 - [TEST_STEP][PASSED] - sendKeys: Keys 'TAB + ' sent to object: 'Object Repository/Servicio/input_Localidad'

2018-10-29 08:32:20 - [MESSAGE][PASSED] - Keys 'TAB + ' sent to object: 'Object Repository/Servicio/input_Localidad'

2018-10-29 08:32:20 - [TEST_STEP][PASSED] - sendKeys: Keys 'ITALIA' sent to object: 'Object Repository/Servicio/input_Calle'

2018-10-29 08:32:20 - [MESSAGE][PASSED] - Keys 'ITALIA' sent to object: 'Object Repository/Servicio/input_Calle'

2018-10-29 08:32:20 - [TEST_STEP][PASSED] - Statement - java.lang.Thread.sleep(3000): null

2018-10-29 08:32:23 - [TEST_STEP][PASSED] - sendKeys: Keys 'TAB + ' sent to object: 'Object Repository/Servicio/input_Calle'

2018-10-29 08:32:23 - [MESSAGE][PASSED] - Keys 'TAB + ' sent to object: 'Object Repository/Servicio/input_Calle'

2018-10-29 08:32:23 - [TEST_STEP][PASSED] - Statement - java.lang.Thread.sleep(3000): null

2018-10-29 08:32:26 - [TEST_STEP][PASSED] - sendKeys: Keys '440' sent to object: 'Object Repository/Servicio/input_Altura'

2018-10-29 08:32:27 - [MESSAGE][PASSED] - Keys '440' sent to object: 'Object Repository/Servicio/input_Altura'

2018-10-29 08:32:27 - [TEST_STEP][PASSED] - click: Object: 'Object Repository/Servicio/btnSeleccionar' is clicked on

2018-10-29 08:32:27 - [MESSAGE][PASSED] - Object: 'Object Repository/Servicio/btnSeleccionar' is clicked on

2018-10-29 08:32:27 - [TEST_STEP][PASSED] - Statement - java.lang.Thread.sleep(3000): null

2018-10-29 08:32:30 - [TEST_STEP][PASSED] - click: Object: 'Object Repository/Servicio/btnBuscar' is clicked on

2018-10-29 08:32:30 - [MESSAGE][PASSED] - Object: 'Object Repository/Servicio/btnBuscar' is clicked on

2018-10-29 08:32:30 - [TEST_STEP][PASSED] - waitForElementPresent: Object 'Object Repository/Servicio/div_Listado' is present

2018-10-29 08:32:30 - [MESSAGE][PASSED] - Object 'Object Repository/Servicio/div_Listado' is present

2018-10-29 08:32:30 - [TEST_STEP][PASSED] - click: Object: 'Object Repository/Servicio/check_ResultadoListado' is clicked on

2018-10-29 08:32:50 - [MESSAGE][PASSED] - Object: 'Object Repository/Servicio/check_ResultadoListado' is clicked on

2018-10-29 08:32:50 - [TEST_STEP][PASSED] - click: Object: 'Object Repository/Servicio/btnRegistrar' is clicked on

2018-10-29 08:32:51 - [MESSAGE][PASSED] - Object: 'Object Repository/Servicio/btnRegistrar' is clicked on

2018-10-29 08:32:51 - [TEST_STEP][PASSED] - waitForElementClickable: Object 'Object Repository/Servicio/btnCerrarDomicilio' is clickable

2018-10-29 08:32:53 - [MESSAGE][PASSED] - Object 'Object Repository/Servicio/btnCerrarDomicilio' is clickable

2018-10-29 08:32:53 - [TEST_STEP][PASSED] - Statement - java.lang.Thread.sleep(3000): null

2018-10-29 08:32:56 - [TEST_STEP][PASSED] - click: Object: 'Object Repository/Servicio/btnCerrarDomicilio' is clicked on

2018-10-29 08:32:56 - [MESSAGE][PASSED] - Object: 'Object Repository/Servicio/btnCerrarDomicilio' is clicked on

2018-10-29 08:32:56 - [TEST_STEP][PASSED] - click: Object: 'Object Repository/Servicio/btnEnviarCorreo' is clicked on

2018-10-29 08:32:56 - [MESSAGE][PASSED] - Object: 'Object Repository/Servicio/btnEnviarCorreo' is clicked on

2018-10-29 08:32:56 - [TEST_STEP][PASSED] - waitForElementPresent: Object 'Object Repository/Servicio/input_Correo' is present

2018-10-29 08:32:56 - [MESSAGE][PASSED] - Object 'Object Repository/Servicio/input_Correo' is present

2018-10-29 08:32:56 - [TEST_STEP][PASSED] - sendKeys: Keys 'ntedesco@sms-latam.com' sent to object: 'Object Repository/Servicio/input_Correo'

2018-10-29 08:32:57 - [MESSAGE][PASSED] - Keys 'ntedesco@sms-latam.com' sent to object: 'Object Repository/Servicio/input_Correo'

2018-10-29 08:32:57 - [TEST_STEP][PASSED] - click: Object: 'Object Repository/Servicio/btnEnviar' is clicked on

2018-10-29 08:32:57 - [MESSAGE][PASSED] - Object: 'Object Repository/Servicio/btnEnviar' is clicked on

2018-10-29 08:32:57 - [TEST_STEP][PASSED] - Statement - java.lang.Thread.sleep(3000): null

2018-10-29 08:33:00 - [TEST_STEP][PASSED] - waitForElementClickable: Object 'Object Repository/Servicio/btnImprimir' is clickable

2018-10-29 08:33:00 - [MESSAGE][PASSED] - Object 'Object Repository/Servicio/btnImprimir' is clickable

2018-10-29 08:33:00 - [TEST_STEP][PASSED] - click: Object: 'Object Repository/Servicio/btnImprimir' is clicked on

2018-10-29 08:33:01 - [MESSAGE][PASSED] - Object: 'Object Repository/Servicio/btnImprimir' is clicked on

2018-10-29 08:33:01 - [TEST_STEP][PASSED] - waitForElementClickable: Object 'Object Repository/Servicio/btnCerrarPopUpPdf' is clickable

2018-10-29 08:33:01 - [MESSAGE][PASSED] - Object 'Object Repository/Servicio/btnCerrarPopUpPdf' is clickable

2018-10-29 08:33:01 - [TEST_STEP][PASSED] - Statement - java.lang.Thread.sleep(3000): null

2018-10-29 08:33:04 - [TEST_STEP][FAILED] - click: Unable to click on object 'Object Repository/Servicio/btnCerrarPopUpPdf' (Root cause: org.openqa.selenium.ElementNotVisibleException: element not visible
  (Session info: chrome=69.0.3497.100)
  (Driver info: chromedriver=2.35.528161 (5b82f2d2aae0ca24b877009200ced9065a772e73),platform=Windows NT 10.0.15063 x86_64) (WARNING: The server did not provide any stacktrace information)
Command duration or timeout: 0 milliseconds
Build info: version: '3.7.1', revision: '8a0099a', time: '2017-11-06T21:07:36.161Z'
System info: host: 'SMSL044', ip: '192.168.252.2', os.name: 'Windows 10', os.arch: 'x86', os.version: '10.0', java.version: '1.8.0_181'
Driver info: com.kms.katalon.selenium.driver.CChromeDriver
Capabilities {acceptInsecureCerts: false, acceptSslCerts: false, applicationCacheEnabled: false, browserConnectionEnabled: false, browserName: chrome, chrome: {chromedriverVersion: 2.35.528161 (5b82f2d2aae0ca..., userDataDir: C:\Users\ntedesco\AppData\L...}, cssSelectorsEnabled: true, databaseEnabled: false, handlesAlerts: true, hasTouchScreen: false, javascriptEnabled: true, locationContextEnabled: true, mobileEmulationEnabled: false, nativeEvents: true, networkConnectionEnabled: false, pageLoadStrategy: normal, platform: XP, platformName: XP, rotatable: false, setWindowRect: true, takesHeapSnapshot: true, takesScreenshot: true, unexpectedAlertBehaviour: , unhandledPromptBehavior: , version: 69.0.3497.100, webStorageEnabled: true}
Session ID: 2d94a2bdb4e559fb23bf40291fa4524b)

2018-10-29 08:33:05 - [MESSAGE][FAILED] - Unable to click on object 'Object Repository/Servicio/btnCerrarPopUpPdf' (Root cause: org.openqa.selenium.ElementNotVisibleException: element not visible
  (Session info: chrome=69.0.3497.100)
  (Driver info: chromedriver=2.35.528161 (5b82f2d2aae0ca24b877009200ced9065a772e73),platform=Windows NT 10.0.15063 x86_64) (WARNING: The server did not provide any stacktrace information)
Command duration or timeout: 0 milliseconds
Build info: version: '3.7.1', revision: '8a0099a', time: '2017-11-06T21:07:36.161Z'
System info: host: 'SMSL044', ip: '192.168.252.2', os.name: 'Windows 10', os.arch: 'x86', os.version: '10.0', java.version: '1.8.0_181'
Driver info: com.kms.katalon.selenium.driver.CChromeDriver
Capabilities {acceptInsecureCerts: false, acceptSslCerts: false, applicationCacheEnabled: false, browserConnectionEnabled: false, browserName: chrome, chrome: {chromedriverVersion: 2.35.528161 (5b82f2d2aae0ca..., userDataDir: C:\Users\ntedesco\AppData\L...}, cssSelectorsEnabled: true, databaseEnabled: false, handlesAlerts: true, hasTouchScreen: false, javascriptEnabled: true, locationContextEnabled: true, mobileEmulationEnabled: false, nativeEvents: true, networkConnectionEnabled: false, pageLoadStrategy: normal, platform: XP, platformName: XP, rotatable: false, setWindowRect: true, takesHeapSnapshot: true, takesScreenshot: true, unexpectedAlertBehaviour: , unhandledPromptBehavior: , version: 69.0.3497.100, webStorageEnabled: true}
Session ID: 2d94a2bdb4e559fb23bf40291fa4524b)
[[ATTACHMENT|C:\\Users\\ntedesco\\Katalon Studio\\GenesisCobertura\\Reports\\Prestaciones\\20181029_083108\\1540812784637.png]]]]></system-out>
         <system-err><![CDATA[2018-10-29 08:31:17 - [TEST_CASE][FAILED] - Test Cases/Test Buscar Prestadores - Domicilio: Test Cases/Test Buscar Prestadores - Domicilio FAILED because (of) (Stack trace: com.kms.katalon.core.exception.StepFailedException: Unable to click on object 'Object Repository/Servicio/btnCerrarPopUpPdf' (Root cause: org.openqa.selenium.ElementNotVisibleException: element not visible
  (Session info: chrome=69.0.3497.100)
  (Driver info: chromedriver=2.35.528161 (5b82f2d2aae0ca24b877009200ced9065a772e73),platform=Windows NT 10.0.15063 x86_64) (WARNING: The server did not provide any stacktrace information)
Command duration or timeout: 0 milliseconds
Build info: version: '3.7.1', revision: '8a0099a', time: '2017-11-06T21:07:36.161Z'
System info: host: 'SMSL044', ip: '192.168.252.2', os.name: 'Windows 10', os.arch: 'x86', os.version: '10.0', java.version: '1.8.0_181'
Driver info: com.kms.katalon.selenium.driver.CChromeDriver
Capabilities {acceptInsecureCerts: false, acceptSslCerts: false, applicationCacheEnabled: false, browserConnectionEnabled: false, browserName: chrome, chrome: {chromedriverVersion: 2.35.528161 (5b82f2d2aae0ca..., userDataDir: C:\Users\ntedesco\AppData\L...}, cssSelectorsEnabled: true, databaseEnabled: false, handlesAlerts: true, hasTouchScreen: false, javascriptEnabled: true, locationContextEnabled: true, mobileEmulationEnabled: false, nativeEvents: true, networkConnectionEnabled: false, pageLoadStrategy: normal, platform: XP, platformName: XP, rotatable: false, setWindowRect: true, takesHeapSnapshot: true, takesScreenshot: true, unexpectedAlertBehaviour: , unhandledPromptBehavior: , version: 69.0.3497.100, webStorageEnabled: true}
Session ID: 2d94a2bdb4e559fb23bf40291fa4524b)
	at com.kms.katalon.core.keyword.internal.KeywordMain.stepFailed(KeywordMain.groovy:36)
	at com.kms.katalon.core.webui.keyword.internal.WebUIKeywordMain.stepFailed(WebUIKeywordMain.groovy:65)
	at com.kms.katalon.core.webui.keyword.internal.WebUIKeywordMain.runKeyword(WebUIKeywordMain.groovy:27)
	at com.kms.katalon.core.webui.keyword.builtin.ClickKeyword.click(ClickKeyword.groovy:86)
	at com.kms.katalon.core.webui.keyword.builtin.ClickKeyword.execute(ClickKeyword.groovy:67)
	at com.kms.katalon.core.keyword.internal.KeywordExecutor.executeKeywordForPlatform(KeywordExecutor.groovy:53)
	at com.kms.katalon.core.webui.keyword.WebUiBuiltInKeywords.click(WebUiBuiltInKeywords.groovy:616)
	at com.kms.katalon.core.webui.keyword.WebUiBuiltInKeywords$click$4.call(Unknown Source)
	at org.codehaus.groovy.runtime.callsite.CallSiteArray.defaultCall(CallSiteArray.java:48)
	at org.codehaus.groovy.runtime.callsite.AbstractCallSite.call(AbstractCallSite.java:113)
	at org.codehaus.groovy.runtime.callsite.AbstractCallSite.call(AbstractCallSite.java:125)
	at Script1539956596293.run(Script1539956596293.groovy:143)
	at com.kms.katalon.core.main.ScriptEngine.run(ScriptEngine.java:183)
	at com.kms.katalon.core.main.ScriptEngine.runScriptAsRawText(ScriptEngine.java:108)
	at com.kms.katalon.core.main.TestCaseExecutor.runScript(TestCaseExecutor.java:294)
	at com.kms.katalon.core.main.TestCaseExecutor.doExecute(TestCaseExecutor.java:285)
	at com.kms.katalon.core.main.TestCaseExecutor.processExecutionPhase(TestCaseExecutor.java:264)
	at com.kms.katalon.core.main.TestCaseExecutor.accessMainPhase(TestCaseExecutor.java:256)
	at com.kms.katalon.core.main.TestCaseExecutor.execute(TestCaseExecutor.java:200)
	at com.kms.katalon.core.main.TestSuiteExecutor.accessTestCaseMainPhase(TestSuiteExecutor.java:129)
	at com.kms.katalon.core.main.TestSuiteExecutor.accessTestSuiteMainPhase(TestSuiteExecutor.java:112)
	at com.kms.katalon.core.main.TestSuiteExecutor.execute(TestSuiteExecutor.java:81)
	at com.kms.katalon.core.main.TestCaseMain.startTestSuite(TestCaseMain.java:142)
	at com.kms.katalon.core.main.TestCaseMain$startTestSuite$0.call(Unknown Source)
	at org.codehaus.groovy.runtime.callsite.CallSiteArray.defaultCall(CallSiteArray.java:48)
	at org.codehaus.groovy.runtime.callsite.AbstractCallSite.call(AbstractCallSite.java:113)
	at org.codehaus.groovy.runtime.callsite.AbstractCallSite.call(AbstractCallSite.java:141)
	at TempTestSuite1540812673487.run(TempTestSuite1540812673487.groovy:36)
	at groovy.lang.GroovyShell.runScriptOrMainOrTestOrRunnable(GroovyShell.java:263)
	at groovy.lang.GroovyShell.run(GroovyShell.java:518)
	at groovy.lang.GroovyShell.run(GroovyShell.java:507)
	at groovy.ui.GroovyMain.processOnce(GroovyMain.java:653)
	at groovy.ui.GroovyMain.run(GroovyMain.java:384)
	at groovy.ui.GroovyMain.process(GroovyMain.java:370)
	at groovy.ui.GroovyMain.processArgs(GroovyMain.java:129)
	at groovy.ui.GroovyMain.main(GroovyMain.java:109)
	at sun.reflect.NativeMethodAccessorImpl.invoke0(Native Method)
	at sun.reflect.NativeMethodAccessorImpl.invoke(NativeMethodAccessorImpl.java:62)
	at sun.reflect.DelegatingMethodAccessorImpl.invoke(DelegatingMethodAccessorImpl.java:43)
	at java.lang.reflect.Method.invoke(Method.java:498)
	at org.codehaus.groovy.tools.GroovyStarter.rootLoader(GroovyStarter.java:109)
	at org.codehaus.groovy.tools.GroovyStarter.main(GroovyStarter.java:131)
)]]></system-err>
      </testcase>
      <testcase name="Test Cases/Test Buscar Prestadores - Zona" classname="Test Cases/Test Buscar Prestadores - Zona" status="PASSED">
         <system-out><![CDATA[2018-10-29 08:33:05 - [TEST_CASE][PASSED] - Test Cases/Test Buscar Prestadores - Zona: Test Cases/Test Buscar Prestadores - Zona

2018-10-29 08:33:06 - [TEST_STEP][PASSED] - openBrowser: Browser is opened with url: 'null'

2018-10-29 08:33:06 - [MESSAGE][WARNING] - A browser is already opened. Closing browser and opening a new one

2018-10-29 08:33:08 - [MESSAGE][PASSED] - Browser is opened with url: 'null'

2018-10-29 08:33:08 - [TEST_STEP][PASSED] - navigateToUrl: Navigate to 'https://test.intranet.osde/IV3/' successfully

2018-10-29 08:33:09 - [MESSAGE][PASSED] - Navigate to 'https://test.intranet.osde/IV3/' successfully

2018-10-29 08:33:09 - [TEST_STEP][PASSED] - maximizeWindow: Current window maximized

2018-10-29 08:33:09 - [MESSAGE][PASSED] - Current window maximized

2018-10-29 08:33:09 - [TEST_STEP][PASSED] - waitForElementClickable: Object 'Object Repository/Login_OSDE Intranet/coUsser' is clickable

2018-10-29 08:33:09 - [MESSAGE][PASSED] - Object 'Object Repository/Login_OSDE Intranet/coUsser' is clickable

2018-10-29 08:33:09 - [TEST_STEP][PASSED] - setText: Text 'SS36739794' is set on object 'Object Repository/Login_OSDE Intranet/coUsser'

2018-10-29 08:33:09 - [MESSAGE][PASSED] - Text 'SS36739794' is set on object 'Object Repository/Login_OSDE Intranet/coUsser'

2018-10-29 08:33:09 - [TEST_STEP][PASSED] - setText: Text 'intranet09' is set on object 'Object Repository/Login_OSDE Intranet/coPassword'

2018-10-29 08:33:09 - [MESSAGE][PASSED] - Text 'intranet09' is set on object 'Object Repository/Login_OSDE Intranet/coPassword'

2018-10-29 08:33:09 - [TEST_STEP][PASSED] - click: Object: 'Object Repository/Login_OSDE Intranet/btnIngresar' is clicked on

2018-10-29 08:33:10 - [MESSAGE][PASSED] - Object: 'Object Repository/Login_OSDE Intranet/btnIngresar' is clicked on

2018-10-29 08:33:10 - [TEST_STEP][PASSED] - waitForElementPresent: Object 'Object Repository/Home_OSDE Intranet V3/a_Mis Herramientas' is present

2018-10-29 08:33:11 - [MESSAGE][PASSED] - Object 'Object Repository/Home_OSDE Intranet V3/a_Mis Herramientas' is present

2018-10-29 08:33:11 - [TEST_STEP][PASSED] - click: Object: 'Object Repository/Home_OSDE Intranet V3/a_Mis Herramientas' is clicked on

2018-10-29 08:33:11 - [MESSAGE][PASSED] - Object: 'Object Repository/Home_OSDE Intranet V3/a_Mis Herramientas' is clicked on

2018-10-29 08:33:11 - [TEST_STEP][PASSED] - waitForElementPresent: Object 'Object Repository/Home_OSDE Intranet V3/iframe_MIS HERRAMIENTAS_frmMis' is present

2018-10-29 08:33:11 - [MESSAGE][WARNING] - Timeout '0' is invalid. Using default page load timeout: '30'

2018-10-29 08:33:11 - [MESSAGE][WARNING] - Timeout '0' is invalid. Using default page load timeout: '30'

2018-10-29 08:33:11 - [MESSAGE][PASSED] - Object 'Object Repository/Home_OSDE Intranet V3/iframe_MIS HERRAMIENTAS_frmMis' is present

2018-10-29 08:33:11 - [TEST_STEP][PASSED] - click: Object: 'Object Repository/Home_OSDE Intranet V3/td_Portal Corporativo' is clicked on

2018-10-29 08:33:12 - [MESSAGE][PASSED] - Object: 'Object Repository/Home_OSDE Intranet V3/td_Portal Corporativo' is clicked on

2018-10-29 08:33:12 - [TEST_STEP][PASSED] - switchToWindowUrl: Switched to window with url: 'http://tlnxwas30.intranet.osde:11780/portalFrontend/login.do'

2018-10-29 08:33:13 - [MESSAGE][PASSED] - Switched to window with url: 'http://tlnxwas30.intranet.osde:11780/portalFrontend/login.do'

2018-10-29 08:33:13 - [TEST_STEP][PASSED] - waitForElementVisible: Object 'Object Repository/Portal_Inicial/select_apiPortalDesarrolloport' is visible

2018-10-29 08:33:14 - [MESSAGE][PASSED] - Object 'Object Repository/Portal_Inicial/select_apiPortalDesarrolloport' is visible

2018-10-29 08:33:14 - [TEST_STEP][PASSED] - selectOptionByValue: All options with value 'suaPortal' are selected in object 'Object Repository/Portal_Inicial/select_apiPortalDesarrolloport' 

2018-10-29 08:33:14 - [MESSAGE][PASSED] - All options with value 'suaPortal' are selected in object 'Object Repository/Portal_Inicial/select_apiPortalDesarrolloport' 

2018-10-29 08:33:14 - [TEST_STEP][PASSED] - Statement - verifyIsPortalOpen(): null

2018-10-29 08:33:14 - [TEST_STEP][PASSED] - Statement - Try: Object 'Object Repository/Portal_Home/input_BsquedaDetallada' is clickable

2018-10-29 08:33:14 - [TEST_STEP][PASSED] - Statement - java.lang.Thread.sleep(20000): null

2018-10-29 08:33:34 - [TEST_STEP][PASSED] - waitForElementClickable: Object 'Object Repository/Portal_Home/input_BsquedaDetallada' is clickable

2018-10-29 08:33:34 - [MESSAGE][PASSED] - Object 'Object Repository/Portal_Home/input_BsquedaDetallada' is clickable

2018-10-29 08:33:34 - [TEST_STEP][PASSED] - setText: Text '60609272102 ' is set on object 'Object Repository/Portal_Home/input_BsquedaDetallada'

2018-10-29 08:33:35 - [MESSAGE][PASSED] - Text '60609272102 ' is set on object 'Object Repository/Portal_Home/input_BsquedaDetallada'

2018-10-29 08:33:35 - [TEST_STEP][PASSED] - click: Object: 'Object Repository/Portal_Home/btn_BsquedaDetallada' is clicked on

2018-10-29 08:33:35 - [MESSAGE][PASSED] - Object: 'Object Repository/Portal_Home/btn_BsquedaDetallada' is clicked on

2018-10-29 08:33:35 - [TEST_STEP][PASSED] - waitForElementPresent: Object 'Object Repository/Portal_Home/div_suaCaracteristicasSujeto' is present

2018-10-29 08:33:35 - [MESSAGE][PASSED] - Object 'Object Repository/Portal_Home/div_suaCaracteristicasSujeto' is present

2018-10-29 08:33:35 - [TEST_STEP][PASSED] - click: Object: 'Object Repository/Portal_Home/div_collapsableLeftContainer' is clicked on

2018-10-29 08:33:36 - [MESSAGE][PASSED] - Object: 'Object Repository/Portal_Home/div_collapsableLeftContainer' is clicked on

2018-10-29 08:33:36 - [TEST_STEP][PASSED] - waitForElementVisible: Object 'Object Repository/Portal_Home/btn_servicesTreeOpen' is visible

2018-10-29 08:33:38 - [MESSAGE][PASSED] - Object 'Object Repository/Portal_Home/btn_servicesTreeOpen' is visible

2018-10-29 08:33:38 - [TEST_STEP][PASSED] - click: Object: 'Object Repository/Portal_Home/btn_servicesTreeOpen' is clicked on

2018-10-29 08:33:38 - [MESSAGE][PASSED] - Object: 'Object Repository/Portal_Home/btn_servicesTreeOpen' is clicked on

2018-10-29 08:33:38 - [TEST_STEP][PASSED] - waitForElementVisible: Object 'Object Repository/Portal_Home/a_Servicios' is visible

2018-10-29 08:33:39 - [MESSAGE][PASSED] - Object 'Object Repository/Portal_Home/a_Servicios' is visible

2018-10-29 08:33:39 - [TEST_STEP][PASSED] - click: Object: 'Object Repository/Portal_Home/a_Servicios' is clicked on

2018-10-29 08:33:39 - [MESSAGE][PASSED] - Object: 'Object Repository/Portal_Home/a_Servicios' is clicked on

2018-10-29 08:33:39 - [TEST_STEP][PASSED] - Statement - abrirServicio(G_Servicio, com.kms.katalon.core.webui.driver.DriverFactory.getWebDriver()): null

2018-10-29 08:33:39 - [TEST_STEP][PASSED] - Statement - Try: null

2018-10-29 08:33:39 - [TEST_STEP][PASSED] - Statement - element = driver.findElement(org.openqa.selenium.By.id("accordionMenuApi")): null

2018-10-29 08:33:39 - [TEST_STEP][PASSED] - Statement - lstRegistro = element.findElements(org.openqa.selenium.By.xpath("//div[contains(@class, 'treeMenuElement ellipsis_text')]")): null

2018-10-29 08:33:39 - [TEST_STEP][PASSED] - Statement - For (org.openqa.selenium.WebElement Registro : lstRegistro): null

2018-10-29 08:33:39 - [TEST_STEP][PASSED] - Statement - itemsServicio = Registro.findElements(org.openqa.selenium.By.xpath("//span[contains(@class, 'serviceSpanElement')]")): null

2018-10-29 08:33:39 - [TEST_STEP][PASSED] - Statement - For (org.openqa.selenium.WebElement item : itemsServicio): null

2018-10-29 08:33:39 - [TEST_STEP][PASSED] - Statement - If (item.getText().equals(NombreServicio)): null

2018-10-29 08:33:40 - [TEST_STEP][PASSED] - Statement - If (item.getText().equals(NombreServicio)): null

2018-10-29 08:33:40 - [TEST_STEP][PASSED] - Statement - If (item.getText().equals(NombreServicio)): null

2018-10-29 08:33:40 - [TEST_STEP][PASSED] - Statement - If (item.getText().equals(NombreServicio)): null

2018-10-29 08:33:40 - [TEST_STEP][PASSED] - Statement - If (item.getText().equals(NombreServicio)): null

2018-10-29 08:33:40 - [TEST_STEP][PASSED] - Statement - If (item.getText().equals(NombreServicio)): null

2018-10-29 08:33:40 - [TEST_STEP][PASSED] - Statement - If (item.getText().equals(NombreServicio)): null

2018-10-29 08:33:40 - [TEST_STEP][PASSED] - Statement - If (item.getText().equals(NombreServicio)): null

2018-10-29 08:33:40 - [TEST_STEP][PASSED] - Statement - If (item.getText().equals(NombreServicio)): null

2018-10-29 08:33:40 - [TEST_STEP][PASSED] - Statement - If (item.getText().equals(NombreServicio)): null

2018-10-29 08:33:40 - [TEST_STEP][PASSED] - Statement - If (item.getText().equals(NombreServicio)): null

2018-10-29 08:33:40 - [TEST_STEP][PASSED] - Statement - If (item.getText().equals(NombreServicio)): null

2018-10-29 08:33:40 - [TEST_STEP][PASSED] - Statement - If (item.getText().equals(NombreServicio)): null

2018-10-29 08:33:40 - [TEST_STEP][PASSED] - Statement - If (item.getText().equals(NombreServicio)): null

2018-10-29 08:33:40 - [TEST_STEP][PASSED] - Statement - If (item.getText().equals(NombreServicio)): null

2018-10-29 08:33:40 - [TEST_STEP][PASSED] - Statement - If (item.getText().equals(NombreServicio)): null

2018-10-29 08:33:40 - [TEST_STEP][PASSED] - Statement - If (item.getText().equals(NombreServicio)): null

2018-10-29 08:33:40 - [TEST_STEP][PASSED] - Statement - If (item.getText().equals(NombreServicio)): null

2018-10-29 08:33:40 - [TEST_STEP][PASSED] - Statement - If (item.getText().equals(NombreServicio)): null

2018-10-29 08:33:40 - [TEST_STEP][PASSED] - Statement - If (item.getText().equals(NombreServicio)): null

2018-10-29 08:33:40 - [TEST_STEP][PASSED] - Statement - If (item.getText().equals(NombreServicio)): null

2018-10-29 08:33:40 - [TEST_STEP][PASSED] - Statement - If (item.getText().equals(NombreServicio)): null

2018-10-29 08:33:40 - [TEST_STEP][PASSED] - Statement - If (item.getText().equals(NombreServicio)): null

2018-10-29 08:33:40 - [TEST_STEP][PASSED] - Statement - If (item.getText().equals(NombreServicio)): null

2018-10-29 08:33:40 - [TEST_STEP][PASSED] - Statement - If (item.getText().equals(NombreServicio)): null

2018-10-29 08:33:40 - [TEST_STEP][PASSED] - Statement - If (item.getText().equals(NombreServicio)): null

2018-10-29 08:33:41 - [TEST_STEP][PASSED] - Statement - If (item.getText().equals(NombreServicio)): null

2018-10-29 08:33:41 - [TEST_STEP][PASSED] - Statement - If (item.getText().equals(NombreServicio)): null

2018-10-29 08:33:41 - [TEST_STEP][PASSED] - Statement - If (item.getText().equals(NombreServicio)): null

2018-10-29 08:33:41 - [TEST_STEP][PASSED] - Statement - If (item.getText().equals(NombreServicio)): null

2018-10-29 08:33:41 - [TEST_STEP][PASSED] - Statement - If (item.getText().equals(NombreServicio)): null

2018-10-29 08:33:41 - [TEST_STEP][PASSED] - Statement - If (item.getText().equals(NombreServicio)): null

2018-10-29 08:33:41 - [TEST_STEP][PASSED] - Statement - If (item.getText().equals(NombreServicio)): null

2018-10-29 08:33:41 - [TEST_STEP][PASSED] - Statement - If (item.getText().equals(NombreServicio)): null

2018-10-29 08:33:41 - [TEST_STEP][PASSED] - Statement - If (item.getText().equals(NombreServicio)): null

2018-10-29 08:33:41 - [TEST_STEP][PASSED] - Statement - If (item.getText().equals(NombreServicio)): null

2018-10-29 08:33:41 - [TEST_STEP][PASSED] - Statement - If (item.getText().equals(NombreServicio)): null

2018-10-29 08:33:41 - [TEST_STEP][PASSED] - Statement - If (item.getText().equals(NombreServicio)): null

2018-10-29 08:33:41 - [TEST_STEP][PASSED] - Statement - If (item.getText().equals(NombreServicio)): null

2018-10-29 08:33:41 - [TEST_STEP][PASSED] - Statement - If (item.getText().equals(NombreServicio)): null

2018-10-29 08:33:41 - [TEST_STEP][PASSED] - Statement - If (item.getText().equals(NombreServicio)): null

2018-10-29 08:33:41 - [TEST_STEP][PASSED] - Statement - If (item.getText().equals(NombreServicio)): null

2018-10-29 08:33:41 - [TEST_STEP][PASSED] - Statement - If (item.getText().equals(NombreServicio)): null

2018-10-29 08:33:41 - [TEST_STEP][PASSED] - Statement - If (item.getText().equals(NombreServicio)): null

2018-10-29 08:33:41 - [TEST_STEP][PASSED] - Statement - If (item.getText().equals(NombreServicio)): null

2018-10-29 08:33:41 - [TEST_STEP][PASSED] - Statement - If (item.getText().equals(NombreServicio)): null

2018-10-29 08:33:41 - [TEST_STEP][PASSED] - Statement - If (item.getText().equals(NombreServicio)): null

2018-10-29 08:33:41 - [TEST_STEP][PASSED] - Statement - If (item.getText().equals(NombreServicio)): null

2018-10-29 08:33:41 - [TEST_STEP][PASSED] - Statement - If (item.getText().equals(NombreServicio)): null

2018-10-29 08:33:41 - [TEST_STEP][PASSED] - Statement - If (item.getText().equals(NombreServicio)): null

2018-10-29 08:33:41 - [TEST_STEP][PASSED] - Statement - If (item.getText().equals(NombreServicio)): null

2018-10-29 08:33:41 - [TEST_STEP][PASSED] - Statement - If (item.getText().equals(NombreServicio)): null

2018-10-29 08:33:42 - [TEST_STEP][PASSED] - Statement - If (item.getText().equals(NombreServicio)): null

2018-10-29 08:33:42 - [TEST_STEP][PASSED] - Statement - If (item.getText().equals(NombreServicio)): null

2018-10-29 08:33:42 - [TEST_STEP][PASSED] - Statement - If (item.getText().equals(NombreServicio)): null

2018-10-29 08:33:42 - [TEST_STEP][PASSED] - Statement - If (item.getText().equals(NombreServicio)): null

2018-10-29 08:33:42 - [TEST_STEP][PASSED] - Statement - If (item.getText().equals(NombreServicio)): null

2018-10-29 08:33:42 - [TEST_STEP][PASSED] - Statement - If (item.getText().equals(NombreServicio)): null

2018-10-29 08:33:42 - [TEST_STEP][PASSED] - Statement - If (item.getText().equals(NombreServicio)): null

2018-10-29 08:33:42 - [TEST_STEP][PASSED] - Statement - If (item.getText().equals(NombreServicio)): null

2018-10-29 08:33:42 - [TEST_STEP][PASSED] - Statement - If (item.getText().equals(NombreServicio)): null

2018-10-29 08:33:42 - [TEST_STEP][PASSED] - Statement - If (item.getText().equals(NombreServicio)): null

2018-10-29 08:33:42 - [TEST_STEP][PASSED] - Statement - If (item.getText().equals(NombreServicio)): null

2018-10-29 08:33:42 - [TEST_STEP][PASSED] - Statement - If (item.getText().equals(NombreServicio)): null

2018-10-29 08:33:42 - [TEST_STEP][PASSED] - Statement - If (item.getText().equals(NombreServicio)): null

2018-10-29 08:33:42 - [TEST_STEP][PASSED] - Statement - If (item.getText().equals(NombreServicio)): null

2018-10-29 08:33:42 - [TEST_STEP][PASSED] - Statement - If (item.getText().equals(NombreServicio)): null

2018-10-29 08:33:42 - [TEST_STEP][PASSED] - Statement - If (item.getText().equals(NombreServicio)): null

2018-10-29 08:33:42 - [TEST_STEP][PASSED] - Statement - If (item.getText().equals(NombreServicio)): null

2018-10-29 08:33:42 - [TEST_STEP][PASSED] - Statement - If (item.getText().equals(NombreServicio)): null

2018-10-29 08:33:42 - [TEST_STEP][PASSED] - Statement - If (item.getText().equals(NombreServicio)): null

2018-10-29 08:33:42 - [TEST_STEP][PASSED] - Statement - If (item.getText().equals(NombreServicio)): null

2018-10-29 08:33:42 - [TEST_STEP][PASSED] - Statement - If (item.getText().equals(NombreServicio)): null

2018-10-29 08:33:42 - [TEST_STEP][PASSED] - Statement - If (item.getText().equals(NombreServicio)): null

2018-10-29 08:33:42 - [TEST_STEP][PASSED] - Statement - If (item.getText().equals(NombreServicio)): null

2018-10-29 08:33:42 - [TEST_STEP][PASSED] - Statement - If (item.getText().equals(NombreServicio)): null

2018-10-29 08:33:42 - [TEST_STEP][PASSED] - Statement - If (item.getText().equals(NombreServicio)): null

2018-10-29 08:33:42 - [TEST_STEP][PASSED] - Statement - If (item.getText().equals(NombreServicio)): null

2018-10-29 08:33:43 - [TEST_STEP][PASSED] - Statement - If (item.getText().equals(NombreServicio)): null

2018-10-29 08:33:43 - [TEST_STEP][PASSED] - Statement - If (item.getText().equals(NombreServicio)): null

2018-10-29 08:33:43 - [TEST_STEP][PASSED] - Statement - If (item.getText().equals(NombreServicio)): null

2018-10-29 08:33:43 - [TEST_STEP][PASSED] - Statement - If (item.getText().equals(NombreServicio)): null

2018-10-29 08:33:43 - [TEST_STEP][PASSED] - Statement - If (item.getText().equals(NombreServicio)): null

2018-10-29 08:33:43 - [TEST_STEP][PASSED] - Statement - If (item.getText().equals(NombreServicio)): null

2018-10-29 08:33:43 - [TEST_STEP][PASSED] - Statement - If (item.getText().equals(NombreServicio)): null

2018-10-29 08:33:43 - [TEST_STEP][PASSED] - Statement - If (item.getText().equals(NombreServicio)): null

2018-10-29 08:33:43 - [TEST_STEP][PASSED] - Statement - If (item.getText().equals(NombreServicio)): null

2018-10-29 08:33:43 - [TEST_STEP][PASSED] - Statement - If (item.getText().equals(NombreServicio)): null

2018-10-29 08:33:43 - [TEST_STEP][PASSED] - Statement - If (item.getText().equals(NombreServicio)): null

2018-10-29 08:33:43 - [TEST_STEP][PASSED] - Statement - If (item.getText().equals(NombreServicio)): null

2018-10-29 08:33:43 - [TEST_STEP][PASSED] - Statement - If (item.getText().equals(NombreServicio)): null

2018-10-29 08:33:43 - [TEST_STEP][PASSED] - Statement - If (item.getText().equals(NombreServicio)): null

2018-10-29 08:33:43 - [TEST_STEP][PASSED] - Statement - If (item.getText().equals(NombreServicio)): null

2018-10-29 08:33:43 - [TEST_STEP][PASSED] - Statement - If (item.getText().equals(NombreServicio)): null

2018-10-29 08:33:43 - [TEST_STEP][PASSED] - Statement - If (item.getText().equals(NombreServicio)): null

2018-10-29 08:33:43 - [TEST_STEP][PASSED] - Statement - If (item.getText().equals(NombreServicio)): null

2018-10-29 08:33:43 - [TEST_STEP][PASSED] - Statement - If (item.getText().equals(NombreServicio)): null

2018-10-29 08:33:43 - [TEST_STEP][PASSED] - Statement - If (item.getText().equals(NombreServicio)): null

2018-10-29 08:33:43 - [TEST_STEP][PASSED] - Statement - If (item.getText().equals(NombreServicio)): null

2018-10-29 08:33:43 - [TEST_STEP][PASSED] - Statement - If (item.getText().equals(NombreServicio)): null

2018-10-29 08:33:43 - [TEST_STEP][PASSED] - Statement - If (item.getText().equals(NombreServicio)): null

2018-10-29 08:33:43 - [TEST_STEP][PASSED] - Statement - If (item.getText().equals(NombreServicio)): null

2018-10-29 08:33:43 - [TEST_STEP][PASSED] - Statement - If (item.getText().equals(NombreServicio)): null

2018-10-29 08:33:43 - [TEST_STEP][PASSED] - Statement - If (item.getText().equals(NombreServicio)): null

2018-10-29 08:33:44 - [TEST_STEP][PASSED] - Statement - If (item.getText().equals(NombreServicio)): null

2018-10-29 08:33:44 - [TEST_STEP][PASSED] - Statement - If (item.getText().equals(NombreServicio)): null

2018-10-29 08:33:44 - [TEST_STEP][PASSED] - Statement - If (item.getText().equals(NombreServicio)): null

2018-10-29 08:33:44 - [TEST_STEP][PASSED] - Statement - If (item.getText().equals(NombreServicio)): null

2018-10-29 08:33:44 - [TEST_STEP][PASSED] - Statement - If (item.getText().equals(NombreServicio)): null

2018-10-29 08:33:44 - [TEST_STEP][PASSED] - Statement - If (item.getText().equals(NombreServicio)): null

2018-10-29 08:33:44 - [TEST_STEP][PASSED] - Statement - If (item.getText().equals(NombreServicio)): null

2018-10-29 08:33:44 - [TEST_STEP][PASSED] - Statement - If (item.getText().equals(NombreServicio)): null

2018-10-29 08:33:44 - [TEST_STEP][PASSED] - Statement - If (item.getText().equals(NombreServicio)): null

2018-10-29 08:33:44 - [TEST_STEP][PASSED] - Statement - If (item.getText().equals(NombreServicio)): null

2018-10-29 08:33:44 - [TEST_STEP][PASSED] - Statement - If (item.getText().equals(NombreServicio)): null

2018-10-29 08:33:44 - [TEST_STEP][PASSED] - Statement - If (item.getText().equals(NombreServicio)): null

2018-10-29 08:33:44 - [TEST_STEP][PASSED] - Statement - If (item.getText().equals(NombreServicio)): null

2018-10-29 08:33:44 - [TEST_STEP][PASSED] - Statement - If (item.getText().equals(NombreServicio)): null

2018-10-29 08:33:44 - [TEST_STEP][PASSED] - Statement - If (item.getText().equals(NombreServicio)): null

2018-10-29 08:33:44 - [TEST_STEP][PASSED] - Statement - If (item.getText().equals(NombreServicio)): null

2018-10-29 08:33:44 - [TEST_STEP][PASSED] - Statement - If (item.getText().equals(NombreServicio)): null

2018-10-29 08:33:44 - [TEST_STEP][PASSED] - Statement - If (item.getText().equals(NombreServicio)): null

2018-10-29 08:33:44 - [TEST_STEP][PASSED] - Statement - If (item.getText().equals(NombreServicio)): null

2018-10-29 08:33:44 - [TEST_STEP][PASSED] - Statement - If (item.getText().equals(NombreServicio)): null

2018-10-29 08:33:44 - [TEST_STEP][PASSED] - Statement - If (item.getText().equals(NombreServicio)): null

2018-10-29 08:33:44 - [TEST_STEP][PASSED] - Statement - If (item.getText().equals(NombreServicio)): null

2018-10-29 08:33:44 - [TEST_STEP][PASSED] - Statement - If (item.getText().equals(NombreServicio)): null

2018-10-29 08:33:44 - [TEST_STEP][PASSED] - Statement - If (item.getText().equals(NombreServicio)): null

2018-10-29 08:33:44 - [TEST_STEP][PASSED] - Statement - If (item.getText().equals(NombreServicio)): null

2018-10-29 08:33:44 - [TEST_STEP][PASSED] - Statement - If (item.getText().equals(NombreServicio)): null

2018-10-29 08:33:44 - [TEST_STEP][PASSED] - Statement - If (item.getText().equals(NombreServicio)): null

2018-10-29 08:33:44 - [TEST_STEP][PASSED] - Statement - If (item.getText().equals(NombreServicio)): null

2018-10-29 08:33:45 - [TEST_STEP][PASSED] - Statement - If (item.getText().equals(NombreServicio)): null

2018-10-29 08:33:45 - [TEST_STEP][PASSED] - Statement - If (item.getText().equals(NombreServicio)): null

2018-10-29 08:33:45 - [TEST_STEP][PASSED] - Statement - If (item.getText().equals(NombreServicio)): null

2018-10-29 08:33:45 - [TEST_STEP][PASSED] - Statement - If (item.getText().equals(NombreServicio)): null

2018-10-29 08:33:45 - [TEST_STEP][PASSED] - Statement - If (item.getText().equals(NombreServicio)): null

2018-10-29 08:33:45 - [TEST_STEP][PASSED] - Statement - If (item.getText().equals(NombreServicio)): null

2018-10-29 08:33:45 - [TEST_STEP][PASSED] - Statement - If (item.getText().equals(NombreServicio)): null

2018-10-29 08:33:45 - [TEST_STEP][PASSED] - Statement - If (item.getText().equals(NombreServicio)): null

2018-10-29 08:33:45 - [TEST_STEP][PASSED] - Statement - If (item.getText().equals(NombreServicio)): null

2018-10-29 08:33:45 - [TEST_STEP][PASSED] - Statement - If (item.getText().equals(NombreServicio)): null

2018-10-29 08:33:45 - [TEST_STEP][PASSED] - Statement - If (item.getText().equals(NombreServicio)): null

2018-10-29 08:33:45 - [TEST_STEP][PASSED] - Statement - If (item.getText().equals(NombreServicio)): null

2018-10-29 08:33:45 - [TEST_STEP][PASSED] - Statement - If (item.getText().equals(NombreServicio)): null

2018-10-29 08:33:45 - [TEST_STEP][PASSED] - Statement - If (item.getText().equals(NombreServicio)): null

2018-10-29 08:33:45 - [TEST_STEP][PASSED] - Statement - If (item.getText().equals(NombreServicio)): null

2018-10-29 08:33:45 - [TEST_STEP][PASSED] - Statement - If (item.getText().equals(NombreServicio)): null

2018-10-29 08:33:45 - [TEST_STEP][PASSED] - Statement - If (item.getText().equals(NombreServicio)): null

2018-10-29 08:33:45 - [TEST_STEP][PASSED] - Statement - If (item.getText().equals(NombreServicio)): null

2018-10-29 08:33:45 - [TEST_STEP][PASSED] - Statement - If (item.getText().equals(NombreServicio)): null

2018-10-29 08:33:45 - [TEST_STEP][PASSED] - Statement - If (item.getText().equals(NombreServicio)): null

2018-10-29 08:33:45 - [TEST_STEP][PASSED] - Statement - If (item.getText().equals(NombreServicio)): null

2018-10-29 08:33:45 - [TEST_STEP][PASSED] - Statement - If (item.getText().equals(NombreServicio)): null

2018-10-29 08:33:45 - [TEST_STEP][PASSED] - Statement - If (item.getText().equals(NombreServicio)): null

2018-10-29 08:33:45 - [TEST_STEP][PASSED] - Statement - If (item.getText().equals(NombreServicio)): null

2018-10-29 08:33:45 - [TEST_STEP][PASSED] - Statement - If (item.getText().equals(NombreServicio)): null

2018-10-29 08:33:45 - [TEST_STEP][PASSED] - Statement - If (item.getText().equals(NombreServicio)): null

2018-10-29 08:33:46 - [TEST_STEP][PASSED] - Statement - If (item.getText().equals(NombreServicio)): null

2018-10-29 08:33:46 - [TEST_STEP][PASSED] - Statement - If (item.getText().equals(NombreServicio)): null

2018-10-29 08:33:46 - [TEST_STEP][PASSED] - Statement - If (item.getText().equals(NombreServicio)): null

2018-10-29 08:33:46 - [TEST_STEP][PASSED] - Statement - If (item.getText().equals(NombreServicio)): null

2018-10-29 08:33:46 - [TEST_STEP][PASSED] - Statement - If (item.getText().equals(NombreServicio)): null

2018-10-29 08:33:46 - [TEST_STEP][PASSED] - Statement - If (item.getText().equals(NombreServicio)): null

2018-10-29 08:33:46 - [TEST_STEP][PASSED] - Statement - If (item.getText().equals(NombreServicio)): null

2018-10-29 08:33:46 - [TEST_STEP][PASSED] - Statement - If (item.getText().equals(NombreServicio)): null

2018-10-29 08:33:46 - [TEST_STEP][PASSED] - Statement - If (item.getText().equals(NombreServicio)): null

2018-10-29 08:33:46 - [TEST_STEP][PASSED] - Statement - If (item.getText().equals(NombreServicio)): null

2018-10-29 08:33:46 - [TEST_STEP][PASSED] - Statement - If (item.getText().equals(NombreServicio)): null

2018-10-29 08:33:46 - [TEST_STEP][PASSED] - Statement - If (item.getText().equals(NombreServicio)): null

2018-10-29 08:33:46 - [TEST_STEP][PASSED] - Statement - If (item.getText().equals(NombreServicio)): null

2018-10-29 08:33:46 - [TEST_STEP][PASSED] - Statement - If (item.getText().equals(NombreServicio)): null

2018-10-29 08:33:46 - [TEST_STEP][PASSED] - Statement - If (item.getText().equals(NombreServicio)): null

2018-10-29 08:33:46 - [TEST_STEP][PASSED] - Statement - If (item.getText().equals(NombreServicio)): null

2018-10-29 08:33:46 - [TEST_STEP][PASSED] - Statement - If (item.getText().equals(NombreServicio)): null

2018-10-29 08:33:46 - [TEST_STEP][PASSED] - Statement - If (item.getText().equals(NombreServicio)): null

2018-10-29 08:33:46 - [TEST_STEP][PASSED] - Statement - If (item.getText().equals(NombreServicio)): null

2018-10-29 08:33:46 - [TEST_STEP][PASSED] - Statement - If (item.getText().equals(NombreServicio)): null

2018-10-29 08:33:46 - [TEST_STEP][PASSED] - Statement - If (item.getText().equals(NombreServicio)): null

2018-10-29 08:33:46 - [TEST_STEP][PASSED] - Statement - If (item.getText().equals(NombreServicio)): null

2018-10-29 08:33:46 - [TEST_STEP][PASSED] - Statement - If (item.getText().equals(NombreServicio)): null

2018-10-29 08:33:46 - [TEST_STEP][PASSED] - Statement - If (item.getText().equals(NombreServicio)): null

2018-10-29 08:33:46 - [TEST_STEP][PASSED] - Statement - If (item.getText().equals(NombreServicio)): null

2018-10-29 08:33:46 - [TEST_STEP][PASSED] - Statement - If (item.getText().equals(NombreServicio)): null

2018-10-29 08:33:46 - [TEST_STEP][PASSED] - Statement - If (item.getText().equals(NombreServicio)): null

2018-10-29 08:33:46 - [TEST_STEP][PASSED] - Statement - If (item.getText().equals(NombreServicio)): null

2018-10-29 08:33:47 - [TEST_STEP][PASSED] - Statement - If (item.getText().equals(NombreServicio)): null

2018-10-29 08:33:47 - [TEST_STEP][PASSED] - Statement - If (item.getText().equals(NombreServicio)): null

2018-10-29 08:33:47 - [TEST_STEP][PASSED] - Statement - If (item.getText().equals(NombreServicio)): null

2018-10-29 08:33:47 - [TEST_STEP][PASSED] - Statement - If (item.getText().equals(NombreServicio)): null

2018-10-29 08:33:47 - [TEST_STEP][PASSED] - Statement - If (item.getText().equals(NombreServicio)): null

2018-10-29 08:33:47 - [TEST_STEP][PASSED] - Statement - If (item.getText().equals(NombreServicio)): null

2018-10-29 08:33:47 - [TEST_STEP][PASSED] - Statement - If (item.getText().equals(NombreServicio)): null

2018-10-29 08:33:47 - [TEST_STEP][PASSED] - Statement - If (item.getText().equals(NombreServicio)): null

2018-10-29 08:33:47 - [TEST_STEP][PASSED] - Statement - If (item.getText().equals(NombreServicio)): null

2018-10-29 08:33:47 - [TEST_STEP][PASSED] - Statement - If (item.getText().equals(NombreServicio)): null

2018-10-29 08:33:47 - [TEST_STEP][PASSED] - Statement - If (item.getText().equals(NombreServicio)): null

2018-10-29 08:33:47 - [TEST_STEP][PASSED] - Statement - If (item.getText().equals(NombreServicio)): null

2018-10-29 08:33:47 - [TEST_STEP][PASSED] - Statement - If (item.getText().equals(NombreServicio)): null

2018-10-29 08:33:47 - [TEST_STEP][PASSED] - Statement - If (item.getText().equals(NombreServicio)): null

2018-10-29 08:33:47 - [TEST_STEP][PASSED] - Statement - If (item.getText().equals(NombreServicio)): null

2018-10-29 08:33:47 - [TEST_STEP][PASSED] - Statement - If (item.getText().equals(NombreServicio)): null

2018-10-29 08:33:47 - [TEST_STEP][PASSED] - Statement - If (item.getText().equals(NombreServicio)): null

2018-10-29 08:33:47 - [TEST_STEP][PASSED] - Statement - If (item.getText().equals(NombreServicio)): null

2018-10-29 08:33:47 - [TEST_STEP][PASSED] - Statement - If (item.getText().equals(NombreServicio)): null

2018-10-29 08:33:47 - [TEST_STEP][PASSED] - Statement - If (item.getText().equals(NombreServicio)): null

2018-10-29 08:33:47 - [TEST_STEP][PASSED] - Statement - If (item.getText().equals(NombreServicio)): null

2018-10-29 08:33:47 - [TEST_STEP][PASSED] - Statement - If (item.getText().equals(NombreServicio)): null

2018-10-29 08:33:47 - [TEST_STEP][PASSED] - Statement - If (item.getText().equals(NombreServicio)): null

2018-10-29 08:33:47 - [TEST_STEP][PASSED] - Statement - If (item.getText().equals(NombreServicio)): null

2018-10-29 08:33:47 - [TEST_STEP][PASSED] - Statement - If (item.getText().equals(NombreServicio)): null

2018-10-29 08:33:47 - [TEST_STEP][PASSED] - Statement - If (item.getText().equals(NombreServicio)): null

2018-10-29 08:33:47 - [TEST_STEP][PASSED] - Statement - If (item.getText().equals(NombreServicio)): null

2018-10-29 08:33:47 - [TEST_STEP][PASSED] - Statement - If (item.getText().equals(NombreServicio)): null

2018-10-29 08:33:48 - [TEST_STEP][PASSED] - Statement - If (item.getText().equals(NombreServicio)): null

2018-10-29 08:33:48 - [TEST_STEP][PASSED] - Statement - If (item.getText().equals(NombreServicio)): null

2018-10-29 08:33:48 - [TEST_STEP][PASSED] - Statement - If (item.getText().equals(NombreServicio)): null

2018-10-29 08:33:48 - [TEST_STEP][PASSED] - Statement - If (item.getText().equals(NombreServicio)): null

2018-10-29 08:33:48 - [TEST_STEP][PASSED] - Statement - If (item.getText().equals(NombreServicio)): null

2018-10-29 08:33:48 - [TEST_STEP][PASSED] - Statement - If (item.getText().equals(NombreServicio)): null

2018-10-29 08:33:48 - [TEST_STEP][PASSED] - Statement - If (item.getText().equals(NombreServicio)): null

2018-10-29 08:33:48 - [TEST_STEP][PASSED] - Statement - If (item.getText().equals(NombreServicio)): null

2018-10-29 08:33:48 - [TEST_STEP][PASSED] - Statement - If (item.getText().equals(NombreServicio)): null

2018-10-29 08:33:48 - [TEST_STEP][PASSED] - Statement - If (item.getText().equals(NombreServicio)): null

2018-10-29 08:33:48 - [TEST_STEP][PASSED] - Statement - If (item.getText().equals(NombreServicio)): null

2018-10-29 08:33:48 - [TEST_STEP][PASSED] - Statement - If (item.getText().equals(NombreServicio)): null

2018-10-29 08:33:48 - [TEST_STEP][PASSED] - Statement - If (item.getText().equals(NombreServicio)): null

2018-10-29 08:33:48 - [TEST_STEP][PASSED] - Statement - If (item.getText().equals(NombreServicio)): null

2018-10-29 08:33:48 - [TEST_STEP][PASSED] - Statement - If (item.getText().equals(NombreServicio)): null

2018-10-29 08:33:48 - [TEST_STEP][PASSED] - Statement - If (item.getText().equals(NombreServicio)): null

2018-10-29 08:33:48 - [TEST_STEP][PASSED] - Statement - If (item.getText().equals(NombreServicio)): null

2018-10-29 08:33:48 - [TEST_STEP][PASSED] - Statement - If (item.getText().equals(NombreServicio)): null

2018-10-29 08:33:48 - [TEST_STEP][PASSED] - Statement - If (item.getText().equals(NombreServicio)): null

2018-10-29 08:33:48 - [TEST_STEP][PASSED] - Statement - If (item.getText().equals(NombreServicio)): null

2018-10-29 08:33:48 - [TEST_STEP][PASSED] - Statement - If (item.getText().equals(NombreServicio)): null

2018-10-29 08:33:48 - [TEST_STEP][PASSED] - Statement - If (item.getText().equals(NombreServicio)): null

2018-10-29 08:33:48 - [TEST_STEP][PASSED] - Statement - If (item.getText().equals(NombreServicio)): null

2018-10-29 08:33:48 - [TEST_STEP][PASSED] - Statement - If (item.getText().equals(NombreServicio)): null

2018-10-29 08:33:48 - [TEST_STEP][PASSED] - Statement - If (item.getText().equals(NombreServicio)): null

2018-10-29 08:33:48 - [TEST_STEP][PASSED] - Statement - If (item.getText().equals(NombreServicio)): null

2018-10-29 08:33:49 - [TEST_STEP][PASSED] - Statement - If (item.getText().equals(NombreServicio)): null

2018-10-29 08:33:49 - [TEST_STEP][PASSED] - Statement - If (item.getText().equals(NombreServicio)): null

2018-10-29 08:33:49 - [TEST_STEP][PASSED] - Statement - If (item.getText().equals(NombreServicio)): null

2018-10-29 08:33:49 - [TEST_STEP][PASSED] - Statement - If (item.getText().equals(NombreServicio)): null

2018-10-29 08:33:49 - [TEST_STEP][PASSED] - Statement - If (item.getText().equals(NombreServicio)): null

2018-10-29 08:33:49 - [TEST_STEP][PASSED] - Statement - If (item.getText().equals(NombreServicio)): null

2018-10-29 08:33:49 - [TEST_STEP][PASSED] - Statement - If (item.getText().equals(NombreServicio)): null

2018-10-29 08:33:49 - [TEST_STEP][PASSED] - Statement - If (item.getText().equals(NombreServicio)): null

2018-10-29 08:33:49 - [TEST_STEP][PASSED] - Statement - If (item.getText().equals(NombreServicio)): null

2018-10-29 08:33:49 - [TEST_STEP][PASSED] - Statement - If (item.getText().equals(NombreServicio)): null

2018-10-29 08:33:49 - [TEST_STEP][PASSED] - Statement - If (item.getText().equals(NombreServicio)): null

2018-10-29 08:33:49 - [TEST_STEP][PASSED] - Statement - If (item.getText().equals(NombreServicio)): null

2018-10-29 08:33:49 - [TEST_STEP][PASSED] - Statement - If (item.getText().equals(NombreServicio)): null

2018-10-29 08:33:49 - [TEST_STEP][PASSED] - Statement - If (item.getText().equals(NombreServicio)): null

2018-10-29 08:33:49 - [TEST_STEP][PASSED] - Statement - If (item.getText().equals(NombreServicio)): null

2018-10-29 08:33:49 - [TEST_STEP][PASSED] - Statement - If (item.getText().equals(NombreServicio)): null

2018-10-29 08:33:49 - [TEST_STEP][PASSED] - Statement - If (item.getText().equals(NombreServicio)): null

2018-10-29 08:33:49 - [TEST_STEP][PASSED] - Statement - If (item.getText().equals(NombreServicio)): null

2018-10-29 08:33:49 - [TEST_STEP][PASSED] - Statement - If (item.getText().equals(NombreServicio)): null

2018-10-29 08:33:49 - [TEST_STEP][PASSED] - Statement - If (item.getText().equals(NombreServicio)): null

2018-10-29 08:33:49 - [TEST_STEP][PASSED] - Statement - If (item.getText().equals(NombreServicio)): null

2018-10-29 08:33:49 - [TEST_STEP][PASSED] - Statement - If (item.getText().equals(NombreServicio)): null

2018-10-29 08:33:49 - [TEST_STEP][PASSED] - Statement - If (item.getText().equals(NombreServicio)): null

2018-10-29 08:33:49 - [TEST_STEP][PASSED] - Statement - If (item.getText().equals(NombreServicio)): null

2018-10-29 08:33:49 - [TEST_STEP][PASSED] - Statement - If (item.getText().equals(NombreServicio)): null

2018-10-29 08:33:49 - [TEST_STEP][PASSED] - Statement - If (item.getText().equals(NombreServicio)): null

2018-10-29 08:33:49 - [TEST_STEP][PASSED] - Statement - If (item.getText().equals(NombreServicio)): null

2018-10-29 08:33:50 - [TEST_STEP][PASSED] - Statement - If (item.getText().equals(NombreServicio)): null

2018-10-29 08:33:50 - [TEST_STEP][PASSED] - Statement - If (item.getText().equals(NombreServicio)): null

2018-10-29 08:33:50 - [TEST_STEP][PASSED] - Statement - item.click(): null

2018-10-29 08:33:50 - [TEST_STEP][PASSED] - Statement - return true: null

2018-10-29 08:33:50 - [TEST_STEP][PASSED] - Statement - verifyIsGenesisCoberturaOpen(): null

2018-10-29 08:33:50 - [TEST_STEP][PASSED] - Statement - Try: Object 'Object Repository/Servicio/input_Prestaciones' is clickable

2018-10-29 08:33:50 - [TEST_STEP][PASSED] - Statement - java.lang.Thread.sleep(3000): null

2018-10-29 08:33:53 - [TEST_STEP][PASSED] - waitForElementClickable: Object 'Object Repository/Servicio/input_Prestaciones' is clickable

2018-10-29 08:33:53 - [MESSAGE][PASSED] - Object 'Object Repository/Servicio/input_Prestaciones' is clickable

2018-10-29 08:33:53 - [TEST_STEP][PASSED] - setText: Text '250102' is set on object 'Object Repository/Servicio/input_Prestaciones'

2018-10-29 08:33:53 - [MESSAGE][PASSED] - Text '250102' is set on object 'Object Repository/Servicio/input_Prestaciones'

2018-10-29 08:33:53 - [TEST_STEP][PASSED] - Statement - selectOptionAutocomplete(): null

2018-10-29 08:33:53 - [TEST_STEP][PASSED] - Statement - java.lang.Thread.sleep(5000): null

2018-10-29 08:33:58 - [TEST_STEP][PASSED] - Statement - to = com.kms.katalon.core.testobject.ObjectRepository.findTestObject(Servicio/autocomplete_input): Finding Test Object with id 'Object Repository/Servicio/iframe_Genesis Cobertura'

2018-10-29 08:33:58 - [TEST_STEP][PASSED] - click: Object: 'Object Repository/Servicio/autocomplete_input' is clicked on

2018-10-29 08:33:59 - [MESSAGE][PASSED] - Object: 'Object Repository/Servicio/autocomplete_input' is clicked on

2018-10-29 08:33:59 - [TEST_STEP][PASSED] - selectOptionByValue: All options with value 'A' are selected in object 'Object Repository/Servicio/select_Contexto' 

2018-10-29 08:33:59 - [MESSAGE][PASSED] - All options with value 'A' are selected in object 'Object Repository/Servicio/select_Contexto' 

2018-10-29 08:33:59 - [TEST_STEP][PASSED] - click: Object: 'Object Repository/Servicio/div_Zona' is clicked on

2018-10-29 08:33:59 - [MESSAGE][PASSED] - Object: 'Object Repository/Servicio/div_Zona' is clicked on

2018-10-29 08:33:59 - [TEST_STEP][PASSED] - waitForElementClickable: Object 'Object Repository/Servicio/select_Filial_Zona' is clickable

2018-10-29 08:33:59 - [MESSAGE][PASSED] - Object 'Object Repository/Servicio/select_Filial_Zona' is clickable

2018-10-29 08:33:59 - [TEST_STEP][PASSED] - selectOptionByValue: All options with value '23' are selected in object 'Object Repository/Servicio/select_Filial_Zona' 

2018-10-29 08:33:59 - [MESSAGE][PASSED] - All options with value '23' are selected in object 'Object Repository/Servicio/select_Filial_Zona' 

2018-10-29 08:33:59 - [TEST_STEP][PASSED] - Statement - java.lang.Thread.sleep(2000): null

2018-10-29 08:34:01 - [TEST_STEP][PASSED] - selectOptionByValue: All options with value '20' are selected in object 'Object Repository/Servicio/select_Zona' 

2018-10-29 08:34:02 - [MESSAGE][PASSED] - All options with value '20' are selected in object 'Object Repository/Servicio/select_Zona' 

2018-10-29 08:34:02 - [TEST_STEP][PASSED] - Statement - java.lang.Thread.sleep(2000): null

2018-10-29 08:34:04 - [TEST_STEP][PASSED] - selectOptionByValue: All options with value '215-186' are selected in object 'Object Repository/Servicio/select_SubZona' 

2018-10-29 08:34:04 - [MESSAGE][PASSED] - All options with value '215-186' are selected in object 'Object Repository/Servicio/select_SubZona' 

2018-10-29 08:34:04 - [TEST_STEP][PASSED] - Statement - java.lang.Thread.sleep(1000): null

2018-10-29 08:34:05 - [TEST_STEP][PASSED] - click: Object: 'Object Repository/Servicio/btnBuscar' is clicked on

2018-10-29 08:34:05 - [MESSAGE][PASSED] - Object: 'Object Repository/Servicio/btnBuscar' is clicked on

2018-10-29 08:34:05 - [TEST_STEP][PASSED] - waitForElementPresent: Object 'Object Repository/Servicio/div_Listado' is present

2018-10-29 08:34:05 - [MESSAGE][PASSED] - Object 'Object Repository/Servicio/div_Listado' is present

2018-10-29 08:34:05 - [TEST_STEP][PASSED] - click: Object: 'Object Repository/Servicio/check_ResultadoListado' is clicked on

2018-10-29 08:34:14 - [MESSAGE][PASSED] - Object: 'Object Repository/Servicio/check_ResultadoListado' is clicked on

2018-10-29 08:34:14 - [TEST_STEP][PASSED] - click: Object: 'Object Repository/Servicio/btnRegistrar' is clicked on

2018-10-29 08:34:15 - [MESSAGE][PASSED] - Object: 'Object Repository/Servicio/btnRegistrar' is clicked on

2018-10-29 08:34:15 - [TEST_STEP][PASSED] - waitForElementClickable: Object 'Object Repository/Servicio/btnCerrarZona' is clickable

2018-10-29 08:34:15 - [MESSAGE][PASSED] - Object 'Object Repository/Servicio/btnCerrarZona' is clickable

2018-10-29 08:34:15 - [TEST_STEP][PASSED] - Statement - java.lang.Thread.sleep(3000): null

2018-10-29 08:34:18 - [TEST_STEP][PASSED] - click: Object: 'Object Repository/Servicio/btnCerrarZona' is clicked on

2018-10-29 08:34:18 - [MESSAGE][PASSED] - Object: 'Object Repository/Servicio/btnCerrarZona' is clicked on

2018-10-29 08:34:18 - [TEST_STEP][PASSED] - Statement - java.lang.Thread.sleep(2000): null

2018-10-29 08:34:20 - [TEST_STEP][PASSED] - click: Object: 'Object Repository/Servicio/btnEnviarCorreo' is clicked on

2018-10-29 08:34:21 - [MESSAGE][PASSED] - Object: 'Object Repository/Servicio/btnEnviarCorreo' is clicked on

2018-10-29 08:34:21 - [TEST_STEP][PASSED] - waitForElementPresent: Object 'Object Repository/Servicio/input_Correo' is present

2018-10-29 08:34:21 - [MESSAGE][PASSED] - Object 'Object Repository/Servicio/input_Correo' is present

2018-10-29 08:34:21 - [TEST_STEP][PASSED] - sendKeys: Keys 'ntedesco@sms-latam.com' sent to object: 'Object Repository/Servicio/input_Correo'

2018-10-29 08:34:21 - [MESSAGE][PASSED] - Keys 'ntedesco@sms-latam.com' sent to object: 'Object Repository/Servicio/input_Correo'

2018-10-29 08:34:21 - [TEST_STEP][PASSED] - click: Object: 'Object Repository/Servicio/btnEnviarZona' is clicked on

2018-10-29 08:34:21 - [MESSAGE][PASSED] - Object: 'Object Repository/Servicio/btnEnviarZona' is clicked on

2018-10-29 08:34:21 - [TEST_STEP][PASSED] - Statement - java.lang.Thread.sleep(3000): null

2018-10-29 08:34:24 - [TEST_STEP][PASSED] - waitForElementClickable: Object 'Object Repository/Servicio/btnImprimir' is clickable

2018-10-29 08:34:25 - [MESSAGE][PASSED] - Object 'Object Repository/Servicio/btnImprimir' is clickable

2018-10-29 08:34:25 - [TEST_STEP][PASSED] - click: Object: 'Object Repository/Servicio/btnImprimir' is clicked on

2018-10-29 08:34:25 - [MESSAGE][PASSED] - Object: 'Object Repository/Servicio/btnImprimir' is clicked on

2018-10-29 08:34:25 - [TEST_STEP][PASSED] - waitForElementClickable: Object 'Object Repository/Servicio/btnCerrarPopUpPdfZona' is clickable

2018-10-29 08:34:25 - [MESSAGE][PASSED] - Object 'Object Repository/Servicio/btnCerrarPopUpPdfZona' is clickable

2018-10-29 08:34:25 - [TEST_STEP][PASSED] - Statement - java.lang.Thread.sleep(3000): null

2018-10-29 08:34:28 - [TEST_STEP][PASSED] - click: Object: 'Object Repository/Servicio/btnCerrarPopUpPdfZona' is clicked on

2018-10-29 08:34:29 - [MESSAGE][PASSED] - Object: 'Object Repository/Servicio/btnCerrarPopUpPdfZona' is clicked on

2018-10-29 08:34:29 - [TEST_STEP][PASSED] - waitForElementClickable: Object 'Object Repository/Servicio/div_InfoPrestacion' is clickable

2018-10-29 08:34:29 - [MESSAGE][PASSED] - Object 'Object Repository/Servicio/div_InfoPrestacion' is clickable

2018-10-29 08:34:29 - [TEST_STEP][PASSED] - Statement - java.lang.Thread.sleep(2000): null

2018-10-29 08:34:31 - [TEST_STEP][PASSED] - click: Object: 'Object Repository/Servicio/div_InfoPrestacion' is clicked on

2018-10-29 08:34:31 - [MESSAGE][PASSED] - Object: 'Object Repository/Servicio/div_InfoPrestacion' is clicked on

2018-10-29 08:34:31 - [TEST_STEP][PASSED] - waitForElementClickable: Object 'Object Repository/Servicio/span_InfoPrestacion' is clickable

2018-10-29 08:34:31 - [MESSAGE][PASSED] - Object 'Object Repository/Servicio/span_InfoPrestacion' is clickable

2018-10-29 08:34:31 - [TEST_STEP][PASSED] - click: Object: 'Object Repository/Servicio/span_InfoPrestacion' is clicked on

2018-10-29 08:34:32 - [MESSAGE][PASSED] - Object: 'Object Repository/Servicio/span_InfoPrestacion' is clicked on

2018-10-29 08:34:32 - [TEST_STEP][PASSED] - Statement - verificarCargaInformacion(): null

2018-10-29 08:34:32 - [TEST_STEP][PASSED] - Statement - Try: null

2018-10-29 08:34:32 - [TEST_STEP][PASSED] - waitForElementPresent: Object 'Object Repository/Servicio/form_InformacionPrestacion' is present

2018-10-29 08:34:37 - [MESSAGE][PASSED] - Object 'Object Repository/Servicio/form_InformacionPrestacion' is present

2018-10-29 08:34:37 - [TEST_STEP][PASSED] - Statement - out.println("Se carga correctamente formulario de prestacion"): null

2018-10-29 08:34:37 - [TEST_STEP][PASSED] - click: Object: 'Object Repository/Servicio/btnVolver' is clicked on

2018-10-29 08:34:38 - [MESSAGE][PASSED] - Object: 'Object Repository/Servicio/btnVolver' is clicked on

2018-10-29 08:34:38 - [TEST_STEP][PASSED] - Statement - tearDown(): null

2018-10-29 08:34:38 - [TEST_STEP][PASSED] - closeBrowser: Browser is closed

2018-10-29 08:34:39 - [MESSAGE][PASSED] - Browser is closed]]></system-out>
         <system-err><![CDATA[]]></system-err>
      </testcase>
      <testcase name="Test Cases/Test Buscar Prestadores - Prestador" classname="Test Cases/Test Buscar Prestadores - Prestador" status="FAILED">
         <failure type="FAILED" message="(Stack trace: com.kms.katalon.core.exception.StepFailedException: Unable to click on object 'Object Repository/Servicio/span_InfoPrestacion' (Root cause: org.openqa.selenium.ElementNotVisibleException: element not visible
  (Session info: chrome=69.0.3497.100)
  (Driver info: chromedriver=2.35.528161 (5b82f2d2aae0ca24b877009200ced9065a772e73),platform=Windows NT 10.0.15063 x86_64) (WARNING: The server did not provide any stacktrace information)
Command duration or timeout: 0 milliseconds
Build info: version: '3.7.1', revision: '8a0099a', time: '2017-11-06T21:07:36.161Z'
System info: host: 'SMSL044', ip: '192.168.252.2', os.name: 'Windows 10', os.arch: 'x86', os.version: '10.0', java.version: '1.8.0_181'
Driver info: com.kms.katalon.selenium.driver.CChromeDriver
Capabilities {acceptInsecureCerts: false, acceptSslCerts: false, applicationCacheEnabled: false, browserConnectionEnabled: false, browserName: chrome, chrome: {chromedriverVersion: 2.35.528161 (5b82f2d2aae0ca..., userDataDir: C:\Users\ntedesco\AppData\L...}, cssSelectorsEnabled: true, databaseEnabled: false, handlesAlerts: true, hasTouchScreen: false, javascriptEnabled: true, locationContextEnabled: true, mobileEmulationEnabled: false, nativeEvents: true, networkConnectionEnabled: false, pageLoadStrategy: normal, platform: XP, platformName: XP, rotatable: false, setWindowRect: true, takesHeapSnapshot: true, takesScreenshot: true, unexpectedAlertBehaviour: , unhandledPromptBehavior: , version: 69.0.3497.100, webStorageEnabled: true}
Session ID: 62ea0e1b081354b0ca9868746b04c627)
	at com.kms.katalon.core.keyword.internal.KeywordMain.stepFailed(KeywordMain.groovy:36)
	at com.kms.katalon.core.webui.keyword.internal.WebUIKeywordMain.stepFailed(WebUIKeywordMain.groovy:65)
	at com.kms.katalon.core.webui.keyword.internal.WebUIKeywordMain.runKeyword(WebUIKeywordMain.groovy:27)
	at com.kms.katalon.core.webui.keyword.builtin.ClickKeyword.click(ClickKeyword.groovy:86)
	at com.kms.katalon.core.webui.keyword.builtin.ClickKeyword.execute(ClickKeyword.groovy:67)
	at com.kms.katalon.core.keyword.internal.KeywordExecutor.executeKeywordForPlatform(KeywordExecutor.groovy:53)
	at com.kms.katalon.core.webui.keyword.WebUiBuiltInKeywords.click(WebUiBuiltInKeywords.groovy:616)
	at com.kms.katalon.core.webui.keyword.WebUiBuiltInKeywords$click$4.call(Unknown Source)
	at org.codehaus.groovy.runtime.callsite.CallSiteArray.defaultCall(CallSiteArray.java:48)
	at org.codehaus.groovy.runtime.callsite.AbstractCallSite.call(AbstractCallSite.java:113)
	at org.codehaus.groovy.runtime.callsite.AbstractCallSite.call(AbstractCallSite.java:125)
	at Script1540558116406.run(Script1540558116406.groovy:149)
	at com.kms.katalon.core.main.ScriptEngine.run(ScriptEngine.java:183)
	at com.kms.katalon.core.main.ScriptEngine.runScriptAsRawText(ScriptEngine.java:108)
	at com.kms.katalon.core.main.TestCaseExecutor.runScript(TestCaseExecutor.java:294)
	at com.kms.katalon.core.main.TestCaseExecutor.doExecute(TestCaseExecutor.java:285)
	at com.kms.katalon.core.main.TestCaseExecutor.processExecutionPhase(TestCaseExecutor.java:264)
	at com.kms.katalon.core.main.TestCaseExecutor.accessMainPhase(TestCaseExecutor.java:256)
	at com.kms.katalon.core.main.TestCaseExecutor.execute(TestCaseExecutor.java:200)
	at com.kms.katalon.core.main.TestSuiteExecutor.accessTestCaseMainPhase(TestSuiteExecutor.java:129)
	at com.kms.katalon.core.main.TestSuiteExecutor.accessTestSuiteMainPhase(TestSuiteExecutor.java:112)
	at com.kms.katalon.core.main.TestSuiteExecutor.execute(TestSuiteExecutor.java:81)
	at com.kms.katalon.core.main.TestCaseMain.startTestSuite(TestCaseMain.java:142)
	at com.kms.katalon.core.main.TestCaseMain$startTestSuite$0.call(Unknown Source)
	at org.codehaus.groovy.runtime.callsite.CallSiteArray.defaultCall(CallSiteArray.java:48)
	at org.codehaus.groovy.runtime.callsite.AbstractCallSite.call(AbstractCallSite.java:113)
	at org.codehaus.groovy.runtime.callsite.AbstractCallSite.call(AbstractCallSite.java:141)
	at TempTestSuite1540812673487.run(TempTestSuite1540812673487.groovy:36)
	at groovy.lang.GroovyShell.runScriptOrMainOrTestOrRunnable(GroovyShell.java:263)
	at groovy.lang.GroovyShell.run(GroovyShell.java:518)
	at groovy.lang.GroovyShell.run(GroovyShell.java:507)
	at groovy.ui.GroovyMain.processOnce(GroovyMain.java:653)
	at groovy.ui.GroovyMain.run(GroovyMain.java:384)
	at groovy.ui.GroovyMain.process(GroovyMain.java:370)
	at groovy.ui.GroovyMain.processArgs(GroovyMain.java:129)
	at groovy.ui.GroovyMain.main(GroovyMain.java:109)
	at sun.reflect.NativeMethodAccessorImpl.invoke0(Native Method)
	at sun.reflect.NativeMethodAccessorImpl.invoke(NativeMethodAccessorImpl.java:62)
	at sun.reflect.DelegatingMethodAccessorImpl.invoke(DelegatingMethodAccessorImpl.java:43)
	at java.lang.reflect.Method.invoke(Method.java:498)
	at org.codehaus.groovy.tools.GroovyStarter.rootLoader(GroovyStarter.java:109)
	at org.codehaus.groovy.tools.GroovyStarter.main(GroovyStarter.java:131)
)"/>
         <system-out><![CDATA[2018-10-29 08:34:39 - [TEST_CASE][FAILED] - Test Cases/Test Buscar Prestadores - Prestador: Test Cases/Test Buscar Prestadores - Prestador FAILED because (of) (Stack trace: com.kms.katalon.core.exception.StepFailedException: Unable to click on object 'Object Repository/Servicio/span_InfoPrestacion' (Root cause: org.openqa.selenium.ElementNotVisibleException: element not visible
  (Session info: chrome=69.0.3497.100)
  (Driver info: chromedriver=2.35.528161 (5b82f2d2aae0ca24b877009200ced9065a772e73),platform=Windows NT 10.0.15063 x86_64) (WARNING: The server did not provide any stacktrace information)
Command duration or timeout: 0 milliseconds
Build info: version: '3.7.1', revision: '8a0099a', time: '2017-11-06T21:07:36.161Z'
System info: host: 'SMSL044', ip: '192.168.252.2', os.name: 'Windows 10', os.arch: 'x86', os.version: '10.0', java.version: '1.8.0_181'
Driver info: com.kms.katalon.selenium.driver.CChromeDriver
Capabilities {acceptInsecureCerts: false, acceptSslCerts: false, applicationCacheEnabled: false, browserConnectionEnabled: false, browserName: chrome, chrome: {chromedriverVersion: 2.35.528161 (5b82f2d2aae0ca..., userDataDir: C:\Users\ntedesco\AppData\L...}, cssSelectorsEnabled: true, databaseEnabled: false, handlesAlerts: true, hasTouchScreen: false, javascriptEnabled: true, locationContextEnabled: true, mobileEmulationEnabled: false, nativeEvents: true, networkConnectionEnabled: false, pageLoadStrategy: normal, platform: XP, platformName: XP, rotatable: false, setWindowRect: true, takesHeapSnapshot: true, takesScreenshot: true, unexpectedAlertBehaviour: , unhandledPromptBehavior: , version: 69.0.3497.100, webStorageEnabled: true}
Session ID: 62ea0e1b081354b0ca9868746b04c627)
	at com.kms.katalon.core.keyword.internal.KeywordMain.stepFailed(KeywordMain.groovy:36)
	at com.kms.katalon.core.webui.keyword.internal.WebUIKeywordMain.stepFailed(WebUIKeywordMain.groovy:65)
	at com.kms.katalon.core.webui.keyword.internal.WebUIKeywordMain.runKeyword(WebUIKeywordMain.groovy:27)
	at com.kms.katalon.core.webui.keyword.builtin.ClickKeyword.click(ClickKeyword.groovy:86)
	at com.kms.katalon.core.webui.keyword.builtin.ClickKeyword.execute(ClickKeyword.groovy:67)
	at com.kms.katalon.core.keyword.internal.KeywordExecutor.executeKeywordForPlatform(KeywordExecutor.groovy:53)
	at com.kms.katalon.core.webui.keyword.WebUiBuiltInKeywords.click(WebUiBuiltInKeywords.groovy:616)
	at com.kms.katalon.core.webui.keyword.WebUiBuiltInKeywords$click$4.call(Unknown Source)
	at org.codehaus.groovy.runtime.callsite.CallSiteArray.defaultCall(CallSiteArray.java:48)
	at org.codehaus.groovy.runtime.callsite.AbstractCallSite.call(AbstractCallSite.java:113)
	at org.codehaus.groovy.runtime.callsite.AbstractCallSite.call(AbstractCallSite.java:125)
	at Script1540558116406.run(Script1540558116406.groovy:149)
	at com.kms.katalon.core.main.ScriptEngine.run(ScriptEngine.java:183)
	at com.kms.katalon.core.main.ScriptEngine.runScriptAsRawText(ScriptEngine.java:108)
	at com.kms.katalon.core.main.TestCaseExecutor.runScript(TestCaseExecutor.java:294)
	at com.kms.katalon.core.main.TestCaseExecutor.doExecute(TestCaseExecutor.java:285)
	at com.kms.katalon.core.main.TestCaseExecutor.processExecutionPhase(TestCaseExecutor.java:264)
	at com.kms.katalon.core.main.TestCaseExecutor.accessMainPhase(TestCaseExecutor.java:256)
	at com.kms.katalon.core.main.TestCaseExecutor.execute(TestCaseExecutor.java:200)
	at com.kms.katalon.core.main.TestSuiteExecutor.accessTestCaseMainPhase(TestSuiteExecutor.java:129)
	at com.kms.katalon.core.main.TestSuiteExecutor.accessTestSuiteMainPhase(TestSuiteExecutor.java:112)
	at com.kms.katalon.core.main.TestSuiteExecutor.execute(TestSuiteExecutor.java:81)
	at com.kms.katalon.core.main.TestCaseMain.startTestSuite(TestCaseMain.java:142)
	at com.kms.katalon.core.main.TestCaseMain$startTestSuite$0.call(Unknown Source)
	at org.codehaus.groovy.runtime.callsite.CallSiteArray.defaultCall(CallSiteArray.java:48)
	at org.codehaus.groovy.runtime.callsite.AbstractCallSite.call(AbstractCallSite.java:113)
	at org.codehaus.groovy.runtime.callsite.AbstractCallSite.call(AbstractCallSite.java:141)
	at TempTestSuite1540812673487.run(TempTestSuite1540812673487.groovy:36)
	at groovy.lang.GroovyShell.runScriptOrMainOrTestOrRunnable(GroovyShell.java:263)
	at groovy.lang.GroovyShell.run(GroovyShell.java:518)
	at groovy.lang.GroovyShell.run(GroovyShell.java:507)
	at groovy.ui.GroovyMain.processOnce(GroovyMain.java:653)
	at groovy.ui.GroovyMain.run(GroovyMain.java:384)
	at groovy.ui.GroovyMain.process(GroovyMain.java:370)
	at groovy.ui.GroovyMain.processArgs(GroovyMain.java:129)
	at groovy.ui.GroovyMain.main(GroovyMain.java:109)
	at sun.reflect.NativeMethodAccessorImpl.invoke0(Native Method)
	at sun.reflect.NativeMethodAccessorImpl.invoke(NativeMethodAccessorImpl.java:62)
	at sun.reflect.DelegatingMethodAccessorImpl.invoke(DelegatingMethodAccessorImpl.java:43)
	at java.lang.reflect.Method.invoke(Method.java:498)
	at org.codehaus.groovy.tools.GroovyStarter.rootLoader(GroovyStarter.java:109)
	at org.codehaus.groovy.tools.GroovyStarter.main(GroovyStarter.java:131)
)

2018-10-29 08:34:39 - [TEST_STEP][PASSED] - openBrowser: Browser is opened with url: 'null'

2018-10-29 08:34:41 - [MESSAGE][PASSED] - Browser is opened with url: 'null'

2018-10-29 08:34:41 - [TEST_STEP][PASSED] - navigateToUrl: Navigate to 'https://test.intranet.osde/IV3/' successfully

2018-10-29 08:34:42 - [MESSAGE][PASSED] - Navigate to 'https://test.intranet.osde/IV3/' successfully

2018-10-29 08:34:42 - [TEST_STEP][PASSED] - maximizeWindow: Current window maximized

2018-10-29 08:34:42 - [MESSAGE][PASSED] - Current window maximized

2018-10-29 08:34:42 - [TEST_STEP][PASSED] - waitForElementClickable: Object 'Object Repository/Login_OSDE Intranet/coUsser' is clickable

2018-10-29 08:34:42 - [MESSAGE][PASSED] - Object 'Object Repository/Login_OSDE Intranet/coUsser' is clickable

2018-10-29 08:34:42 - [TEST_STEP][PASSED] - setText: Text 'SS36739794' is set on object 'Object Repository/Login_OSDE Intranet/coUsser'

2018-10-29 08:34:42 - [MESSAGE][PASSED] - Text 'SS36739794' is set on object 'Object Repository/Login_OSDE Intranet/coUsser'

2018-10-29 08:34:42 - [TEST_STEP][PASSED] - setText: Text 'intranet09' is set on object 'Object Repository/Login_OSDE Intranet/coPassword'

2018-10-29 08:34:42 - [MESSAGE][PASSED] - Text 'intranet09' is set on object 'Object Repository/Login_OSDE Intranet/coPassword'

2018-10-29 08:34:42 - [TEST_STEP][PASSED] - click: Object: 'Object Repository/Login_OSDE Intranet/btnIngresar' is clicked on

2018-10-29 08:34:43 - [MESSAGE][PASSED] - Object: 'Object Repository/Login_OSDE Intranet/btnIngresar' is clicked on

2018-10-29 08:34:43 - [TEST_STEP][PASSED] - waitForElementPresent: Object 'Object Repository/Home_OSDE Intranet V3/a_Mis Herramientas' is present

2018-10-29 08:34:44 - [MESSAGE][PASSED] - Object 'Object Repository/Home_OSDE Intranet V3/a_Mis Herramientas' is present

2018-10-29 08:34:44 - [TEST_STEP][PASSED] - click: Object: 'Object Repository/Home_OSDE Intranet V3/a_Mis Herramientas' is clicked on

2018-10-29 08:34:45 - [MESSAGE][PASSED] - Object: 'Object Repository/Home_OSDE Intranet V3/a_Mis Herramientas' is clicked on

2018-10-29 08:34:45 - [TEST_STEP][PASSED] - waitForElementPresent: Object 'Object Repository/Home_OSDE Intranet V3/iframe_MIS HERRAMIENTAS_frmMis' is present

2018-10-29 08:34:45 - [MESSAGE][WARNING] - Timeout '0' is invalid. Using default page load timeout: '30'

2018-10-29 08:34:45 - [MESSAGE][WARNING] - Timeout '0' is invalid. Using default page load timeout: '30'

2018-10-29 08:34:45 - [MESSAGE][PASSED] - Object 'Object Repository/Home_OSDE Intranet V3/iframe_MIS HERRAMIENTAS_frmMis' is present

2018-10-29 08:34:45 - [TEST_STEP][PASSED] - click: Object: 'Object Repository/Home_OSDE Intranet V3/td_Portal Corporativo' is clicked on

2018-10-29 08:34:45 - [MESSAGE][PASSED] - Object: 'Object Repository/Home_OSDE Intranet V3/td_Portal Corporativo' is clicked on

2018-10-29 08:34:45 - [TEST_STEP][PASSED] - switchToWindowUrl: Switched to window with url: 'http://tlnxwas30.intranet.osde:11780/portalFrontend/login.do'

2018-10-29 08:34:46 - [MESSAGE][PASSED] - Switched to window with url: 'http://tlnxwas30.intranet.osde:11780/portalFrontend/login.do'

2018-10-29 08:34:46 - [TEST_STEP][PASSED] - waitForElementVisible: Object 'Object Repository/Portal_Inicial/select_apiPortalDesarrolloport' is visible

2018-10-29 08:34:47 - [MESSAGE][PASSED] - Object 'Object Repository/Portal_Inicial/select_apiPortalDesarrolloport' is visible

2018-10-29 08:34:47 - [TEST_STEP][PASSED] - selectOptionByValue: All options with value 'suaPortal' are selected in object 'Object Repository/Portal_Inicial/select_apiPortalDesarrolloport' 

2018-10-29 08:34:47 - [MESSAGE][PASSED] - All options with value 'suaPortal' are selected in object 'Object Repository/Portal_Inicial/select_apiPortalDesarrolloport' 

2018-10-29 08:34:47 - [TEST_STEP][PASSED] - Statement - verifyIsPortalOpen(): null

2018-10-29 08:34:47 - [TEST_STEP][PASSED] - Statement - Try: Object 'Object Repository/Portal_Home/input_BsquedaDetallada' is clickable

2018-10-29 08:34:47 - [TEST_STEP][PASSED] - Statement - java.lang.Thread.sleep(20000): null

2018-10-29 08:35:07 - [TEST_STEP][PASSED] - waitForElementClickable: Object 'Object Repository/Portal_Home/input_BsquedaDetallada' is clickable

2018-10-29 08:35:07 - [MESSAGE][PASSED] - Object 'Object Repository/Portal_Home/input_BsquedaDetallada' is clickable

2018-10-29 08:35:07 - [TEST_STEP][PASSED] - setText: Text '60609272102 ' is set on object 'Object Repository/Portal_Home/input_BsquedaDetallada'

2018-10-29 08:35:07 - [MESSAGE][PASSED] - Text '60609272102 ' is set on object 'Object Repository/Portal_Home/input_BsquedaDetallada'

2018-10-29 08:35:07 - [TEST_STEP][PASSED] - click: Object: 'Object Repository/Portal_Home/btn_BsquedaDetallada' is clicked on

2018-10-29 08:35:08 - [MESSAGE][PASSED] - Object: 'Object Repository/Portal_Home/btn_BsquedaDetallada' is clicked on

2018-10-29 08:35:08 - [TEST_STEP][PASSED] - waitForElementPresent: Object 'Object Repository/Portal_Home/div_suaCaracteristicasSujeto' is present

2018-10-29 08:35:08 - [MESSAGE][PASSED] - Object 'Object Repository/Portal_Home/div_suaCaracteristicasSujeto' is present

2018-10-29 08:35:08 - [TEST_STEP][PASSED] - click: Object: 'Object Repository/Portal_Home/div_collapsableLeftContainer' is clicked on

2018-10-29 08:35:08 - [MESSAGE][PASSED] - Object: 'Object Repository/Portal_Home/div_collapsableLeftContainer' is clicked on

2018-10-29 08:35:08 - [TEST_STEP][PASSED] - waitForElementVisible: Object 'Object Repository/Portal_Home/btn_servicesTreeOpen' is visible

2018-10-29 08:35:10 - [MESSAGE][PASSED] - Object 'Object Repository/Portal_Home/btn_servicesTreeOpen' is visible

2018-10-29 08:35:10 - [TEST_STEP][PASSED] - click: Object: 'Object Repository/Portal_Home/btn_servicesTreeOpen' is clicked on

2018-10-29 08:35:10 - [MESSAGE][PASSED] - Object: 'Object Repository/Portal_Home/btn_servicesTreeOpen' is clicked on

2018-10-29 08:35:10 - [TEST_STEP][PASSED] - waitForElementVisible: Object 'Object Repository/Portal_Home/a_Servicios' is visible

2018-10-29 08:35:11 - [MESSAGE][PASSED] - Object 'Object Repository/Portal_Home/a_Servicios' is visible

2018-10-29 08:35:11 - [TEST_STEP][PASSED] - click: Object: 'Object Repository/Portal_Home/a_Servicios' is clicked on

2018-10-29 08:35:11 - [MESSAGE][PASSED] - Object: 'Object Repository/Portal_Home/a_Servicios' is clicked on

2018-10-29 08:35:11 - [TEST_STEP][PASSED] - Statement - abrirServicio(G_Servicio, com.kms.katalon.core.webui.driver.DriverFactory.getWebDriver()): null

2018-10-29 08:35:11 - [TEST_STEP][PASSED] - Statement - Try: null

2018-10-29 08:35:11 - [TEST_STEP][PASSED] - Statement - element = driver.findElement(org.openqa.selenium.By.id("accordionMenuApi")): null

2018-10-29 08:35:11 - [TEST_STEP][PASSED] - Statement - lstRegistro = element.findElements(org.openqa.selenium.By.xpath("//div[contains(@class, 'treeMenuElement ellipsis_text')]")): null

2018-10-29 08:35:11 - [TEST_STEP][PASSED] - Statement - For (org.openqa.selenium.WebElement Registro : lstRegistro): null

2018-10-29 08:35:11 - [TEST_STEP][PASSED] - Statement - itemsServicio = Registro.findElements(org.openqa.selenium.By.xpath("//span[contains(@class, 'serviceSpanElement')]")): null

2018-10-29 08:35:12 - [TEST_STEP][PASSED] - Statement - For (org.openqa.selenium.WebElement item : itemsServicio): null

2018-10-29 08:35:12 - [TEST_STEP][PASSED] - Statement - If (item.getText().equals(NombreServicio)): null

2018-10-29 08:35:12 - [TEST_STEP][PASSED] - Statement - If (item.getText().equals(NombreServicio)): null

2018-10-29 08:35:12 - [TEST_STEP][PASSED] - Statement - If (item.getText().equals(NombreServicio)): null

2018-10-29 08:35:12 - [TEST_STEP][PASSED] - Statement - If (item.getText().equals(NombreServicio)): null

2018-10-29 08:35:12 - [TEST_STEP][PASSED] - Statement - If (item.getText().equals(NombreServicio)): null

2018-10-29 08:35:12 - [TEST_STEP][PASSED] - Statement - If (item.getText().equals(NombreServicio)): null

2018-10-29 08:35:12 - [TEST_STEP][PASSED] - Statement - If (item.getText().equals(NombreServicio)): null

2018-10-29 08:35:12 - [TEST_STEP][PASSED] - Statement - If (item.getText().equals(NombreServicio)): null

2018-10-29 08:35:12 - [TEST_STEP][PASSED] - Statement - If (item.getText().equals(NombreServicio)): null

2018-10-29 08:35:12 - [TEST_STEP][PASSED] - Statement - If (item.getText().equals(NombreServicio)): null

2018-10-29 08:35:12 - [TEST_STEP][PASSED] - Statement - If (item.getText().equals(NombreServicio)): null

2018-10-29 08:35:12 - [TEST_STEP][PASSED] - Statement - If (item.getText().equals(NombreServicio)): null

2018-10-29 08:35:12 - [TEST_STEP][PASSED] - Statement - If (item.getText().equals(NombreServicio)): null

2018-10-29 08:35:12 - [TEST_STEP][PASSED] - Statement - If (item.getText().equals(NombreServicio)): null

2018-10-29 08:35:12 - [TEST_STEP][PASSED] - Statement - If (item.getText().equals(NombreServicio)): null

2018-10-29 08:35:12 - [TEST_STEP][PASSED] - Statement - If (item.getText().equals(NombreServicio)): null

2018-10-29 08:35:12 - [TEST_STEP][PASSED] - Statement - If (item.getText().equals(NombreServicio)): null

2018-10-29 08:35:12 - [TEST_STEP][PASSED] - Statement - If (item.getText().equals(NombreServicio)): null

2018-10-29 08:35:12 - [TEST_STEP][PASSED] - Statement - If (item.getText().equals(NombreServicio)): null

2018-10-29 08:35:12 - [TEST_STEP][PASSED] - Statement - If (item.getText().equals(NombreServicio)): null

2018-10-29 08:35:13 - [TEST_STEP][PASSED] - Statement - If (item.getText().equals(NombreServicio)): null

2018-10-29 08:35:13 - [TEST_STEP][PASSED] - Statement - If (item.getText().equals(NombreServicio)): null

2018-10-29 08:35:13 - [TEST_STEP][PASSED] - Statement - If (item.getText().equals(NombreServicio)): null

2018-10-29 08:35:13 - [TEST_STEP][PASSED] - Statement - If (item.getText().equals(NombreServicio)): null

2018-10-29 08:35:13 - [TEST_STEP][PASSED] - Statement - If (item.getText().equals(NombreServicio)): null

2018-10-29 08:35:13 - [TEST_STEP][PASSED] - Statement - If (item.getText().equals(NombreServicio)): null

2018-10-29 08:35:13 - [TEST_STEP][PASSED] - Statement - If (item.getText().equals(NombreServicio)): null

2018-10-29 08:35:13 - [TEST_STEP][PASSED] - Statement - If (item.getText().equals(NombreServicio)): null

2018-10-29 08:35:13 - [TEST_STEP][PASSED] - Statement - If (item.getText().equals(NombreServicio)): null

2018-10-29 08:35:13 - [TEST_STEP][PASSED] - Statement - If (item.getText().equals(NombreServicio)): null

2018-10-29 08:35:13 - [TEST_STEP][PASSED] - Statement - If (item.getText().equals(NombreServicio)): null

2018-10-29 08:35:13 - [TEST_STEP][PASSED] - Statement - If (item.getText().equals(NombreServicio)): null

2018-10-29 08:35:13 - [TEST_STEP][PASSED] - Statement - If (item.getText().equals(NombreServicio)): null

2018-10-29 08:35:13 - [TEST_STEP][PASSED] - Statement - If (item.getText().equals(NombreServicio)): null

2018-10-29 08:35:13 - [TEST_STEP][PASSED] - Statement - If (item.getText().equals(NombreServicio)): null

2018-10-29 08:35:13 - [TEST_STEP][PASSED] - Statement - If (item.getText().equals(NombreServicio)): null

2018-10-29 08:35:13 - [TEST_STEP][PASSED] - Statement - If (item.getText().equals(NombreServicio)): null

2018-10-29 08:35:13 - [TEST_STEP][PASSED] - Statement - If (item.getText().equals(NombreServicio)): null

2018-10-29 08:35:13 - [TEST_STEP][PASSED] - Statement - If (item.getText().equals(NombreServicio)): null

2018-10-29 08:35:13 - [TEST_STEP][PASSED] - Statement - If (item.getText().equals(NombreServicio)): null

2018-10-29 08:35:13 - [TEST_STEP][PASSED] - Statement - If (item.getText().equals(NombreServicio)): null

2018-10-29 08:35:13 - [TEST_STEP][PASSED] - Statement - If (item.getText().equals(NombreServicio)): null

2018-10-29 08:35:13 - [TEST_STEP][PASSED] - Statement - If (item.getText().equals(NombreServicio)): null

2018-10-29 08:35:13 - [TEST_STEP][PASSED] - Statement - If (item.getText().equals(NombreServicio)): null

2018-10-29 08:35:13 - [TEST_STEP][PASSED] - Statement - If (item.getText().equals(NombreServicio)): null

2018-10-29 08:35:13 - [TEST_STEP][PASSED] - Statement - If (item.getText().equals(NombreServicio)): null

2018-10-29 08:35:14 - [TEST_STEP][PASSED] - Statement - If (item.getText().equals(NombreServicio)): null

2018-10-29 08:35:14 - [TEST_STEP][PASSED] - Statement - If (item.getText().equals(NombreServicio)): null

2018-10-29 08:35:14 - [TEST_STEP][PASSED] - Statement - If (item.getText().equals(NombreServicio)): null

2018-10-29 08:35:14 - [TEST_STEP][PASSED] - Statement - If (item.getText().equals(NombreServicio)): null

2018-10-29 08:35:14 - [TEST_STEP][PASSED] - Statement - If (item.getText().equals(NombreServicio)): null

2018-10-29 08:35:14 - [TEST_STEP][PASSED] - Statement - If (item.getText().equals(NombreServicio)): null

2018-10-29 08:35:14 - [TEST_STEP][PASSED] - Statement - If (item.getText().equals(NombreServicio)): null

2018-10-29 08:35:14 - [TEST_STEP][PASSED] - Statement - If (item.getText().equals(NombreServicio)): null

2018-10-29 08:35:14 - [TEST_STEP][PASSED] - Statement - If (item.getText().equals(NombreServicio)): null

2018-10-29 08:35:14 - [TEST_STEP][PASSED] - Statement - If (item.getText().equals(NombreServicio)): null

2018-10-29 08:35:14 - [TEST_STEP][PASSED] - Statement - If (item.getText().equals(NombreServicio)): null

2018-10-29 08:35:14 - [TEST_STEP][PASSED] - Statement - If (item.getText().equals(NombreServicio)): null

2018-10-29 08:35:14 - [TEST_STEP][PASSED] - Statement - If (item.getText().equals(NombreServicio)): null

2018-10-29 08:35:14 - [TEST_STEP][PASSED] - Statement - If (item.getText().equals(NombreServicio)): null

2018-10-29 08:35:14 - [TEST_STEP][PASSED] - Statement - If (item.getText().equals(NombreServicio)): null

2018-10-29 08:35:14 - [TEST_STEP][PASSED] - Statement - If (item.getText().equals(NombreServicio)): null

2018-10-29 08:35:14 - [TEST_STEP][PASSED] - Statement - If (item.getText().equals(NombreServicio)): null

2018-10-29 08:35:14 - [TEST_STEP][PASSED] - Statement - If (item.getText().equals(NombreServicio)): null

2018-10-29 08:35:14 - [TEST_STEP][PASSED] - Statement - If (item.getText().equals(NombreServicio)): null

2018-10-29 08:35:14 - [TEST_STEP][PASSED] - Statement - If (item.getText().equals(NombreServicio)): null

2018-10-29 08:35:14 - [TEST_STEP][PASSED] - Statement - If (item.getText().equals(NombreServicio)): null

2018-10-29 08:35:14 - [TEST_STEP][PASSED] - Statement - If (item.getText().equals(NombreServicio)): null

2018-10-29 08:35:14 - [TEST_STEP][PASSED] - Statement - If (item.getText().equals(NombreServicio)): null

2018-10-29 08:35:14 - [TEST_STEP][PASSED] - Statement - If (item.getText().equals(NombreServicio)): null

2018-10-29 08:35:14 - [TEST_STEP][PASSED] - Statement - If (item.getText().equals(NombreServicio)): null

2018-10-29 08:35:14 - [TEST_STEP][PASSED] - Statement - If (item.getText().equals(NombreServicio)): null

2018-10-29 08:35:14 - [TEST_STEP][PASSED] - Statement - If (item.getText().equals(NombreServicio)): null

2018-10-29 08:35:14 - [TEST_STEP][PASSED] - Statement - If (item.getText().equals(NombreServicio)): null

2018-10-29 08:35:15 - [TEST_STEP][PASSED] - Statement - If (item.getText().equals(NombreServicio)): null

2018-10-29 08:35:15 - [TEST_STEP][PASSED] - Statement - If (item.getText().equals(NombreServicio)): null

2018-10-29 08:35:15 - [TEST_STEP][PASSED] - Statement - If (item.getText().equals(NombreServicio)): null

2018-10-29 08:35:15 - [TEST_STEP][PASSED] - Statement - If (item.getText().equals(NombreServicio)): null

2018-10-29 08:35:15 - [TEST_STEP][PASSED] - Statement - If (item.getText().equals(NombreServicio)): null

2018-10-29 08:35:15 - [TEST_STEP][PASSED] - Statement - If (item.getText().equals(NombreServicio)): null

2018-10-29 08:35:15 - [TEST_STEP][PASSED] - Statement - If (item.getText().equals(NombreServicio)): null

2018-10-29 08:35:15 - [TEST_STEP][PASSED] - Statement - If (item.getText().equals(NombreServicio)): null

2018-10-29 08:35:15 - [TEST_STEP][PASSED] - Statement - If (item.getText().equals(NombreServicio)): null

2018-10-29 08:35:15 - [TEST_STEP][PASSED] - Statement - If (item.getText().equals(NombreServicio)): null

2018-10-29 08:35:15 - [TEST_STEP][PASSED] - Statement - If (item.getText().equals(NombreServicio)): null

2018-10-29 08:35:15 - [TEST_STEP][PASSED] - Statement - If (item.getText().equals(NombreServicio)): null

2018-10-29 08:35:15 - [TEST_STEP][PASSED] - Statement - If (item.getText().equals(NombreServicio)): null

2018-10-29 08:35:15 - [TEST_STEP][PASSED] - Statement - If (item.getText().equals(NombreServicio)): null

2018-10-29 08:35:15 - [TEST_STEP][PASSED] - Statement - If (item.getText().equals(NombreServicio)): null

2018-10-29 08:35:15 - [TEST_STEP][PASSED] - Statement - If (item.getText().equals(NombreServicio)): null

2018-10-29 08:35:15 - [TEST_STEP][PASSED] - Statement - If (item.getText().equals(NombreServicio)): null

2018-10-29 08:35:15 - [TEST_STEP][PASSED] - Statement - If (item.getText().equals(NombreServicio)): null

2018-10-29 08:35:15 - [TEST_STEP][PASSED] - Statement - If (item.getText().equals(NombreServicio)): null

2018-10-29 08:35:15 - [TEST_STEP][PASSED] - Statement - If (item.getText().equals(NombreServicio)): null

2018-10-29 08:35:15 - [TEST_STEP][PASSED] - Statement - If (item.getText().equals(NombreServicio)): null

2018-10-29 08:35:15 - [TEST_STEP][PASSED] - Statement - If (item.getText().equals(NombreServicio)): null

2018-10-29 08:35:15 - [TEST_STEP][PASSED] - Statement - If (item.getText().equals(NombreServicio)): null

2018-10-29 08:35:15 - [TEST_STEP][PASSED] - Statement - If (item.getText().equals(NombreServicio)): null

2018-10-29 08:35:15 - [TEST_STEP][PASSED] - Statement - If (item.getText().equals(NombreServicio)): null

2018-10-29 08:35:15 - [TEST_STEP][PASSED] - Statement - If (item.getText().equals(NombreServicio)): null

2018-10-29 08:35:16 - [TEST_STEP][PASSED] - Statement - If (item.getText().equals(NombreServicio)): null

2018-10-29 08:35:16 - [TEST_STEP][PASSED] - Statement - If (item.getText().equals(NombreServicio)): null

2018-10-29 08:35:16 - [TEST_STEP][PASSED] - Statement - If (item.getText().equals(NombreServicio)): null

2018-10-29 08:35:16 - [TEST_STEP][PASSED] - Statement - If (item.getText().equals(NombreServicio)): null

2018-10-29 08:35:16 - [TEST_STEP][PASSED] - Statement - If (item.getText().equals(NombreServicio)): null

2018-10-29 08:35:16 - [TEST_STEP][PASSED] - Statement - If (item.getText().equals(NombreServicio)): null

2018-10-29 08:35:16 - [TEST_STEP][PASSED] - Statement - If (item.getText().equals(NombreServicio)): null

2018-10-29 08:35:16 - [TEST_STEP][PASSED] - Statement - If (item.getText().equals(NombreServicio)): null

2018-10-29 08:35:16 - [TEST_STEP][PASSED] - Statement - If (item.getText().equals(NombreServicio)): null

2018-10-29 08:35:16 - [TEST_STEP][PASSED] - Statement - If (item.getText().equals(NombreServicio)): null

2018-10-29 08:35:16 - [TEST_STEP][PASSED] - Statement - If (item.getText().equals(NombreServicio)): null

2018-10-29 08:35:16 - [TEST_STEP][PASSED] - Statement - If (item.getText().equals(NombreServicio)): null

2018-10-29 08:35:16 - [TEST_STEP][PASSED] - Statement - If (item.getText().equals(NombreServicio)): null

2018-10-29 08:35:16 - [TEST_STEP][PASSED] - Statement - If (item.getText().equals(NombreServicio)): null

2018-10-29 08:35:16 - [TEST_STEP][PASSED] - Statement - If (item.getText().equals(NombreServicio)): null

2018-10-29 08:35:16 - [TEST_STEP][PASSED] - Statement - If (item.getText().equals(NombreServicio)): null

2018-10-29 08:35:16 - [TEST_STEP][PASSED] - Statement - If (item.getText().equals(NombreServicio)): null

2018-10-29 08:35:16 - [TEST_STEP][PASSED] - Statement - If (item.getText().equals(NombreServicio)): null

2018-10-29 08:35:16 - [TEST_STEP][PASSED] - Statement - If (item.getText().equals(NombreServicio)): null

2018-10-29 08:35:16 - [TEST_STEP][PASSED] - Statement - If (item.getText().equals(NombreServicio)): null

2018-10-29 08:35:16 - [TEST_STEP][PASSED] - Statement - If (item.getText().equals(NombreServicio)): null

2018-10-29 08:35:16 - [TEST_STEP][PASSED] - Statement - If (item.getText().equals(NombreServicio)): null

2018-10-29 08:35:16 - [TEST_STEP][PASSED] - Statement - If (item.getText().equals(NombreServicio)): null

2018-10-29 08:35:16 - [TEST_STEP][PASSED] - Statement - If (item.getText().equals(NombreServicio)): null

2018-10-29 08:35:16 - [TEST_STEP][PASSED] - Statement - If (item.getText().equals(NombreServicio)): null

2018-10-29 08:35:16 - [TEST_STEP][PASSED] - Statement - If (item.getText().equals(NombreServicio)): null

2018-10-29 08:35:16 - [TEST_STEP][PASSED] - Statement - If (item.getText().equals(NombreServicio)): null

2018-10-29 08:35:16 - [TEST_STEP][PASSED] - Statement - If (item.getText().equals(NombreServicio)): null

2018-10-29 08:35:17 - [TEST_STEP][PASSED] - Statement - If (item.getText().equals(NombreServicio)): null

2018-10-29 08:35:17 - [TEST_STEP][PASSED] - Statement - If (item.getText().equals(NombreServicio)): null

2018-10-29 08:35:17 - [TEST_STEP][PASSED] - Statement - If (item.getText().equals(NombreServicio)): null

2018-10-29 08:35:17 - [TEST_STEP][PASSED] - Statement - If (item.getText().equals(NombreServicio)): null

2018-10-29 08:35:17 - [TEST_STEP][PASSED] - Statement - If (item.getText().equals(NombreServicio)): null

2018-10-29 08:35:17 - [TEST_STEP][PASSED] - Statement - If (item.getText().equals(NombreServicio)): null

2018-10-29 08:35:17 - [TEST_STEP][PASSED] - Statement - If (item.getText().equals(NombreServicio)): null

2018-10-29 08:35:17 - [TEST_STEP][PASSED] - Statement - If (item.getText().equals(NombreServicio)): null

2018-10-29 08:35:17 - [TEST_STEP][PASSED] - Statement - If (item.getText().equals(NombreServicio)): null

2018-10-29 08:35:17 - [TEST_STEP][PASSED] - Statement - If (item.getText().equals(NombreServicio)): null

2018-10-29 08:35:17 - [TEST_STEP][PASSED] - Statement - If (item.getText().equals(NombreServicio)): null

2018-10-29 08:35:17 - [TEST_STEP][PASSED] - Statement - If (item.getText().equals(NombreServicio)): null

2018-10-29 08:35:17 - [TEST_STEP][PASSED] - Statement - If (item.getText().equals(NombreServicio)): null

2018-10-29 08:35:17 - [TEST_STEP][PASSED] - Statement - If (item.getText().equals(NombreServicio)): null

2018-10-29 08:35:17 - [TEST_STEP][PASSED] - Statement - If (item.getText().equals(NombreServicio)): null

2018-10-29 08:35:17 - [TEST_STEP][PASSED] - Statement - If (item.getText().equals(NombreServicio)): null

2018-10-29 08:35:17 - [TEST_STEP][PASSED] - Statement - If (item.getText().equals(NombreServicio)): null

2018-10-29 08:35:17 - [TEST_STEP][PASSED] - Statement - If (item.getText().equals(NombreServicio)): null

2018-10-29 08:35:17 - [TEST_STEP][PASSED] - Statement - If (item.getText().equals(NombreServicio)): null

2018-10-29 08:35:17 - [TEST_STEP][PASSED] - Statement - If (item.getText().equals(NombreServicio)): null

2018-10-29 08:35:17 - [TEST_STEP][PASSED] - Statement - If (item.getText().equals(NombreServicio)): null

2018-10-29 08:35:17 - [TEST_STEP][PASSED] - Statement - If (item.getText().equals(NombreServicio)): null

2018-10-29 08:35:17 - [TEST_STEP][PASSED] - Statement - If (item.getText().equals(NombreServicio)): null

2018-10-29 08:35:17 - [TEST_STEP][PASSED] - Statement - If (item.getText().equals(NombreServicio)): null

2018-10-29 08:35:17 - [TEST_STEP][PASSED] - Statement - If (item.getText().equals(NombreServicio)): null

2018-10-29 08:35:17 - [TEST_STEP][PASSED] - Statement - If (item.getText().equals(NombreServicio)): null

2018-10-29 08:35:18 - [TEST_STEP][PASSED] - Statement - If (item.getText().equals(NombreServicio)): null

2018-10-29 08:35:18 - [TEST_STEP][PASSED] - Statement - If (item.getText().equals(NombreServicio)): null

2018-10-29 08:35:18 - [TEST_STEP][PASSED] - Statement - If (item.getText().equals(NombreServicio)): null

2018-10-29 08:35:18 - [TEST_STEP][PASSED] - Statement - If (item.getText().equals(NombreServicio)): null

2018-10-29 08:35:18 - [TEST_STEP][PASSED] - Statement - If (item.getText().equals(NombreServicio)): null

2018-10-29 08:35:18 - [TEST_STEP][PASSED] - Statement - If (item.getText().equals(NombreServicio)): null

2018-10-29 08:35:18 - [TEST_STEP][PASSED] - Statement - If (item.getText().equals(NombreServicio)): null

2018-10-29 08:35:18 - [TEST_STEP][PASSED] - Statement - If (item.getText().equals(NombreServicio)): null

2018-10-29 08:35:18 - [TEST_STEP][PASSED] - Statement - If (item.getText().equals(NombreServicio)): null

2018-10-29 08:35:18 - [TEST_STEP][PASSED] - Statement - If (item.getText().equals(NombreServicio)): null

2018-10-29 08:35:18 - [TEST_STEP][PASSED] - Statement - If (item.getText().equals(NombreServicio)): null

2018-10-29 08:35:18 - [TEST_STEP][PASSED] - Statement - If (item.getText().equals(NombreServicio)): null

2018-10-29 08:35:18 - [TEST_STEP][PASSED] - Statement - If (item.getText().equals(NombreServicio)): null

2018-10-29 08:35:18 - [TEST_STEP][PASSED] - Statement - If (item.getText().equals(NombreServicio)): null

2018-10-29 08:35:18 - [TEST_STEP][PASSED] - Statement - If (item.getText().equals(NombreServicio)): null

2018-10-29 08:35:18 - [TEST_STEP][PASSED] - Statement - If (item.getText().equals(NombreServicio)): null

2018-10-29 08:35:18 - [TEST_STEP][PASSED] - Statement - If (item.getText().equals(NombreServicio)): null

2018-10-29 08:35:18 - [TEST_STEP][PASSED] - Statement - If (item.getText().equals(NombreServicio)): null

2018-10-29 08:35:18 - [TEST_STEP][PASSED] - Statement - If (item.getText().equals(NombreServicio)): null

2018-10-29 08:35:18 - [TEST_STEP][PASSED] - Statement - If (item.getText().equals(NombreServicio)): null

2018-10-29 08:35:18 - [TEST_STEP][PASSED] - Statement - If (item.getText().equals(NombreServicio)): null

2018-10-29 08:35:18 - [TEST_STEP][PASSED] - Statement - If (item.getText().equals(NombreServicio)): null

2018-10-29 08:35:18 - [TEST_STEP][PASSED] - Statement - If (item.getText().equals(NombreServicio)): null

2018-10-29 08:35:18 - [TEST_STEP][PASSED] - Statement - If (item.getText().equals(NombreServicio)): null

2018-10-29 08:35:18 - [TEST_STEP][PASSED] - Statement - If (item.getText().equals(NombreServicio)): null

2018-10-29 08:35:18 - [TEST_STEP][PASSED] - Statement - If (item.getText().equals(NombreServicio)): null

2018-10-29 08:35:18 - [TEST_STEP][PASSED] - Statement - If (item.getText().equals(NombreServicio)): null

2018-10-29 08:35:18 - [TEST_STEP][PASSED] - Statement - If (item.getText().equals(NombreServicio)): null

2018-10-29 08:35:19 - [TEST_STEP][PASSED] - Statement - If (item.getText().equals(NombreServicio)): null

2018-10-29 08:35:19 - [TEST_STEP][PASSED] - Statement - If (item.getText().equals(NombreServicio)): null

2018-10-29 08:35:19 - [TEST_STEP][PASSED] - Statement - If (item.getText().equals(NombreServicio)): null

2018-10-29 08:35:19 - [TEST_STEP][PASSED] - Statement - If (item.getText().equals(NombreServicio)): null

2018-10-29 08:35:19 - [TEST_STEP][PASSED] - Statement - If (item.getText().equals(NombreServicio)): null

2018-10-29 08:35:19 - [TEST_STEP][PASSED] - Statement - If (item.getText().equals(NombreServicio)): null

2018-10-29 08:35:19 - [TEST_STEP][PASSED] - Statement - If (item.getText().equals(NombreServicio)): null

2018-10-29 08:35:19 - [TEST_STEP][PASSED] - Statement - If (item.getText().equals(NombreServicio)): null

2018-10-29 08:35:19 - [TEST_STEP][PASSED] - Statement - If (item.getText().equals(NombreServicio)): null

2018-10-29 08:35:19 - [TEST_STEP][PASSED] - Statement - If (item.getText().equals(NombreServicio)): null

2018-10-29 08:35:19 - [TEST_STEP][PASSED] - Statement - If (item.getText().equals(NombreServicio)): null

2018-10-29 08:35:19 - [TEST_STEP][PASSED] - Statement - If (item.getText().equals(NombreServicio)): null

2018-10-29 08:35:19 - [TEST_STEP][PASSED] - Statement - If (item.getText().equals(NombreServicio)): null

2018-10-29 08:35:19 - [TEST_STEP][PASSED] - Statement - If (item.getText().equals(NombreServicio)): null

2018-10-29 08:35:19 - [TEST_STEP][PASSED] - Statement - If (item.getText().equals(NombreServicio)): null

2018-10-29 08:35:19 - [TEST_STEP][PASSED] - Statement - If (item.getText().equals(NombreServicio)): null

2018-10-29 08:35:19 - [TEST_STEP][PASSED] - Statement - If (item.getText().equals(NombreServicio)): null

2018-10-29 08:35:19 - [TEST_STEP][PASSED] - Statement - If (item.getText().equals(NombreServicio)): null

2018-10-29 08:35:19 - [TEST_STEP][PASSED] - Statement - If (item.getText().equals(NombreServicio)): null

2018-10-29 08:35:19 - [TEST_STEP][PASSED] - Statement - If (item.getText().equals(NombreServicio)): null

2018-10-29 08:35:19 - [TEST_STEP][PASSED] - Statement - If (item.getText().equals(NombreServicio)): null

2018-10-29 08:35:19 - [TEST_STEP][PASSED] - Statement - If (item.getText().equals(NombreServicio)): null

2018-10-29 08:35:19 - [TEST_STEP][PASSED] - Statement - If (item.getText().equals(NombreServicio)): null

2018-10-29 08:35:19 - [TEST_STEP][PASSED] - Statement - If (item.getText().equals(NombreServicio)): null

2018-10-29 08:35:19 - [TEST_STEP][PASSED] - Statement - If (item.getText().equals(NombreServicio)): null

2018-10-29 08:35:19 - [TEST_STEP][PASSED] - Statement - If (item.getText().equals(NombreServicio)): null

2018-10-29 08:35:19 - [TEST_STEP][PASSED] - Statement - If (item.getText().equals(NombreServicio)): null

2018-10-29 08:35:19 - [TEST_STEP][PASSED] - Statement - If (item.getText().equals(NombreServicio)): null

2018-10-29 08:35:20 - [TEST_STEP][PASSED] - Statement - If (item.getText().equals(NombreServicio)): null

2018-10-29 08:35:20 - [TEST_STEP][PASSED] - Statement - If (item.getText().equals(NombreServicio)): null

2018-10-29 08:35:20 - [TEST_STEP][PASSED] - Statement - If (item.getText().equals(NombreServicio)): null

2018-10-29 08:35:20 - [TEST_STEP][PASSED] - Statement - If (item.getText().equals(NombreServicio)): null

2018-10-29 08:35:20 - [TEST_STEP][PASSED] - Statement - If (item.getText().equals(NombreServicio)): null

2018-10-29 08:35:20 - [TEST_STEP][PASSED] - Statement - If (item.getText().equals(NombreServicio)): null

2018-10-29 08:35:20 - [TEST_STEP][PASSED] - Statement - If (item.getText().equals(NombreServicio)): null

2018-10-29 08:35:20 - [TEST_STEP][PASSED] - Statement - If (item.getText().equals(NombreServicio)): null

2018-10-29 08:35:20 - [TEST_STEP][PASSED] - Statement - If (item.getText().equals(NombreServicio)): null

2018-10-29 08:35:20 - [TEST_STEP][PASSED] - Statement - If (item.getText().equals(NombreServicio)): null

2018-10-29 08:35:20 - [TEST_STEP][PASSED] - Statement - If (item.getText().equals(NombreServicio)): null

2018-10-29 08:35:20 - [TEST_STEP][PASSED] - Statement - If (item.getText().equals(NombreServicio)): null

2018-10-29 08:35:20 - [TEST_STEP][PASSED] - Statement - If (item.getText().equals(NombreServicio)): null

2018-10-29 08:35:20 - [TEST_STEP][PASSED] - Statement - If (item.getText().equals(NombreServicio)): null

2018-10-29 08:35:20 - [TEST_STEP][PASSED] - Statement - If (item.getText().equals(NombreServicio)): null

2018-10-29 08:35:20 - [TEST_STEP][PASSED] - Statement - If (item.getText().equals(NombreServicio)): null

2018-10-29 08:35:20 - [TEST_STEP][PASSED] - Statement - If (item.getText().equals(NombreServicio)): null

2018-10-29 08:35:20 - [TEST_STEP][PASSED] - Statement - If (item.getText().equals(NombreServicio)): null

2018-10-29 08:35:20 - [TEST_STEP][PASSED] - Statement - If (item.getText().equals(NombreServicio)): null

2018-10-29 08:35:20 - [TEST_STEP][PASSED] - Statement - If (item.getText().equals(NombreServicio)): null

2018-10-29 08:35:20 - [TEST_STEP][PASSED] - Statement - If (item.getText().equals(NombreServicio)): null

2018-10-29 08:35:20 - [TEST_STEP][PASSED] - Statement - If (item.getText().equals(NombreServicio)): null

2018-10-29 08:35:20 - [TEST_STEP][PASSED] - Statement - If (item.getText().equals(NombreServicio)): null

2018-10-29 08:35:20 - [TEST_STEP][PASSED] - Statement - If (item.getText().equals(NombreServicio)): null

2018-10-29 08:35:20 - [TEST_STEP][PASSED] - Statement - If (item.getText().equals(NombreServicio)): null

2018-10-29 08:35:20 - [TEST_STEP][PASSED] - Statement - If (item.getText().equals(NombreServicio)): null

2018-10-29 08:35:20 - [TEST_STEP][PASSED] - Statement - If (item.getText().equals(NombreServicio)): null

2018-10-29 08:35:21 - [TEST_STEP][PASSED] - Statement - If (item.getText().equals(NombreServicio)): null

2018-10-29 08:35:21 - [TEST_STEP][PASSED] - Statement - If (item.getText().equals(NombreServicio)): null

2018-10-29 08:35:21 - [TEST_STEP][PASSED] - Statement - If (item.getText().equals(NombreServicio)): null

2018-10-29 08:35:21 - [TEST_STEP][PASSED] - Statement - If (item.getText().equals(NombreServicio)): null

2018-10-29 08:35:21 - [TEST_STEP][PASSED] - Statement - If (item.getText().equals(NombreServicio)): null

2018-10-29 08:35:21 - [TEST_STEP][PASSED] - Statement - If (item.getText().equals(NombreServicio)): null

2018-10-29 08:35:21 - [TEST_STEP][PASSED] - Statement - If (item.getText().equals(NombreServicio)): null

2018-10-29 08:35:21 - [TEST_STEP][PASSED] - Statement - If (item.getText().equals(NombreServicio)): null

2018-10-29 08:35:21 - [TEST_STEP][PASSED] - Statement - If (item.getText().equals(NombreServicio)): null

2018-10-29 08:35:21 - [TEST_STEP][PASSED] - Statement - If (item.getText().equals(NombreServicio)): null

2018-10-29 08:35:21 - [TEST_STEP][PASSED] - Statement - If (item.getText().equals(NombreServicio)): null

2018-10-29 08:35:21 - [TEST_STEP][PASSED] - Statement - If (item.getText().equals(NombreServicio)): null

2018-10-29 08:35:21 - [TEST_STEP][PASSED] - Statement - If (item.getText().equals(NombreServicio)): null

2018-10-29 08:35:21 - [TEST_STEP][PASSED] - Statement - If (item.getText().equals(NombreServicio)): null

2018-10-29 08:35:21 - [TEST_STEP][PASSED] - Statement - If (item.getText().equals(NombreServicio)): null

2018-10-29 08:35:21 - [TEST_STEP][PASSED] - Statement - If (item.getText().equals(NombreServicio)): null

2018-10-29 08:35:21 - [TEST_STEP][PASSED] - Statement - If (item.getText().equals(NombreServicio)): null

2018-10-29 08:35:21 - [TEST_STEP][PASSED] - Statement - If (item.getText().equals(NombreServicio)): null

2018-10-29 08:35:21 - [TEST_STEP][PASSED] - Statement - If (item.getText().equals(NombreServicio)): null

2018-10-29 08:35:21 - [TEST_STEP][PASSED] - Statement - If (item.getText().equals(NombreServicio)): null

2018-10-29 08:35:21 - [TEST_STEP][PASSED] - Statement - If (item.getText().equals(NombreServicio)): null

2018-10-29 08:35:21 - [TEST_STEP][PASSED] - Statement - If (item.getText().equals(NombreServicio)): null

2018-10-29 08:35:21 - [TEST_STEP][PASSED] - Statement - If (item.getText().equals(NombreServicio)): null

2018-10-29 08:35:21 - [TEST_STEP][PASSED] - Statement - If (item.getText().equals(NombreServicio)): null

2018-10-29 08:35:21 - [TEST_STEP][PASSED] - Statement - If (item.getText().equals(NombreServicio)): null

2018-10-29 08:35:21 - [TEST_STEP][PASSED] - Statement - If (item.getText().equals(NombreServicio)): null

2018-10-29 08:35:22 - [TEST_STEP][PASSED] - Statement - If (item.getText().equals(NombreServicio)): null

2018-10-29 08:35:22 - [TEST_STEP][PASSED] - Statement - If (item.getText().equals(NombreServicio)): null

2018-10-29 08:35:22 - [TEST_STEP][PASSED] - Statement - If (item.getText().equals(NombreServicio)): null

2018-10-29 08:35:22 - [TEST_STEP][PASSED] - Statement - If (item.getText().equals(NombreServicio)): null

2018-10-29 08:35:22 - [TEST_STEP][PASSED] - Statement - If (item.getText().equals(NombreServicio)): null

2018-10-29 08:35:22 - [TEST_STEP][PASSED] - Statement - If (item.getText().equals(NombreServicio)): null

2018-10-29 08:35:22 - [TEST_STEP][PASSED] - Statement - item.click(): null

2018-10-29 08:35:22 - [TEST_STEP][PASSED] - Statement - return true: null

2018-10-29 08:35:22 - [TEST_STEP][PASSED] - Statement - verifyIsGenesisCoberturaOpen(): null

2018-10-29 08:35:22 - [TEST_STEP][PASSED] - Statement - Try: Object 'Object Repository/Servicio/input_Prestaciones' is clickable

2018-10-29 08:35:22 - [TEST_STEP][PASSED] - Statement - java.lang.Thread.sleep(3000): null

2018-10-29 08:35:25 - [TEST_STEP][PASSED] - waitForElementClickable: Object 'Object Repository/Servicio/input_Prestaciones' is clickable

2018-10-29 08:35:25 - [MESSAGE][PASSED] - Object 'Object Repository/Servicio/input_Prestaciones' is clickable

2018-10-29 08:35:25 - [TEST_STEP][PASSED] - setText: Text '250102' is set on object 'Object Repository/Servicio/input_Prestaciones'

2018-10-29 08:35:25 - [MESSAGE][PASSED] - Text '250102' is set on object 'Object Repository/Servicio/input_Prestaciones'

2018-10-29 08:35:25 - [TEST_STEP][PASSED] - Statement - selectOptionAutocomplete(): null

2018-10-29 08:35:25 - [TEST_STEP][PASSED] - Statement - java.lang.Thread.sleep(5000): null

2018-10-29 08:35:30 - [TEST_STEP][PASSED] - Statement - to = com.kms.katalon.core.testobject.ObjectRepository.findTestObject(Servicio/autocomplete_input): Finding Test Object with id 'Object Repository/Servicio/iframe_Genesis Cobertura'

2018-10-29 08:35:30 - [TEST_STEP][PASSED] - click: Object: 'Object Repository/Servicio/autocomplete_input' is clicked on

2018-10-29 08:35:31 - [MESSAGE][PASSED] - Object: 'Object Repository/Servicio/autocomplete_input' is clicked on

2018-10-29 08:35:31 - [TEST_STEP][PASSED] - selectOptionByValue: All options with value 'A' are selected in object 'Object Repository/Servicio/select_Contexto' 

2018-10-29 08:35:31 - [MESSAGE][PASSED] - All options with value 'A' are selected in object 'Object Repository/Servicio/select_Contexto' 

2018-10-29 08:35:31 - [TEST_STEP][PASSED] - click: Object: 'Object Repository/Servicio/div_Prestador' is clicked on

2018-10-29 08:35:31 - [MESSAGE][PASSED] - Object: 'Object Repository/Servicio/div_Prestador' is clicked on

2018-10-29 08:35:31 - [TEST_STEP][PASSED] - waitForElementClickable: Object 'Object Repository/Servicio/select_Filial_Prestador' is clickable

2018-10-29 08:35:31 - [MESSAGE][PASSED] - Object 'Object Repository/Servicio/select_Filial_Prestador' is clickable

2018-10-29 08:35:31 - [TEST_STEP][PASSED] - selectOptionByValue: All options with value '23' are selected in object 'Object Repository/Servicio/select_Filial_Prestador' 

2018-10-29 08:35:31 - [MESSAGE][PASSED] - All options with value '23' are selected in object 'Object Repository/Servicio/select_Filial_Prestador' 

2018-10-29 08:35:31 - [TEST_STEP][PASSED] - Statement - java.lang.Thread.sleep(2000): null

2018-10-29 08:35:33 - [TEST_STEP][PASSED] - waitForElementClickable: Object 'Object Repository/Servicio/select_Filial_Prestador' is clickable

2018-10-29 08:35:34 - [MESSAGE][PASSED] - Object 'Object Repository/Servicio/select_Filial_Prestador' is clickable

2018-10-29 08:35:34 - [TEST_STEP][PASSED] - click: Object: 'Object Repository/Servicio/input_Prestador' is clicked on

2018-10-29 08:35:34 - [MESSAGE][PASSED] - Object: 'Object Repository/Servicio/input_Prestador' is clicked on

2018-10-29 08:35:34 - [TEST_STEP][PASSED] - clearText: Text of object 'Object Repository/Servicio/input_Prestador' is cleared

2018-10-29 08:35:34 - [MESSAGE][PASSED] - Text of object 'Object Repository/Servicio/input_Prestador' is cleared

2018-10-29 08:35:34 - [TEST_STEP][PASSED] - sendKeys: Keys 'ARROYOS' sent to object: 'Object Repository/Servicio/input_Prestador'

2018-10-29 08:35:34 - [MESSAGE][PASSED] - Keys 'ARROYOS' sent to object: 'Object Repository/Servicio/input_Prestador'

2018-10-29 08:35:34 - [TEST_STEP][PASSED] - Statement - java.lang.Thread.sleep(2000): null

2018-10-29 08:35:36 - [TEST_STEP][PASSED] - click: Object: 'Object Repository/Servicio/autocomplete_inputPrestador' is clicked on

2018-10-29 08:35:36 - [MESSAGE][PASSED] - Object: 'Object Repository/Servicio/autocomplete_inputPrestador' is clicked on

2018-10-29 08:35:36 - [TEST_STEP][PASSED] - click: Object: 'Object Repository/Servicio/btnBuscar' is clicked on

2018-10-29 08:35:37 - [MESSAGE][PASSED] - Object: 'Object Repository/Servicio/btnBuscar' is clicked on

2018-10-29 08:35:37 - [TEST_STEP][PASSED] - waitForElementPresent: Object 'Object Repository/Servicio/div_Listado' is present

2018-10-29 08:35:37 - [MESSAGE][PASSED] - Object 'Object Repository/Servicio/div_Listado' is present

2018-10-29 08:35:37 - [TEST_STEP][PASSED] - click: Object: 'Object Repository/Servicio/check_ResultadoListado' is clicked on

2018-10-29 08:35:42 - [MESSAGE][PASSED] - Object: 'Object Repository/Servicio/check_ResultadoListado' is clicked on

2018-10-29 08:35:42 - [TEST_STEP][PASSED] - click: Object: 'Object Repository/Servicio/btnRegistrar' is clicked on

2018-10-29 08:35:42 - [MESSAGE][PASSED] - Object: 'Object Repository/Servicio/btnRegistrar' is clicked on

2018-10-29 08:35:42 - [TEST_STEP][PASSED] - waitForElementClickable: Object 'Object Repository/Servicio/btnCerrarZona' is clickable

2018-10-29 08:35:43 - [MESSAGE][PASSED] - Object 'Object Repository/Servicio/btnCerrarZona' is clickable

2018-10-29 08:35:43 - [TEST_STEP][PASSED] - Statement - java.lang.Thread.sleep(3000): null

2018-10-29 08:35:46 - [TEST_STEP][PASSED] - click: Object: 'Object Repository/Servicio/btnCerrarZona' is clicked on

2018-10-29 08:35:46 - [MESSAGE][PASSED] - Object: 'Object Repository/Servicio/btnCerrarZona' is clicked on

2018-10-29 08:35:46 - [TEST_STEP][PASSED] - Statement - java.lang.Thread.sleep(2000): null

2018-10-29 08:35:48 - [TEST_STEP][PASSED] - click: Object: 'Object Repository/Servicio/btnEnviarCorreo' is clicked on

2018-10-29 08:35:48 - [MESSAGE][PASSED] - Object: 'Object Repository/Servicio/btnEnviarCorreo' is clicked on

2018-10-29 08:35:48 - [TEST_STEP][PASSED] - waitForElementPresent: Object 'Object Repository/Servicio/input_Correo' is present

2018-10-29 08:35:48 - [MESSAGE][PASSED] - Object 'Object Repository/Servicio/input_Correo' is present

2018-10-29 08:35:48 - [TEST_STEP][PASSED] - sendKeys: Keys 'ntedesco@sms-latam.com' sent to object: 'Object Repository/Servicio/input_Correo'

2018-10-29 08:35:49 - [MESSAGE][PASSED] - Keys 'ntedesco@sms-latam.com' sent to object: 'Object Repository/Servicio/input_Correo'

2018-10-29 08:35:49 - [TEST_STEP][PASSED] - click: Object: 'Object Repository/Servicio/btnEnviarZona' is clicked on

2018-10-29 08:35:49 - [MESSAGE][PASSED] - Object: 'Object Repository/Servicio/btnEnviarZona' is clicked on

2018-10-29 08:35:49 - [TEST_STEP][PASSED] - Statement - java.lang.Thread.sleep(3000): null

2018-10-29 08:35:52 - [TEST_STEP][PASSED] - waitForElementClickable: Object 'Object Repository/Servicio/btnImprimir' is clickable

2018-10-29 08:35:52 - [MESSAGE][PASSED] - Object 'Object Repository/Servicio/btnImprimir' is clickable

2018-10-29 08:35:52 - [TEST_STEP][PASSED] - click: Object: 'Object Repository/Servicio/btnImprimir' is clicked on

2018-10-29 08:35:52 - [MESSAGE][PASSED] - Object: 'Object Repository/Servicio/btnImprimir' is clicked on

2018-10-29 08:35:52 - [TEST_STEP][PASSED] - waitForElementClickable: Object 'Object Repository/Servicio/btnCerrarPopUpPdfPrestador' is clickable

2018-10-29 08:35:53 - [MESSAGE][PASSED] - Object 'Object Repository/Servicio/btnCerrarPopUpPdfPrestador' is clickable

2018-10-29 08:35:53 - [TEST_STEP][PASSED] - Statement - java.lang.Thread.sleep(3000): null

2018-10-29 08:35:56 - [TEST_STEP][PASSED] - click: Object: 'Object Repository/Servicio/btnCerrarPopUpPdfZona' is clicked on

2018-10-29 08:35:56 - [MESSAGE][PASSED] - Object: 'Object Repository/Servicio/btnCerrarPopUpPdfZona' is clicked on

2018-10-29 08:35:56 - [TEST_STEP][PASSED] - waitForElementClickable: Object 'Object Repository/Servicio/div_InfoPrestacion' is clickable

2018-10-29 08:35:56 - [MESSAGE][PASSED] - Object 'Object Repository/Servicio/div_InfoPrestacion' is clickable

2018-10-29 08:35:56 - [TEST_STEP][PASSED] - Statement - java.lang.Thread.sleep(2000): null

2018-10-29 08:35:58 - [TEST_STEP][PASSED] - click: Object: 'Object Repository/Servicio/div_InfoPrestacion' is clicked on

2018-10-29 08:35:58 - [MESSAGE][PASSED] - Object: 'Object Repository/Servicio/div_InfoPrestacion' is clicked on

2018-10-29 08:35:58 - [TEST_STEP][PASSED] - waitForElementClickable: Object 'Object Repository/Servicio/span_InfoPrestacion' is clickable

2018-10-29 08:35:58 - [MESSAGE][PASSED] - Object 'Object Repository/Servicio/span_InfoPrestacion' is clickable

2018-10-29 08:35:58 - [TEST_STEP][FAILED] - click: Unable to click on object 'Object Repository/Servicio/span_InfoPrestacion' (Root cause: org.openqa.selenium.ElementNotVisibleException: element not visible
  (Session info: chrome=69.0.3497.100)
  (Driver info: chromedriver=2.35.528161 (5b82f2d2aae0ca24b877009200ced9065a772e73),platform=Windows NT 10.0.15063 x86_64) (WARNING: The server did not provide any stacktrace information)
Command duration or timeout: 0 milliseconds
Build info: version: '3.7.1', revision: '8a0099a', time: '2017-11-06T21:07:36.161Z'
System info: host: 'SMSL044', ip: '192.168.252.2', os.name: 'Windows 10', os.arch: 'x86', os.version: '10.0', java.version: '1.8.0_181'
Driver info: com.kms.katalon.selenium.driver.CChromeDriver
Capabilities {acceptInsecureCerts: false, acceptSslCerts: false, applicationCacheEnabled: false, browserConnectionEnabled: false, browserName: chrome, chrome: {chromedriverVersion: 2.35.528161 (5b82f2d2aae0ca..., userDataDir: C:\Users\ntedesco\AppData\L...}, cssSelectorsEnabled: true, databaseEnabled: false, handlesAlerts: true, hasTouchScreen: false, javascriptEnabled: true, locationContextEnabled: true, mobileEmulationEnabled: false, nativeEvents: true, networkConnectionEnabled: false, pageLoadStrategy: normal, platform: XP, platformName: XP, rotatable: false, setWindowRect: true, takesHeapSnapshot: true, takesScreenshot: true, unexpectedAlertBehaviour: , unhandledPromptBehavior: , version: 69.0.3497.100, webStorageEnabled: true}
Session ID: 62ea0e1b081354b0ca9868746b04c627)

2018-10-29 08:35:59 - [MESSAGE][FAILED] - Unable to click on object 'Object Repository/Servicio/span_InfoPrestacion' (Root cause: org.openqa.selenium.ElementNotVisibleException: element not visible
  (Session info: chrome=69.0.3497.100)
  (Driver info: chromedriver=2.35.528161 (5b82f2d2aae0ca24b877009200ced9065a772e73),platform=Windows NT 10.0.15063 x86_64) (WARNING: The server did not provide any stacktrace information)
Command duration or timeout: 0 milliseconds
Build info: version: '3.7.1', revision: '8a0099a', time: '2017-11-06T21:07:36.161Z'
System info: host: 'SMSL044', ip: '192.168.252.2', os.name: 'Windows 10', os.arch: 'x86', os.version: '10.0', java.version: '1.8.0_181'
Driver info: com.kms.katalon.selenium.driver.CChromeDriver
Capabilities {acceptInsecureCerts: false, acceptSslCerts: false, applicationCacheEnabled: false, browserConnectionEnabled: false, browserName: chrome, chrome: {chromedriverVersion: 2.35.528161 (5b82f2d2aae0ca..., userDataDir: C:\Users\ntedesco\AppData\L...}, cssSelectorsEnabled: true, databaseEnabled: false, handlesAlerts: true, hasTouchScreen: false, javascriptEnabled: true, locationContextEnabled: true, mobileEmulationEnabled: false, nativeEvents: true, networkConnectionEnabled: false, pageLoadStrategy: normal, platform: XP, platformName: XP, rotatable: false, setWindowRect: true, takesHeapSnapshot: true, takesScreenshot: true, unexpectedAlertBehaviour: , unhandledPromptBehavior: , version: 69.0.3497.100, webStorageEnabled: true}
Session ID: 62ea0e1b081354b0ca9868746b04c627)
[[ATTACHMENT|C:\\Users\\ntedesco\\Katalon Studio\\GenesisCobertura\\Reports\\Prestaciones\\20181029_083108\\1540812959095.png]]]]></system-out>
         <system-err><![CDATA[2018-10-29 08:34:39 - [TEST_CASE][FAILED] - Test Cases/Test Buscar Prestadores - Prestador: Test Cases/Test Buscar Prestadores - Prestador FAILED because (of) (Stack trace: com.kms.katalon.core.exception.StepFailedException: Unable to click on object 'Object Repository/Servicio/span_InfoPrestacion' (Root cause: org.openqa.selenium.ElementNotVisibleException: element not visible
  (Session info: chrome=69.0.3497.100)
  (Driver info: chromedriver=2.35.528161 (5b82f2d2aae0ca24b877009200ced9065a772e73),platform=Windows NT 10.0.15063 x86_64) (WARNING: The server did not provide any stacktrace information)
Command duration or timeout: 0 milliseconds
Build info: version: '3.7.1', revision: '8a0099a', time: '2017-11-06T21:07:36.161Z'
System info: host: 'SMSL044', ip: '192.168.252.2', os.name: 'Windows 10', os.arch: 'x86', os.version: '10.0', java.version: '1.8.0_181'
Driver info: com.kms.katalon.selenium.driver.CChromeDriver
Capabilities {acceptInsecureCerts: false, acceptSslCerts: false, applicationCacheEnabled: false, browserConnectionEnabled: false, browserName: chrome, chrome: {chromedriverVersion: 2.35.528161 (5b82f2d2aae0ca..., userDataDir: C:\Users\ntedesco\AppData\L...}, cssSelectorsEnabled: true, databaseEnabled: false, handlesAlerts: true, hasTouchScreen: false, javascriptEnabled: true, locationContextEnabled: true, mobileEmulationEnabled: false, nativeEvents: true, networkConnectionEnabled: false, pageLoadStrategy: normal, platform: XP, platformName: XP, rotatable: false, setWindowRect: true, takesHeapSnapshot: true, takesScreenshot: true, unexpectedAlertBehaviour: , unhandledPromptBehavior: , version: 69.0.3497.100, webStorageEnabled: true}
Session ID: 62ea0e1b081354b0ca9868746b04c627)
	at com.kms.katalon.core.keyword.internal.KeywordMain.stepFailed(KeywordMain.groovy:36)
	at com.kms.katalon.core.webui.keyword.internal.WebUIKeywordMain.stepFailed(WebUIKeywordMain.groovy:65)
	at com.kms.katalon.core.webui.keyword.internal.WebUIKeywordMain.runKeyword(WebUIKeywordMain.groovy:27)
	at com.kms.katalon.core.webui.keyword.builtin.ClickKeyword.click(ClickKeyword.groovy:86)
	at com.kms.katalon.core.webui.keyword.builtin.ClickKeyword.execute(ClickKeyword.groovy:67)
	at com.kms.katalon.core.keyword.internal.KeywordExecutor.executeKeywordForPlatform(KeywordExecutor.groovy:53)
	at com.kms.katalon.core.webui.keyword.WebUiBuiltInKeywords.click(WebUiBuiltInKeywords.groovy:616)
	at com.kms.katalon.core.webui.keyword.WebUiBuiltInKeywords$click$4.call(Unknown Source)
	at org.codehaus.groovy.runtime.callsite.CallSiteArray.defaultCall(CallSiteArray.java:48)
	at org.codehaus.groovy.runtime.callsite.AbstractCallSite.call(AbstractCallSite.java:113)
	at org.codehaus.groovy.runtime.callsite.AbstractCallSite.call(AbstractCallSite.java:125)
	at Script1540558116406.run(Script1540558116406.groovy:149)
	at com.kms.katalon.core.main.ScriptEngine.run(ScriptEngine.java:183)
	at com.kms.katalon.core.main.ScriptEngine.runScriptAsRawText(ScriptEngine.java:108)
	at com.kms.katalon.core.main.TestCaseExecutor.runScript(TestCaseExecutor.java:294)
	at com.kms.katalon.core.main.TestCaseExecutor.doExecute(TestCaseExecutor.java:285)
	at com.kms.katalon.core.main.TestCaseExecutor.processExecutionPhase(TestCaseExecutor.java:264)
	at com.kms.katalon.core.main.TestCaseExecutor.accessMainPhase(TestCaseExecutor.java:256)
	at com.kms.katalon.core.main.TestCaseExecutor.execute(TestCaseExecutor.java:200)
	at com.kms.katalon.core.main.TestSuiteExecutor.accessTestCaseMainPhase(TestSuiteExecutor.java:129)
	at com.kms.katalon.core.main.TestSuiteExecutor.accessTestSuiteMainPhase(TestSuiteExecutor.java:112)
	at com.kms.katalon.core.main.TestSuiteExecutor.execute(TestSuiteExecutor.java:81)
	at com.kms.katalon.core.main.TestCaseMain.startTestSuite(TestCaseMain.java:142)
	at com.kms.katalon.core.main.TestCaseMain$startTestSuite$0.call(Unknown Source)
	at org.codehaus.groovy.runtime.callsite.CallSiteArray.defaultCall(CallSiteArray.java:48)
	at org.codehaus.groovy.runtime.callsite.AbstractCallSite.call(AbstractCallSite.java:113)
	at org.codehaus.groovy.runtime.callsite.AbstractCallSite.call(AbstractCallSite.java:141)
	at TempTestSuite1540812673487.run(TempTestSuite1540812673487.groovy:36)
	at groovy.lang.GroovyShell.runScriptOrMainOrTestOrRunnable(GroovyShell.java:263)
	at groovy.lang.GroovyShell.run(GroovyShell.java:518)
	at groovy.lang.GroovyShell.run(GroovyShell.java:507)
	at groovy.ui.GroovyMain.processOnce(GroovyMain.java:653)
	at groovy.ui.GroovyMain.run(GroovyMain.java:384)
	at groovy.ui.GroovyMain.process(GroovyMain.java:370)
	at groovy.ui.GroovyMain.processArgs(GroovyMain.java:129)
	at groovy.ui.GroovyMain.main(GroovyMain.java:109)
	at sun.reflect.NativeMethodAccessorImpl.invoke0(Native Method)
	at sun.reflect.NativeMethodAccessorImpl.invoke(NativeMethodAccessorImpl.java:62)
	at sun.reflect.DelegatingMethodAccessorImpl.invoke(DelegatingMethodAccessorImpl.java:43)
	at java.lang.reflect.Method.invoke(Method.java:498)
	at org.codehaus.groovy.tools.GroovyStarter.rootLoader(GroovyStarter.java:109)
	at org.codehaus.groovy.tools.GroovyStarter.main(GroovyStarter.java:131)
)]]></system-err>
      </testcase>
      <system-out><![CDATA[2018-10-29 08:31:16 - [TEST_SUITE][FAILED] - Prestaciones: Test Cases/Test Buscar Prestadores - Domicilio FAILED because (of) (Stack trace: com.kms.katalon.core.exception.StepFailedException: Unable to click on object 'Object Repository/Servicio/btnCerrarPopUpPdf' (Root cause: org.openqa.selenium.ElementNotVisibleException: element not visible
  (Session info: chrome=69.0.3497.100)
  (Driver info: chromedriver=2.35.528161 (5b82f2d2aae0ca24b877009200ced9065a772e73),platform=Windows NT 10.0.15063 x86_64) (WARNING: The server did not provide any stacktrace information)
Command duration or timeout: 0 milliseconds
Build info: version: '3.7.1', revision: '8a0099a', time: '2017-11-06T21:07:36.161Z'
System info: host: 'SMSL044', ip: '192.168.252.2', os.name: 'Windows 10', os.arch: 'x86', os.version: '10.0', java.version: '1.8.0_181'
Driver info: com.kms.katalon.selenium.driver.CChromeDriver
Capabilities {acceptInsecureCerts: false, acceptSslCerts: false, applicationCacheEnabled: false, browserConnectionEnabled: false, browserName: chrome, chrome: {chromedriverVersion: 2.35.528161 (5b82f2d2aae0ca..., userDataDir: C:\Users\ntedesco\AppData\L...}, cssSelectorsEnabled: true, databaseEnabled: false, handlesAlerts: true, hasTouchScreen: false, javascriptEnabled: true, locationContextEnabled: true, mobileEmulationEnabled: false, nativeEvents: true, networkConnectionEnabled: false, pageLoadStrategy: normal, platform: XP, platformName: XP, rotatable: false, setWindowRect: true, takesHeapSnapshot: true, takesScreenshot: true, unexpectedAlertBehaviour: , unhandledPromptBehavior: , version: 69.0.3497.100, webStorageEnabled: true}
Session ID: 2d94a2bdb4e559fb23bf40291fa4524b)
	at com.kms.katalon.core.keyword.internal.KeywordMain.stepFailed(KeywordMain.groovy:36)
	at com.kms.katalon.core.webui.keyword.internal.WebUIKeywordMain.stepFailed(WebUIKeywordMain.groovy:65)
	at com.kms.katalon.core.webui.keyword.internal.WebUIKeywordMain.runKeyword(WebUIKeywordMain.groovy:27)
	at com.kms.katalon.core.webui.keyword.builtin.ClickKeyword.click(ClickKeyword.groovy:86)
	at com.kms.katalon.core.webui.keyword.builtin.ClickKeyword.execute(ClickKeyword.groovy:67)
	at com.kms.katalon.core.keyword.internal.KeywordExecutor.executeKeywordForPlatform(KeywordExecutor.groovy:53)
	at com.kms.katalon.core.webui.keyword.WebUiBuiltInKeywords.click(WebUiBuiltInKeywords.groovy:616)
	at com.kms.katalon.core.webui.keyword.WebUiBuiltInKeywords$click$4.call(Unknown Source)
	at org.codehaus.groovy.runtime.callsite.CallSiteArray.defaultCall(CallSiteArray.java:48)
	at org.codehaus.groovy.runtime.callsite.AbstractCallSite.call(AbstractCallSite.java:113)
	at org.codehaus.groovy.runtime.callsite.AbstractCallSite.call(AbstractCallSite.java:125)
	at Script1539956596293.run(Script1539956596293.groovy:143)
	at com.kms.katalon.core.main.ScriptEngine.run(ScriptEngine.java:183)
	at com.kms.katalon.core.main.ScriptEngine.runScriptAsRawText(ScriptEngine.java:108)
	at com.kms.katalon.core.main.TestCaseExecutor.runScript(TestCaseExecutor.java:294)
	at com.kms.katalon.core.main.TestCaseExecutor.doExecute(TestCaseExecutor.java:285)
	at com.kms.katalon.core.main.TestCaseExecutor.processExecutionPhase(TestCaseExecutor.java:264)
	at com.kms.katalon.core.main.TestCaseExecutor.accessMainPhase(TestCaseExecutor.java:256)
	at com.kms.katalon.core.main.TestCaseExecutor.execute(TestCaseExecutor.java:200)
	at com.kms.katalon.core.main.TestSuiteExecutor.accessTestCaseMainPhase(TestSuiteExecutor.java:129)
	at com.kms.katalon.core.main.TestSuiteExecutor.accessTestSuiteMainPhase(TestSuiteExecutor.java:112)
	at com.kms.katalon.core.main.TestSuiteExecutor.execute(TestSuiteExecutor.java:81)
	at com.kms.katalon.core.main.TestCaseMain.startTestSuite(TestCaseMain.java:142)
	at com.kms.katalon.core.main.TestCaseMain$startTestSuite$0.call(Unknown Source)
	at org.codehaus.groovy.runtime.callsite.CallSiteArray.defaultCall(CallSiteArray.java:48)
	at org.codehaus.groovy.runtime.callsite.AbstractCallSite.call(AbstractCallSite.java:113)
	at org.codehaus.groovy.runtime.callsite.AbstractCallSite.call(AbstractCallSite.java:141)
	at TempTestSuite1540812673487.run(TempTestSuite1540812673487.groovy:36)
	at groovy.lang.GroovyShell.runScriptOrMainOrTestOrRunnable(GroovyShell.java:263)
	at groovy.lang.GroovyShell.run(GroovyShell.java:518)
	at groovy.lang.GroovyShell.run(GroovyShell.java:507)
	at groovy.ui.GroovyMain.processOnce(GroovyMain.java:653)
	at groovy.ui.GroovyMain.run(GroovyMain.java:384)
	at groovy.ui.GroovyMain.process(GroovyMain.java:370)
	at groovy.ui.GroovyMain.processArgs(GroovyMain.java:129)
	at groovy.ui.GroovyMain.main(GroovyMain.java:109)
	at sun.reflect.NativeMethodAccessorImpl.invoke0(Native Method)
	at sun.reflect.NativeMethodAccessorImpl.invoke(NativeMethodAccessorImpl.java:62)
	at sun.reflect.DelegatingMethodAccessorImpl.invoke(DelegatingMethodAccessorImpl.java:43)
	at java.lang.reflect.Method.invoke(Method.java:498)
	at org.codehaus.groovy.tools.GroovyStarter.rootLoader(GroovyStarter.java:109)
	at org.codehaus.groovy.tools.GroovyStarter.main(GroovyStarter.java:131)
)]]></system-out>
      <system-err><![CDATA[2018-10-29 08:31:16 - [TEST_SUITE][FAILED] - Prestaciones: Test Cases/Test Buscar Prestadores - Domicilio FAILED because (of) (Stack trace: com.kms.katalon.core.exception.StepFailedException: Unable to click on object 'Object Repository/Servicio/btnCerrarPopUpPdf' (Root cause: org.openqa.selenium.ElementNotVisibleException: element not visible
  (Session info: chrome=69.0.3497.100)
  (Driver info: chromedriver=2.35.528161 (5b82f2d2aae0ca24b877009200ced9065a772e73),platform=Windows NT 10.0.15063 x86_64) (WARNING: The server did not provide any stacktrace information)
Command duration or timeout: 0 milliseconds
Build info: version: '3.7.1', revision: '8a0099a', time: '2017-11-06T21:07:36.161Z'
System info: host: 'SMSL044', ip: '192.168.252.2', os.name: 'Windows 10', os.arch: 'x86', os.version: '10.0', java.version: '1.8.0_181'
Driver info: com.kms.katalon.selenium.driver.CChromeDriver
Capabilities {acceptInsecureCerts: false, acceptSslCerts: false, applicationCacheEnabled: false, browserConnectionEnabled: false, browserName: chrome, chrome: {chromedriverVersion: 2.35.528161 (5b82f2d2aae0ca..., userDataDir: C:\Users\ntedesco\AppData\L...}, cssSelectorsEnabled: true, databaseEnabled: false, handlesAlerts: true, hasTouchScreen: false, javascriptEnabled: true, locationContextEnabled: true, mobileEmulationEnabled: false, nativeEvents: true, networkConnectionEnabled: false, pageLoadStrategy: normal, platform: XP, platformName: XP, rotatable: false, setWindowRect: true, takesHeapSnapshot: true, takesScreenshot: true, unexpectedAlertBehaviour: , unhandledPromptBehavior: , version: 69.0.3497.100, webStorageEnabled: true}
Session ID: 2d94a2bdb4e559fb23bf40291fa4524b)
	at com.kms.katalon.core.keyword.internal.KeywordMain.stepFailed(KeywordMain.groovy:36)
	at com.kms.katalon.core.webui.keyword.internal.WebUIKeywordMain.stepFailed(WebUIKeywordMain.groovy:65)
	at com.kms.katalon.core.webui.keyword.internal.WebUIKeywordMain.runKeyword(WebUIKeywordMain.groovy:27)
	at com.kms.katalon.core.webui.keyword.builtin.ClickKeyword.click(ClickKeyword.groovy:86)
	at com.kms.katalon.core.webui.keyword.builtin.ClickKeyword.execute(ClickKeyword.groovy:67)
	at com.kms.katalon.core.keyword.internal.KeywordExecutor.executeKeywordForPlatform(KeywordExecutor.groovy:53)
	at com.kms.katalon.core.webui.keyword.WebUiBuiltInKeywords.click(WebUiBuiltInKeywords.groovy:616)
	at com.kms.katalon.core.webui.keyword.WebUiBuiltInKeywords$click$4.call(Unknown Source)
	at org.codehaus.groovy.runtime.callsite.CallSiteArray.defaultCall(CallSiteArray.java:48)
	at org.codehaus.groovy.runtime.callsite.AbstractCallSite.call(AbstractCallSite.java:113)
	at org.codehaus.groovy.runtime.callsite.AbstractCallSite.call(AbstractCallSite.java:125)
	at Script1539956596293.run(Script1539956596293.groovy:143)
	at com.kms.katalon.core.main.ScriptEngine.run(ScriptEngine.java:183)
	at com.kms.katalon.core.main.ScriptEngine.runScriptAsRawText(ScriptEngine.java:108)
	at com.kms.katalon.core.main.TestCaseExecutor.runScript(TestCaseExecutor.java:294)
	at com.kms.katalon.core.main.TestCaseExecutor.doExecute(TestCaseExecutor.java:285)
	at com.kms.katalon.core.main.TestCaseExecutor.processExecutionPhase(TestCaseExecutor.java:264)
	at com.kms.katalon.core.main.TestCaseExecutor.accessMainPhase(TestCaseExecutor.java:256)
	at com.kms.katalon.core.main.TestCaseExecutor.execute(TestCaseExecutor.java:200)
	at com.kms.katalon.core.main.TestSuiteExecutor.accessTestCaseMainPhase(TestSuiteExecutor.java:129)
	at com.kms.katalon.core.main.TestSuiteExecutor.accessTestSuiteMainPhase(TestSuiteExecutor.java:112)
	at com.kms.katalon.core.main.TestSuiteExecutor.execute(TestSuiteExecutor.java:81)
	at com.kms.katalon.core.main.TestCaseMain.startTestSuite(TestCaseMain.java:142)
	at com.kms.katalon.core.main.TestCaseMain$startTestSuite$0.call(Unknown Source)
	at org.codehaus.groovy.runtime.callsite.CallSiteArray.defaultCall(CallSiteArray.java:48)
	at org.codehaus.groovy.runtime.callsite.AbstractCallSite.call(AbstractCallSite.java:113)
	at org.codehaus.groovy.runtime.callsite.AbstractCallSite.call(AbstractCallSite.java:141)
	at TempTestSuite1540812673487.run(TempTestSuite1540812673487.groovy:36)
	at groovy.lang.GroovyShell.runScriptOrMainOrTestOrRunnable(GroovyShell.java:263)
	at groovy.lang.GroovyShell.run(GroovyShell.java:518)
	at groovy.lang.GroovyShell.run(GroovyShell.java:507)
	at groovy.ui.GroovyMain.processOnce(GroovyMain.java:653)
	at groovy.ui.GroovyMain.run(GroovyMain.java:384)
	at groovy.ui.GroovyMain.process(GroovyMain.java:370)
	at groovy.ui.GroovyMain.processArgs(GroovyMain.java:129)
	at groovy.ui.GroovyMain.main(GroovyMain.java:109)
	at sun.reflect.NativeMethodAccessorImpl.invoke0(Native Method)
	at sun.reflect.NativeMethodAccessorImpl.invoke(NativeMethodAccessorImpl.java:62)
	at sun.reflect.DelegatingMethodAccessorImpl.invoke(DelegatingMethodAccessorImpl.java:43)
	at java.lang.reflect.Method.invoke(Method.java:498)
	at org.codehaus.groovy.tools.GroovyStarter.rootLoader(GroovyStarter.java:109)
	at org.codehaus.groovy.tools.GroovyStarter.main(GroovyStarter.java:131)
)]]></system-err>
   </testsuite>
</testsuites>
