<?xml version="1.0" encoding="UTF-8"?>
<testsuites name="Prestaciones" time="828" tests="2" failures="1" errors="0">
   <testsuite name="Prestaciones" tests="2" failures="1" errors="0" time="828" timestamp="2018-11-02 14:52:20" hostname="ntedesco - SMSL044.smsargentina.com.ar" id="Test Suites/Prestaciones">
      <properties>
         <property name="deviceName" value=""/>
         <property name="devicePlatform" value=""/>
         <property name="logFolder" value="C:\\Users\\ntedesco\\Katalon Studio\\GenesisCobertura\\Reports\\Prestaciones\\20181102_145213"/>
         <property name="logFiles" value="C:\\Users\\ntedesco\\Katalon Studio\\GenesisCobertura\\Reports\\Prestaciones\\20181102_145213\\execution0.log"/>
         <property name="attachments" value="C:\\Users\\ntedesco\\Katalon Studio\\GenesisCobertura\\Reports\\Prestaciones\\20181102_145213\\1541181248440.png, C:\\Users\\ntedesco\\Katalon Studio\\GenesisCobertura\\Reports\\Prestaciones\\20181102_145213\\1541181344197.png, C:\\Users\\ntedesco\\Katalon Studio\\GenesisCobertura\\Reports\\Prestaciones\\20181102_145213\\1541181606652.png, C:\\Users\\ntedesco\\Katalon Studio\\GenesisCobertura\\Reports\\Prestaciones\\20181102_145213\\1541181702092.png, C:\\Users\\ntedesco\\Katalon Studio\\GenesisCobertura\\Reports\\Prestaciones\\20181102_145213\\1541181794478.png"/>
         <property name="hostName" value="ntedesco - SMSL044.smsargentina.com.ar"/>
         <property name="os" value="Windows 10 32bit"/>
         <property name="katalonVersion" value="5.7.1.1"/>
         <property name="browser" value="Chrome 70.0.3538.77"/>
         <property name="hostAddress" value="192.168.252.2"/>
         <property name="sessionId" value="60bb29f33d6e8aebe3b82204d3325666"/>
         <property name="seleniumVersion" value="3.7.1"/>
         <property name="proxyInformation" value="ProxyInformation{proxyOption=NO_PROXY, proxyServerType=HTTP, password=, proxyServerAddress=, proxyServerPort=0}"/>
         <property name="platform" value="Windows 10"/>
      </properties>
      <testcase name="Test Cases/Test Buscar Prestadores - Domicilio" classname="Test Cases/Test Buscar Prestadores - Domicilio" status="PASSED">
         <system-out><![CDATA[2018-11-02 14:52:20 - [TEST_CASE][PASSED] - Test Cases/Test Buscar Prestadores - Domicilio: Test Cases/Test Buscar Prestadores - Domicilio

2018-11-02 14:52:22 - [TEST_STEP][PASSED] - openBrowser: Browser is opened with url: 'null'

2018-11-02 14:52:27 - [MESSAGE][PASSED] - Browser is opened with url: 'null'

2018-11-02 14:52:27 - [TEST_STEP][PASSED] - navigateToUrl: Navigate to 'https://test.intranet.osde/IV3/' successfully

2018-11-02 14:52:28 - [MESSAGE][PASSED] - Navigate to 'https://test.intranet.osde/IV3/' successfully

2018-11-02 14:52:28 - [TEST_STEP][PASSED] - maximizeWindow: Current window maximized

2018-11-02 14:52:28 - [MESSAGE][PASSED] - Current window maximized

2018-11-02 14:52:28 - [TEST_STEP][PASSED] - waitForElementClickable: Object 'Object Repository/Login_OSDE Intranet/coUsser' is clickable

2018-11-02 14:52:28 - [MESSAGE][PASSED] - Object 'Object Repository/Login_OSDE Intranet/coUsser' is clickable

2018-11-02 14:52:28 - [TEST_STEP][PASSED] - setText: Text 'SS36739794' is set on object 'Object Repository/Login_OSDE Intranet/coUsser'

2018-11-02 14:52:28 - [MESSAGE][PASSED] - Text 'SS36739794' is set on object 'Object Repository/Login_OSDE Intranet/coUsser'

2018-11-02 14:52:28 - [TEST_STEP][PASSED] - setText: Text 'intranet09' is set on object 'Object Repository/Login_OSDE Intranet/coPassword'

2018-11-02 14:52:29 - [MESSAGE][PASSED] - Text 'intranet09' is set on object 'Object Repository/Login_OSDE Intranet/coPassword'

2018-11-02 14:52:29 - [TEST_STEP][PASSED] - click: Object: 'Object Repository/Login_OSDE Intranet/btnIngresar' is clicked on

2018-11-02 14:52:29 - [MESSAGE][PASSED] - Object: 'Object Repository/Login_OSDE Intranet/btnIngresar' is clicked on

2018-11-02 14:52:29 - [TEST_STEP][PASSED] - waitForElementPresent: Object 'Object Repository/Home_OSDE Intranet V3/a_Mis Herramientas' is present

2018-11-02 14:52:30 - [MESSAGE][PASSED] - Object 'Object Repository/Home_OSDE Intranet V3/a_Mis Herramientas' is present

2018-11-02 14:52:30 - [TEST_STEP][PASSED] - click: Object: 'Object Repository/Home_OSDE Intranet V3/a_Mis Herramientas' is clicked on

2018-11-02 14:52:31 - [MESSAGE][PASSED] - Object: 'Object Repository/Home_OSDE Intranet V3/a_Mis Herramientas' is clicked on

2018-11-02 14:52:31 - [TEST_STEP][PASSED] - waitForElementPresent: Object 'Object Repository/Home_OSDE Intranet V3/iframe_MIS HERRAMIENTAS_frmMis' is present

2018-11-02 14:52:31 - [MESSAGE][WARNING] - Timeout '0' is invalid. Using default page load timeout: '30'

2018-11-02 14:52:31 - [MESSAGE][WARNING] - Timeout '0' is invalid. Using default page load timeout: '30'

2018-11-02 14:52:31 - [MESSAGE][PASSED] - Object 'Object Repository/Home_OSDE Intranet V3/iframe_MIS HERRAMIENTAS_frmMis' is present

2018-11-02 14:52:31 - [TEST_STEP][PASSED] - click: Object: 'Object Repository/Home_OSDE Intranet V3/td_Portal Corporativo' is clicked on

2018-11-02 14:52:32 - [MESSAGE][PASSED] - Object: 'Object Repository/Home_OSDE Intranet V3/td_Portal Corporativo' is clicked on

2018-11-02 14:52:32 - [TEST_STEP][PASSED] - switchToWindowUrl: Switched to window with url: 'http://tlnxwas30.intranet.osde:11780/portalFrontend/login.do'

2018-11-02 14:52:32 - [MESSAGE][PASSED] - Switched to window with url: 'http://tlnxwas30.intranet.osde:11780/portalFrontend/login.do'

2018-11-02 14:52:32 - [TEST_STEP][PASSED] - waitForElementVisible: Object 'Object Repository/Portal_Inicial/select_apiPortalDesarrolloport' is visible

2018-11-02 14:52:33 - [MESSAGE][PASSED] - Object 'Object Repository/Portal_Inicial/select_apiPortalDesarrolloport' is visible

2018-11-02 14:52:33 - [TEST_STEP][PASSED] - selectOptionByValue: All options with value 'suaPortal' are selected in object 'Object Repository/Portal_Inicial/select_apiPortalDesarrolloport' 

2018-11-02 14:52:34 - [MESSAGE][PASSED] - All options with value 'suaPortal' are selected in object 'Object Repository/Portal_Inicial/select_apiPortalDesarrolloport' 

2018-11-02 14:52:34 - [TEST_STEP][PASSED] - Statement - verifyIsPortalOpen(): null

2018-11-02 14:52:34 - [TEST_STEP][FAILED] - Statement - Try: Unable to click on object 'Object Repository/Portal_Home/consolaRecepcion' (Root cause: com.kms.katalon.core.webui.exception.WebElementNotFoundException: Web element with id: 'Object Repository/Portal_Home/consolaRecepcion' located by 'By.xpath: //*[@id = 'suaConsolaRecepcionWidget']' not found)

2018-11-02 14:52:34 - [TEST_STEP][PASSED] - waitForElementClickable: Web element with id: 'Object Repository/Portal_Home/consolaRecepcion' located by 'By.xpath: //*[@id = 'suaConsolaRecepcionWidget']' not found

2018-11-02 14:53:37 - [MESSAGE][WARNING] - Web element with id: 'Object Repository/Portal_Home/consolaRecepcion' located by 'By.xpath: //*[@id = 'suaConsolaRecepcionWidget']' not found

2018-11-02 14:53:37 - [TEST_STEP][FAILED] - click: Unable to click on object 'Object Repository/Portal_Home/consolaRecepcion' (Root cause: com.kms.katalon.core.webui.exception.WebElementNotFoundException: Web element with id: 'Object Repository/Portal_Home/consolaRecepcion' located by 'By.xpath: //*[@id = 'suaConsolaRecepcionWidget']' not found)

2018-11-02 14:54:08 - [MESSAGE][FAILED] - Unable to click on object 'Object Repository/Portal_Home/consolaRecepcion' (Root cause: com.kms.katalon.core.webui.exception.WebElementNotFoundException: Web element with id: 'Object Repository/Portal_Home/consolaRecepcion' located by 'By.xpath: //*[@id = 'suaConsolaRecepcionWidget']' not found)
[[ATTACHMENT|C:\\Users\\ntedesco\\Katalon Studio\\GenesisCobertura\\Reports\\Prestaciones\\20181102_145213\\1541181248440.png]]

2018-11-02 14:54:08 - [TEST_STEP][PASSED] - Statement - Catch (Exception e): null

2018-11-02 14:54:08 - [TEST_STEP][PASSED] - Statement - reloadPortal(): null

2018-11-02 14:54:08 - [TEST_STEP][PASSED] - refresh: Refresh successfully

2018-11-02 14:54:09 - [MESSAGE][PASSED] - Refresh successfully

2018-11-02 14:54:09 - [TEST_STEP][PASSED] - Statement - verifyIsPortalOpen(): null

2018-11-02 14:54:09 - [TEST_STEP][FAILED] - Statement - Try: Unable to click on object 'Object Repository/Portal_Home/consolaRecepcion' (Root cause: com.kms.katalon.core.webui.exception.WebElementNotFoundException: Web element with id: 'Object Repository/Portal_Home/consolaRecepcion' located by 'By.xpath: //*[@id = 'suaConsolaRecepcionWidget']' not found)

2018-11-02 14:54:09 - [TEST_STEP][PASSED] - waitForElementClickable: Web element with id: 'Object Repository/Portal_Home/consolaRecepcion' located by 'By.xpath: //*[@id = 'suaConsolaRecepcionWidget']' not found

2018-11-02 14:55:12 - [MESSAGE][WARNING] - Web element with id: 'Object Repository/Portal_Home/consolaRecepcion' located by 'By.xpath: //*[@id = 'suaConsolaRecepcionWidget']' not found

2018-11-02 14:55:12 - [TEST_STEP][FAILED] - click: Unable to click on object 'Object Repository/Portal_Home/consolaRecepcion' (Root cause: com.kms.katalon.core.webui.exception.WebElementNotFoundException: Web element with id: 'Object Repository/Portal_Home/consolaRecepcion' located by 'By.xpath: //*[@id = 'suaConsolaRecepcionWidget']' not found)

2018-11-02 14:55:44 - [MESSAGE][FAILED] - Unable to click on object 'Object Repository/Portal_Home/consolaRecepcion' (Root cause: com.kms.katalon.core.webui.exception.WebElementNotFoundException: Web element with id: 'Object Repository/Portal_Home/consolaRecepcion' located by 'By.xpath: //*[@id = 'suaConsolaRecepcionWidget']' not found)
[[ATTACHMENT|C:\\Users\\ntedesco\\Katalon Studio\\GenesisCobertura\\Reports\\Prestaciones\\20181102_145213\\1541181344197.png]]

2018-11-02 14:55:44 - [TEST_STEP][PASSED] - Statement - Catch (Exception e): null

2018-11-02 14:55:44 - [TEST_STEP][PASSED] - Statement - reloadPortal(): null

2018-11-02 14:55:44 - [TEST_STEP][PASSED] - refresh: Refresh successfully

2018-11-02 14:55:44 - [MESSAGE][PASSED] - Refresh successfully

2018-11-02 14:55:44 - [TEST_STEP][PASSED] - Statement - verifyIsPortalOpen(): null

2018-11-02 14:55:44 - [TEST_STEP][PASSED] - Statement - Try: Object: 'Object Repository/Portal_Home/consolaRecepcion' is clicked on

2018-11-02 14:55:44 - [TEST_STEP][PASSED] - waitForElementClickable: Object 'Object Repository/Portal_Home/consolaRecepcion' is clickable

2018-11-02 14:55:49 - [MESSAGE][PASSED] - Object 'Object Repository/Portal_Home/consolaRecepcion' is clickable

2018-11-02 14:55:49 - [TEST_STEP][PASSED] - click: Object: 'Object Repository/Portal_Home/consolaRecepcion' is clicked on

2018-11-02 14:55:49 - [MESSAGE][PASSED] - Object: 'Object Repository/Portal_Home/consolaRecepcion' is clicked on

2018-11-02 14:55:49 - [TEST_STEP][PASSED] - setText: Text '60609272102' is set on object 'Object Repository/Portal_Home/input_BsquedaDetallada'

2018-11-02 14:55:50 - [MESSAGE][PASSED] - Text '60609272102' is set on object 'Object Repository/Portal_Home/input_BsquedaDetallada'

2018-11-02 14:55:50 - [TEST_STEP][PASSED] - click: Object: 'Object Repository/Portal_Home/btn_BsquedaDetallada' is clicked on

2018-11-02 14:55:50 - [MESSAGE][PASSED] - Object: 'Object Repository/Portal_Home/btn_BsquedaDetallada' is clicked on

2018-11-02 14:55:50 - [TEST_STEP][PASSED] - waitForElementPresent: Object 'Object Repository/Portal_Home/div_suaCaracteristicasSujeto' is present

2018-11-02 14:55:51 - [MESSAGE][PASSED] - Object 'Object Repository/Portal_Home/div_suaCaracteristicasSujeto' is present

2018-11-02 14:55:51 - [TEST_STEP][PASSED] - click: Object: 'Object Repository/Portal_Home/div_collapsableLeftContainer' is clicked on

2018-11-02 14:55:51 - [MESSAGE][PASSED] - Object: 'Object Repository/Portal_Home/div_collapsableLeftContainer' is clicked on

2018-11-02 14:55:51 - [TEST_STEP][PASSED] - waitForElementVisible: Object 'Object Repository/Portal_Home/btn_servicesTreeOpen' is visible

2018-11-02 14:55:52 - [MESSAGE][PASSED] - Object 'Object Repository/Portal_Home/btn_servicesTreeOpen' is visible

2018-11-02 14:55:52 - [TEST_STEP][PASSED] - click: Object: 'Object Repository/Portal_Home/btn_servicesTreeOpen' is clicked on

2018-11-02 14:55:52 - [MESSAGE][PASSED] - Object: 'Object Repository/Portal_Home/btn_servicesTreeOpen' is clicked on

2018-11-02 14:55:52 - [TEST_STEP][PASSED] - waitForElementVisible: Object 'Object Repository/Portal_Home/a_Servicios' is visible

2018-11-02 14:55:52 - [MESSAGE][PASSED] - Object 'Object Repository/Portal_Home/a_Servicios' is visible

2018-11-02 14:55:52 - [TEST_STEP][PASSED] - click: Object: 'Object Repository/Portal_Home/a_Servicios' is clicked on

2018-11-02 14:55:52 - [MESSAGE][PASSED] - Object: 'Object Repository/Portal_Home/a_Servicios' is clicked on

2018-11-02 14:55:52 - [TEST_STEP][PASSED] - Statement - abrirServicio(G_Servicio, com.kms.katalon.core.webui.driver.DriverFactory.getWebDriver()): null

2018-11-02 14:55:52 - [TEST_STEP][PASSED] - Statement - Try: null

2018-11-02 14:55:52 - [TEST_STEP][PASSED] - Statement - element = driver.findElement(org.openqa.selenium.By.id("accordionMenuApi")): null

2018-11-02 14:55:53 - [TEST_STEP][PASSED] - Statement - lstRegistro = element.findElements(org.openqa.selenium.By.xpath("//div[contains(@class, 'treeMenuElement ellipsis_text')]")): null

2018-11-02 14:55:53 - [TEST_STEP][PASSED] - Statement - For (org.openqa.selenium.WebElement Registro : lstRegistro): null

2018-11-02 14:55:53 - [TEST_STEP][PASSED] - Statement - itemsServicio = Registro.findElements(org.openqa.selenium.By.xpath("//span[contains(@class, 'serviceSpanElement')]")): null

2018-11-02 14:55:53 - [TEST_STEP][PASSED] - Statement - For (org.openqa.selenium.WebElement item : itemsServicio): null

2018-11-02 14:55:53 - [TEST_STEP][PASSED] - Statement - If (item.getText().equals(NombreServicio)): null

2018-11-02 14:55:53 - [TEST_STEP][PASSED] - Statement - If (item.getText().equals(NombreServicio)): null

2018-11-02 14:55:53 - [TEST_STEP][PASSED] - Statement - If (item.getText().equals(NombreServicio)): null

2018-11-02 14:55:53 - [TEST_STEP][PASSED] - Statement - If (item.getText().equals(NombreServicio)): null

2018-11-02 14:55:53 - [TEST_STEP][PASSED] - Statement - If (item.getText().equals(NombreServicio)): null

2018-11-02 14:55:53 - [TEST_STEP][PASSED] - Statement - If (item.getText().equals(NombreServicio)): null

2018-11-02 14:55:53 - [TEST_STEP][PASSED] - Statement - If (item.getText().equals(NombreServicio)): null

2018-11-02 14:55:53 - [TEST_STEP][PASSED] - Statement - If (item.getText().equals(NombreServicio)): null

2018-11-02 14:55:53 - [TEST_STEP][PASSED] - Statement - If (item.getText().equals(NombreServicio)): null

2018-11-02 14:55:53 - [TEST_STEP][PASSED] - Statement - If (item.getText().equals(NombreServicio)): null

2018-11-02 14:55:53 - [TEST_STEP][PASSED] - Statement - If (item.getText().equals(NombreServicio)): null

2018-11-02 14:55:53 - [TEST_STEP][PASSED] - Statement - If (item.getText().equals(NombreServicio)): null

2018-11-02 14:55:53 - [TEST_STEP][PASSED] - Statement - If (item.getText().equals(NombreServicio)): null

2018-11-02 14:55:54 - [TEST_STEP][PASSED] - Statement - If (item.getText().equals(NombreServicio)): null

2018-11-02 14:55:54 - [TEST_STEP][PASSED] - Statement - If (item.getText().equals(NombreServicio)): null

2018-11-02 14:55:54 - [TEST_STEP][PASSED] - Statement - If (item.getText().equals(NombreServicio)): null

2018-11-02 14:55:54 - [TEST_STEP][PASSED] - Statement - If (item.getText().equals(NombreServicio)): null

2018-11-02 14:55:54 - [TEST_STEP][PASSED] - Statement - If (item.getText().equals(NombreServicio)): null

2018-11-02 14:55:54 - [TEST_STEP][PASSED] - Statement - If (item.getText().equals(NombreServicio)): null

2018-11-02 14:55:54 - [TEST_STEP][PASSED] - Statement - If (item.getText().equals(NombreServicio)): null

2018-11-02 14:55:54 - [TEST_STEP][PASSED] - Statement - If (item.getText().equals(NombreServicio)): null

2018-11-02 14:55:54 - [TEST_STEP][PASSED] - Statement - If (item.getText().equals(NombreServicio)): null

2018-11-02 14:55:54 - [TEST_STEP][PASSED] - Statement - If (item.getText().equals(NombreServicio)): null

2018-11-02 14:55:54 - [TEST_STEP][PASSED] - Statement - If (item.getText().equals(NombreServicio)): null

2018-11-02 14:55:54 - [TEST_STEP][PASSED] - Statement - If (item.getText().equals(NombreServicio)): null

2018-11-02 14:55:54 - [TEST_STEP][PASSED] - Statement - If (item.getText().equals(NombreServicio)): null

2018-11-02 14:55:54 - [TEST_STEP][PASSED] - Statement - If (item.getText().equals(NombreServicio)): null

2018-11-02 14:55:54 - [TEST_STEP][PASSED] - Statement - If (item.getText().equals(NombreServicio)): null

2018-11-02 14:55:54 - [TEST_STEP][PASSED] - Statement - If (item.getText().equals(NombreServicio)): null

2018-11-02 14:55:54 - [TEST_STEP][PASSED] - Statement - If (item.getText().equals(NombreServicio)): null

2018-11-02 14:55:54 - [TEST_STEP][PASSED] - Statement - If (item.getText().equals(NombreServicio)): null

2018-11-02 14:55:54 - [TEST_STEP][PASSED] - Statement - If (item.getText().equals(NombreServicio)): null

2018-11-02 14:55:54 - [TEST_STEP][PASSED] - Statement - If (item.getText().equals(NombreServicio)): null

2018-11-02 14:55:54 - [TEST_STEP][PASSED] - Statement - If (item.getText().equals(NombreServicio)): null

2018-11-02 14:55:55 - [TEST_STEP][PASSED] - Statement - If (item.getText().equals(NombreServicio)): null

2018-11-02 14:55:55 - [TEST_STEP][PASSED] - Statement - If (item.getText().equals(NombreServicio)): null

2018-11-02 14:55:55 - [TEST_STEP][PASSED] - Statement - If (item.getText().equals(NombreServicio)): null

2018-11-02 14:55:55 - [TEST_STEP][PASSED] - Statement - If (item.getText().equals(NombreServicio)): null

2018-11-02 14:55:55 - [TEST_STEP][PASSED] - Statement - If (item.getText().equals(NombreServicio)): null

2018-11-02 14:55:55 - [TEST_STEP][PASSED] - Statement - If (item.getText().equals(NombreServicio)): null

2018-11-02 14:55:55 - [TEST_STEP][PASSED] - Statement - If (item.getText().equals(NombreServicio)): null

2018-11-02 14:55:55 - [TEST_STEP][PASSED] - Statement - If (item.getText().equals(NombreServicio)): null

2018-11-02 14:55:55 - [TEST_STEP][PASSED] - Statement - If (item.getText().equals(NombreServicio)): null

2018-11-02 14:55:55 - [TEST_STEP][PASSED] - Statement - If (item.getText().equals(NombreServicio)): null

2018-11-02 14:55:55 - [TEST_STEP][PASSED] - Statement - If (item.getText().equals(NombreServicio)): null

2018-11-02 14:55:55 - [TEST_STEP][PASSED] - Statement - If (item.getText().equals(NombreServicio)): null

2018-11-02 14:55:55 - [TEST_STEP][PASSED] - Statement - If (item.getText().equals(NombreServicio)): null

2018-11-02 14:55:55 - [TEST_STEP][PASSED] - Statement - If (item.getText().equals(NombreServicio)): null

2018-11-02 14:55:55 - [TEST_STEP][PASSED] - Statement - If (item.getText().equals(NombreServicio)): null

2018-11-02 14:55:55 - [TEST_STEP][PASSED] - Statement - If (item.getText().equals(NombreServicio)): null

2018-11-02 14:55:55 - [TEST_STEP][PASSED] - Statement - If (item.getText().equals(NombreServicio)): null

2018-11-02 14:55:55 - [TEST_STEP][PASSED] - Statement - If (item.getText().equals(NombreServicio)): null

2018-11-02 14:55:55 - [TEST_STEP][PASSED] - Statement - If (item.getText().equals(NombreServicio)): null

2018-11-02 14:55:55 - [TEST_STEP][PASSED] - Statement - If (item.getText().equals(NombreServicio)): null

2018-11-02 14:55:55 - [TEST_STEP][PASSED] - Statement - If (item.getText().equals(NombreServicio)): null

2018-11-02 14:55:55 - [TEST_STEP][PASSED] - Statement - If (item.getText().equals(NombreServicio)): null

2018-11-02 14:55:55 - [TEST_STEP][PASSED] - Statement - If (item.getText().equals(NombreServicio)): null

2018-11-02 14:55:56 - [TEST_STEP][PASSED] - Statement - If (item.getText().equals(NombreServicio)): null

2018-11-02 14:55:56 - [TEST_STEP][PASSED] - Statement - If (item.getText().equals(NombreServicio)): null

2018-11-02 14:55:56 - [TEST_STEP][PASSED] - Statement - If (item.getText().equals(NombreServicio)): null

2018-11-02 14:55:56 - [TEST_STEP][PASSED] - Statement - If (item.getText().equals(NombreServicio)): null

2018-11-02 14:55:56 - [TEST_STEP][PASSED] - Statement - If (item.getText().equals(NombreServicio)): null

2018-11-02 14:55:56 - [TEST_STEP][PASSED] - Statement - If (item.getText().equals(NombreServicio)): null

2018-11-02 14:55:56 - [TEST_STEP][PASSED] - Statement - If (item.getText().equals(NombreServicio)): null

2018-11-02 14:55:56 - [TEST_STEP][PASSED] - Statement - If (item.getText().equals(NombreServicio)): null

2018-11-02 14:55:56 - [TEST_STEP][PASSED] - Statement - If (item.getText().equals(NombreServicio)): null

2018-11-02 14:55:56 - [TEST_STEP][PASSED] - Statement - If (item.getText().equals(NombreServicio)): null

2018-11-02 14:55:56 - [TEST_STEP][PASSED] - Statement - If (item.getText().equals(NombreServicio)): null

2018-11-02 14:55:56 - [TEST_STEP][PASSED] - Statement - If (item.getText().equals(NombreServicio)): null

2018-11-02 14:55:56 - [TEST_STEP][PASSED] - Statement - If (item.getText().equals(NombreServicio)): null

2018-11-02 14:55:56 - [TEST_STEP][PASSED] - Statement - If (item.getText().equals(NombreServicio)): null

2018-11-02 14:55:56 - [TEST_STEP][PASSED] - Statement - If (item.getText().equals(NombreServicio)): null

2018-11-02 14:55:56 - [TEST_STEP][PASSED] - Statement - If (item.getText().equals(NombreServicio)): null

2018-11-02 14:55:56 - [TEST_STEP][PASSED] - Statement - If (item.getText().equals(NombreServicio)): null

2018-11-02 14:55:56 - [TEST_STEP][PASSED] - Statement - If (item.getText().equals(NombreServicio)): null

2018-11-02 14:55:56 - [TEST_STEP][PASSED] - Statement - If (item.getText().equals(NombreServicio)): null

2018-11-02 14:55:56 - [TEST_STEP][PASSED] - Statement - If (item.getText().equals(NombreServicio)): null

2018-11-02 14:55:56 - [TEST_STEP][PASSED] - Statement - If (item.getText().equals(NombreServicio)): null

2018-11-02 14:55:56 - [TEST_STEP][PASSED] - Statement - If (item.getText().equals(NombreServicio)): null

2018-11-02 14:55:56 - [TEST_STEP][PASSED] - Statement - If (item.getText().equals(NombreServicio)): null

2018-11-02 14:55:57 - [TEST_STEP][PASSED] - Statement - If (item.getText().equals(NombreServicio)): null

2018-11-02 14:55:57 - [TEST_STEP][PASSED] - Statement - If (item.getText().equals(NombreServicio)): null

2018-11-02 14:55:57 - [TEST_STEP][PASSED] - Statement - If (item.getText().equals(NombreServicio)): null

2018-11-02 14:55:57 - [TEST_STEP][PASSED] - Statement - If (item.getText().equals(NombreServicio)): null

2018-11-02 14:55:57 - [TEST_STEP][PASSED] - Statement - If (item.getText().equals(NombreServicio)): null

2018-11-02 14:55:57 - [TEST_STEP][PASSED] - Statement - If (item.getText().equals(NombreServicio)): null

2018-11-02 14:55:57 - [TEST_STEP][PASSED] - Statement - If (item.getText().equals(NombreServicio)): null

2018-11-02 14:55:57 - [TEST_STEP][PASSED] - Statement - If (item.getText().equals(NombreServicio)): null

2018-11-02 14:55:57 - [TEST_STEP][PASSED] - Statement - If (item.getText().equals(NombreServicio)): null

2018-11-02 14:55:57 - [TEST_STEP][PASSED] - Statement - If (item.getText().equals(NombreServicio)): null

2018-11-02 14:55:57 - [TEST_STEP][PASSED] - Statement - If (item.getText().equals(NombreServicio)): null

2018-11-02 14:55:57 - [TEST_STEP][PASSED] - Statement - If (item.getText().equals(NombreServicio)): null

2018-11-02 14:55:57 - [TEST_STEP][PASSED] - Statement - If (item.getText().equals(NombreServicio)): null

2018-11-02 14:55:57 - [TEST_STEP][PASSED] - Statement - If (item.getText().equals(NombreServicio)): null

2018-11-02 14:55:57 - [TEST_STEP][PASSED] - Statement - If (item.getText().equals(NombreServicio)): null

2018-11-02 14:55:57 - [TEST_STEP][PASSED] - Statement - If (item.getText().equals(NombreServicio)): null

2018-11-02 14:55:57 - [TEST_STEP][PASSED] - Statement - If (item.getText().equals(NombreServicio)): null

2018-11-02 14:55:57 - [TEST_STEP][PASSED] - Statement - If (item.getText().equals(NombreServicio)): null

2018-11-02 14:55:57 - [TEST_STEP][PASSED] - Statement - If (item.getText().equals(NombreServicio)): null

2018-11-02 14:55:57 - [TEST_STEP][PASSED] - Statement - If (item.getText().equals(NombreServicio)): null

2018-11-02 14:55:57 - [TEST_STEP][PASSED] - Statement - If (item.getText().equals(NombreServicio)): null

2018-11-02 14:55:57 - [TEST_STEP][PASSED] - Statement - If (item.getText().equals(NombreServicio)): null

2018-11-02 14:55:57 - [TEST_STEP][PASSED] - Statement - If (item.getText().equals(NombreServicio)): null

2018-11-02 14:55:58 - [TEST_STEP][PASSED] - Statement - If (item.getText().equals(NombreServicio)): null

2018-11-02 14:55:58 - [TEST_STEP][PASSED] - Statement - If (item.getText().equals(NombreServicio)): null

2018-11-02 14:55:58 - [TEST_STEP][PASSED] - Statement - If (item.getText().equals(NombreServicio)): null

2018-11-02 14:55:58 - [TEST_STEP][PASSED] - Statement - If (item.getText().equals(NombreServicio)): null

2018-11-02 14:55:58 - [TEST_STEP][PASSED] - Statement - If (item.getText().equals(NombreServicio)): null

2018-11-02 14:55:58 - [TEST_STEP][PASSED] - Statement - If (item.getText().equals(NombreServicio)): null

2018-11-02 14:55:58 - [TEST_STEP][PASSED] - Statement - If (item.getText().equals(NombreServicio)): null

2018-11-02 14:55:58 - [TEST_STEP][PASSED] - Statement - If (item.getText().equals(NombreServicio)): null

2018-11-02 14:55:58 - [TEST_STEP][PASSED] - Statement - If (item.getText().equals(NombreServicio)): null

2018-11-02 14:55:58 - [TEST_STEP][PASSED] - Statement - If (item.getText().equals(NombreServicio)): null

2018-11-02 14:55:58 - [TEST_STEP][PASSED] - Statement - If (item.getText().equals(NombreServicio)): null

2018-11-02 14:55:58 - [TEST_STEP][PASSED] - Statement - If (item.getText().equals(NombreServicio)): null

2018-11-02 14:55:58 - [TEST_STEP][PASSED] - Statement - If (item.getText().equals(NombreServicio)): null

2018-11-02 14:55:58 - [TEST_STEP][PASSED] - Statement - If (item.getText().equals(NombreServicio)): null

2018-11-02 14:55:58 - [TEST_STEP][PASSED] - Statement - If (item.getText().equals(NombreServicio)): null

2018-11-02 14:55:58 - [TEST_STEP][PASSED] - Statement - If (item.getText().equals(NombreServicio)): null

2018-11-02 14:55:58 - [TEST_STEP][PASSED] - Statement - If (item.getText().equals(NombreServicio)): null

2018-11-02 14:55:58 - [TEST_STEP][PASSED] - Statement - If (item.getText().equals(NombreServicio)): null

2018-11-02 14:55:58 - [TEST_STEP][PASSED] - Statement - If (item.getText().equals(NombreServicio)): null

2018-11-02 14:55:58 - [TEST_STEP][PASSED] - Statement - If (item.getText().equals(NombreServicio)): null

2018-11-02 14:55:58 - [TEST_STEP][PASSED] - Statement - If (item.getText().equals(NombreServicio)): null

2018-11-02 14:55:58 - [TEST_STEP][PASSED] - Statement - If (item.getText().equals(NombreServicio)): null

2018-11-02 14:55:58 - [TEST_STEP][PASSED] - Statement - If (item.getText().equals(NombreServicio)): null

2018-11-02 14:55:59 - [TEST_STEP][PASSED] - Statement - If (item.getText().equals(NombreServicio)): null

2018-11-02 14:55:59 - [TEST_STEP][PASSED] - Statement - If (item.getText().equals(NombreServicio)): null

2018-11-02 14:55:59 - [TEST_STEP][PASSED] - Statement - If (item.getText().equals(NombreServicio)): null

2018-11-02 14:55:59 - [TEST_STEP][PASSED] - Statement - If (item.getText().equals(NombreServicio)): null

2018-11-02 14:55:59 - [TEST_STEP][PASSED] - Statement - If (item.getText().equals(NombreServicio)): null

2018-11-02 14:55:59 - [TEST_STEP][PASSED] - Statement - If (item.getText().equals(NombreServicio)): null

2018-11-02 14:55:59 - [TEST_STEP][PASSED] - Statement - If (item.getText().equals(NombreServicio)): null

2018-11-02 14:55:59 - [TEST_STEP][PASSED] - Statement - If (item.getText().equals(NombreServicio)): null

2018-11-02 14:55:59 - [TEST_STEP][PASSED] - Statement - If (item.getText().equals(NombreServicio)): null

2018-11-02 14:55:59 - [TEST_STEP][PASSED] - Statement - If (item.getText().equals(NombreServicio)): null

2018-11-02 14:55:59 - [TEST_STEP][PASSED] - Statement - If (item.getText().equals(NombreServicio)): null

2018-11-02 14:55:59 - [TEST_STEP][PASSED] - Statement - If (item.getText().equals(NombreServicio)): null

2018-11-02 14:55:59 - [TEST_STEP][PASSED] - Statement - If (item.getText().equals(NombreServicio)): null

2018-11-02 14:55:59 - [TEST_STEP][PASSED] - Statement - If (item.getText().equals(NombreServicio)): null

2018-11-02 14:55:59 - [TEST_STEP][PASSED] - Statement - If (item.getText().equals(NombreServicio)): null

2018-11-02 14:55:59 - [TEST_STEP][PASSED] - Statement - If (item.getText().equals(NombreServicio)): null

2018-11-02 14:55:59 - [TEST_STEP][PASSED] - Statement - If (item.getText().equals(NombreServicio)): null

2018-11-02 14:55:59 - [TEST_STEP][PASSED] - Statement - If (item.getText().equals(NombreServicio)): null

2018-11-02 14:55:59 - [TEST_STEP][PASSED] - Statement - If (item.getText().equals(NombreServicio)): null

2018-11-02 14:55:59 - [TEST_STEP][PASSED] - Statement - If (item.getText().equals(NombreServicio)): null

2018-11-02 14:55:59 - [TEST_STEP][PASSED] - Statement - If (item.getText().equals(NombreServicio)): null

2018-11-02 14:55:59 - [TEST_STEP][PASSED] - Statement - If (item.getText().equals(NombreServicio)): null

2018-11-02 14:55:59 - [TEST_STEP][PASSED] - Statement - If (item.getText().equals(NombreServicio)): null

2018-11-02 14:56:00 - [TEST_STEP][PASSED] - Statement - If (item.getText().equals(NombreServicio)): null

2018-11-02 14:56:00 - [TEST_STEP][PASSED] - Statement - If (item.getText().equals(NombreServicio)): null

2018-11-02 14:56:00 - [TEST_STEP][PASSED] - Statement - If (item.getText().equals(NombreServicio)): null

2018-11-02 14:56:00 - [TEST_STEP][PASSED] - Statement - If (item.getText().equals(NombreServicio)): null

2018-11-02 14:56:00 - [TEST_STEP][PASSED] - Statement - If (item.getText().equals(NombreServicio)): null

2018-11-02 14:56:00 - [TEST_STEP][PASSED] - Statement - If (item.getText().equals(NombreServicio)): null

2018-11-02 14:56:00 - [TEST_STEP][PASSED] - Statement - If (item.getText().equals(NombreServicio)): null

2018-11-02 14:56:00 - [TEST_STEP][PASSED] - Statement - If (item.getText().equals(NombreServicio)): null

2018-11-02 14:56:00 - [TEST_STEP][PASSED] - Statement - If (item.getText().equals(NombreServicio)): null

2018-11-02 14:56:00 - [TEST_STEP][PASSED] - Statement - If (item.getText().equals(NombreServicio)): null

2018-11-02 14:56:00 - [TEST_STEP][PASSED] - Statement - If (item.getText().equals(NombreServicio)): null

2018-11-02 14:56:00 - [TEST_STEP][PASSED] - Statement - If (item.getText().equals(NombreServicio)): null

2018-11-02 14:56:00 - [TEST_STEP][PASSED] - Statement - If (item.getText().equals(NombreServicio)): null

2018-11-02 14:56:00 - [TEST_STEP][PASSED] - Statement - If (item.getText().equals(NombreServicio)): null

2018-11-02 14:56:00 - [TEST_STEP][PASSED] - Statement - If (item.getText().equals(NombreServicio)): null

2018-11-02 14:56:00 - [TEST_STEP][PASSED] - Statement - If (item.getText().equals(NombreServicio)): null

2018-11-02 14:56:00 - [TEST_STEP][PASSED] - Statement - If (item.getText().equals(NombreServicio)): null

2018-11-02 14:56:00 - [TEST_STEP][PASSED] - Statement - If (item.getText().equals(NombreServicio)): null

2018-11-02 14:56:00 - [TEST_STEP][PASSED] - Statement - If (item.getText().equals(NombreServicio)): null

2018-11-02 14:56:00 - [TEST_STEP][PASSED] - Statement - If (item.getText().equals(NombreServicio)): null

2018-11-02 14:56:00 - [TEST_STEP][PASSED] - Statement - If (item.getText().equals(NombreServicio)): null

2018-11-02 14:56:00 - [TEST_STEP][PASSED] - Statement - If (item.getText().equals(NombreServicio)): null

2018-11-02 14:56:00 - [TEST_STEP][PASSED] - Statement - If (item.getText().equals(NombreServicio)): null

2018-11-02 14:56:01 - [TEST_STEP][PASSED] - Statement - If (item.getText().equals(NombreServicio)): null

2018-11-02 14:56:01 - [TEST_STEP][PASSED] - Statement - If (item.getText().equals(NombreServicio)): null

2018-11-02 14:56:01 - [TEST_STEP][PASSED] - Statement - If (item.getText().equals(NombreServicio)): null

2018-11-02 14:56:01 - [TEST_STEP][PASSED] - Statement - If (item.getText().equals(NombreServicio)): null

2018-11-02 14:56:01 - [TEST_STEP][PASSED] - Statement - If (item.getText().equals(NombreServicio)): null

2018-11-02 14:56:01 - [TEST_STEP][PASSED] - Statement - If (item.getText().equals(NombreServicio)): null

2018-11-02 14:56:01 - [TEST_STEP][PASSED] - Statement - If (item.getText().equals(NombreServicio)): null

2018-11-02 14:56:01 - [TEST_STEP][PASSED] - Statement - If (item.getText().equals(NombreServicio)): null

2018-11-02 14:56:01 - [TEST_STEP][PASSED] - Statement - If (item.getText().equals(NombreServicio)): null

2018-11-02 14:56:01 - [TEST_STEP][PASSED] - Statement - If (item.getText().equals(NombreServicio)): null

2018-11-02 14:56:01 - [TEST_STEP][PASSED] - Statement - If (item.getText().equals(NombreServicio)): null

2018-11-02 14:56:01 - [TEST_STEP][PASSED] - Statement - If (item.getText().equals(NombreServicio)): null

2018-11-02 14:56:01 - [TEST_STEP][PASSED] - Statement - If (item.getText().equals(NombreServicio)): null

2018-11-02 14:56:01 - [TEST_STEP][PASSED] - Statement - If (item.getText().equals(NombreServicio)): null

2018-11-02 14:56:01 - [TEST_STEP][PASSED] - Statement - If (item.getText().equals(NombreServicio)): null

2018-11-02 14:56:01 - [TEST_STEP][PASSED] - Statement - If (item.getText().equals(NombreServicio)): null

2018-11-02 14:56:01 - [TEST_STEP][PASSED] - Statement - If (item.getText().equals(NombreServicio)): null

2018-11-02 14:56:01 - [TEST_STEP][PASSED] - Statement - If (item.getText().equals(NombreServicio)): null

2018-11-02 14:56:01 - [TEST_STEP][PASSED] - Statement - If (item.getText().equals(NombreServicio)): null

2018-11-02 14:56:01 - [TEST_STEP][PASSED] - Statement - If (item.getText().equals(NombreServicio)): null

2018-11-02 14:56:01 - [TEST_STEP][PASSED] - Statement - If (item.getText().equals(NombreServicio)): null

2018-11-02 14:56:01 - [TEST_STEP][PASSED] - Statement - If (item.getText().equals(NombreServicio)): null

2018-11-02 14:56:01 - [TEST_STEP][PASSED] - Statement - If (item.getText().equals(NombreServicio)): null

2018-11-02 14:56:02 - [TEST_STEP][PASSED] - Statement - If (item.getText().equals(NombreServicio)): null

2018-11-02 14:56:02 - [TEST_STEP][PASSED] - Statement - If (item.getText().equals(NombreServicio)): null

2018-11-02 14:56:02 - [TEST_STEP][PASSED] - Statement - If (item.getText().equals(NombreServicio)): null

2018-11-02 14:56:02 - [TEST_STEP][PASSED] - Statement - If (item.getText().equals(NombreServicio)): null

2018-11-02 14:56:02 - [TEST_STEP][PASSED] - Statement - If (item.getText().equals(NombreServicio)): null

2018-11-02 14:56:02 - [TEST_STEP][PASSED] - Statement - If (item.getText().equals(NombreServicio)): null

2018-11-02 14:56:02 - [TEST_STEP][PASSED] - Statement - If (item.getText().equals(NombreServicio)): null

2018-11-02 14:56:02 - [TEST_STEP][PASSED] - Statement - If (item.getText().equals(NombreServicio)): null

2018-11-02 14:56:02 - [TEST_STEP][PASSED] - Statement - If (item.getText().equals(NombreServicio)): null

2018-11-02 14:56:02 - [TEST_STEP][PASSED] - Statement - If (item.getText().equals(NombreServicio)): null

2018-11-02 14:56:02 - [TEST_STEP][PASSED] - Statement - If (item.getText().equals(NombreServicio)): null

2018-11-02 14:56:02 - [TEST_STEP][PASSED] - Statement - If (item.getText().equals(NombreServicio)): null

2018-11-02 14:56:02 - [TEST_STEP][PASSED] - Statement - If (item.getText().equals(NombreServicio)): null

2018-11-02 14:56:02 - [TEST_STEP][PASSED] - Statement - If (item.getText().equals(NombreServicio)): null

2018-11-02 14:56:02 - [TEST_STEP][PASSED] - Statement - If (item.getText().equals(NombreServicio)): null

2018-11-02 14:56:02 - [TEST_STEP][PASSED] - Statement - If (item.getText().equals(NombreServicio)): null

2018-11-02 14:56:02 - [TEST_STEP][PASSED] - Statement - If (item.getText().equals(NombreServicio)): null

2018-11-02 14:56:02 - [TEST_STEP][PASSED] - Statement - If (item.getText().equals(NombreServicio)): null

2018-11-02 14:56:02 - [TEST_STEP][PASSED] - Statement - If (item.getText().equals(NombreServicio)): null

2018-11-02 14:56:02 - [TEST_STEP][PASSED] - Statement - If (item.getText().equals(NombreServicio)): null

2018-11-02 14:56:02 - [TEST_STEP][PASSED] - Statement - If (item.getText().equals(NombreServicio)): null

2018-11-02 14:56:02 - [TEST_STEP][PASSED] - Statement - If (item.getText().equals(NombreServicio)): null

2018-11-02 14:56:03 - [TEST_STEP][PASSED] - Statement - If (item.getText().equals(NombreServicio)): null

2018-11-02 14:56:03 - [TEST_STEP][PASSED] - Statement - If (item.getText().equals(NombreServicio)): null

2018-11-02 14:56:03 - [TEST_STEP][PASSED] - Statement - If (item.getText().equals(NombreServicio)): null

2018-11-02 14:56:03 - [TEST_STEP][PASSED] - Statement - If (item.getText().equals(NombreServicio)): null

2018-11-02 14:56:03 - [TEST_STEP][PASSED] - Statement - If (item.getText().equals(NombreServicio)): null

2018-11-02 14:56:03 - [TEST_STEP][PASSED] - Statement - If (item.getText().equals(NombreServicio)): null

2018-11-02 14:56:03 - [TEST_STEP][PASSED] - Statement - If (item.getText().equals(NombreServicio)): null

2018-11-02 14:56:03 - [TEST_STEP][PASSED] - Statement - If (item.getText().equals(NombreServicio)): null

2018-11-02 14:56:03 - [TEST_STEP][PASSED] - Statement - If (item.getText().equals(NombreServicio)): null

2018-11-02 14:56:03 - [TEST_STEP][PASSED] - Statement - If (item.getText().equals(NombreServicio)): null

2018-11-02 14:56:03 - [TEST_STEP][PASSED] - Statement - If (item.getText().equals(NombreServicio)): null

2018-11-02 14:56:03 - [TEST_STEP][PASSED] - Statement - If (item.getText().equals(NombreServicio)): null

2018-11-02 14:56:03 - [TEST_STEP][PASSED] - Statement - If (item.getText().equals(NombreServicio)): null

2018-11-02 14:56:03 - [TEST_STEP][PASSED] - Statement - If (item.getText().equals(NombreServicio)): null

2018-11-02 14:56:03 - [TEST_STEP][PASSED] - Statement - If (item.getText().equals(NombreServicio)): null

2018-11-02 14:56:03 - [TEST_STEP][PASSED] - Statement - If (item.getText().equals(NombreServicio)): null

2018-11-02 14:56:03 - [TEST_STEP][PASSED] - Statement - If (item.getText().equals(NombreServicio)): null

2018-11-02 14:56:03 - [TEST_STEP][PASSED] - Statement - If (item.getText().equals(NombreServicio)): null

2018-11-02 14:56:03 - [TEST_STEP][PASSED] - Statement - If (item.getText().equals(NombreServicio)): null

2018-11-02 14:56:03 - [TEST_STEP][PASSED] - Statement - If (item.getText().equals(NombreServicio)): null

2018-11-02 14:56:03 - [TEST_STEP][PASSED] - Statement - If (item.getText().equals(NombreServicio)): null

2018-11-02 14:56:03 - [TEST_STEP][PASSED] - Statement - If (item.getText().equals(NombreServicio)): null

2018-11-02 14:56:04 - [TEST_STEP][PASSED] - Statement - If (item.getText().equals(NombreServicio)): null

2018-11-02 14:56:04 - [TEST_STEP][PASSED] - Statement - If (item.getText().equals(NombreServicio)): null

2018-11-02 14:56:04 - [TEST_STEP][PASSED] - Statement - If (item.getText().equals(NombreServicio)): null

2018-11-02 14:56:04 - [TEST_STEP][PASSED] - Statement - If (item.getText().equals(NombreServicio)): null

2018-11-02 14:56:04 - [TEST_STEP][PASSED] - Statement - If (item.getText().equals(NombreServicio)): null

2018-11-02 14:56:04 - [TEST_STEP][PASSED] - Statement - If (item.getText().equals(NombreServicio)): null

2018-11-02 14:56:04 - [TEST_STEP][PASSED] - Statement - If (item.getText().equals(NombreServicio)): null

2018-11-02 14:56:04 - [TEST_STEP][PASSED] - Statement - If (item.getText().equals(NombreServicio)): null

2018-11-02 14:56:04 - [TEST_STEP][PASSED] - Statement - If (item.getText().equals(NombreServicio)): null

2018-11-02 14:56:04 - [TEST_STEP][PASSED] - Statement - If (item.getText().equals(NombreServicio)): null

2018-11-02 14:56:04 - [TEST_STEP][PASSED] - Statement - If (item.getText().equals(NombreServicio)): null

2018-11-02 14:56:04 - [TEST_STEP][PASSED] - Statement - If (item.getText().equals(NombreServicio)): null

2018-11-02 14:56:04 - [TEST_STEP][PASSED] - Statement - If (item.getText().equals(NombreServicio)): null

2018-11-02 14:56:04 - [TEST_STEP][PASSED] - Statement - If (item.getText().equals(NombreServicio)): null

2018-11-02 14:56:04 - [TEST_STEP][PASSED] - Statement - If (item.getText().equals(NombreServicio)): null

2018-11-02 14:56:04 - [TEST_STEP][PASSED] - Statement - If (item.getText().equals(NombreServicio)): null

2018-11-02 14:56:04 - [TEST_STEP][PASSED] - Statement - If (item.getText().equals(NombreServicio)): null

2018-11-02 14:56:04 - [TEST_STEP][PASSED] - Statement - If (item.getText().equals(NombreServicio)): null

2018-11-02 14:56:04 - [TEST_STEP][PASSED] - Statement - If (item.getText().equals(NombreServicio)): null

2018-11-02 14:56:04 - [TEST_STEP][PASSED] - Statement - If (item.getText().equals(NombreServicio)): null

2018-11-02 14:56:04 - [TEST_STEP][PASSED] - Statement - If (item.getText().equals(NombreServicio)): null

2018-11-02 14:56:05 - [TEST_STEP][PASSED] - Statement - If (item.getText().equals(NombreServicio)): null

2018-11-02 14:56:05 - [TEST_STEP][PASSED] - Statement - If (item.getText().equals(NombreServicio)): null

2018-11-02 14:56:05 - [TEST_STEP][PASSED] - Statement - If (item.getText().equals(NombreServicio)): null

2018-11-02 14:56:05 - [TEST_STEP][PASSED] - Statement - If (item.getText().equals(NombreServicio)): null

2018-11-02 14:56:05 - [TEST_STEP][PASSED] - Statement - If (item.getText().equals(NombreServicio)): null

2018-11-02 14:56:05 - [TEST_STEP][PASSED] - Statement - If (item.getText().equals(NombreServicio)): null

2018-11-02 14:56:05 - [TEST_STEP][PASSED] - Statement - If (item.getText().equals(NombreServicio)): null

2018-11-02 14:56:05 - [TEST_STEP][PASSED] - Statement - If (item.getText().equals(NombreServicio)): null

2018-11-02 14:56:05 - [TEST_STEP][PASSED] - Statement - If (item.getText().equals(NombreServicio)): null

2018-11-02 14:56:05 - [TEST_STEP][PASSED] - Statement - If (item.getText().equals(NombreServicio)): null

2018-11-02 14:56:05 - [TEST_STEP][PASSED] - Statement - item.click(): null

2018-11-02 14:56:05 - [TEST_STEP][PASSED] - Statement - return true: null

2018-11-02 14:56:05 - [TEST_STEP][PASSED] - Statement - verifyIsGenesisCoberturaOpen(): null

2018-11-02 14:56:05 - [TEST_STEP][PASSED] - Statement - Try: Object 'Object Repository/Servicio/input_Prestaciones' is clickable

2018-11-02 14:56:05 - [TEST_STEP][PASSED] - waitForElementClickable: Object 'Object Repository/Servicio/input_Prestaciones' is clickable

2018-11-02 14:56:06 - [MESSAGE][PASSED] - Object 'Object Repository/Servicio/input_Prestaciones' is clickable

2018-11-02 14:56:06 - [TEST_STEP][PASSED] - setText: Text '250102' is set on object 'Object Repository/Servicio/input_Prestaciones'

2018-11-02 14:56:07 - [MESSAGE][PASSED] - Text '250102' is set on object 'Object Repository/Servicio/input_Prestaciones'

2018-11-02 14:56:07 - [TEST_STEP][PASSED] - Statement - selectOptionAutocomplete(): null

2018-11-02 14:56:07 - [TEST_STEP][PASSED] - waitForElementClickable: Object 'Object Repository/Servicio/autocomplete_input' is clickable

2018-11-02 14:56:07 - [MESSAGE][PASSED] - Object 'Object Repository/Servicio/autocomplete_input' is clickable

2018-11-02 14:56:07 - [TEST_STEP][PASSED] - delay: Delayed 30 second(s)

2018-11-02 14:56:37 - [MESSAGE][PASSED] - Delayed 30 second(s)

2018-11-02 14:56:37 - [TEST_STEP][PASSED] - click: Object: 'Object Repository/Servicio/autocomplete_input' is clicked on

2018-11-02 14:56:37 - [MESSAGE][PASSED] - Object: 'Object Repository/Servicio/autocomplete_input' is clicked on

2018-11-02 14:56:37 - [TEST_STEP][PASSED] - selectOptionByValue: All options with value 'A' are selected in object 'Object Repository/Servicio/select_Contexto' 

2018-11-02 14:56:38 - [MESSAGE][PASSED] - All options with value 'A' are selected in object 'Object Repository/Servicio/select_Contexto' 

2018-11-02 14:56:38 - [TEST_STEP][PASSED] - click: Object: 'Object Repository/Servicio/btnEditarDomicilio' is clicked on

2018-11-02 14:56:38 - [MESSAGE][PASSED] - Object: 'Object Repository/Servicio/btnEditarDomicilio' is clicked on

2018-11-02 14:56:38 - [TEST_STEP][PASSED] - waitForElementPresent: Object 'Object Repository/Servicio/select_Provincia' is present

2018-11-02 14:56:38 - [MESSAGE][PASSED] - Object 'Object Repository/Servicio/select_Provincia' is present

2018-11-02 14:56:38 - [TEST_STEP][PASSED] - selectOptionByValue: All options with value 'SANTA FE' are selected in object 'Object Repository/Servicio/select_Provincia' 

2018-11-02 14:56:39 - [MESSAGE][PASSED] - All options with value 'SANTA FE' are selected in object 'Object Repository/Servicio/select_Provincia' 

2018-11-02 14:56:39 - [TEST_STEP][PASSED] - sendKeys: Keys 'ROSARIO' sent to object: 'Object Repository/Servicio/input_Localidad'

2018-11-02 14:56:39 - [MESSAGE][PASSED] - Keys 'ROSARIO' sent to object: 'Object Repository/Servicio/input_Localidad'

2018-11-02 14:56:39 - [TEST_STEP][PASSED] - delay: Delayed 10 second(s)

2018-11-02 14:56:49 - [MESSAGE][PASSED] - Delayed 10 second(s)

2018-11-02 14:56:49 - [TEST_STEP][PASSED] - sendKeys: Keys 'TAB + ' sent to object: 'Object Repository/Servicio/input_Localidad'

2018-11-02 14:56:49 - [MESSAGE][PASSED] - Keys 'TAB + ' sent to object: 'Object Repository/Servicio/input_Localidad'

2018-11-02 14:56:49 - [TEST_STEP][PASSED] - sendKeys: Keys 'ITALIA' sent to object: 'Object Repository/Servicio/input_Calle'

2018-11-02 14:56:49 - [MESSAGE][PASSED] - Keys 'ITALIA' sent to object: 'Object Repository/Servicio/input_Calle'

2018-11-02 14:56:49 - [TEST_STEP][PASSED] - delay: Delayed 10 second(s)

2018-11-02 14:56:59 - [MESSAGE][PASSED] - Delayed 10 second(s)

2018-11-02 14:56:59 - [TEST_STEP][PASSED] - sendKeys: Keys 'TAB + ' sent to object: 'Object Repository/Servicio/input_Calle'

2018-11-02 14:57:00 - [MESSAGE][PASSED] - Keys 'TAB + ' sent to object: 'Object Repository/Servicio/input_Calle'

2018-11-02 14:57:00 - [TEST_STEP][PASSED] - delay: Delayed 10 second(s)

2018-11-02 14:57:10 - [MESSAGE][PASSED] - Delayed 10 second(s)

2018-11-02 14:57:10 - [TEST_STEP][PASSED] - sendKeys: Keys '440' sent to object: 'Object Repository/Servicio/input_Altura'

2018-11-02 14:57:10 - [MESSAGE][PASSED] - Keys '440' sent to object: 'Object Repository/Servicio/input_Altura'

2018-11-02 14:57:10 - [TEST_STEP][PASSED] - click: Object: 'Object Repository/Servicio/btnSeleccionar' is clicked on

2018-11-02 14:57:10 - [MESSAGE][PASSED] - Object: 'Object Repository/Servicio/btnSeleccionar' is clicked on

2018-11-02 14:57:10 - [TEST_STEP][PASSED] - delay: Delayed 10 second(s)

2018-11-02 14:57:20 - [MESSAGE][PASSED] - Delayed 10 second(s)

2018-11-02 14:57:20 - [TEST_STEP][PASSED] - click: Object: 'Object Repository/Servicio/btnBuscar' is clicked on

2018-11-02 14:57:20 - [MESSAGE][PASSED] - Object: 'Object Repository/Servicio/btnBuscar' is clicked on

2018-11-02 14:57:20 - [TEST_STEP][PASSED] - waitForElementPresent: Object 'Object Repository/Servicio/div_Listado' is present

2018-11-02 14:57:21 - [MESSAGE][PASSED] - Object 'Object Repository/Servicio/div_Listado' is present

2018-11-02 14:57:21 - [TEST_STEP][PASSED] - click: Object: 'Object Repository/Servicio/check_ResultadoListado' is clicked on

2018-11-02 14:57:27 - [MESSAGE][PASSED] - Object: 'Object Repository/Servicio/check_ResultadoListado' is clicked on

2018-11-02 14:57:27 - [TEST_STEP][PASSED] - click: Object: 'Object Repository/Servicio/btnRegistrar' is clicked on

2018-11-02 14:57:27 - [MESSAGE][PASSED] - Object: 'Object Repository/Servicio/btnRegistrar' is clicked on

2018-11-02 14:57:27 - [TEST_STEP][PASSED] - waitForElementClickable: Object 'Object Repository/Servicio/btnCerrarDomicilio' is clickable

2018-11-02 14:57:28 - [MESSAGE][PASSED] - Object 'Object Repository/Servicio/btnCerrarDomicilio' is clickable

2018-11-02 14:57:28 - [TEST_STEP][PASSED] - delay: Delayed 10 second(s)

2018-11-02 14:57:38 - [MESSAGE][PASSED] - Delayed 10 second(s)

2018-11-02 14:57:38 - [TEST_STEP][PASSED] - click: Object: 'Object Repository/Servicio/btnCerrarDomicilio' is clicked on

2018-11-02 14:57:38 - [MESSAGE][PASSED] - Object: 'Object Repository/Servicio/btnCerrarDomicilio' is clicked on

2018-11-02 14:57:38 - [TEST_STEP][PASSED] - click: Object: 'Object Repository/Servicio/btnEnviarCorreo' is clicked on

2018-11-02 14:57:38 - [MESSAGE][PASSED] - Object: 'Object Repository/Servicio/btnEnviarCorreo' is clicked on

2018-11-02 14:57:39 - [TEST_STEP][PASSED] - waitForElementPresent: Object 'Object Repository/Servicio/input_Correo' is present

2018-11-02 14:57:39 - [MESSAGE][PASSED] - Object 'Object Repository/Servicio/input_Correo' is present

2018-11-02 14:57:39 - [TEST_STEP][PASSED] - sendKeys: Keys 'ntedesco@sms-latam.com' sent to object: 'Object Repository/Servicio/input_Correo'

2018-11-02 14:57:39 - [MESSAGE][PASSED] - Keys 'ntedesco@sms-latam.com' sent to object: 'Object Repository/Servicio/input_Correo'

2018-11-02 14:57:39 - [TEST_STEP][PASSED] - click: Object: 'Object Repository/Servicio/btnEnviar' is clicked on

2018-11-02 14:57:40 - [MESSAGE][PASSED] - Object: 'Object Repository/Servicio/btnEnviar' is clicked on

2018-11-02 14:57:40 - [TEST_STEP][PASSED] - delay: Delayed 10 second(s)

2018-11-02 14:57:50 - [MESSAGE][PASSED] - Delayed 10 second(s)

2018-11-02 14:57:50 - [TEST_STEP][PASSED] - waitForElementClickable: Object 'Object Repository/Servicio/btnImprimir' is clickable

2018-11-02 14:57:50 - [MESSAGE][PASSED] - Object 'Object Repository/Servicio/btnImprimir' is clickable

2018-11-02 14:57:50 - [TEST_STEP][PASSED] - click: Object: 'Object Repository/Servicio/btnImprimir' is clicked on

2018-11-02 14:57:50 - [MESSAGE][PASSED] - Object: 'Object Repository/Servicio/btnImprimir' is clicked on

2018-11-02 14:57:50 - [TEST_STEP][PASSED] - waitForElementClickable: Object 'Object Repository/Servicio/btnCerrarPopUpPdf' is clickable

2018-11-02 14:57:50 - [MESSAGE][PASSED] - Object 'Object Repository/Servicio/btnCerrarPopUpPdf' is clickable

2018-11-02 14:57:50 - [TEST_STEP][PASSED] - delay: Delayed 10 second(s)

2018-11-02 14:58:00 - [MESSAGE][PASSED] - Delayed 10 second(s)

2018-11-02 14:58:00 - [TEST_STEP][PASSED] - click: Object: 'Object Repository/Servicio/btnCerrarPopUpPdf' is clicked on

2018-11-02 14:58:01 - [MESSAGE][PASSED] - Object: 'Object Repository/Servicio/btnCerrarPopUpPdf' is clicked on

2018-11-02 14:58:01 - [TEST_STEP][PASSED] - waitForElementClickable: Object 'Object Repository/Servicio/div_InfoPrestacion' is clickable

2018-11-02 14:58:01 - [MESSAGE][PASSED] - Object 'Object Repository/Servicio/div_InfoPrestacion' is clickable

2018-11-02 14:58:01 - [TEST_STEP][PASSED] - delay: Delayed 10 second(s)

2018-11-02 14:58:11 - [MESSAGE][PASSED] - Delayed 10 second(s)

2018-11-02 14:58:11 - [TEST_STEP][PASSED] - click: Object: 'Object Repository/Servicio/div_InfoPrestacion' is clicked on

2018-11-02 14:58:11 - [MESSAGE][PASSED] - Object: 'Object Repository/Servicio/div_InfoPrestacion' is clicked on

2018-11-02 14:58:11 - [TEST_STEP][PASSED] - waitForElementClickable: Object 'Object Repository/Servicio/span_InfoPrestacion' is clickable

2018-11-02 14:58:12 - [MESSAGE][PASSED] - Object 'Object Repository/Servicio/span_InfoPrestacion' is clickable

2018-11-02 14:58:12 - [TEST_STEP][PASSED] - click: Object: 'Object Repository/Servicio/span_InfoPrestacion' is clicked on

2018-11-02 14:58:12 - [MESSAGE][PASSED] - Object: 'Object Repository/Servicio/span_InfoPrestacion' is clicked on

2018-11-02 14:58:12 - [TEST_STEP][PASSED] - Statement - verificarCargaInformacion(): null

2018-11-02 14:58:12 - [TEST_STEP][PASSED] - Statement - Try: null

2018-11-02 14:58:12 - [TEST_STEP][PASSED] - waitForElementPresent: Object 'Object Repository/Servicio/form_InformacionPrestacion' is present

2018-11-02 14:58:21 - [MESSAGE][PASSED] - Object 'Object Repository/Servicio/form_InformacionPrestacion' is present

2018-11-02 14:58:21 - [TEST_STEP][PASSED] - Statement - out.println("Se carga correctamente formulario de prestacion"): null

2018-11-02 14:58:21 - [TEST_STEP][PASSED] - click: Object: 'Object Repository/Servicio/btnVolver' is clicked on

2018-11-02 14:58:22 - [MESSAGE][PASSED] - Object: 'Object Repository/Servicio/btnVolver' is clicked on

2018-11-02 14:58:22 - [TEST_STEP][PASSED] - Statement - tearDown(): null

2018-11-02 14:58:22 - [TEST_STEP][PASSED] - closeBrowser: Browser is closed

2018-11-02 14:58:23 - [MESSAGE][PASSED] - Browser is closed]]></system-out>
         <system-err><![CDATA[]]></system-err>
      </testcase>
      <testcase name="Test Cases/Test Buscar Prestadores - Zona" classname="Test Cases/Test Buscar Prestadores - Zona" status="FAILED">
         <failure type="FAILED" message="(Stack trace: com.kms.katalon.core.exception.StepFailedException: Unable to click on object 'Object Repository/Servicio/check_ResultadoListado' (Root cause: com.kms.katalon.core.webui.exception.WebElementNotFoundException: Web element with id: 'Object Repository/Servicio/check_ResultadoListado' located by 'By.xpath: //div[@id='divCCN']/div[@id='resultados']/div[@id='contenidoResultado']/div[@id='resultadoListado']/div/div/div/div/div/div' not found)
	at com.kms.katalon.core.keyword.internal.KeywordMain.stepFailed(KeywordMain.groovy:36)
	at com.kms.katalon.core.webui.keyword.internal.WebUIKeywordMain.stepFailed(WebUIKeywordMain.groovy:65)
	at com.kms.katalon.core.webui.keyword.internal.WebUIKeywordMain.runKeyword(WebUIKeywordMain.groovy:27)
	at com.kms.katalon.core.webui.keyword.builtin.ClickKeyword.click(ClickKeyword.groovy:86)
	at com.kms.katalon.core.webui.keyword.builtin.ClickKeyword.execute(ClickKeyword.groovy:67)
	at com.kms.katalon.core.keyword.internal.KeywordExecutor.executeKeywordForPlatform(KeywordExecutor.groovy:53)
	at com.kms.katalon.core.webui.keyword.WebUiBuiltInKeywords.click(WebUiBuiltInKeywords.groovy:616)
	at com.kms.katalon.core.webui.keyword.WebUiBuiltInKeywords$click$4.call(Unknown Source)
	at org.codehaus.groovy.runtime.callsite.CallSiteArray.defaultCall(CallSiteArray.java:48)
	at org.codehaus.groovy.runtime.callsite.AbstractCallSite.call(AbstractCallSite.java:113)
	at org.codehaus.groovy.runtime.callsite.AbstractCallSite.call(AbstractCallSite.java:125)
	at Script1540395003759.run(Script1540395003759.groovy:106)
	at com.kms.katalon.core.main.ScriptEngine.run(ScriptEngine.java:183)
	at com.kms.katalon.core.main.ScriptEngine.runScriptAsRawText(ScriptEngine.java:108)
	at com.kms.katalon.core.main.TestCaseExecutor.runScript(TestCaseExecutor.java:294)
	at com.kms.katalon.core.main.TestCaseExecutor.doExecute(TestCaseExecutor.java:285)
	at com.kms.katalon.core.main.TestCaseExecutor.processExecutionPhase(TestCaseExecutor.java:264)
	at com.kms.katalon.core.main.TestCaseExecutor.accessMainPhase(TestCaseExecutor.java:256)
	at com.kms.katalon.core.main.TestCaseExecutor.execute(TestCaseExecutor.java:200)
	at com.kms.katalon.core.main.TestSuiteExecutor.accessTestCaseMainPhase(TestSuiteExecutor.java:129)
	at com.kms.katalon.core.main.TestSuiteExecutor.accessTestSuiteMainPhase(TestSuiteExecutor.java:112)
	at com.kms.katalon.core.main.TestSuiteExecutor.execute(TestSuiteExecutor.java:81)
	at com.kms.katalon.core.main.TestCaseMain.startTestSuite(TestCaseMain.java:142)
	at com.kms.katalon.core.main.TestCaseMain$startTestSuite$0.call(Unknown Source)
	at org.codehaus.groovy.runtime.callsite.CallSiteArray.defaultCall(CallSiteArray.java:48)
	at org.codehaus.groovy.runtime.callsite.AbstractCallSite.call(AbstractCallSite.java:113)
	at org.codehaus.groovy.runtime.callsite.AbstractCallSite.call(AbstractCallSite.java:141)
	at TempTestSuite1541181137650.run(TempTestSuite1541181137650.groovy:36)
	at groovy.lang.GroovyShell.runScriptOrMainOrTestOrRunnable(GroovyShell.java:263)
	at groovy.lang.GroovyShell.run(GroovyShell.java:518)
	at groovy.lang.GroovyShell.run(GroovyShell.java:507)
	at groovy.ui.GroovyMain.processOnce(GroovyMain.java:653)
	at groovy.ui.GroovyMain.run(GroovyMain.java:384)
	at groovy.ui.GroovyMain.process(GroovyMain.java:370)
	at groovy.ui.GroovyMain.processArgs(GroovyMain.java:129)
	at groovy.ui.GroovyMain.main(GroovyMain.java:109)
	at sun.reflect.NativeMethodAccessorImpl.invoke0(Native Method)
	at sun.reflect.NativeMethodAccessorImpl.invoke(NativeMethodAccessorImpl.java:62)
	at sun.reflect.DelegatingMethodAccessorImpl.invoke(DelegatingMethodAccessorImpl.java:43)
	at java.lang.reflect.Method.invoke(Method.java:498)
	at org.codehaus.groovy.tools.GroovyStarter.rootLoader(GroovyStarter.java:109)
	at org.codehaus.groovy.tools.GroovyStarter.main(GroovyStarter.java:131)
)"/>
         <system-out><![CDATA[2018-11-02 14:58:23 - [TEST_CASE][FAILED] - Test Cases/Test Buscar Prestadores - Zona: Test Cases/Test Buscar Prestadores - Zona FAILED because (of) (Stack trace: com.kms.katalon.core.exception.StepFailedException: Unable to click on object 'Object Repository/Servicio/check_ResultadoListado' (Root cause: com.kms.katalon.core.webui.exception.WebElementNotFoundException: Web element with id: 'Object Repository/Servicio/check_ResultadoListado' located by 'By.xpath: //div[@id='divCCN']/div[@id='resultados']/div[@id='contenidoResultado']/div[@id='resultadoListado']/div/div/div/div/div/div' not found)
	at com.kms.katalon.core.keyword.internal.KeywordMain.stepFailed(KeywordMain.groovy:36)
	at com.kms.katalon.core.webui.keyword.internal.WebUIKeywordMain.stepFailed(WebUIKeywordMain.groovy:65)
	at com.kms.katalon.core.webui.keyword.internal.WebUIKeywordMain.runKeyword(WebUIKeywordMain.groovy:27)
	at com.kms.katalon.core.webui.keyword.builtin.ClickKeyword.click(ClickKeyword.groovy:86)
	at com.kms.katalon.core.webui.keyword.builtin.ClickKeyword.execute(ClickKeyword.groovy:67)
	at com.kms.katalon.core.keyword.internal.KeywordExecutor.executeKeywordForPlatform(KeywordExecutor.groovy:53)
	at com.kms.katalon.core.webui.keyword.WebUiBuiltInKeywords.click(WebUiBuiltInKeywords.groovy:616)
	at com.kms.katalon.core.webui.keyword.WebUiBuiltInKeywords$click$4.call(Unknown Source)
	at org.codehaus.groovy.runtime.callsite.CallSiteArray.defaultCall(CallSiteArray.java:48)
	at org.codehaus.groovy.runtime.callsite.AbstractCallSite.call(AbstractCallSite.java:113)
	at org.codehaus.groovy.runtime.callsite.AbstractCallSite.call(AbstractCallSite.java:125)
	at Script1540395003759.run(Script1540395003759.groovy:106)
	at com.kms.katalon.core.main.ScriptEngine.run(ScriptEngine.java:183)
	at com.kms.katalon.core.main.ScriptEngine.runScriptAsRawText(ScriptEngine.java:108)
	at com.kms.katalon.core.main.TestCaseExecutor.runScript(TestCaseExecutor.java:294)
	at com.kms.katalon.core.main.TestCaseExecutor.doExecute(TestCaseExecutor.java:285)
	at com.kms.katalon.core.main.TestCaseExecutor.processExecutionPhase(TestCaseExecutor.java:264)
	at com.kms.katalon.core.main.TestCaseExecutor.accessMainPhase(TestCaseExecutor.java:256)
	at com.kms.katalon.core.main.TestCaseExecutor.execute(TestCaseExecutor.java:200)
	at com.kms.katalon.core.main.TestSuiteExecutor.accessTestCaseMainPhase(TestSuiteExecutor.java:129)
	at com.kms.katalon.core.main.TestSuiteExecutor.accessTestSuiteMainPhase(TestSuiteExecutor.java:112)
	at com.kms.katalon.core.main.TestSuiteExecutor.execute(TestSuiteExecutor.java:81)
	at com.kms.katalon.core.main.TestCaseMain.startTestSuite(TestCaseMain.java:142)
	at com.kms.katalon.core.main.TestCaseMain$startTestSuite$0.call(Unknown Source)
	at org.codehaus.groovy.runtime.callsite.CallSiteArray.defaultCall(CallSiteArray.java:48)
	at org.codehaus.groovy.runtime.callsite.AbstractCallSite.call(AbstractCallSite.java:113)
	at org.codehaus.groovy.runtime.callsite.AbstractCallSite.call(AbstractCallSite.java:141)
	at TempTestSuite1541181137650.run(TempTestSuite1541181137650.groovy:36)
	at groovy.lang.GroovyShell.runScriptOrMainOrTestOrRunnable(GroovyShell.java:263)
	at groovy.lang.GroovyShell.run(GroovyShell.java:518)
	at groovy.lang.GroovyShell.run(GroovyShell.java:507)
	at groovy.ui.GroovyMain.processOnce(GroovyMain.java:653)
	at groovy.ui.GroovyMain.run(GroovyMain.java:384)
	at groovy.ui.GroovyMain.process(GroovyMain.java:370)
	at groovy.ui.GroovyMain.processArgs(GroovyMain.java:129)
	at groovy.ui.GroovyMain.main(GroovyMain.java:109)
	at sun.reflect.NativeMethodAccessorImpl.invoke0(Native Method)
	at sun.reflect.NativeMethodAccessorImpl.invoke(NativeMethodAccessorImpl.java:62)
	at sun.reflect.DelegatingMethodAccessorImpl.invoke(DelegatingMethodAccessorImpl.java:43)
	at java.lang.reflect.Method.invoke(Method.java:498)
	at org.codehaus.groovy.tools.GroovyStarter.rootLoader(GroovyStarter.java:109)
	at org.codehaus.groovy.tools.GroovyStarter.main(GroovyStarter.java:131)
)

2018-11-02 14:58:23 - [TEST_STEP][PASSED] - openBrowser: Browser is opened with url: 'null'

2018-11-02 14:58:25 - [MESSAGE][PASSED] - Browser is opened with url: 'null'

2018-11-02 14:58:25 - [TEST_STEP][PASSED] - navigateToUrl: Navigate to 'https://test.intranet.osde/IV3/' successfully

2018-11-02 14:58:26 - [MESSAGE][PASSED] - Navigate to 'https://test.intranet.osde/IV3/' successfully

2018-11-02 14:58:26 - [TEST_STEP][PASSED] - maximizeWindow: Current window maximized

2018-11-02 14:58:26 - [MESSAGE][PASSED] - Current window maximized

2018-11-02 14:58:26 - [TEST_STEP][PASSED] - waitForElementClickable: Object 'Object Repository/Login_OSDE Intranet/coUsser' is clickable

2018-11-02 14:58:26 - [MESSAGE][PASSED] - Object 'Object Repository/Login_OSDE Intranet/coUsser' is clickable

2018-11-02 14:58:26 - [TEST_STEP][PASSED] - setText: Text 'SS36739794' is set on object 'Object Repository/Login_OSDE Intranet/coUsser'

2018-11-02 14:58:27 - [MESSAGE][PASSED] - Text 'SS36739794' is set on object 'Object Repository/Login_OSDE Intranet/coUsser'

2018-11-02 14:58:27 - [TEST_STEP][PASSED] - setText: Text 'intranet09' is set on object 'Object Repository/Login_OSDE Intranet/coPassword'

2018-11-02 14:58:27 - [MESSAGE][PASSED] - Text 'intranet09' is set on object 'Object Repository/Login_OSDE Intranet/coPassword'

2018-11-02 14:58:27 - [TEST_STEP][PASSED] - click: Object: 'Object Repository/Login_OSDE Intranet/btnIngresar' is clicked on

2018-11-02 14:58:28 - [MESSAGE][PASSED] - Object: 'Object Repository/Login_OSDE Intranet/btnIngresar' is clicked on

2018-11-02 14:58:28 - [TEST_STEP][PASSED] - waitForElementPresent: Object 'Object Repository/Home_OSDE Intranet V3/a_Mis Herramientas' is present

2018-11-02 14:58:29 - [MESSAGE][PASSED] - Object 'Object Repository/Home_OSDE Intranet V3/a_Mis Herramientas' is present

2018-11-02 14:58:29 - [TEST_STEP][PASSED] - click: Object: 'Object Repository/Home_OSDE Intranet V3/a_Mis Herramientas' is clicked on

2018-11-02 14:58:29 - [MESSAGE][PASSED] - Object: 'Object Repository/Home_OSDE Intranet V3/a_Mis Herramientas' is clicked on

2018-11-02 14:58:30 - [TEST_STEP][PASSED] - waitForElementPresent: Object 'Object Repository/Home_OSDE Intranet V3/iframe_MIS HERRAMIENTAS_frmMis' is present

2018-11-02 14:58:30 - [MESSAGE][WARNING] - Timeout '0' is invalid. Using default page load timeout: '30'

2018-11-02 14:58:30 - [MESSAGE][WARNING] - Timeout '0' is invalid. Using default page load timeout: '30'

2018-11-02 14:58:30 - [MESSAGE][PASSED] - Object 'Object Repository/Home_OSDE Intranet V3/iframe_MIS HERRAMIENTAS_frmMis' is present

2018-11-02 14:58:30 - [TEST_STEP][PASSED] - click: Object: 'Object Repository/Home_OSDE Intranet V3/td_Portal Corporativo' is clicked on

2018-11-02 14:58:30 - [MESSAGE][PASSED] - Object: 'Object Repository/Home_OSDE Intranet V3/td_Portal Corporativo' is clicked on

2018-11-02 14:58:30 - [TEST_STEP][PASSED] - switchToWindowUrl: Switched to window with url: 'http://tlnxwas30.intranet.osde:11780/portalFrontend/login.do'

2018-11-02 14:58:31 - [MESSAGE][PASSED] - Switched to window with url: 'http://tlnxwas30.intranet.osde:11780/portalFrontend/login.do'

2018-11-02 14:58:31 - [TEST_STEP][PASSED] - waitForElementVisible: Object 'Object Repository/Portal_Inicial/select_apiPortalDesarrolloport' is visible

2018-11-02 14:58:32 - [MESSAGE][PASSED] - Object 'Object Repository/Portal_Inicial/select_apiPortalDesarrolloport' is visible

2018-11-02 14:58:32 - [TEST_STEP][PASSED] - selectOptionByValue: All options with value 'suaPortal' are selected in object 'Object Repository/Portal_Inicial/select_apiPortalDesarrolloport' 

2018-11-02 14:58:32 - [MESSAGE][PASSED] - All options with value 'suaPortal' are selected in object 'Object Repository/Portal_Inicial/select_apiPortalDesarrolloport' 

2018-11-02 14:58:32 - [TEST_STEP][PASSED] - Statement - verifyIsPortalOpen(): null

2018-11-02 14:58:33 - [TEST_STEP][FAILED] - Statement - Try: Unable to click on object 'Object Repository/Portal_Home/consolaRecepcion' (Root cause: com.kms.katalon.core.webui.exception.WebElementNotFoundException: Web element with id: 'Object Repository/Portal_Home/consolaRecepcion' located by 'By.xpath: //*[@id = 'suaConsolaRecepcionWidget']' not found)

2018-11-02 14:58:33 - [TEST_STEP][PASSED] - waitForElementClickable: Web element with id: 'Object Repository/Portal_Home/consolaRecepcion' located by 'By.xpath: //*[@id = 'suaConsolaRecepcionWidget']' not found

2018-11-02 14:59:35 - [MESSAGE][WARNING] - Web element with id: 'Object Repository/Portal_Home/consolaRecepcion' located by 'By.xpath: //*[@id = 'suaConsolaRecepcionWidget']' not found

2018-11-02 14:59:35 - [TEST_STEP][FAILED] - click: Unable to click on object 'Object Repository/Portal_Home/consolaRecepcion' (Root cause: com.kms.katalon.core.webui.exception.WebElementNotFoundException: Web element with id: 'Object Repository/Portal_Home/consolaRecepcion' located by 'By.xpath: //*[@id = 'suaConsolaRecepcionWidget']' not found)

2018-11-02 15:00:07 - [MESSAGE][FAILED] - Unable to click on object 'Object Repository/Portal_Home/consolaRecepcion' (Root cause: com.kms.katalon.core.webui.exception.WebElementNotFoundException: Web element with id: 'Object Repository/Portal_Home/consolaRecepcion' located by 'By.xpath: //*[@id = 'suaConsolaRecepcionWidget']' not found)
[[ATTACHMENT|C:\\Users\\ntedesco\\Katalon Studio\\GenesisCobertura\\Reports\\Prestaciones\\20181102_145213\\1541181606652.png]]

2018-11-02 15:00:07 - [TEST_STEP][PASSED] - Statement - Catch (Exception e): null

2018-11-02 15:00:07 - [TEST_STEP][PASSED] - Statement - reloadPortal(): null

2018-11-02 15:00:07 - [TEST_STEP][PASSED] - refresh: Refresh successfully

2018-11-02 15:00:07 - [MESSAGE][PASSED] - Refresh successfully

2018-11-02 15:00:07 - [TEST_STEP][PASSED] - Statement - verifyIsPortalOpen(): null

2018-11-02 15:00:07 - [TEST_STEP][FAILED] - Statement - Try: Unable to click on object 'Object Repository/Portal_Home/consolaRecepcion' (Root cause: com.kms.katalon.core.webui.exception.WebElementNotFoundException: Web element with id: 'Object Repository/Portal_Home/consolaRecepcion' located by 'By.xpath: //*[@id = 'suaConsolaRecepcionWidget']' not found)

2018-11-02 15:00:07 - [TEST_STEP][PASSED] - waitForElementClickable: Web element with id: 'Object Repository/Portal_Home/consolaRecepcion' located by 'By.xpath: //*[@id = 'suaConsolaRecepcionWidget']' not found

2018-11-02 15:01:10 - [MESSAGE][WARNING] - Web element with id: 'Object Repository/Portal_Home/consolaRecepcion' located by 'By.xpath: //*[@id = 'suaConsolaRecepcionWidget']' not found

2018-11-02 15:01:10 - [TEST_STEP][FAILED] - click: Unable to click on object 'Object Repository/Portal_Home/consolaRecepcion' (Root cause: com.kms.katalon.core.webui.exception.WebElementNotFoundException: Web element with id: 'Object Repository/Portal_Home/consolaRecepcion' located by 'By.xpath: //*[@id = 'suaConsolaRecepcionWidget']' not found)

2018-11-02 15:01:42 - [MESSAGE][FAILED] - Unable to click on object 'Object Repository/Portal_Home/consolaRecepcion' (Root cause: com.kms.katalon.core.webui.exception.WebElementNotFoundException: Web element with id: 'Object Repository/Portal_Home/consolaRecepcion' located by 'By.xpath: //*[@id = 'suaConsolaRecepcionWidget']' not found)
[[ATTACHMENT|C:\\Users\\ntedesco\\Katalon Studio\\GenesisCobertura\\Reports\\Prestaciones\\20181102_145213\\1541181702092.png]]

2018-11-02 15:01:42 - [TEST_STEP][PASSED] - Statement - Catch (Exception e): null

2018-11-02 15:01:42 - [TEST_STEP][PASSED] - Statement - reloadPortal(): null

2018-11-02 15:01:42 - [TEST_STEP][PASSED] - refresh: Refresh successfully

2018-11-02 15:01:42 - [MESSAGE][PASSED] - Refresh successfully

2018-11-02 15:01:42 - [TEST_STEP][PASSED] - Statement - verifyIsPortalOpen(): null

2018-11-02 15:01:42 - [TEST_STEP][PASSED] - Statement - Try: Object: 'Object Repository/Portal_Home/consolaRecepcion' is clicked on

2018-11-02 15:01:42 - [TEST_STEP][PASSED] - waitForElementClickable: Object 'Object Repository/Portal_Home/consolaRecepcion' is clickable

2018-11-02 15:01:47 - [MESSAGE][PASSED] - Object 'Object Repository/Portal_Home/consolaRecepcion' is clickable

2018-11-02 15:01:47 - [TEST_STEP][PASSED] - click: Object: 'Object Repository/Portal_Home/consolaRecepcion' is clicked on

2018-11-02 15:01:47 - [MESSAGE][PASSED] - Object: 'Object Repository/Portal_Home/consolaRecepcion' is clicked on

2018-11-02 15:01:47 - [TEST_STEP][PASSED] - setText: Text '60609272102 ' is set on object 'Object Repository/Portal_Home/input_BsquedaDetallada'

2018-11-02 15:01:48 - [MESSAGE][PASSED] - Text '60609272102 ' is set on object 'Object Repository/Portal_Home/input_BsquedaDetallada'

2018-11-02 15:01:48 - [TEST_STEP][PASSED] - click: Object: 'Object Repository/Portal_Home/btn_BsquedaDetallada' is clicked on

2018-11-02 15:01:48 - [MESSAGE][PASSED] - Object: 'Object Repository/Portal_Home/btn_BsquedaDetallada' is clicked on

2018-11-02 15:01:48 - [TEST_STEP][PASSED] - waitForElementPresent: Object 'Object Repository/Portal_Home/div_suaCaracteristicasSujeto' is present

2018-11-02 15:01:49 - [MESSAGE][PASSED] - Object 'Object Repository/Portal_Home/div_suaCaracteristicasSujeto' is present

2018-11-02 15:01:49 - [TEST_STEP][PASSED] - click: Object: 'Object Repository/Portal_Home/div_collapsableLeftContainer' is clicked on

2018-11-02 15:01:49 - [MESSAGE][PASSED] - Object: 'Object Repository/Portal_Home/div_collapsableLeftContainer' is clicked on

2018-11-02 15:01:49 - [TEST_STEP][PASSED] - waitForElementVisible: Object 'Object Repository/Portal_Home/btn_servicesTreeOpen' is visible

2018-11-02 15:01:50 - [MESSAGE][PASSED] - Object 'Object Repository/Portal_Home/btn_servicesTreeOpen' is visible

2018-11-02 15:01:50 - [TEST_STEP][PASSED] - click: Object: 'Object Repository/Portal_Home/btn_servicesTreeOpen' is clicked on

2018-11-02 15:01:50 - [MESSAGE][PASSED] - Object: 'Object Repository/Portal_Home/btn_servicesTreeOpen' is clicked on

2018-11-02 15:01:50 - [TEST_STEP][PASSED] - waitForElementVisible: Object 'Object Repository/Portal_Home/a_Servicios' is visible

2018-11-02 15:01:50 - [MESSAGE][PASSED] - Object 'Object Repository/Portal_Home/a_Servicios' is visible

2018-11-02 15:01:50 - [TEST_STEP][PASSED] - click: Object: 'Object Repository/Portal_Home/a_Servicios' is clicked on

2018-11-02 15:01:50 - [MESSAGE][PASSED] - Object: 'Object Repository/Portal_Home/a_Servicios' is clicked on

2018-11-02 15:01:50 - [TEST_STEP][PASSED] - Statement - abrirServicio(G_Servicio, com.kms.katalon.core.webui.driver.DriverFactory.getWebDriver()): null

2018-11-02 15:01:50 - [TEST_STEP][PASSED] - Statement - Try: null

2018-11-02 15:01:50 - [TEST_STEP][PASSED] - Statement - element = driver.findElement(org.openqa.selenium.By.id("accordionMenuApi")): null

2018-11-02 15:01:51 - [TEST_STEP][PASSED] - Statement - lstRegistro = element.findElements(org.openqa.selenium.By.xpath("//div[contains(@class, 'treeMenuElement ellipsis_text')]")): null

2018-11-02 15:01:51 - [TEST_STEP][PASSED] - Statement - For (org.openqa.selenium.WebElement Registro : lstRegistro): null

2018-11-02 15:01:51 - [TEST_STEP][PASSED] - Statement - itemsServicio = Registro.findElements(org.openqa.selenium.By.xpath("//span[contains(@class, 'serviceSpanElement')]")): null

2018-11-02 15:01:51 - [TEST_STEP][PASSED] - Statement - For (org.openqa.selenium.WebElement item : itemsServicio): null

2018-11-02 15:01:51 - [TEST_STEP][PASSED] - Statement - If (item.getText().equals(NombreServicio)): null

2018-11-02 15:01:51 - [TEST_STEP][PASSED] - Statement - If (item.getText().equals(NombreServicio)): null

2018-11-02 15:01:51 - [TEST_STEP][PASSED] - Statement - If (item.getText().equals(NombreServicio)): null

2018-11-02 15:01:51 - [TEST_STEP][PASSED] - Statement - If (item.getText().equals(NombreServicio)): null

2018-11-02 15:01:51 - [TEST_STEP][PASSED] - Statement - If (item.getText().equals(NombreServicio)): null

2018-11-02 15:01:51 - [TEST_STEP][PASSED] - Statement - If (item.getText().equals(NombreServicio)): null

2018-11-02 15:01:51 - [TEST_STEP][PASSED] - Statement - If (item.getText().equals(NombreServicio)): null

2018-11-02 15:01:51 - [TEST_STEP][PASSED] - Statement - If (item.getText().equals(NombreServicio)): null

2018-11-02 15:01:51 - [TEST_STEP][PASSED] - Statement - If (item.getText().equals(NombreServicio)): null

2018-11-02 15:01:51 - [TEST_STEP][PASSED] - Statement - If (item.getText().equals(NombreServicio)): null

2018-11-02 15:01:51 - [TEST_STEP][PASSED] - Statement - If (item.getText().equals(NombreServicio)): null

2018-11-02 15:01:51 - [TEST_STEP][PASSED] - Statement - If (item.getText().equals(NombreServicio)): null

2018-11-02 15:01:51 - [TEST_STEP][PASSED] - Statement - If (item.getText().equals(NombreServicio)): null

2018-11-02 15:01:51 - [TEST_STEP][PASSED] - Statement - If (item.getText().equals(NombreServicio)): null

2018-11-02 15:01:51 - [TEST_STEP][PASSED] - Statement - If (item.getText().equals(NombreServicio)): null

2018-11-02 15:01:52 - [TEST_STEP][PASSED] - Statement - If (item.getText().equals(NombreServicio)): null

2018-11-02 15:01:52 - [TEST_STEP][PASSED] - Statement - If (item.getText().equals(NombreServicio)): null

2018-11-02 15:01:52 - [TEST_STEP][PASSED] - Statement - If (item.getText().equals(NombreServicio)): null

2018-11-02 15:01:52 - [TEST_STEP][PASSED] - Statement - If (item.getText().equals(NombreServicio)): null

2018-11-02 15:01:52 - [TEST_STEP][PASSED] - Statement - If (item.getText().equals(NombreServicio)): null

2018-11-02 15:01:52 - [TEST_STEP][PASSED] - Statement - If (item.getText().equals(NombreServicio)): null

2018-11-02 15:01:52 - [TEST_STEP][PASSED] - Statement - If (item.getText().equals(NombreServicio)): null

2018-11-02 15:01:52 - [TEST_STEP][PASSED] - Statement - If (item.getText().equals(NombreServicio)): null

2018-11-02 15:01:52 - [TEST_STEP][PASSED] - Statement - If (item.getText().equals(NombreServicio)): null

2018-11-02 15:01:52 - [TEST_STEP][PASSED] - Statement - If (item.getText().equals(NombreServicio)): null

2018-11-02 15:01:52 - [TEST_STEP][PASSED] - Statement - If (item.getText().equals(NombreServicio)): null

2018-11-02 15:01:52 - [TEST_STEP][PASSED] - Statement - If (item.getText().equals(NombreServicio)): null

2018-11-02 15:01:52 - [TEST_STEP][PASSED] - Statement - If (item.getText().equals(NombreServicio)): null

2018-11-02 15:01:52 - [TEST_STEP][PASSED] - Statement - If (item.getText().equals(NombreServicio)): null

2018-11-02 15:01:52 - [TEST_STEP][PASSED] - Statement - If (item.getText().equals(NombreServicio)): null

2018-11-02 15:01:52 - [TEST_STEP][PASSED] - Statement - If (item.getText().equals(NombreServicio)): null

2018-11-02 15:01:52 - [TEST_STEP][PASSED] - Statement - If (item.getText().equals(NombreServicio)): null

2018-11-02 15:01:52 - [TEST_STEP][PASSED] - Statement - If (item.getText().equals(NombreServicio)): null

2018-11-02 15:01:52 - [TEST_STEP][PASSED] - Statement - If (item.getText().equals(NombreServicio)): null

2018-11-02 15:01:52 - [TEST_STEP][PASSED] - Statement - If (item.getText().equals(NombreServicio)): null

2018-11-02 15:01:52 - [TEST_STEP][PASSED] - Statement - If (item.getText().equals(NombreServicio)): null

2018-11-02 15:01:52 - [TEST_STEP][PASSED] - Statement - If (item.getText().equals(NombreServicio)): null

2018-11-02 15:01:52 - [TEST_STEP][PASSED] - Statement - If (item.getText().equals(NombreServicio)): null

2018-11-02 15:01:53 - [TEST_STEP][PASSED] - Statement - If (item.getText().equals(NombreServicio)): null

2018-11-02 15:01:53 - [TEST_STEP][PASSED] - Statement - If (item.getText().equals(NombreServicio)): null

2018-11-02 15:01:53 - [TEST_STEP][PASSED] - Statement - If (item.getText().equals(NombreServicio)): null

2018-11-02 15:01:53 - [TEST_STEP][PASSED] - Statement - If (item.getText().equals(NombreServicio)): null

2018-11-02 15:01:53 - [TEST_STEP][PASSED] - Statement - If (item.getText().equals(NombreServicio)): null

2018-11-02 15:01:53 - [TEST_STEP][PASSED] - Statement - If (item.getText().equals(NombreServicio)): null

2018-11-02 15:01:53 - [TEST_STEP][PASSED] - Statement - If (item.getText().equals(NombreServicio)): null

2018-11-02 15:01:53 - [TEST_STEP][PASSED] - Statement - If (item.getText().equals(NombreServicio)): null

2018-11-02 15:01:53 - [TEST_STEP][PASSED] - Statement - If (item.getText().equals(NombreServicio)): null

2018-11-02 15:01:53 - [TEST_STEP][PASSED] - Statement - If (item.getText().equals(NombreServicio)): null

2018-11-02 15:01:53 - [TEST_STEP][PASSED] - Statement - If (item.getText().equals(NombreServicio)): null

2018-11-02 15:01:53 - [TEST_STEP][PASSED] - Statement - If (item.getText().equals(NombreServicio)): null

2018-11-02 15:01:53 - [TEST_STEP][PASSED] - Statement - If (item.getText().equals(NombreServicio)): null

2018-11-02 15:01:53 - [TEST_STEP][PASSED] - Statement - If (item.getText().equals(NombreServicio)): null

2018-11-02 15:01:53 - [TEST_STEP][PASSED] - Statement - If (item.getText().equals(NombreServicio)): null

2018-11-02 15:01:53 - [TEST_STEP][PASSED] - Statement - If (item.getText().equals(NombreServicio)): null

2018-11-02 15:01:53 - [TEST_STEP][PASSED] - Statement - If (item.getText().equals(NombreServicio)): null

2018-11-02 15:01:53 - [TEST_STEP][PASSED] - Statement - If (item.getText().equals(NombreServicio)): null

2018-11-02 15:01:53 - [TEST_STEP][PASSED] - Statement - If (item.getText().equals(NombreServicio)): null

2018-11-02 15:01:53 - [TEST_STEP][PASSED] - Statement - If (item.getText().equals(NombreServicio)): null

2018-11-02 15:01:53 - [TEST_STEP][PASSED] - Statement - If (item.getText().equals(NombreServicio)): null

2018-11-02 15:01:53 - [TEST_STEP][PASSED] - Statement - If (item.getText().equals(NombreServicio)): null

2018-11-02 15:01:54 - [TEST_STEP][PASSED] - Statement - If (item.getText().equals(NombreServicio)): null

2018-11-02 15:01:54 - [TEST_STEP][PASSED] - Statement - If (item.getText().equals(NombreServicio)): null

2018-11-02 15:01:54 - [TEST_STEP][PASSED] - Statement - If (item.getText().equals(NombreServicio)): null

2018-11-02 15:01:54 - [TEST_STEP][PASSED] - Statement - If (item.getText().equals(NombreServicio)): null

2018-11-02 15:01:54 - [TEST_STEP][PASSED] - Statement - If (item.getText().equals(NombreServicio)): null

2018-11-02 15:01:54 - [TEST_STEP][PASSED] - Statement - If (item.getText().equals(NombreServicio)): null

2018-11-02 15:01:54 - [TEST_STEP][PASSED] - Statement - If (item.getText().equals(NombreServicio)): null

2018-11-02 15:01:54 - [TEST_STEP][PASSED] - Statement - If (item.getText().equals(NombreServicio)): null

2018-11-02 15:01:54 - [TEST_STEP][PASSED] - Statement - If (item.getText().equals(NombreServicio)): null

2018-11-02 15:01:54 - [TEST_STEP][PASSED] - Statement - If (item.getText().equals(NombreServicio)): null

2018-11-02 15:01:54 - [TEST_STEP][PASSED] - Statement - If (item.getText().equals(NombreServicio)): null

2018-11-02 15:01:54 - [TEST_STEP][PASSED] - Statement - If (item.getText().equals(NombreServicio)): null

2018-11-02 15:01:54 - [TEST_STEP][PASSED] - Statement - If (item.getText().equals(NombreServicio)): null

2018-11-02 15:01:54 - [TEST_STEP][PASSED] - Statement - If (item.getText().equals(NombreServicio)): null

2018-11-02 15:01:54 - [TEST_STEP][PASSED] - Statement - If (item.getText().equals(NombreServicio)): null

2018-11-02 15:01:54 - [TEST_STEP][PASSED] - Statement - If (item.getText().equals(NombreServicio)): null

2018-11-02 15:01:54 - [TEST_STEP][PASSED] - Statement - If (item.getText().equals(NombreServicio)): null

2018-11-02 15:01:54 - [TEST_STEP][PASSED] - Statement - If (item.getText().equals(NombreServicio)): null

2018-11-02 15:01:54 - [TEST_STEP][PASSED] - Statement - If (item.getText().equals(NombreServicio)): null

2018-11-02 15:01:54 - [TEST_STEP][PASSED] - Statement - If (item.getText().equals(NombreServicio)): null

2018-11-02 15:01:54 - [TEST_STEP][PASSED] - Statement - If (item.getText().equals(NombreServicio)): null

2018-11-02 15:01:54 - [TEST_STEP][PASSED] - Statement - If (item.getText().equals(NombreServicio)): null

2018-11-02 15:01:54 - [TEST_STEP][PASSED] - Statement - If (item.getText().equals(NombreServicio)): null

2018-11-02 15:01:55 - [TEST_STEP][PASSED] - Statement - If (item.getText().equals(NombreServicio)): null

2018-11-02 15:01:55 - [TEST_STEP][PASSED] - Statement - If (item.getText().equals(NombreServicio)): null

2018-11-02 15:01:55 - [TEST_STEP][PASSED] - Statement - If (item.getText().equals(NombreServicio)): null

2018-11-02 15:01:55 - [TEST_STEP][PASSED] - Statement - If (item.getText().equals(NombreServicio)): null

2018-11-02 15:01:55 - [TEST_STEP][PASSED] - Statement - If (item.getText().equals(NombreServicio)): null

2018-11-02 15:01:55 - [TEST_STEP][PASSED] - Statement - If (item.getText().equals(NombreServicio)): null

2018-11-02 15:01:55 - [TEST_STEP][PASSED] - Statement - If (item.getText().equals(NombreServicio)): null

2018-11-02 15:01:55 - [TEST_STEP][PASSED] - Statement - If (item.getText().equals(NombreServicio)): null

2018-11-02 15:01:55 - [TEST_STEP][PASSED] - Statement - If (item.getText().equals(NombreServicio)): null

2018-11-02 15:01:55 - [TEST_STEP][PASSED] - Statement - If (item.getText().equals(NombreServicio)): null

2018-11-02 15:01:55 - [TEST_STEP][PASSED] - Statement - If (item.getText().equals(NombreServicio)): null

2018-11-02 15:01:55 - [TEST_STEP][PASSED] - Statement - If (item.getText().equals(NombreServicio)): null

2018-11-02 15:01:55 - [TEST_STEP][PASSED] - Statement - If (item.getText().equals(NombreServicio)): null

2018-11-02 15:01:55 - [TEST_STEP][PASSED] - Statement - If (item.getText().equals(NombreServicio)): null

2018-11-02 15:01:55 - [TEST_STEP][PASSED] - Statement - If (item.getText().equals(NombreServicio)): null

2018-11-02 15:01:55 - [TEST_STEP][PASSED] - Statement - If (item.getText().equals(NombreServicio)): null

2018-11-02 15:01:55 - [TEST_STEP][PASSED] - Statement - If (item.getText().equals(NombreServicio)): null

2018-11-02 15:01:55 - [TEST_STEP][PASSED] - Statement - If (item.getText().equals(NombreServicio)): null

2018-11-02 15:01:55 - [TEST_STEP][PASSED] - Statement - If (item.getText().equals(NombreServicio)): null

2018-11-02 15:01:55 - [TEST_STEP][PASSED] - Statement - If (item.getText().equals(NombreServicio)): null

2018-11-02 15:01:55 - [TEST_STEP][PASSED] - Statement - If (item.getText().equals(NombreServicio)): null

2018-11-02 15:01:55 - [TEST_STEP][PASSED] - Statement - If (item.getText().equals(NombreServicio)): null

2018-11-02 15:01:55 - [TEST_STEP][PASSED] - Statement - If (item.getText().equals(NombreServicio)): null

2018-11-02 15:01:56 - [TEST_STEP][PASSED] - Statement - If (item.getText().equals(NombreServicio)): null

2018-11-02 15:01:56 - [TEST_STEP][PASSED] - Statement - If (item.getText().equals(NombreServicio)): null

2018-11-02 15:01:56 - [TEST_STEP][PASSED] - Statement - If (item.getText().equals(NombreServicio)): null

2018-11-02 15:01:56 - [TEST_STEP][PASSED] - Statement - If (item.getText().equals(NombreServicio)): null

2018-11-02 15:01:56 - [TEST_STEP][PASSED] - Statement - If (item.getText().equals(NombreServicio)): null

2018-11-02 15:01:56 - [TEST_STEP][PASSED] - Statement - If (item.getText().equals(NombreServicio)): null

2018-11-02 15:01:56 - [TEST_STEP][PASSED] - Statement - If (item.getText().equals(NombreServicio)): null

2018-11-02 15:01:56 - [TEST_STEP][PASSED] - Statement - If (item.getText().equals(NombreServicio)): null

2018-11-02 15:01:56 - [TEST_STEP][PASSED] - Statement - If (item.getText().equals(NombreServicio)): null

2018-11-02 15:01:56 - [TEST_STEP][PASSED] - Statement - If (item.getText().equals(NombreServicio)): null

2018-11-02 15:01:56 - [TEST_STEP][PASSED] - Statement - If (item.getText().equals(NombreServicio)): null

2018-11-02 15:01:56 - [TEST_STEP][PASSED] - Statement - If (item.getText().equals(NombreServicio)): null

2018-11-02 15:01:56 - [TEST_STEP][PASSED] - Statement - If (item.getText().equals(NombreServicio)): null

2018-11-02 15:01:56 - [TEST_STEP][PASSED] - Statement - If (item.getText().equals(NombreServicio)): null

2018-11-02 15:01:56 - [TEST_STEP][PASSED] - Statement - If (item.getText().equals(NombreServicio)): null

2018-11-02 15:01:56 - [TEST_STEP][PASSED] - Statement - If (item.getText().equals(NombreServicio)): null

2018-11-02 15:01:56 - [TEST_STEP][PASSED] - Statement - If (item.getText().equals(NombreServicio)): null

2018-11-02 15:01:56 - [TEST_STEP][PASSED] - Statement - If (item.getText().equals(NombreServicio)): null

2018-11-02 15:01:56 - [TEST_STEP][PASSED] - Statement - If (item.getText().equals(NombreServicio)): null

2018-11-02 15:01:56 - [TEST_STEP][PASSED] - Statement - If (item.getText().equals(NombreServicio)): null

2018-11-02 15:01:56 - [TEST_STEP][PASSED] - Statement - If (item.getText().equals(NombreServicio)): null

2018-11-02 15:01:56 - [TEST_STEP][PASSED] - Statement - If (item.getText().equals(NombreServicio)): null

2018-11-02 15:01:56 - [TEST_STEP][PASSED] - Statement - If (item.getText().equals(NombreServicio)): null

2018-11-02 15:01:57 - [TEST_STEP][PASSED] - Statement - If (item.getText().equals(NombreServicio)): null

2018-11-02 15:01:57 - [TEST_STEP][PASSED] - Statement - If (item.getText().equals(NombreServicio)): null

2018-11-02 15:01:57 - [TEST_STEP][PASSED] - Statement - If (item.getText().equals(NombreServicio)): null

2018-11-02 15:01:57 - [TEST_STEP][PASSED] - Statement - If (item.getText().equals(NombreServicio)): null

2018-11-02 15:01:57 - [TEST_STEP][PASSED] - Statement - If (item.getText().equals(NombreServicio)): null

2018-11-02 15:01:57 - [TEST_STEP][PASSED] - Statement - If (item.getText().equals(NombreServicio)): null

2018-11-02 15:01:57 - [TEST_STEP][PASSED] - Statement - If (item.getText().equals(NombreServicio)): null

2018-11-02 15:01:57 - [TEST_STEP][PASSED] - Statement - If (item.getText().equals(NombreServicio)): null

2018-11-02 15:01:57 - [TEST_STEP][PASSED] - Statement - If (item.getText().equals(NombreServicio)): null

2018-11-02 15:01:57 - [TEST_STEP][PASSED] - Statement - If (item.getText().equals(NombreServicio)): null

2018-11-02 15:01:57 - [TEST_STEP][PASSED] - Statement - If (item.getText().equals(NombreServicio)): null

2018-11-02 15:01:57 - [TEST_STEP][PASSED] - Statement - If (item.getText().equals(NombreServicio)): null

2018-11-02 15:01:57 - [TEST_STEP][PASSED] - Statement - If (item.getText().equals(NombreServicio)): null

2018-11-02 15:01:57 - [TEST_STEP][PASSED] - Statement - If (item.getText().equals(NombreServicio)): null

2018-11-02 15:01:57 - [TEST_STEP][PASSED] - Statement - If (item.getText().equals(NombreServicio)): null

2018-11-02 15:01:57 - [TEST_STEP][PASSED] - Statement - If (item.getText().equals(NombreServicio)): null

2018-11-02 15:01:57 - [TEST_STEP][PASSED] - Statement - If (item.getText().equals(NombreServicio)): null

2018-11-02 15:01:57 - [TEST_STEP][PASSED] - Statement - If (item.getText().equals(NombreServicio)): null

2018-11-02 15:01:57 - [TEST_STEP][PASSED] - Statement - If (item.getText().equals(NombreServicio)): null

2018-11-02 15:01:57 - [TEST_STEP][PASSED] - Statement - If (item.getText().equals(NombreServicio)): null

2018-11-02 15:01:57 - [TEST_STEP][PASSED] - Statement - If (item.getText().equals(NombreServicio)): null

2018-11-02 15:01:57 - [TEST_STEP][PASSED] - Statement - If (item.getText().equals(NombreServicio)): null

2018-11-02 15:01:57 - [TEST_STEP][PASSED] - Statement - If (item.getText().equals(NombreServicio)): null

2018-11-02 15:01:58 - [TEST_STEP][PASSED] - Statement - If (item.getText().equals(NombreServicio)): null

2018-11-02 15:01:58 - [TEST_STEP][PASSED] - Statement - If (item.getText().equals(NombreServicio)): null

2018-11-02 15:01:58 - [TEST_STEP][PASSED] - Statement - If (item.getText().equals(NombreServicio)): null

2018-11-02 15:01:58 - [TEST_STEP][PASSED] - Statement - If (item.getText().equals(NombreServicio)): null

2018-11-02 15:01:58 - [TEST_STEP][PASSED] - Statement - If (item.getText().equals(NombreServicio)): null

2018-11-02 15:01:58 - [TEST_STEP][PASSED] - Statement - If (item.getText().equals(NombreServicio)): null

2018-11-02 15:01:58 - [TEST_STEP][PASSED] - Statement - If (item.getText().equals(NombreServicio)): null

2018-11-02 15:01:58 - [TEST_STEP][PASSED] - Statement - If (item.getText().equals(NombreServicio)): null

2018-11-02 15:01:58 - [TEST_STEP][PASSED] - Statement - If (item.getText().equals(NombreServicio)): null

2018-11-02 15:01:58 - [TEST_STEP][PASSED] - Statement - If (item.getText().equals(NombreServicio)): null

2018-11-02 15:01:58 - [TEST_STEP][PASSED] - Statement - If (item.getText().equals(NombreServicio)): null

2018-11-02 15:01:58 - [TEST_STEP][PASSED] - Statement - If (item.getText().equals(NombreServicio)): null

2018-11-02 15:01:58 - [TEST_STEP][PASSED] - Statement - If (item.getText().equals(NombreServicio)): null

2018-11-02 15:01:58 - [TEST_STEP][PASSED] - Statement - If (item.getText().equals(NombreServicio)): null

2018-11-02 15:01:58 - [TEST_STEP][PASSED] - Statement - If (item.getText().equals(NombreServicio)): null

2018-11-02 15:01:58 - [TEST_STEP][PASSED] - Statement - If (item.getText().equals(NombreServicio)): null

2018-11-02 15:01:58 - [TEST_STEP][PASSED] - Statement - If (item.getText().equals(NombreServicio)): null

2018-11-02 15:01:58 - [TEST_STEP][PASSED] - Statement - If (item.getText().equals(NombreServicio)): null

2018-11-02 15:01:58 - [TEST_STEP][PASSED] - Statement - If (item.getText().equals(NombreServicio)): null

2018-11-02 15:01:58 - [TEST_STEP][PASSED] - Statement - If (item.getText().equals(NombreServicio)): null

2018-11-02 15:01:58 - [TEST_STEP][PASSED] - Statement - If (item.getText().equals(NombreServicio)): null

2018-11-02 15:01:58 - [TEST_STEP][PASSED] - Statement - If (item.getText().equals(NombreServicio)): null

2018-11-02 15:01:59 - [TEST_STEP][PASSED] - Statement - If (item.getText().equals(NombreServicio)): null

2018-11-02 15:01:59 - [TEST_STEP][PASSED] - Statement - If (item.getText().equals(NombreServicio)): null

2018-11-02 15:01:59 - [TEST_STEP][PASSED] - Statement - If (item.getText().equals(NombreServicio)): null

2018-11-02 15:01:59 - [TEST_STEP][PASSED] - Statement - If (item.getText().equals(NombreServicio)): null

2018-11-02 15:01:59 - [TEST_STEP][PASSED] - Statement - If (item.getText().equals(NombreServicio)): null

2018-11-02 15:01:59 - [TEST_STEP][PASSED] - Statement - If (item.getText().equals(NombreServicio)): null

2018-11-02 15:01:59 - [TEST_STEP][PASSED] - Statement - If (item.getText().equals(NombreServicio)): null

2018-11-02 15:01:59 - [TEST_STEP][PASSED] - Statement - If (item.getText().equals(NombreServicio)): null

2018-11-02 15:01:59 - [TEST_STEP][PASSED] - Statement - If (item.getText().equals(NombreServicio)): null

2018-11-02 15:01:59 - [TEST_STEP][PASSED] - Statement - If (item.getText().equals(NombreServicio)): null

2018-11-02 15:01:59 - [TEST_STEP][PASSED] - Statement - If (item.getText().equals(NombreServicio)): null

2018-11-02 15:01:59 - [TEST_STEP][PASSED] - Statement - If (item.getText().equals(NombreServicio)): null

2018-11-02 15:01:59 - [TEST_STEP][PASSED] - Statement - If (item.getText().equals(NombreServicio)): null

2018-11-02 15:01:59 - [TEST_STEP][PASSED] - Statement - If (item.getText().equals(NombreServicio)): null

2018-11-02 15:01:59 - [TEST_STEP][PASSED] - Statement - If (item.getText().equals(NombreServicio)): null

2018-11-02 15:01:59 - [TEST_STEP][PASSED] - Statement - If (item.getText().equals(NombreServicio)): null

2018-11-02 15:01:59 - [TEST_STEP][PASSED] - Statement - If (item.getText().equals(NombreServicio)): null

2018-11-02 15:01:59 - [TEST_STEP][PASSED] - Statement - If (item.getText().equals(NombreServicio)): null

2018-11-02 15:01:59 - [TEST_STEP][PASSED] - Statement - If (item.getText().equals(NombreServicio)): null

2018-11-02 15:01:59 - [TEST_STEP][PASSED] - Statement - If (item.getText().equals(NombreServicio)): null

2018-11-02 15:01:59 - [TEST_STEP][PASSED] - Statement - If (item.getText().equals(NombreServicio)): null

2018-11-02 15:01:59 - [TEST_STEP][PASSED] - Statement - If (item.getText().equals(NombreServicio)): null

2018-11-02 15:01:59 - [TEST_STEP][PASSED] - Statement - If (item.getText().equals(NombreServicio)): null

2018-11-02 15:01:59 - [TEST_STEP][PASSED] - Statement - If (item.getText().equals(NombreServicio)): null

2018-11-02 15:02:00 - [TEST_STEP][PASSED] - Statement - If (item.getText().equals(NombreServicio)): null

2018-11-02 15:02:00 - [TEST_STEP][PASSED] - Statement - If (item.getText().equals(NombreServicio)): null

2018-11-02 15:02:00 - [TEST_STEP][PASSED] - Statement - If (item.getText().equals(NombreServicio)): null

2018-11-02 15:02:00 - [TEST_STEP][PASSED] - Statement - If (item.getText().equals(NombreServicio)): null

2018-11-02 15:02:00 - [TEST_STEP][PASSED] - Statement - If (item.getText().equals(NombreServicio)): null

2018-11-02 15:02:00 - [TEST_STEP][PASSED] - Statement - If (item.getText().equals(NombreServicio)): null

2018-11-02 15:02:00 - [TEST_STEP][PASSED] - Statement - If (item.getText().equals(NombreServicio)): null

2018-11-02 15:02:00 - [TEST_STEP][PASSED] - Statement - If (item.getText().equals(NombreServicio)): null

2018-11-02 15:02:00 - [TEST_STEP][PASSED] - Statement - If (item.getText().equals(NombreServicio)): null

2018-11-02 15:02:00 - [TEST_STEP][PASSED] - Statement - If (item.getText().equals(NombreServicio)): null

2018-11-02 15:02:00 - [TEST_STEP][PASSED] - Statement - If (item.getText().equals(NombreServicio)): null

2018-11-02 15:02:00 - [TEST_STEP][PASSED] - Statement - If (item.getText().equals(NombreServicio)): null

2018-11-02 15:02:00 - [TEST_STEP][PASSED] - Statement - If (item.getText().equals(NombreServicio)): null

2018-11-02 15:02:00 - [TEST_STEP][PASSED] - Statement - If (item.getText().equals(NombreServicio)): null

2018-11-02 15:02:00 - [TEST_STEP][PASSED] - Statement - If (item.getText().equals(NombreServicio)): null

2018-11-02 15:02:00 - [TEST_STEP][PASSED] - Statement - If (item.getText().equals(NombreServicio)): null

2018-11-02 15:02:00 - [TEST_STEP][PASSED] - Statement - If (item.getText().equals(NombreServicio)): null

2018-11-02 15:02:00 - [TEST_STEP][PASSED] - Statement - If (item.getText().equals(NombreServicio)): null

2018-11-02 15:02:00 - [TEST_STEP][PASSED] - Statement - If (item.getText().equals(NombreServicio)): null

2018-11-02 15:02:00 - [TEST_STEP][PASSED] - Statement - If (item.getText().equals(NombreServicio)): null

2018-11-02 15:02:00 - [TEST_STEP][PASSED] - Statement - If (item.getText().equals(NombreServicio)): null

2018-11-02 15:02:00 - [TEST_STEP][PASSED] - Statement - If (item.getText().equals(NombreServicio)): null

2018-11-02 15:02:00 - [TEST_STEP][PASSED] - Statement - If (item.getText().equals(NombreServicio)): null

2018-11-02 15:02:01 - [TEST_STEP][PASSED] - Statement - If (item.getText().equals(NombreServicio)): null

2018-11-02 15:02:01 - [TEST_STEP][PASSED] - Statement - If (item.getText().equals(NombreServicio)): null

2018-11-02 15:02:01 - [TEST_STEP][PASSED] - Statement - If (item.getText().equals(NombreServicio)): null

2018-11-02 15:02:01 - [TEST_STEP][PASSED] - Statement - If (item.getText().equals(NombreServicio)): null

2018-11-02 15:02:01 - [TEST_STEP][PASSED] - Statement - If (item.getText().equals(NombreServicio)): null

2018-11-02 15:02:01 - [TEST_STEP][PASSED] - Statement - If (item.getText().equals(NombreServicio)): null

2018-11-02 15:02:01 - [TEST_STEP][PASSED] - Statement - If (item.getText().equals(NombreServicio)): null

2018-11-02 15:02:01 - [TEST_STEP][PASSED] - Statement - If (item.getText().equals(NombreServicio)): null

2018-11-02 15:02:01 - [TEST_STEP][PASSED] - Statement - If (item.getText().equals(NombreServicio)): null

2018-11-02 15:02:01 - [TEST_STEP][PASSED] - Statement - If (item.getText().equals(NombreServicio)): null

2018-11-02 15:02:01 - [TEST_STEP][PASSED] - Statement - If (item.getText().equals(NombreServicio)): null

2018-11-02 15:02:01 - [TEST_STEP][PASSED] - Statement - If (item.getText().equals(NombreServicio)): null

2018-11-02 15:02:01 - [TEST_STEP][PASSED] - Statement - If (item.getText().equals(NombreServicio)): null

2018-11-02 15:02:01 - [TEST_STEP][PASSED] - Statement - If (item.getText().equals(NombreServicio)): null

2018-11-02 15:02:01 - [TEST_STEP][PASSED] - Statement - If (item.getText().equals(NombreServicio)): null

2018-11-02 15:02:01 - [TEST_STEP][PASSED] - Statement - If (item.getText().equals(NombreServicio)): null

2018-11-02 15:02:01 - [TEST_STEP][PASSED] - Statement - If (item.getText().equals(NombreServicio)): null

2018-11-02 15:02:01 - [TEST_STEP][PASSED] - Statement - If (item.getText().equals(NombreServicio)): null

2018-11-02 15:02:01 - [TEST_STEP][PASSED] - Statement - If (item.getText().equals(NombreServicio)): null

2018-11-02 15:02:01 - [TEST_STEP][PASSED] - Statement - If (item.getText().equals(NombreServicio)): null

2018-11-02 15:02:01 - [TEST_STEP][PASSED] - Statement - If (item.getText().equals(NombreServicio)): null

2018-11-02 15:02:01 - [TEST_STEP][PASSED] - Statement - If (item.getText().equals(NombreServicio)): null

2018-11-02 15:02:02 - [TEST_STEP][PASSED] - Statement - If (item.getText().equals(NombreServicio)): null

2018-11-02 15:02:02 - [TEST_STEP][PASSED] - Statement - If (item.getText().equals(NombreServicio)): null

2018-11-02 15:02:02 - [TEST_STEP][PASSED] - Statement - If (item.getText().equals(NombreServicio)): null

2018-11-02 15:02:02 - [TEST_STEP][PASSED] - Statement - If (item.getText().equals(NombreServicio)): null

2018-11-02 15:02:02 - [TEST_STEP][PASSED] - Statement - If (item.getText().equals(NombreServicio)): null

2018-11-02 15:02:02 - [TEST_STEP][PASSED] - Statement - If (item.getText().equals(NombreServicio)): null

2018-11-02 15:02:02 - [TEST_STEP][PASSED] - Statement - If (item.getText().equals(NombreServicio)): null

2018-11-02 15:02:02 - [TEST_STEP][PASSED] - Statement - If (item.getText().equals(NombreServicio)): null

2018-11-02 15:02:02 - [TEST_STEP][PASSED] - Statement - If (item.getText().equals(NombreServicio)): null

2018-11-02 15:02:02 - [TEST_STEP][PASSED] - Statement - If (item.getText().equals(NombreServicio)): null

2018-11-02 15:02:02 - [TEST_STEP][PASSED] - Statement - If (item.getText().equals(NombreServicio)): null

2018-11-02 15:02:02 - [TEST_STEP][PASSED] - Statement - If (item.getText().equals(NombreServicio)): null

2018-11-02 15:02:02 - [TEST_STEP][PASSED] - Statement - If (item.getText().equals(NombreServicio)): null

2018-11-02 15:02:02 - [TEST_STEP][PASSED] - Statement - If (item.getText().equals(NombreServicio)): null

2018-11-02 15:02:02 - [TEST_STEP][PASSED] - Statement - If (item.getText().equals(NombreServicio)): null

2018-11-02 15:02:02 - [TEST_STEP][PASSED] - Statement - If (item.getText().equals(NombreServicio)): null

2018-11-02 15:02:02 - [TEST_STEP][PASSED] - Statement - If (item.getText().equals(NombreServicio)): null

2018-11-02 15:02:02 - [TEST_STEP][PASSED] - Statement - If (item.getText().equals(NombreServicio)): null

2018-11-02 15:02:02 - [TEST_STEP][PASSED] - Statement - If (item.getText().equals(NombreServicio)): null

2018-11-02 15:02:02 - [TEST_STEP][PASSED] - Statement - If (item.getText().equals(NombreServicio)): null

2018-11-02 15:02:02 - [TEST_STEP][PASSED] - Statement - If (item.getText().equals(NombreServicio)): null

2018-11-02 15:02:02 - [TEST_STEP][PASSED] - Statement - If (item.getText().equals(NombreServicio)): null

2018-11-02 15:02:02 - [TEST_STEP][PASSED] - Statement - If (item.getText().equals(NombreServicio)): null

2018-11-02 15:02:03 - [TEST_STEP][PASSED] - Statement - If (item.getText().equals(NombreServicio)): null

2018-11-02 15:02:03 - [TEST_STEP][PASSED] - Statement - If (item.getText().equals(NombreServicio)): null

2018-11-02 15:02:03 - [TEST_STEP][PASSED] - Statement - If (item.getText().equals(NombreServicio)): null

2018-11-02 15:02:03 - [TEST_STEP][PASSED] - Statement - If (item.getText().equals(NombreServicio)): null

2018-11-02 15:02:03 - [TEST_STEP][PASSED] - Statement - item.click(): null

2018-11-02 15:02:03 - [TEST_STEP][PASSED] - Statement - return true: null

2018-11-02 15:02:03 - [TEST_STEP][PASSED] - Statement - verifyIsGenesisCoberturaOpen(): null

2018-11-02 15:02:03 - [TEST_STEP][PASSED] - Statement - Try: Object 'Object Repository/Servicio/input_Prestaciones' is clickable

2018-11-02 15:02:03 - [TEST_STEP][PASSED] - waitForElementClickable: Object 'Object Repository/Servicio/input_Prestaciones' is clickable

2018-11-02 15:02:04 - [MESSAGE][PASSED] - Object 'Object Repository/Servicio/input_Prestaciones' is clickable

2018-11-02 15:02:04 - [TEST_STEP][PASSED] - setText: Text '250102' is set on object 'Object Repository/Servicio/input_Prestaciones'

2018-11-02 15:02:05 - [MESSAGE][PASSED] - Text '250102' is set on object 'Object Repository/Servicio/input_Prestaciones'

2018-11-02 15:02:05 - [TEST_STEP][PASSED] - Statement - selectOptionAutocomplete(): null

2018-11-02 15:02:05 - [TEST_STEP][PASSED] - waitForElementClickable: Object 'Object Repository/Servicio/autocomplete_input' is clickable

2018-11-02 15:02:05 - [MESSAGE][PASSED] - Object 'Object Repository/Servicio/autocomplete_input' is clickable

2018-11-02 15:02:05 - [TEST_STEP][PASSED] - delay: Delayed 30 second(s)

2018-11-02 15:02:35 - [MESSAGE][PASSED] - Delayed 30 second(s)

2018-11-02 15:02:35 - [TEST_STEP][PASSED] - click: Object: 'Object Repository/Servicio/autocomplete_input' is clicked on

2018-11-02 15:02:35 - [MESSAGE][PASSED] - Object: 'Object Repository/Servicio/autocomplete_input' is clicked on

2018-11-02 15:02:35 - [TEST_STEP][PASSED] - selectOptionByValue: All options with value 'A' are selected in object 'Object Repository/Servicio/select_Contexto' 

2018-11-02 15:02:36 - [MESSAGE][PASSED] - All options with value 'A' are selected in object 'Object Repository/Servicio/select_Contexto' 

2018-11-02 15:02:36 - [TEST_STEP][PASSED] - click: Object: 'Object Repository/Servicio/div_Zona' is clicked on

2018-11-02 15:02:36 - [MESSAGE][PASSED] - Object: 'Object Repository/Servicio/div_Zona' is clicked on

2018-11-02 15:02:36 - [TEST_STEP][PASSED] - waitForElementClickable: Object 'Object Repository/Servicio/select_Filial_Zona' is clickable

2018-11-02 15:02:36 - [MESSAGE][PASSED] - Object 'Object Repository/Servicio/select_Filial_Zona' is clickable

2018-11-02 15:02:36 - [TEST_STEP][PASSED] - selectOptionByValue: All options with value '23' are selected in object 'Object Repository/Servicio/select_Filial_Zona' 

2018-11-02 15:02:36 - [MESSAGE][PASSED] - All options with value '23' are selected in object 'Object Repository/Servicio/select_Filial_Zona' 

2018-11-02 15:02:36 - [TEST_STEP][PASSED] - Statement - java.lang.Thread.sleep(2000): null

2018-11-02 15:02:38 - [TEST_STEP][PASSED] - selectOptionByValue: All options with value '20' are selected in object 'Object Repository/Servicio/select_Zona' 

2018-11-02 15:02:39 - [MESSAGE][PASSED] - All options with value '20' are selected in object 'Object Repository/Servicio/select_Zona' 

2018-11-02 15:02:39 - [TEST_STEP][PASSED] - Statement - java.lang.Thread.sleep(2000): null

2018-11-02 15:02:41 - [TEST_STEP][PASSED] - selectOptionByValue: All options with value '215-186' are selected in object 'Object Repository/Servicio/select_SubZona' 

2018-11-02 15:02:41 - [MESSAGE][PASSED] - All options with value '215-186' are selected in object 'Object Repository/Servicio/select_SubZona' 

2018-11-02 15:02:41 - [TEST_STEP][PASSED] - Statement - java.lang.Thread.sleep(1000): null

2018-11-02 15:02:42 - [TEST_STEP][PASSED] - click: Object: 'Object Repository/Servicio/btnBuscar' is clicked on

2018-11-02 15:02:42 - [MESSAGE][PASSED] - Object: 'Object Repository/Servicio/btnBuscar' is clicked on

2018-11-02 15:02:42 - [TEST_STEP][PASSED] - waitForElementPresent: Object 'Object Repository/Servicio/div_Listado' is present

2018-11-02 15:02:43 - [MESSAGE][PASSED] - Object 'Object Repository/Servicio/div_Listado' is present

2018-11-02 15:02:43 - [TEST_STEP][FAILED] - click: Unable to click on object 'Object Repository/Servicio/check_ResultadoListado' (Root cause: com.kms.katalon.core.webui.exception.WebElementNotFoundException: Web element with id: 'Object Repository/Servicio/check_ResultadoListado' located by 'By.xpath: //div[@id='divCCN']/div[@id='resultados']/div[@id='contenidoResultado']/div[@id='resultadoListado']/div/div/div/div/div/div' not found)

2018-11-02 15:03:14 - [MESSAGE][FAILED] - Unable to click on object 'Object Repository/Servicio/check_ResultadoListado' (Root cause: com.kms.katalon.core.webui.exception.WebElementNotFoundException: Web element with id: 'Object Repository/Servicio/check_ResultadoListado' located by 'By.xpath: //div[@id='divCCN']/div[@id='resultados']/div[@id='contenidoResultado']/div[@id='resultadoListado']/div/div/div/div/div/div' not found)
[[ATTACHMENT|C:\\Users\\ntedesco\\Katalon Studio\\GenesisCobertura\\Reports\\Prestaciones\\20181102_145213\\1541181794478.png]]]]></system-out>
         <system-err><![CDATA[2018-11-02 14:58:23 - [TEST_CASE][FAILED] - Test Cases/Test Buscar Prestadores - Zona: Test Cases/Test Buscar Prestadores - Zona FAILED because (of) (Stack trace: com.kms.katalon.core.exception.StepFailedException: Unable to click on object 'Object Repository/Servicio/check_ResultadoListado' (Root cause: com.kms.katalon.core.webui.exception.WebElementNotFoundException: Web element with id: 'Object Repository/Servicio/check_ResultadoListado' located by 'By.xpath: //div[@id='divCCN']/div[@id='resultados']/div[@id='contenidoResultado']/div[@id='resultadoListado']/div/div/div/div/div/div' not found)
	at com.kms.katalon.core.keyword.internal.KeywordMain.stepFailed(KeywordMain.groovy:36)
	at com.kms.katalon.core.webui.keyword.internal.WebUIKeywordMain.stepFailed(WebUIKeywordMain.groovy:65)
	at com.kms.katalon.core.webui.keyword.internal.WebUIKeywordMain.runKeyword(WebUIKeywordMain.groovy:27)
	at com.kms.katalon.core.webui.keyword.builtin.ClickKeyword.click(ClickKeyword.groovy:86)
	at com.kms.katalon.core.webui.keyword.builtin.ClickKeyword.execute(ClickKeyword.groovy:67)
	at com.kms.katalon.core.keyword.internal.KeywordExecutor.executeKeywordForPlatform(KeywordExecutor.groovy:53)
	at com.kms.katalon.core.webui.keyword.WebUiBuiltInKeywords.click(WebUiBuiltInKeywords.groovy:616)
	at com.kms.katalon.core.webui.keyword.WebUiBuiltInKeywords$click$4.call(Unknown Source)
	at org.codehaus.groovy.runtime.callsite.CallSiteArray.defaultCall(CallSiteArray.java:48)
	at org.codehaus.groovy.runtime.callsite.AbstractCallSite.call(AbstractCallSite.java:113)
	at org.codehaus.groovy.runtime.callsite.AbstractCallSite.call(AbstractCallSite.java:125)
	at Script1540395003759.run(Script1540395003759.groovy:106)
	at com.kms.katalon.core.main.ScriptEngine.run(ScriptEngine.java:183)
	at com.kms.katalon.core.main.ScriptEngine.runScriptAsRawText(ScriptEngine.java:108)
	at com.kms.katalon.core.main.TestCaseExecutor.runScript(TestCaseExecutor.java:294)
	at com.kms.katalon.core.main.TestCaseExecutor.doExecute(TestCaseExecutor.java:285)
	at com.kms.katalon.core.main.TestCaseExecutor.processExecutionPhase(TestCaseExecutor.java:264)
	at com.kms.katalon.core.main.TestCaseExecutor.accessMainPhase(TestCaseExecutor.java:256)
	at com.kms.katalon.core.main.TestCaseExecutor.execute(TestCaseExecutor.java:200)
	at com.kms.katalon.core.main.TestSuiteExecutor.accessTestCaseMainPhase(TestSuiteExecutor.java:129)
	at com.kms.katalon.core.main.TestSuiteExecutor.accessTestSuiteMainPhase(TestSuiteExecutor.java:112)
	at com.kms.katalon.core.main.TestSuiteExecutor.execute(TestSuiteExecutor.java:81)
	at com.kms.katalon.core.main.TestCaseMain.startTestSuite(TestCaseMain.java:142)
	at com.kms.katalon.core.main.TestCaseMain$startTestSuite$0.call(Unknown Source)
	at org.codehaus.groovy.runtime.callsite.CallSiteArray.defaultCall(CallSiteArray.java:48)
	at org.codehaus.groovy.runtime.callsite.AbstractCallSite.call(AbstractCallSite.java:113)
	at org.codehaus.groovy.runtime.callsite.AbstractCallSite.call(AbstractCallSite.java:141)
	at TempTestSuite1541181137650.run(TempTestSuite1541181137650.groovy:36)
	at groovy.lang.GroovyShell.runScriptOrMainOrTestOrRunnable(GroovyShell.java:263)
	at groovy.lang.GroovyShell.run(GroovyShell.java:518)
	at groovy.lang.GroovyShell.run(GroovyShell.java:507)
	at groovy.ui.GroovyMain.processOnce(GroovyMain.java:653)
	at groovy.ui.GroovyMain.run(GroovyMain.java:384)
	at groovy.ui.GroovyMain.process(GroovyMain.java:370)
	at groovy.ui.GroovyMain.processArgs(GroovyMain.java:129)
	at groovy.ui.GroovyMain.main(GroovyMain.java:109)
	at sun.reflect.NativeMethodAccessorImpl.invoke0(Native Method)
	at sun.reflect.NativeMethodAccessorImpl.invoke(NativeMethodAccessorImpl.java:62)
	at sun.reflect.DelegatingMethodAccessorImpl.invoke(DelegatingMethodAccessorImpl.java:43)
	at java.lang.reflect.Method.invoke(Method.java:498)
	at org.codehaus.groovy.tools.GroovyStarter.rootLoader(GroovyStarter.java:109)
	at org.codehaus.groovy.tools.GroovyStarter.main(GroovyStarter.java:131)
)]]></system-err>
      </testcase>
      <testcase name="Test Cases/Test Buscar Prestadores - Prestador" classname="Test Cases/Test Buscar Prestadores - Prestador" status="PASSED">
         <system-out><![CDATA[2018-11-02 15:03:14 - [TEST_CASE][PASSED] - Test Cases/Test Buscar Prestadores - Prestador: Test Cases/Test Buscar Prestadores - Prestador

2018-11-02 15:03:15 - [TEST_STEP][PASSED] - openBrowser: Browser is opened with url: 'null'

2018-11-02 15:03:15 - [MESSAGE][WARNING] - A browser is already opened. Closing browser and opening a new one

2018-11-02 15:03:18 - [MESSAGE][PASSED] - Browser is opened with url: 'null'

2018-11-02 15:03:18 - [TEST_STEP][PASSED] - navigateToUrl: Navigate to 'https://test.intranet.osde/IV3/' successfully

2018-11-02 15:03:19 - [MESSAGE][PASSED] - Navigate to 'https://test.intranet.osde/IV3/' successfully

2018-11-02 15:03:19 - [TEST_STEP][PASSED] - maximizeWindow: Current window maximized

2018-11-02 15:03:19 - [MESSAGE][PASSED] - Current window maximized

2018-11-02 15:03:19 - [TEST_STEP][PASSED] - waitForElementClickable: Object 'Object Repository/Login_OSDE Intranet/coUsser' is clickable

2018-11-02 15:03:19 - [MESSAGE][PASSED] - Object 'Object Repository/Login_OSDE Intranet/coUsser' is clickable

2018-11-02 15:03:19 - [TEST_STEP][PASSED] - setText: Text 'SS36739794' is set on object 'Object Repository/Login_OSDE Intranet/coUsser'

2018-11-02 15:03:20 - [MESSAGE][PASSED] - Text 'SS36739794' is set on object 'Object Repository/Login_OSDE Intranet/coUsser'

2018-11-02 15:03:20 - [TEST_STEP][PASSED] - setText: Text 'intranet09' is set on object 'Object Repository/Login_OSDE Intranet/coPassword'

2018-11-02 15:03:20 - [MESSAGE][PASSED] - Text 'intranet09' is set on object 'Object Repository/Login_OSDE Intranet/coPassword'

2018-11-02 15:03:20 - [TEST_STEP][PASSED] - click: Object: 'Object Repository/Login_OSDE Intranet/btnIngresar' is clicked on

2018-11-02 15:03:21 - [MESSAGE][PASSED] - Object: 'Object Repository/Login_OSDE Intranet/btnIngresar' is clicked on

2018-11-02 15:03:21 - [TEST_STEP][PASSED] - waitForElementPresent: Object 'Object Repository/Home_OSDE Intranet V3/a_Mis Herramientas' is present

2018-11-02 15:03:23 - [MESSAGE][PASSED] - Object 'Object Repository/Home_OSDE Intranet V3/a_Mis Herramientas' is present

2018-11-02 15:03:23 - [TEST_STEP][PASSED] - click: Object: 'Object Repository/Home_OSDE Intranet V3/a_Mis Herramientas' is clicked on

2018-11-02 15:03:23 - [MESSAGE][PASSED] - Object: 'Object Repository/Home_OSDE Intranet V3/a_Mis Herramientas' is clicked on

2018-11-02 15:03:23 - [TEST_STEP][PASSED] - waitForElementPresent: Object 'Object Repository/Home_OSDE Intranet V3/iframe_MIS HERRAMIENTAS_frmMis' is present

2018-11-02 15:03:23 - [MESSAGE][WARNING] - Timeout '0' is invalid. Using default page load timeout: '30'

2018-11-02 15:03:23 - [MESSAGE][WARNING] - Timeout '0' is invalid. Using default page load timeout: '30'

2018-11-02 15:03:24 - [MESSAGE][PASSED] - Object 'Object Repository/Home_OSDE Intranet V3/iframe_MIS HERRAMIENTAS_frmMis' is present

2018-11-02 15:03:24 - [TEST_STEP][PASSED] - click: Object: 'Object Repository/Home_OSDE Intranet V3/td_Portal Corporativo' is clicked on

2018-11-02 15:03:24 - [MESSAGE][PASSED] - Object: 'Object Repository/Home_OSDE Intranet V3/td_Portal Corporativo' is clicked on

2018-11-02 15:03:24 - [TEST_STEP][PASSED] - switchToWindowUrl: Switched to window with url: 'http://tlnxwas30.intranet.osde:11780/portalFrontend/login.do'

2018-11-02 15:03:25 - [MESSAGE][PASSED] - Switched to window with url: 'http://tlnxwas30.intranet.osde:11780/portalFrontend/login.do'

2018-11-02 15:03:25 - [TEST_STEP][PASSED] - waitForElementVisible: Object 'Object Repository/Portal_Inicial/select_apiPortalDesarrolloport' is visible

2018-11-02 15:03:26 - [MESSAGE][PASSED] - Object 'Object Repository/Portal_Inicial/select_apiPortalDesarrolloport' is visible

2018-11-02 15:03:26 - [TEST_STEP][PASSED] - selectOptionByValue: All options with value 'suaPortal' are selected in object 'Object Repository/Portal_Inicial/select_apiPortalDesarrolloport' 

2018-11-02 15:03:27 - [MESSAGE][PASSED] - All options with value 'suaPortal' are selected in object 'Object Repository/Portal_Inicial/select_apiPortalDesarrolloport' 

2018-11-02 15:03:27 - [TEST_STEP][PASSED] - Statement - verifyIsPortalOpen(): null

2018-11-02 15:03:27 - [TEST_STEP][PASSED] - Statement - Try: Object: 'Object Repository/Portal_Home/consolaRecepcion' is clicked on

2018-11-02 15:03:27 - [TEST_STEP][PASSED] - waitForElementClickable: Object 'Object Repository/Portal_Home/consolaRecepcion' is clickable

2018-11-02 15:03:35 - [MESSAGE][PASSED] - Object 'Object Repository/Portal_Home/consolaRecepcion' is clickable

2018-11-02 15:03:35 - [TEST_STEP][PASSED] - click: Object: 'Object Repository/Portal_Home/consolaRecepcion' is clicked on

2018-11-02 15:03:35 - [MESSAGE][PASSED] - Object: 'Object Repository/Portal_Home/consolaRecepcion' is clicked on

2018-11-02 15:03:35 - [TEST_STEP][PASSED] - setText: Text '60609272102 ' is set on object 'Object Repository/Portal_Home/input_BsquedaDetallada'

2018-11-02 15:03:36 - [MESSAGE][PASSED] - Text '60609272102 ' is set on object 'Object Repository/Portal_Home/input_BsquedaDetallada'

2018-11-02 15:03:36 - [TEST_STEP][PASSED] - click: Object: 'Object Repository/Portal_Home/btn_BsquedaDetallada' is clicked on

2018-11-02 15:03:36 - [MESSAGE][PASSED] - Object: 'Object Repository/Portal_Home/btn_BsquedaDetallada' is clicked on

2018-11-02 15:03:36 - [TEST_STEP][PASSED] - waitForElementPresent: Object 'Object Repository/Portal_Home/div_suaCaracteristicasSujeto' is present

2018-11-02 15:03:37 - [MESSAGE][PASSED] - Object 'Object Repository/Portal_Home/div_suaCaracteristicasSujeto' is present

2018-11-02 15:03:37 - [TEST_STEP][PASSED] - click: Object: 'Object Repository/Portal_Home/div_collapsableLeftContainer' is clicked on

2018-11-02 15:03:37 - [MESSAGE][PASSED] - Object: 'Object Repository/Portal_Home/div_collapsableLeftContainer' is clicked on

2018-11-02 15:03:37 - [TEST_STEP][PASSED] - waitForElementVisible: Object 'Object Repository/Portal_Home/btn_servicesTreeOpen' is visible

2018-11-02 15:03:38 - [MESSAGE][PASSED] - Object 'Object Repository/Portal_Home/btn_servicesTreeOpen' is visible

2018-11-02 15:03:38 - [TEST_STEP][PASSED] - click: Object: 'Object Repository/Portal_Home/btn_servicesTreeOpen' is clicked on

2018-11-02 15:03:38 - [MESSAGE][PASSED] - Object: 'Object Repository/Portal_Home/btn_servicesTreeOpen' is clicked on

2018-11-02 15:03:38 - [TEST_STEP][PASSED] - waitForElementVisible: Object 'Object Repository/Portal_Home/a_Servicios' is visible

2018-11-02 15:03:39 - [MESSAGE][PASSED] - Object 'Object Repository/Portal_Home/a_Servicios' is visible

2018-11-02 15:03:39 - [TEST_STEP][PASSED] - click: Object: 'Object Repository/Portal_Home/a_Servicios' is clicked on

2018-11-02 15:03:39 - [MESSAGE][PASSED] - Object: 'Object Repository/Portal_Home/a_Servicios' is clicked on

2018-11-02 15:03:39 - [TEST_STEP][PASSED] - Statement - abrirServicio(G_Servicio, com.kms.katalon.core.webui.driver.DriverFactory.getWebDriver()): null

2018-11-02 15:03:39 - [TEST_STEP][PASSED] - Statement - Try: null

2018-11-02 15:03:39 - [TEST_STEP][PASSED] - Statement - element = driver.findElement(org.openqa.selenium.By.id("accordionMenuApi")): null

2018-11-02 15:03:39 - [TEST_STEP][PASSED] - Statement - lstRegistro = element.findElements(org.openqa.selenium.By.xpath("//div[contains(@class, 'treeMenuElement ellipsis_text')]")): null

2018-11-02 15:03:40 - [TEST_STEP][PASSED] - Statement - For (org.openqa.selenium.WebElement Registro : lstRegistro): null

2018-11-02 15:03:40 - [TEST_STEP][PASSED] - Statement - itemsServicio = Registro.findElements(org.openqa.selenium.By.xpath("//span[contains(@class, 'serviceSpanElement')]")): null

2018-11-02 15:03:40 - [TEST_STEP][PASSED] - Statement - For (org.openqa.selenium.WebElement item : itemsServicio): null

2018-11-02 15:03:40 - [TEST_STEP][PASSED] - Statement - If (item.getText().equals(NombreServicio)): null

2018-11-02 15:03:40 - [TEST_STEP][PASSED] - Statement - If (item.getText().equals(NombreServicio)): null

2018-11-02 15:03:40 - [TEST_STEP][PASSED] - Statement - If (item.getText().equals(NombreServicio)): null

2018-11-02 15:03:40 - [TEST_STEP][PASSED] - Statement - If (item.getText().equals(NombreServicio)): null

2018-11-02 15:03:40 - [TEST_STEP][PASSED] - Statement - If (item.getText().equals(NombreServicio)): null

2018-11-02 15:03:40 - [TEST_STEP][PASSED] - Statement - If (item.getText().equals(NombreServicio)): null

2018-11-02 15:03:40 - [TEST_STEP][PASSED] - Statement - If (item.getText().equals(NombreServicio)): null

2018-11-02 15:03:40 - [TEST_STEP][PASSED] - Statement - If (item.getText().equals(NombreServicio)): null

2018-11-02 15:03:40 - [TEST_STEP][PASSED] - Statement - If (item.getText().equals(NombreServicio)): null

2018-11-02 15:03:40 - [TEST_STEP][PASSED] - Statement - If (item.getText().equals(NombreServicio)): null

2018-11-02 15:03:40 - [TEST_STEP][PASSED] - Statement - If (item.getText().equals(NombreServicio)): null

2018-11-02 15:03:41 - [TEST_STEP][PASSED] - Statement - If (item.getText().equals(NombreServicio)): null

2018-11-02 15:03:41 - [TEST_STEP][PASSED] - Statement - If (item.getText().equals(NombreServicio)): null

2018-11-02 15:03:41 - [TEST_STEP][PASSED] - Statement - If (item.getText().equals(NombreServicio)): null

2018-11-02 15:03:41 - [TEST_STEP][PASSED] - Statement - If (item.getText().equals(NombreServicio)): null

2018-11-02 15:03:41 - [TEST_STEP][PASSED] - Statement - If (item.getText().equals(NombreServicio)): null

2018-11-02 15:03:41 - [TEST_STEP][PASSED] - Statement - If (item.getText().equals(NombreServicio)): null

2018-11-02 15:03:41 - [TEST_STEP][PASSED] - Statement - If (item.getText().equals(NombreServicio)): null

2018-11-02 15:03:41 - [TEST_STEP][PASSED] - Statement - If (item.getText().equals(NombreServicio)): null

2018-11-02 15:03:41 - [TEST_STEP][PASSED] - Statement - If (item.getText().equals(NombreServicio)): null

2018-11-02 15:03:41 - [TEST_STEP][PASSED] - Statement - If (item.getText().equals(NombreServicio)): null

2018-11-02 15:03:41 - [TEST_STEP][PASSED] - Statement - If (item.getText().equals(NombreServicio)): null

2018-11-02 15:03:41 - [TEST_STEP][PASSED] - Statement - If (item.getText().equals(NombreServicio)): null

2018-11-02 15:03:41 - [TEST_STEP][PASSED] - Statement - If (item.getText().equals(NombreServicio)): null

2018-11-02 15:03:41 - [TEST_STEP][PASSED] - Statement - If (item.getText().equals(NombreServicio)): null

2018-11-02 15:03:41 - [TEST_STEP][PASSED] - Statement - If (item.getText().equals(NombreServicio)): null

2018-11-02 15:03:41 - [TEST_STEP][PASSED] - Statement - If (item.getText().equals(NombreServicio)): null

2018-11-02 15:03:41 - [TEST_STEP][PASSED] - Statement - If (item.getText().equals(NombreServicio)): null

2018-11-02 15:03:41 - [TEST_STEP][PASSED] - Statement - If (item.getText().equals(NombreServicio)): null

2018-11-02 15:03:41 - [TEST_STEP][PASSED] - Statement - If (item.getText().equals(NombreServicio)): null

2018-11-02 15:03:41 - [TEST_STEP][PASSED] - Statement - If (item.getText().equals(NombreServicio)): null

2018-11-02 15:03:41 - [TEST_STEP][PASSED] - Statement - If (item.getText().equals(NombreServicio)): null

2018-11-02 15:03:41 - [TEST_STEP][PASSED] - Statement - If (item.getText().equals(NombreServicio)): null

2018-11-02 15:03:41 - [TEST_STEP][PASSED] - Statement - If (item.getText().equals(NombreServicio)): null

2018-11-02 15:03:42 - [TEST_STEP][PASSED] - Statement - If (item.getText().equals(NombreServicio)): null

2018-11-02 15:03:42 - [TEST_STEP][PASSED] - Statement - If (item.getText().equals(NombreServicio)): null

2018-11-02 15:03:42 - [TEST_STEP][PASSED] - Statement - If (item.getText().equals(NombreServicio)): null

2018-11-02 15:03:42 - [TEST_STEP][PASSED] - Statement - If (item.getText().equals(NombreServicio)): null

2018-11-02 15:03:42 - [TEST_STEP][PASSED] - Statement - If (item.getText().equals(NombreServicio)): null

2018-11-02 15:03:42 - [TEST_STEP][PASSED] - Statement - If (item.getText().equals(NombreServicio)): null

2018-11-02 15:03:42 - [TEST_STEP][PASSED] - Statement - If (item.getText().equals(NombreServicio)): null

2018-11-02 15:03:42 - [TEST_STEP][PASSED] - Statement - If (item.getText().equals(NombreServicio)): null

2018-11-02 15:03:42 - [TEST_STEP][PASSED] - Statement - If (item.getText().equals(NombreServicio)): null

2018-11-02 15:03:42 - [TEST_STEP][PASSED] - Statement - If (item.getText().equals(NombreServicio)): null

2018-11-02 15:03:42 - [TEST_STEP][PASSED] - Statement - If (item.getText().equals(NombreServicio)): null

2018-11-02 15:03:42 - [TEST_STEP][PASSED] - Statement - If (item.getText().equals(NombreServicio)): null

2018-11-02 15:03:42 - [TEST_STEP][PASSED] - Statement - If (item.getText().equals(NombreServicio)): null

2018-11-02 15:03:42 - [TEST_STEP][PASSED] - Statement - If (item.getText().equals(NombreServicio)): null

2018-11-02 15:03:42 - [TEST_STEP][PASSED] - Statement - If (item.getText().equals(NombreServicio)): null

2018-11-02 15:03:42 - [TEST_STEP][PASSED] - Statement - If (item.getText().equals(NombreServicio)): null

2018-11-02 15:03:42 - [TEST_STEP][PASSED] - Statement - If (item.getText().equals(NombreServicio)): null

2018-11-02 15:03:42 - [TEST_STEP][PASSED] - Statement - If (item.getText().equals(NombreServicio)): null

2018-11-02 15:03:42 - [TEST_STEP][PASSED] - Statement - If (item.getText().equals(NombreServicio)): null

2018-11-02 15:03:42 - [TEST_STEP][PASSED] - Statement - If (item.getText().equals(NombreServicio)): null

2018-11-02 15:03:42 - [TEST_STEP][PASSED] - Statement - If (item.getText().equals(NombreServicio)): null

2018-11-02 15:03:42 - [TEST_STEP][PASSED] - Statement - If (item.getText().equals(NombreServicio)): null

2018-11-02 15:03:42 - [TEST_STEP][PASSED] - Statement - If (item.getText().equals(NombreServicio)): null

2018-11-02 15:03:42 - [TEST_STEP][PASSED] - Statement - If (item.getText().equals(NombreServicio)): null

2018-11-02 15:03:43 - [TEST_STEP][PASSED] - Statement - If (item.getText().equals(NombreServicio)): null

2018-11-02 15:03:43 - [TEST_STEP][PASSED] - Statement - If (item.getText().equals(NombreServicio)): null

2018-11-02 15:03:43 - [TEST_STEP][PASSED] - Statement - If (item.getText().equals(NombreServicio)): null

2018-11-02 15:03:43 - [TEST_STEP][PASSED] - Statement - If (item.getText().equals(NombreServicio)): null

2018-11-02 15:03:43 - [TEST_STEP][PASSED] - Statement - If (item.getText().equals(NombreServicio)): null

2018-11-02 15:03:43 - [TEST_STEP][PASSED] - Statement - If (item.getText().equals(NombreServicio)): null

2018-11-02 15:03:43 - [TEST_STEP][PASSED] - Statement - If (item.getText().equals(NombreServicio)): null

2018-11-02 15:03:43 - [TEST_STEP][PASSED] - Statement - If (item.getText().equals(NombreServicio)): null

2018-11-02 15:03:43 - [TEST_STEP][PASSED] - Statement - If (item.getText().equals(NombreServicio)): null

2018-11-02 15:03:43 - [TEST_STEP][PASSED] - Statement - If (item.getText().equals(NombreServicio)): null

2018-11-02 15:03:43 - [TEST_STEP][PASSED] - Statement - If (item.getText().equals(NombreServicio)): null

2018-11-02 15:03:43 - [TEST_STEP][PASSED] - Statement - If (item.getText().equals(NombreServicio)): null

2018-11-02 15:03:43 - [TEST_STEP][PASSED] - Statement - If (item.getText().equals(NombreServicio)): null

2018-11-02 15:03:43 - [TEST_STEP][PASSED] - Statement - If (item.getText().equals(NombreServicio)): null

2018-11-02 15:03:43 - [TEST_STEP][PASSED] - Statement - If (item.getText().equals(NombreServicio)): null

2018-11-02 15:03:43 - [TEST_STEP][PASSED] - Statement - If (item.getText().equals(NombreServicio)): null

2018-11-02 15:03:43 - [TEST_STEP][PASSED] - Statement - If (item.getText().equals(NombreServicio)): null

2018-11-02 15:03:43 - [TEST_STEP][PASSED] - Statement - If (item.getText().equals(NombreServicio)): null

2018-11-02 15:03:43 - [TEST_STEP][PASSED] - Statement - If (item.getText().equals(NombreServicio)): null

2018-11-02 15:03:43 - [TEST_STEP][PASSED] - Statement - If (item.getText().equals(NombreServicio)): null

2018-11-02 15:03:43 - [TEST_STEP][PASSED] - Statement - If (item.getText().equals(NombreServicio)): null

2018-11-02 15:03:43 - [TEST_STEP][PASSED] - Statement - If (item.getText().equals(NombreServicio)): null

2018-11-02 15:03:43 - [TEST_STEP][PASSED] - Statement - If (item.getText().equals(NombreServicio)): null

2018-11-02 15:03:43 - [TEST_STEP][PASSED] - Statement - If (item.getText().equals(NombreServicio)): null

2018-11-02 15:03:44 - [TEST_STEP][PASSED] - Statement - If (item.getText().equals(NombreServicio)): null

2018-11-02 15:03:44 - [TEST_STEP][PASSED] - Statement - If (item.getText().equals(NombreServicio)): null

2018-11-02 15:03:44 - [TEST_STEP][PASSED] - Statement - If (item.getText().equals(NombreServicio)): null

2018-11-02 15:03:44 - [TEST_STEP][PASSED] - Statement - If (item.getText().equals(NombreServicio)): null

2018-11-02 15:03:44 - [TEST_STEP][PASSED] - Statement - If (item.getText().equals(NombreServicio)): null

2018-11-02 15:03:44 - [TEST_STEP][PASSED] - Statement - If (item.getText().equals(NombreServicio)): null

2018-11-02 15:03:44 - [TEST_STEP][PASSED] - Statement - If (item.getText().equals(NombreServicio)): null

2018-11-02 15:03:44 - [TEST_STEP][PASSED] - Statement - If (item.getText().equals(NombreServicio)): null

2018-11-02 15:03:44 - [TEST_STEP][PASSED] - Statement - If (item.getText().equals(NombreServicio)): null

2018-11-02 15:03:44 - [TEST_STEP][PASSED] - Statement - If (item.getText().equals(NombreServicio)): null

2018-11-02 15:03:44 - [TEST_STEP][PASSED] - Statement - If (item.getText().equals(NombreServicio)): null

2018-11-02 15:03:44 - [TEST_STEP][PASSED] - Statement - If (item.getText().equals(NombreServicio)): null

2018-11-02 15:03:44 - [TEST_STEP][PASSED] - Statement - If (item.getText().equals(NombreServicio)): null

2018-11-02 15:03:44 - [TEST_STEP][PASSED] - Statement - If (item.getText().equals(NombreServicio)): null

2018-11-02 15:03:44 - [TEST_STEP][PASSED] - Statement - If (item.getText().equals(NombreServicio)): null

2018-11-02 15:03:44 - [TEST_STEP][PASSED] - Statement - If (item.getText().equals(NombreServicio)): null

2018-11-02 15:03:44 - [TEST_STEP][PASSED] - Statement - If (item.getText().equals(NombreServicio)): null

2018-11-02 15:03:44 - [TEST_STEP][PASSED] - Statement - If (item.getText().equals(NombreServicio)): null

2018-11-02 15:03:44 - [TEST_STEP][PASSED] - Statement - If (item.getText().equals(NombreServicio)): null

2018-11-02 15:03:44 - [TEST_STEP][PASSED] - Statement - If (item.getText().equals(NombreServicio)): null

2018-11-02 15:03:44 - [TEST_STEP][PASSED] - Statement - If (item.getText().equals(NombreServicio)): null

2018-11-02 15:03:45 - [TEST_STEP][PASSED] - Statement - If (item.getText().equals(NombreServicio)): null

2018-11-02 15:03:45 - [TEST_STEP][PASSED] - Statement - If (item.getText().equals(NombreServicio)): null

2018-11-02 15:03:45 - [TEST_STEP][PASSED] - Statement - If (item.getText().equals(NombreServicio)): null

2018-11-02 15:03:45 - [TEST_STEP][PASSED] - Statement - If (item.getText().equals(NombreServicio)): null

2018-11-02 15:03:45 - [TEST_STEP][PASSED] - Statement - If (item.getText().equals(NombreServicio)): null

2018-11-02 15:03:45 - [TEST_STEP][PASSED] - Statement - If (item.getText().equals(NombreServicio)): null

2018-11-02 15:03:45 - [TEST_STEP][PASSED] - Statement - If (item.getText().equals(NombreServicio)): null

2018-11-02 15:03:45 - [TEST_STEP][PASSED] - Statement - If (item.getText().equals(NombreServicio)): null

2018-11-02 15:03:45 - [TEST_STEP][PASSED] - Statement - If (item.getText().equals(NombreServicio)): null

2018-11-02 15:03:45 - [TEST_STEP][PASSED] - Statement - If (item.getText().equals(NombreServicio)): null

2018-11-02 15:03:45 - [TEST_STEP][PASSED] - Statement - If (item.getText().equals(NombreServicio)): null

2018-11-02 15:03:45 - [TEST_STEP][PASSED] - Statement - If (item.getText().equals(NombreServicio)): null

2018-11-02 15:03:45 - [TEST_STEP][PASSED] - Statement - If (item.getText().equals(NombreServicio)): null

2018-11-02 15:03:45 - [TEST_STEP][PASSED] - Statement - If (item.getText().equals(NombreServicio)): null

2018-11-02 15:03:45 - [TEST_STEP][PASSED] - Statement - If (item.getText().equals(NombreServicio)): null

2018-11-02 15:03:45 - [TEST_STEP][PASSED] - Statement - If (item.getText().equals(NombreServicio)): null

2018-11-02 15:03:45 - [TEST_STEP][PASSED] - Statement - If (item.getText().equals(NombreServicio)): null

2018-11-02 15:03:45 - [TEST_STEP][PASSED] - Statement - If (item.getText().equals(NombreServicio)): null

2018-11-02 15:03:45 - [TEST_STEP][PASSED] - Statement - If (item.getText().equals(NombreServicio)): null

2018-11-02 15:03:45 - [TEST_STEP][PASSED] - Statement - If (item.getText().equals(NombreServicio)): null

2018-11-02 15:03:45 - [TEST_STEP][PASSED] - Statement - If (item.getText().equals(NombreServicio)): null

2018-11-02 15:03:45 - [TEST_STEP][PASSED] - Statement - If (item.getText().equals(NombreServicio)): null

2018-11-02 15:03:46 - [TEST_STEP][PASSED] - Statement - If (item.getText().equals(NombreServicio)): null

2018-11-02 15:03:46 - [TEST_STEP][PASSED] - Statement - If (item.getText().equals(NombreServicio)): null

2018-11-02 15:03:46 - [TEST_STEP][PASSED] - Statement - If (item.getText().equals(NombreServicio)): null

2018-11-02 15:03:46 - [TEST_STEP][PASSED] - Statement - If (item.getText().equals(NombreServicio)): null

2018-11-02 15:03:46 - [TEST_STEP][PASSED] - Statement - If (item.getText().equals(NombreServicio)): null

2018-11-02 15:03:46 - [TEST_STEP][PASSED] - Statement - If (item.getText().equals(NombreServicio)): null

2018-11-02 15:03:46 - [TEST_STEP][PASSED] - Statement - If (item.getText().equals(NombreServicio)): null

2018-11-02 15:03:46 - [TEST_STEP][PASSED] - Statement - If (item.getText().equals(NombreServicio)): null

2018-11-02 15:03:46 - [TEST_STEP][PASSED] - Statement - If (item.getText().equals(NombreServicio)): null

2018-11-02 15:03:46 - [TEST_STEP][PASSED] - Statement - If (item.getText().equals(NombreServicio)): null

2018-11-02 15:03:46 - [TEST_STEP][PASSED] - Statement - If (item.getText().equals(NombreServicio)): null

2018-11-02 15:03:46 - [TEST_STEP][PASSED] - Statement - If (item.getText().equals(NombreServicio)): null

2018-11-02 15:03:46 - [TEST_STEP][PASSED] - Statement - If (item.getText().equals(NombreServicio)): null

2018-11-02 15:03:46 - [TEST_STEP][PASSED] - Statement - If (item.getText().equals(NombreServicio)): null

2018-11-02 15:03:46 - [TEST_STEP][PASSED] - Statement - If (item.getText().equals(NombreServicio)): null

2018-11-02 15:03:46 - [TEST_STEP][PASSED] - Statement - If (item.getText().equals(NombreServicio)): null

2018-11-02 15:03:46 - [TEST_STEP][PASSED] - Statement - If (item.getText().equals(NombreServicio)): null

2018-11-02 15:03:46 - [TEST_STEP][PASSED] - Statement - If (item.getText().equals(NombreServicio)): null

2018-11-02 15:03:46 - [TEST_STEP][PASSED] - Statement - If (item.getText().equals(NombreServicio)): null

2018-11-02 15:03:46 - [TEST_STEP][PASSED] - Statement - If (item.getText().equals(NombreServicio)): null

2018-11-02 15:03:46 - [TEST_STEP][PASSED] - Statement - If (item.getText().equals(NombreServicio)): null

2018-11-02 15:03:46 - [TEST_STEP][PASSED] - Statement - If (item.getText().equals(NombreServicio)): null

2018-11-02 15:03:46 - [TEST_STEP][PASSED] - Statement - If (item.getText().equals(NombreServicio)): null

2018-11-02 15:03:47 - [TEST_STEP][PASSED] - Statement - If (item.getText().equals(NombreServicio)): null

2018-11-02 15:03:47 - [TEST_STEP][PASSED] - Statement - If (item.getText().equals(NombreServicio)): null

2018-11-02 15:03:47 - [TEST_STEP][PASSED] - Statement - If (item.getText().equals(NombreServicio)): null

2018-11-02 15:03:47 - [TEST_STEP][PASSED] - Statement - If (item.getText().equals(NombreServicio)): null

2018-11-02 15:03:47 - [TEST_STEP][PASSED] - Statement - If (item.getText().equals(NombreServicio)): null

2018-11-02 15:03:47 - [TEST_STEP][PASSED] - Statement - If (item.getText().equals(NombreServicio)): null

2018-11-02 15:03:47 - [TEST_STEP][PASSED] - Statement - If (item.getText().equals(NombreServicio)): null

2018-11-02 15:03:47 - [TEST_STEP][PASSED] - Statement - If (item.getText().equals(NombreServicio)): null

2018-11-02 15:03:47 - [TEST_STEP][PASSED] - Statement - If (item.getText().equals(NombreServicio)): null

2018-11-02 15:03:47 - [TEST_STEP][PASSED] - Statement - If (item.getText().equals(NombreServicio)): null

2018-11-02 15:03:47 - [TEST_STEP][PASSED] - Statement - If (item.getText().equals(NombreServicio)): null

2018-11-02 15:03:47 - [TEST_STEP][PASSED] - Statement - If (item.getText().equals(NombreServicio)): null

2018-11-02 15:03:47 - [TEST_STEP][PASSED] - Statement - If (item.getText().equals(NombreServicio)): null

2018-11-02 15:03:47 - [TEST_STEP][PASSED] - Statement - If (item.getText().equals(NombreServicio)): null

2018-11-02 15:03:47 - [TEST_STEP][PASSED] - Statement - If (item.getText().equals(NombreServicio)): null

2018-11-02 15:03:47 - [TEST_STEP][PASSED] - Statement - If (item.getText().equals(NombreServicio)): null

2018-11-02 15:03:47 - [TEST_STEP][PASSED] - Statement - If (item.getText().equals(NombreServicio)): null

2018-11-02 15:03:47 - [TEST_STEP][PASSED] - Statement - If (item.getText().equals(NombreServicio)): null

2018-11-02 15:03:48 - [TEST_STEP][PASSED] - Statement - If (item.getText().equals(NombreServicio)): null

2018-11-02 15:03:48 - [TEST_STEP][PASSED] - Statement - If (item.getText().equals(NombreServicio)): null

2018-11-02 15:03:48 - [TEST_STEP][PASSED] - Statement - If (item.getText().equals(NombreServicio)): null

2018-11-02 15:03:48 - [TEST_STEP][PASSED] - Statement - If (item.getText().equals(NombreServicio)): null

2018-11-02 15:03:48 - [TEST_STEP][PASSED] - Statement - If (item.getText().equals(NombreServicio)): null

2018-11-02 15:03:48 - [TEST_STEP][PASSED] - Statement - If (item.getText().equals(NombreServicio)): null

2018-11-02 15:03:48 - [TEST_STEP][PASSED] - Statement - If (item.getText().equals(NombreServicio)): null

2018-11-02 15:03:48 - [TEST_STEP][PASSED] - Statement - If (item.getText().equals(NombreServicio)): null

2018-11-02 15:03:48 - [TEST_STEP][PASSED] - Statement - If (item.getText().equals(NombreServicio)): null

2018-11-02 15:03:48 - [TEST_STEP][PASSED] - Statement - If (item.getText().equals(NombreServicio)): null

2018-11-02 15:03:48 - [TEST_STEP][PASSED] - Statement - If (item.getText().equals(NombreServicio)): null

2018-11-02 15:03:48 - [TEST_STEP][PASSED] - Statement - If (item.getText().equals(NombreServicio)): null

2018-11-02 15:03:48 - [TEST_STEP][PASSED] - Statement - If (item.getText().equals(NombreServicio)): null

2018-11-02 15:03:48 - [TEST_STEP][PASSED] - Statement - If (item.getText().equals(NombreServicio)): null

2018-11-02 15:03:48 - [TEST_STEP][PASSED] - Statement - If (item.getText().equals(NombreServicio)): null

2018-11-02 15:03:48 - [TEST_STEP][PASSED] - Statement - If (item.getText().equals(NombreServicio)): null

2018-11-02 15:03:48 - [TEST_STEP][PASSED] - Statement - If (item.getText().equals(NombreServicio)): null

2018-11-02 15:03:48 - [TEST_STEP][PASSED] - Statement - If (item.getText().equals(NombreServicio)): null

2018-11-02 15:03:48 - [TEST_STEP][PASSED] - Statement - If (item.getText().equals(NombreServicio)): null

2018-11-02 15:03:49 - [TEST_STEP][PASSED] - Statement - If (item.getText().equals(NombreServicio)): null

2018-11-02 15:03:49 - [TEST_STEP][PASSED] - Statement - If (item.getText().equals(NombreServicio)): null

2018-11-02 15:03:49 - [TEST_STEP][PASSED] - Statement - If (item.getText().equals(NombreServicio)): null

2018-11-02 15:03:49 - [TEST_STEP][PASSED] - Statement - If (item.getText().equals(NombreServicio)): null

2018-11-02 15:03:49 - [TEST_STEP][PASSED] - Statement - If (item.getText().equals(NombreServicio)): null

2018-11-02 15:03:49 - [TEST_STEP][PASSED] - Statement - If (item.getText().equals(NombreServicio)): null

2018-11-02 15:03:49 - [TEST_STEP][PASSED] - Statement - If (item.getText().equals(NombreServicio)): null

2018-11-02 15:03:49 - [TEST_STEP][PASSED] - Statement - If (item.getText().equals(NombreServicio)): null

2018-11-02 15:03:49 - [TEST_STEP][PASSED] - Statement - If (item.getText().equals(NombreServicio)): null

2018-11-02 15:03:49 - [TEST_STEP][PASSED] - Statement - If (item.getText().equals(NombreServicio)): null

2018-11-02 15:03:49 - [TEST_STEP][PASSED] - Statement - If (item.getText().equals(NombreServicio)): null

2018-11-02 15:03:49 - [TEST_STEP][PASSED] - Statement - If (item.getText().equals(NombreServicio)): null

2018-11-02 15:03:49 - [TEST_STEP][PASSED] - Statement - If (item.getText().equals(NombreServicio)): null

2018-11-02 15:03:49 - [TEST_STEP][PASSED] - Statement - If (item.getText().equals(NombreServicio)): null

2018-11-02 15:03:49 - [TEST_STEP][PASSED] - Statement - If (item.getText().equals(NombreServicio)): null

2018-11-02 15:03:49 - [TEST_STEP][PASSED] - Statement - If (item.getText().equals(NombreServicio)): null

2018-11-02 15:03:50 - [TEST_STEP][PASSED] - Statement - If (item.getText().equals(NombreServicio)): null

2018-11-02 15:03:50 - [TEST_STEP][PASSED] - Statement - If (item.getText().equals(NombreServicio)): null

2018-11-02 15:03:50 - [TEST_STEP][PASSED] - Statement - If (item.getText().equals(NombreServicio)): null

2018-11-02 15:03:50 - [TEST_STEP][PASSED] - Statement - If (item.getText().equals(NombreServicio)): null

2018-11-02 15:03:50 - [TEST_STEP][PASSED] - Statement - If (item.getText().equals(NombreServicio)): null

2018-11-02 15:03:50 - [TEST_STEP][PASSED] - Statement - If (item.getText().equals(NombreServicio)): null

2018-11-02 15:03:50 - [TEST_STEP][PASSED] - Statement - If (item.getText().equals(NombreServicio)): null

2018-11-02 15:03:50 - [TEST_STEP][PASSED] - Statement - If (item.getText().equals(NombreServicio)): null

2018-11-02 15:03:50 - [TEST_STEP][PASSED] - Statement - If (item.getText().equals(NombreServicio)): null

2018-11-02 15:03:50 - [TEST_STEP][PASSED] - Statement - If (item.getText().equals(NombreServicio)): null

2018-11-02 15:03:50 - [TEST_STEP][PASSED] - Statement - If (item.getText().equals(NombreServicio)): null

2018-11-02 15:03:50 - [TEST_STEP][PASSED] - Statement - If (item.getText().equals(NombreServicio)): null

2018-11-02 15:03:50 - [TEST_STEP][PASSED] - Statement - If (item.getText().equals(NombreServicio)): null

2018-11-02 15:03:50 - [TEST_STEP][PASSED] - Statement - If (item.getText().equals(NombreServicio)): null

2018-11-02 15:03:50 - [TEST_STEP][PASSED] - Statement - If (item.getText().equals(NombreServicio)): null

2018-11-02 15:03:50 - [TEST_STEP][PASSED] - Statement - If (item.getText().equals(NombreServicio)): null

2018-11-02 15:03:50 - [TEST_STEP][PASSED] - Statement - If (item.getText().equals(NombreServicio)): null

2018-11-02 15:03:51 - [TEST_STEP][PASSED] - Statement - If (item.getText().equals(NombreServicio)): null

2018-11-02 15:03:51 - [TEST_STEP][PASSED] - Statement - If (item.getText().equals(NombreServicio)): null

2018-11-02 15:03:51 - [TEST_STEP][PASSED] - Statement - If (item.getText().equals(NombreServicio)): null

2018-11-02 15:03:51 - [TEST_STEP][PASSED] - Statement - If (item.getText().equals(NombreServicio)): null

2018-11-02 15:03:51 - [TEST_STEP][PASSED] - Statement - If (item.getText().equals(NombreServicio)): null

2018-11-02 15:03:51 - [TEST_STEP][PASSED] - Statement - If (item.getText().equals(NombreServicio)): null

2018-11-02 15:03:51 - [TEST_STEP][PASSED] - Statement - If (item.getText().equals(NombreServicio)): null

2018-11-02 15:03:51 - [TEST_STEP][PASSED] - Statement - If (item.getText().equals(NombreServicio)): null

2018-11-02 15:03:51 - [TEST_STEP][PASSED] - Statement - If (item.getText().equals(NombreServicio)): null

2018-11-02 15:03:51 - [TEST_STEP][PASSED] - Statement - If (item.getText().equals(NombreServicio)): null

2018-11-02 15:03:51 - [TEST_STEP][PASSED] - Statement - If (item.getText().equals(NombreServicio)): null

2018-11-02 15:03:51 - [TEST_STEP][PASSED] - Statement - If (item.getText().equals(NombreServicio)): null

2018-11-02 15:03:51 - [TEST_STEP][PASSED] - Statement - If (item.getText().equals(NombreServicio)): null

2018-11-02 15:03:51 - [TEST_STEP][PASSED] - Statement - If (item.getText().equals(NombreServicio)): null

2018-11-02 15:03:51 - [TEST_STEP][PASSED] - Statement - If (item.getText().equals(NombreServicio)): null

2018-11-02 15:03:51 - [TEST_STEP][PASSED] - Statement - If (item.getText().equals(NombreServicio)): null

2018-11-02 15:03:52 - [TEST_STEP][PASSED] - Statement - If (item.getText().equals(NombreServicio)): null

2018-11-02 15:03:52 - [TEST_STEP][PASSED] - Statement - If (item.getText().equals(NombreServicio)): null

2018-11-02 15:03:52 - [TEST_STEP][PASSED] - Statement - If (item.getText().equals(NombreServicio)): null

2018-11-02 15:03:52 - [TEST_STEP][PASSED] - Statement - If (item.getText().equals(NombreServicio)): null

2018-11-02 15:03:52 - [TEST_STEP][PASSED] - Statement - If (item.getText().equals(NombreServicio)): null

2018-11-02 15:03:52 - [TEST_STEP][PASSED] - Statement - If (item.getText().equals(NombreServicio)): null

2018-11-02 15:03:52 - [TEST_STEP][PASSED] - Statement - If (item.getText().equals(NombreServicio)): null

2018-11-02 15:03:52 - [TEST_STEP][PASSED] - Statement - If (item.getText().equals(NombreServicio)): null

2018-11-02 15:03:52 - [TEST_STEP][PASSED] - Statement - If (item.getText().equals(NombreServicio)): null

2018-11-02 15:03:52 - [TEST_STEP][PASSED] - Statement - If (item.getText().equals(NombreServicio)): null

2018-11-02 15:03:52 - [TEST_STEP][PASSED] - Statement - If (item.getText().equals(NombreServicio)): null

2018-11-02 15:03:52 - [TEST_STEP][PASSED] - Statement - If (item.getText().equals(NombreServicio)): null

2018-11-02 15:03:52 - [TEST_STEP][PASSED] - Statement - If (item.getText().equals(NombreServicio)): null

2018-11-02 15:03:52 - [TEST_STEP][PASSED] - Statement - If (item.getText().equals(NombreServicio)): null

2018-11-02 15:03:52 - [TEST_STEP][PASSED] - Statement - If (item.getText().equals(NombreServicio)): null

2018-11-02 15:03:52 - [TEST_STEP][PASSED] - Statement - If (item.getText().equals(NombreServicio)): null

2018-11-02 15:03:52 - [TEST_STEP][PASSED] - Statement - If (item.getText().equals(NombreServicio)): null

2018-11-02 15:03:52 - [TEST_STEP][PASSED] - Statement - If (item.getText().equals(NombreServicio)): null

2018-11-02 15:03:52 - [TEST_STEP][PASSED] - Statement - If (item.getText().equals(NombreServicio)): null

2018-11-02 15:03:52 - [TEST_STEP][PASSED] - Statement - If (item.getText().equals(NombreServicio)): null

2018-11-02 15:03:52 - [TEST_STEP][PASSED] - Statement - If (item.getText().equals(NombreServicio)): null

2018-11-02 15:03:53 - [TEST_STEP][PASSED] - Statement - If (item.getText().equals(NombreServicio)): null

2018-11-02 15:03:53 - [TEST_STEP][PASSED] - Statement - If (item.getText().equals(NombreServicio)): null

2018-11-02 15:03:53 - [TEST_STEP][PASSED] - Statement - If (item.getText().equals(NombreServicio)): null

2018-11-02 15:03:53 - [TEST_STEP][PASSED] - Statement - If (item.getText().equals(NombreServicio)): null

2018-11-02 15:03:53 - [TEST_STEP][PASSED] - Statement - If (item.getText().equals(NombreServicio)): null

2018-11-02 15:03:53 - [TEST_STEP][PASSED] - Statement - If (item.getText().equals(NombreServicio)): null

2018-11-02 15:03:53 - [TEST_STEP][PASSED] - Statement - If (item.getText().equals(NombreServicio)): null

2018-11-02 15:03:53 - [TEST_STEP][PASSED] - Statement - If (item.getText().equals(NombreServicio)): null

2018-11-02 15:03:53 - [TEST_STEP][PASSED] - Statement - If (item.getText().equals(NombreServicio)): null

2018-11-02 15:03:53 - [TEST_STEP][PASSED] - Statement - If (item.getText().equals(NombreServicio)): null

2018-11-02 15:03:53 - [TEST_STEP][PASSED] - Statement - If (item.getText().equals(NombreServicio)): null

2018-11-02 15:03:53 - [TEST_STEP][PASSED] - Statement - If (item.getText().equals(NombreServicio)): null

2018-11-02 15:03:53 - [TEST_STEP][PASSED] - Statement - If (item.getText().equals(NombreServicio)): null

2018-11-02 15:03:53 - [TEST_STEP][PASSED] - Statement - If (item.getText().equals(NombreServicio)): null

2018-11-02 15:03:53 - [TEST_STEP][PASSED] - Statement - If (item.getText().equals(NombreServicio)): null

2018-11-02 15:03:53 - [TEST_STEP][PASSED] - Statement - item.click(): null

2018-11-02 15:03:53 - [TEST_STEP][PASSED] - Statement - return true: null

2018-11-02 15:03:53 - [TEST_STEP][PASSED] - Statement - verifyIsGenesisCoberturaOpen(): null

2018-11-02 15:03:53 - [TEST_STEP][PASSED] - Statement - Try: Object 'Object Repository/Servicio/input_Prestaciones' is clickable

2018-11-02 15:03:53 - [TEST_STEP][PASSED] - waitForElementClickable: Object 'Object Repository/Servicio/input_Prestaciones' is clickable

2018-11-02 15:04:00 - [MESSAGE][PASSED] - Object 'Object Repository/Servicio/input_Prestaciones' is clickable

2018-11-02 15:04:00 - [TEST_STEP][PASSED] - setText: Text '110101' is set on object 'Object Repository/Servicio/input_Prestaciones'

2018-11-02 15:04:01 - [MESSAGE][PASSED] - Text '110101' is set on object 'Object Repository/Servicio/input_Prestaciones'

2018-11-02 15:04:01 - [TEST_STEP][PASSED] - Statement - selectOptionAutocomplete(): null

2018-11-02 15:04:01 - [TEST_STEP][PASSED] - waitForElementClickable: Object 'Object Repository/Servicio/autocomplete_input' is clickable

2018-11-02 15:04:01 - [MESSAGE][PASSED] - Object 'Object Repository/Servicio/autocomplete_input' is clickable

2018-11-02 15:04:01 - [TEST_STEP][PASSED] - delay: Delayed 30 second(s)

2018-11-02 15:04:31 - [MESSAGE][PASSED] - Delayed 30 second(s)

2018-11-02 15:04:31 - [TEST_STEP][PASSED] - click: Object: 'Object Repository/Servicio/autocomplete_input' is clicked on

2018-11-02 15:04:31 - [MESSAGE][PASSED] - Object: 'Object Repository/Servicio/autocomplete_input' is clicked on

2018-11-02 15:04:31 - [TEST_STEP][NOT_RUN] - selectOptionByValue: NOT_RUN: selectOptionByValue

2018-11-02 15:04:31 - [MESSAGE][NOT_RUN] - NOT_RUN: selectOptionByValue

2018-11-02 15:04:31 - [TEST_STEP][PASSED] - click: Object: 'Object Repository/Servicio/div_Prestador' is clicked on

2018-11-02 15:04:31 - [MESSAGE][PASSED] - Object: 'Object Repository/Servicio/div_Prestador' is clicked on

2018-11-02 15:04:32 - [TEST_STEP][PASSED] - waitForElementClickable: Object 'Object Repository/Servicio/select_Filial_Prestador' is clickable

2018-11-02 15:04:32 - [MESSAGE][PASSED] - Object 'Object Repository/Servicio/select_Filial_Prestador' is clickable

2018-11-02 15:04:32 - [TEST_STEP][PASSED] - selectOptionByValue: All options with value '23' are selected in object 'Object Repository/Servicio/select_Filial_Prestador' 

2018-11-02 15:04:32 - [MESSAGE][PASSED] - All options with value '23' are selected in object 'Object Repository/Servicio/select_Filial_Prestador' 

2018-11-02 15:04:32 - [TEST_STEP][PASSED] - delay: Delayed 20 second(s)

2018-11-02 15:04:52 - [MESSAGE][PASSED] - Delayed 20 second(s)

2018-11-02 15:04:52 - [TEST_STEP][PASSED] - waitForElementClickable: Object 'Object Repository/Servicio/select_Filial_Prestador' is clickable

2018-11-02 15:04:52 - [MESSAGE][PASSED] - Object 'Object Repository/Servicio/select_Filial_Prestador' is clickable

2018-11-02 15:04:52 - [TEST_STEP][PASSED] - click: Object: 'Object Repository/Servicio/input_Prestador' is clicked on

2018-11-02 15:04:53 - [MESSAGE][PASSED] - Object: 'Object Repository/Servicio/input_Prestador' is clicked on

2018-11-02 15:04:53 - [TEST_STEP][PASSED] - clearText: Text of object 'Object Repository/Servicio/input_Prestador' is cleared

2018-11-02 15:04:53 - [MESSAGE][PASSED] - Text of object 'Object Repository/Servicio/input_Prestador' is cleared

2018-11-02 15:04:53 - [TEST_STEP][PASSED] - sendKeys: Keys 'ARROYOS' sent to object: 'Object Repository/Servicio/input_Prestador'

2018-11-02 15:04:53 - [MESSAGE][PASSED] - Keys 'ARROYOS' sent to object: 'Object Repository/Servicio/input_Prestador'

2018-11-02 15:04:53 - [TEST_STEP][PASSED] - waitForElementClickable: Object 'Object Repository/Servicio/autocomplete_inputPrestador' is clickable

2018-11-02 15:04:53 - [MESSAGE][PASSED] - Object 'Object Repository/Servicio/autocomplete_inputPrestador' is clickable

2018-11-02 15:04:53 - [TEST_STEP][PASSED] - click: Object: 'Object Repository/Servicio/autocomplete_inputPrestador' is clicked on

2018-11-02 15:04:53 - [MESSAGE][PASSED] - Object: 'Object Repository/Servicio/autocomplete_inputPrestador' is clicked on

2018-11-02 15:04:53 - [TEST_STEP][PASSED] - click: Object: 'Object Repository/Servicio/btnBuscar' is clicked on

2018-11-02 15:04:54 - [MESSAGE][PASSED] - Object: 'Object Repository/Servicio/btnBuscar' is clicked on

2018-11-02 15:04:54 - [TEST_STEP][PASSED] - waitForElementPresent: Object 'Object Repository/Servicio/div_Listado' is present

2018-11-02 15:04:54 - [MESSAGE][PASSED] - Object 'Object Repository/Servicio/div_Listado' is present

2018-11-02 15:04:54 - [TEST_STEP][PASSED] - click: Object: 'Object Repository/Servicio/check_ResultadoListado' is clicked on

2018-11-02 15:04:56 - [MESSAGE][PASSED] - Object: 'Object Repository/Servicio/check_ResultadoListado' is clicked on

2018-11-02 15:04:56 - [TEST_STEP][PASSED] - click: Object: 'Object Repository/Servicio/btnRegistrar' is clicked on

2018-11-02 15:04:56 - [MESSAGE][PASSED] - Object: 'Object Repository/Servicio/btnRegistrar' is clicked on

2018-11-02 15:04:56 - [TEST_STEP][PASSED] - waitForElementClickable: Object 'Object Repository/Servicio/btnCerrarZona' is clickable

2018-11-02 15:04:58 - [MESSAGE][PASSED] - Object 'Object Repository/Servicio/btnCerrarZona' is clickable

2018-11-02 15:04:59 - [TEST_STEP][PASSED] - click: Object: 'Object Repository/Servicio/btnCerrarZona' is clicked on

2018-11-02 15:04:59 - [MESSAGE][PASSED] - Object: 'Object Repository/Servicio/btnCerrarZona' is clicked on

2018-11-02 15:04:59 - [TEST_STEP][PASSED] - delay: Delayed 20 second(s)

2018-11-02 15:05:19 - [MESSAGE][PASSED] - Delayed 20 second(s)

2018-11-02 15:05:19 - [TEST_STEP][PASSED] - click: Object: 'Object Repository/Servicio/btnEnviarCorreo' is clicked on

2018-11-02 15:05:19 - [MESSAGE][PASSED] - Object: 'Object Repository/Servicio/btnEnviarCorreo' is clicked on

2018-11-02 15:05:19 - [TEST_STEP][PASSED] - waitForElementPresent: Object 'Object Repository/Servicio/input_Correo' is present

2018-11-02 15:05:20 - [MESSAGE][PASSED] - Object 'Object Repository/Servicio/input_Correo' is present

2018-11-02 15:05:20 - [TEST_STEP][PASSED] - sendKeys: Keys 'ntedesco@sms-latam.com' sent to object: 'Object Repository/Servicio/input_Correo'

2018-11-02 15:05:20 - [MESSAGE][PASSED] - Keys 'ntedesco@sms-latam.com' sent to object: 'Object Repository/Servicio/input_Correo'

2018-11-02 15:05:20 - [TEST_STEP][PASSED] - click: Object: 'Object Repository/Servicio/btnEnviarZona' is clicked on

2018-11-02 15:05:21 - [MESSAGE][PASSED] - Object: 'Object Repository/Servicio/btnEnviarZona' is clicked on

2018-11-02 15:05:21 - [TEST_STEP][PASSED] - delay: Delayed 20 second(s)

2018-11-02 15:05:41 - [MESSAGE][PASSED] - Delayed 20 second(s)

2018-11-02 15:05:41 - [TEST_STEP][PASSED] - waitForElementClickable: Object 'Object Repository/Servicio/btnImprimir' is clickable

2018-11-02 15:05:41 - [MESSAGE][PASSED] - Object 'Object Repository/Servicio/btnImprimir' is clickable

2018-11-02 15:05:41 - [TEST_STEP][PASSED] - click: Object: 'Object Repository/Servicio/btnImprimir' is clicked on

2018-11-02 15:05:41 - [MESSAGE][PASSED] - Object: 'Object Repository/Servicio/btnImprimir' is clicked on

2018-11-02 15:05:41 - [TEST_STEP][PASSED] - waitForElementClickable: Object 'Object Repository/Servicio/btnCerrarPopUpPdfPrestador' is clickable

2018-11-02 15:05:42 - [MESSAGE][PASSED] - Object 'Object Repository/Servicio/btnCerrarPopUpPdfPrestador' is clickable

2018-11-02 15:05:42 - [TEST_STEP][PASSED] - click: Object: 'Object Repository/Servicio/btnCerrarPopUpPdfZona' is clicked on

2018-11-02 15:05:42 - [MESSAGE][PASSED] - Object: 'Object Repository/Servicio/btnCerrarPopUpPdfZona' is clicked on

2018-11-02 15:05:42 - [TEST_STEP][PASSED] - waitForElementClickable: Object 'Object Repository/Servicio/div_InfoPrestacion' is clickable

2018-11-02 15:05:42 - [MESSAGE][PASSED] - Object 'Object Repository/Servicio/div_InfoPrestacion' is clickable

2018-11-02 15:05:42 - [TEST_STEP][PASSED] - delay: Delayed 20 second(s)

2018-11-02 15:06:02 - [MESSAGE][PASSED] - Delayed 20 second(s)

2018-11-02 15:06:02 - [TEST_STEP][PASSED] - click: Object: 'Object Repository/Servicio/div_InfoPrestacion' is clicked on

2018-11-02 15:06:03 - [MESSAGE][PASSED] - Object: 'Object Repository/Servicio/div_InfoPrestacion' is clicked on

2018-11-02 15:06:03 - [TEST_STEP][PASSED] - waitForElementClickable: Object 'Object Repository/Servicio/span_InfoPrestacion' is clickable

2018-11-02 15:06:03 - [MESSAGE][PASSED] - Object 'Object Repository/Servicio/span_InfoPrestacion' is clickable

2018-11-02 15:06:03 - [TEST_STEP][PASSED] - click: Object: 'Object Repository/Servicio/span_InfoPrestacion' is clicked on

2018-11-02 15:06:03 - [MESSAGE][PASSED] - Object: 'Object Repository/Servicio/span_InfoPrestacion' is clicked on

2018-11-02 15:06:03 - [TEST_STEP][PASSED] - Statement - verificarCargaInformacion(): null

2018-11-02 15:06:03 - [TEST_STEP][PASSED] - Statement - Try: null

2018-11-02 15:06:03 - [TEST_STEP][PASSED] - waitForElementPresent: Object 'Object Repository/Servicio/form_InformacionPrestacion' is present

2018-11-02 15:06:07 - [MESSAGE][PASSED] - Object 'Object Repository/Servicio/form_InformacionPrestacion' is present

2018-11-02 15:06:07 - [TEST_STEP][PASSED] - Statement - out.println("Se carga correctamente formulario de prestacion"): null

2018-11-02 15:06:07 - [TEST_STEP][PASSED] - click: Object: 'Object Repository/Servicio/btnVolver' is clicked on

2018-11-02 15:06:07 - [MESSAGE][PASSED] - Object: 'Object Repository/Servicio/btnVolver' is clicked on

2018-11-02 15:06:07 - [TEST_STEP][PASSED] - Statement - tearDown(): null

2018-11-02 15:06:07 - [TEST_STEP][PASSED] - closeBrowser: Browser is closed

2018-11-02 15:06:08 - [MESSAGE][PASSED] - Browser is closed]]></system-out>
         <system-err><![CDATA[]]></system-err>
      </testcase>
      <system-out><![CDATA[2018-11-02 14:52:20 - [TEST_SUITE][FAILED] - Prestaciones: Test Cases/Test Buscar Prestadores - Zona FAILED because (of) (Stack trace: com.kms.katalon.core.exception.StepFailedException: Unable to click on object 'Object Repository/Servicio/check_ResultadoListado' (Root cause: com.kms.katalon.core.webui.exception.WebElementNotFoundException: Web element with id: 'Object Repository/Servicio/check_ResultadoListado' located by 'By.xpath: //div[@id='divCCN']/div[@id='resultados']/div[@id='contenidoResultado']/div[@id='resultadoListado']/div/div/div/div/div/div' not found)
	at com.kms.katalon.core.keyword.internal.KeywordMain.stepFailed(KeywordMain.groovy:36)
	at com.kms.katalon.core.webui.keyword.internal.WebUIKeywordMain.stepFailed(WebUIKeywordMain.groovy:65)
	at com.kms.katalon.core.webui.keyword.internal.WebUIKeywordMain.runKeyword(WebUIKeywordMain.groovy:27)
	at com.kms.katalon.core.webui.keyword.builtin.ClickKeyword.click(ClickKeyword.groovy:86)
	at com.kms.katalon.core.webui.keyword.builtin.ClickKeyword.execute(ClickKeyword.groovy:67)
	at com.kms.katalon.core.keyword.internal.KeywordExecutor.executeKeywordForPlatform(KeywordExecutor.groovy:53)
	at com.kms.katalon.core.webui.keyword.WebUiBuiltInKeywords.click(WebUiBuiltInKeywords.groovy:616)
	at com.kms.katalon.core.webui.keyword.WebUiBuiltInKeywords$click$4.call(Unknown Source)
	at org.codehaus.groovy.runtime.callsite.CallSiteArray.defaultCall(CallSiteArray.java:48)
	at org.codehaus.groovy.runtime.callsite.AbstractCallSite.call(AbstractCallSite.java:113)
	at org.codehaus.groovy.runtime.callsite.AbstractCallSite.call(AbstractCallSite.java:125)
	at Script1540395003759.run(Script1540395003759.groovy:106)
	at com.kms.katalon.core.main.ScriptEngine.run(ScriptEngine.java:183)
	at com.kms.katalon.core.main.ScriptEngine.runScriptAsRawText(ScriptEngine.java:108)
	at com.kms.katalon.core.main.TestCaseExecutor.runScript(TestCaseExecutor.java:294)
	at com.kms.katalon.core.main.TestCaseExecutor.doExecute(TestCaseExecutor.java:285)
	at com.kms.katalon.core.main.TestCaseExecutor.processExecutionPhase(TestCaseExecutor.java:264)
	at com.kms.katalon.core.main.TestCaseExecutor.accessMainPhase(TestCaseExecutor.java:256)
	at com.kms.katalon.core.main.TestCaseExecutor.execute(TestCaseExecutor.java:200)
	at com.kms.katalon.core.main.TestSuiteExecutor.accessTestCaseMainPhase(TestSuiteExecutor.java:129)
	at com.kms.katalon.core.main.TestSuiteExecutor.accessTestSuiteMainPhase(TestSuiteExecutor.java:112)
	at com.kms.katalon.core.main.TestSuiteExecutor.execute(TestSuiteExecutor.java:81)
	at com.kms.katalon.core.main.TestCaseMain.startTestSuite(TestCaseMain.java:142)
	at com.kms.katalon.core.main.TestCaseMain$startTestSuite$0.call(Unknown Source)
	at org.codehaus.groovy.runtime.callsite.CallSiteArray.defaultCall(CallSiteArray.java:48)
	at org.codehaus.groovy.runtime.callsite.AbstractCallSite.call(AbstractCallSite.java:113)
	at org.codehaus.groovy.runtime.callsite.AbstractCallSite.call(AbstractCallSite.java:141)
	at TempTestSuite1541181137650.run(TempTestSuite1541181137650.groovy:36)
	at groovy.lang.GroovyShell.runScriptOrMainOrTestOrRunnable(GroovyShell.java:263)
	at groovy.lang.GroovyShell.run(GroovyShell.java:518)
	at groovy.lang.GroovyShell.run(GroovyShell.java:507)
	at groovy.ui.GroovyMain.processOnce(GroovyMain.java:653)
	at groovy.ui.GroovyMain.run(GroovyMain.java:384)
	at groovy.ui.GroovyMain.process(GroovyMain.java:370)
	at groovy.ui.GroovyMain.processArgs(GroovyMain.java:129)
	at groovy.ui.GroovyMain.main(GroovyMain.java:109)
	at sun.reflect.NativeMethodAccessorImpl.invoke0(Native Method)
	at sun.reflect.NativeMethodAccessorImpl.invoke(NativeMethodAccessorImpl.java:62)
	at sun.reflect.DelegatingMethodAccessorImpl.invoke(DelegatingMethodAccessorImpl.java:43)
	at java.lang.reflect.Method.invoke(Method.java:498)
	at org.codehaus.groovy.tools.GroovyStarter.rootLoader(GroovyStarter.java:109)
	at org.codehaus.groovy.tools.GroovyStarter.main(GroovyStarter.java:131)
)]]></system-out>
      <system-err><![CDATA[2018-11-02 14:52:20 - [TEST_SUITE][FAILED] - Prestaciones: Test Cases/Test Buscar Prestadores - Zona FAILED because (of) (Stack trace: com.kms.katalon.core.exception.StepFailedException: Unable to click on object 'Object Repository/Servicio/check_ResultadoListado' (Root cause: com.kms.katalon.core.webui.exception.WebElementNotFoundException: Web element with id: 'Object Repository/Servicio/check_ResultadoListado' located by 'By.xpath: //div[@id='divCCN']/div[@id='resultados']/div[@id='contenidoResultado']/div[@id='resultadoListado']/div/div/div/div/div/div' not found)
	at com.kms.katalon.core.keyword.internal.KeywordMain.stepFailed(KeywordMain.groovy:36)
	at com.kms.katalon.core.webui.keyword.internal.WebUIKeywordMain.stepFailed(WebUIKeywordMain.groovy:65)
	at com.kms.katalon.core.webui.keyword.internal.WebUIKeywordMain.runKeyword(WebUIKeywordMain.groovy:27)
	at com.kms.katalon.core.webui.keyword.builtin.ClickKeyword.click(ClickKeyword.groovy:86)
	at com.kms.katalon.core.webui.keyword.builtin.ClickKeyword.execute(ClickKeyword.groovy:67)
	at com.kms.katalon.core.keyword.internal.KeywordExecutor.executeKeywordForPlatform(KeywordExecutor.groovy:53)
	at com.kms.katalon.core.webui.keyword.WebUiBuiltInKeywords.click(WebUiBuiltInKeywords.groovy:616)
	at com.kms.katalon.core.webui.keyword.WebUiBuiltInKeywords$click$4.call(Unknown Source)
	at org.codehaus.groovy.runtime.callsite.CallSiteArray.defaultCall(CallSiteArray.java:48)
	at org.codehaus.groovy.runtime.callsite.AbstractCallSite.call(AbstractCallSite.java:113)
	at org.codehaus.groovy.runtime.callsite.AbstractCallSite.call(AbstractCallSite.java:125)
	at Script1540395003759.run(Script1540395003759.groovy:106)
	at com.kms.katalon.core.main.ScriptEngine.run(ScriptEngine.java:183)
	at com.kms.katalon.core.main.ScriptEngine.runScriptAsRawText(ScriptEngine.java:108)
	at com.kms.katalon.core.main.TestCaseExecutor.runScript(TestCaseExecutor.java:294)
	at com.kms.katalon.core.main.TestCaseExecutor.doExecute(TestCaseExecutor.java:285)
	at com.kms.katalon.core.main.TestCaseExecutor.processExecutionPhase(TestCaseExecutor.java:264)
	at com.kms.katalon.core.main.TestCaseExecutor.accessMainPhase(TestCaseExecutor.java:256)
	at com.kms.katalon.core.main.TestCaseExecutor.execute(TestCaseExecutor.java:200)
	at com.kms.katalon.core.main.TestSuiteExecutor.accessTestCaseMainPhase(TestSuiteExecutor.java:129)
	at com.kms.katalon.core.main.TestSuiteExecutor.accessTestSuiteMainPhase(TestSuiteExecutor.java:112)
	at com.kms.katalon.core.main.TestSuiteExecutor.execute(TestSuiteExecutor.java:81)
	at com.kms.katalon.core.main.TestCaseMain.startTestSuite(TestCaseMain.java:142)
	at com.kms.katalon.core.main.TestCaseMain$startTestSuite$0.call(Unknown Source)
	at org.codehaus.groovy.runtime.callsite.CallSiteArray.defaultCall(CallSiteArray.java:48)
	at org.codehaus.groovy.runtime.callsite.AbstractCallSite.call(AbstractCallSite.java:113)
	at org.codehaus.groovy.runtime.callsite.AbstractCallSite.call(AbstractCallSite.java:141)
	at TempTestSuite1541181137650.run(TempTestSuite1541181137650.groovy:36)
	at groovy.lang.GroovyShell.runScriptOrMainOrTestOrRunnable(GroovyShell.java:263)
	at groovy.lang.GroovyShell.run(GroovyShell.java:518)
	at groovy.lang.GroovyShell.run(GroovyShell.java:507)
	at groovy.ui.GroovyMain.processOnce(GroovyMain.java:653)
	at groovy.ui.GroovyMain.run(GroovyMain.java:384)
	at groovy.ui.GroovyMain.process(GroovyMain.java:370)
	at groovy.ui.GroovyMain.processArgs(GroovyMain.java:129)
	at groovy.ui.GroovyMain.main(GroovyMain.java:109)
	at sun.reflect.NativeMethodAccessorImpl.invoke0(Native Method)
	at sun.reflect.NativeMethodAccessorImpl.invoke(NativeMethodAccessorImpl.java:62)
	at sun.reflect.DelegatingMethodAccessorImpl.invoke(DelegatingMethodAccessorImpl.java:43)
	at java.lang.reflect.Method.invoke(Method.java:498)
	at org.codehaus.groovy.tools.GroovyStarter.rootLoader(GroovyStarter.java:109)
	at org.codehaus.groovy.tools.GroovyStarter.main(GroovyStarter.java:131)
)]]></system-err>
   </testsuite>
</testsuites>
