<?xml version="1.0" encoding="UTF-8"?>
<testsuites name="Prestaciones" time="2" tests="0" failures="0" errors="0">
   <testsuite name="Prestaciones" tests="0" failures="0" errors="0" time="2" timestamp="2018-10-30 13:56:15" hostname="ntedesco - SMSL044.smsargentina.com.ar" id="Test Suites/Prestaciones">
      <properties>
         <property name="deviceName" value=""/>
         <property name="devicePlatform" value=""/>
         <property name="logFolder" value="C:\\Users\\ntedesco\\Katalon Studio\\GenesisCobertura\\Reports\\Prestaciones\\20181030_135611"/>
         <property name="logFiles" value="C:\\Users\\ntedesco\\Katalon Studio\\GenesisCobertura\\Reports\\Prestaciones\\20181030_135611\\execution0.log"/>
         <property name="attachments" value=""/>
         <property name="hostName" value="ntedesco - SMSL044.smsargentina.com.ar"/>
         <property name="hostAddress" value="100.1.10.100"/>
         <property name="os" value="Windows 10 32bit"/>
         <property name="katalonVersion" value="5.7.1.1"/>
      </properties>
      <testcase name="Test Cases/Test Buscar Prestadores - Prestador" classname="Test Cases/Test Buscar Prestadores - Prestador" status="INCOMPLETE">
         <system-out><![CDATA[2018-10-30 13:56:15 - [TEST_CASE][INCOMPLETE] - Test Cases/Test Buscar Prestadores - Prestador: null

2018-10-30 13:56:17 - [TEST_STEP][INCOMPLETE] - openBrowser: Opening browser]]></system-out>
         <system-err><![CDATA[2018-10-30 13:56:15 - [TEST_CASE][INCOMPLETE] - Test Cases/Test Buscar Prestadores - Prestador: null]]></system-err>
      </testcase>
      <system-out><![CDATA[2018-10-30 13:56:15 - [TEST_SUITE][INCOMPLETE] - Prestaciones: null]]></system-out>
      <system-err><![CDATA[2018-10-30 13:56:15 - [TEST_SUITE][INCOMPLETE] - Prestaciones: null]]></system-err>
   </testsuite>
</testsuites>
